[2023-02-24 10:47:26,495] {processor.py:153} INFO - Started process (PID=6052) to work on /home/alura/Documents/Medalhas/venv/lib/python3.9/site-packages/airflow/example_dags/example_latest_only_with_trigger.py
[2023-02-24 10:47:26,495] {processor.py:641} INFO - Processing file /home/alura/Documents/Medalhas/venv/lib/python3.9/site-packages/airflow/example_dags/example_latest_only_with_trigger.py for tasks to queue
[2023-02-24 10:47:26,495] {logging_mixin.py:115} INFO - [2023-02-24 10:47:26,495] {dagbag.py:507} INFO - Filling up the DagBag from /home/alura/Documents/Medalhas/venv/lib/python3.9/site-packages/airflow/example_dags/example_latest_only_with_trigger.py
[2023-02-24 10:47:26,498] {processor.py:651} INFO - DAG(s) dict_keys(['latest_only_with_trigger']) retrieved from /home/alura/Documents/Medalhas/venv/lib/python3.9/site-packages/airflow/example_dags/example_latest_only_with_trigger.py
[2023-02-24 10:47:26,569] {logging_mixin.py:115} INFO - [2023-02-24 10:47:26,569] {manager.py:508} INFO - Created Permission View: can delete on DAG:latest_only_with_trigger
[2023-02-24 10:47:26,577] {logging_mixin.py:115} INFO - [2023-02-24 10:47:26,577] {manager.py:508} INFO - Created Permission View: can edit on DAG:latest_only_with_trigger
[2023-02-24 10:47:26,582] {logging_mixin.py:115} INFO - [2023-02-24 10:47:26,582] {manager.py:508} INFO - Created Permission View: can read on DAG:latest_only_with_trigger
[2023-02-24 10:47:26,582] {logging_mixin.py:115} INFO - [2023-02-24 10:47:26,582] {dag.py:2379} INFO - Sync 1 DAGs
[2023-02-24 10:47:26,591] {logging_mixin.py:115} INFO - [2023-02-24 10:47:26,591] {dag.py:2398} INFO - Creating ORM DAG for latest_only_with_trigger
[2023-02-24 10:47:26,602] {logging_mixin.py:115} INFO - [2023-02-24 10:47:26,602] {dag.py:2927} INFO - Setting next_dagrun for latest_only_with_trigger to 2023-02-24T14:47:26.601041+00:00, run_after=2023-02-24T18:47:26.601041+00:00
[2023-02-24 10:47:26,612] {processor.py:161} INFO - Processing /home/alura/Documents/Medalhas/venv/lib/python3.9/site-packages/airflow/example_dags/example_latest_only_with_trigger.py took 0.119 seconds
[2023-02-24 10:48:02,304] {processor.py:153} INFO - Started process (PID=6292) to work on /home/alura/Documents/Medalhas/venv/lib/python3.9/site-packages/airflow/example_dags/example_latest_only_with_trigger.py
[2023-02-24 10:48:02,305] {processor.py:641} INFO - Processing file /home/alura/Documents/Medalhas/venv/lib/python3.9/site-packages/airflow/example_dags/example_latest_only_with_trigger.py for tasks to queue
[2023-02-24 10:48:02,305] {logging_mixin.py:115} INFO - [2023-02-24 10:48:02,305] {dagbag.py:507} INFO - Filling up the DagBag from /home/alura/Documents/Medalhas/venv/lib/python3.9/site-packages/airflow/example_dags/example_latest_only_with_trigger.py
[2023-02-24 10:48:02,308] {processor.py:651} INFO - DAG(s) dict_keys(['latest_only_with_trigger']) retrieved from /home/alura/Documents/Medalhas/venv/lib/python3.9/site-packages/airflow/example_dags/example_latest_only_with_trigger.py
[2023-02-24 10:48:02,317] {logging_mixin.py:115} INFO - [2023-02-24 10:48:02,317] {dag.py:2379} INFO - Sync 1 DAGs
[2023-02-24 10:48:02,327] {logging_mixin.py:115} INFO - [2023-02-24 10:48:02,327] {dag.py:2927} INFO - Setting next_dagrun for latest_only_with_trigger to 2023-02-24T14:48:02.326900+00:00, run_after=2023-02-24T18:48:02.326900+00:00
[2023-02-24 10:48:02,335] {processor.py:161} INFO - Processing /home/alura/Documents/Medalhas/venv/lib/python3.9/site-packages/airflow/example_dags/example_latest_only_with_trigger.py took 0.032 seconds
[2023-02-24 10:48:35,785] {processor.py:153} INFO - Started process (PID=6664) to work on /home/alura/Documents/Medalhas/venv/lib/python3.9/site-packages/airflow/example_dags/example_latest_only_with_trigger.py
[2023-02-24 10:48:35,785] {processor.py:641} INFO - Processing file /home/alura/Documents/Medalhas/venv/lib/python3.9/site-packages/airflow/example_dags/example_latest_only_with_trigger.py for tasks to queue
[2023-02-24 10:48:35,786] {logging_mixin.py:115} INFO - [2023-02-24 10:48:35,785] {dagbag.py:507} INFO - Filling up the DagBag from /home/alura/Documents/Medalhas/venv/lib/python3.9/site-packages/airflow/example_dags/example_latest_only_with_trigger.py
[2023-02-24 10:48:35,789] {processor.py:651} INFO - DAG(s) dict_keys(['latest_only_with_trigger']) retrieved from /home/alura/Documents/Medalhas/venv/lib/python3.9/site-packages/airflow/example_dags/example_latest_only_with_trigger.py
[2023-02-24 10:48:35,798] {logging_mixin.py:115} INFO - [2023-02-24 10:48:35,798] {dag.py:2379} INFO - Sync 1 DAGs
[2023-02-24 10:48:35,807] {logging_mixin.py:115} INFO - [2023-02-24 10:48:35,807] {dag.py:2927} INFO - Setting next_dagrun for latest_only_with_trigger to 2023-02-24T14:48:35.807695+00:00, run_after=2023-02-24T18:48:35.807695+00:00
[2023-02-24 10:48:35,815] {processor.py:161} INFO - Processing /home/alura/Documents/Medalhas/venv/lib/python3.9/site-packages/airflow/example_dags/example_latest_only_with_trigger.py took 0.032 seconds
[2023-02-24 10:49:07,831] {processor.py:153} INFO - Started process (PID=7033) to work on /home/alura/Documents/Medalhas/venv/lib/python3.9/site-packages/airflow/example_dags/example_latest_only_with_trigger.py
[2023-02-24 10:49:07,832] {processor.py:641} INFO - Processing file /home/alura/Documents/Medalhas/venv/lib/python3.9/site-packages/airflow/example_dags/example_latest_only_with_trigger.py for tasks to queue
[2023-02-24 10:49:07,832] {logging_mixin.py:115} INFO - [2023-02-24 10:49:07,832] {dagbag.py:507} INFO - Filling up the DagBag from /home/alura/Documents/Medalhas/venv/lib/python3.9/site-packages/airflow/example_dags/example_latest_only_with_trigger.py
[2023-02-24 10:49:07,835] {processor.py:651} INFO - DAG(s) dict_keys(['latest_only_with_trigger']) retrieved from /home/alura/Documents/Medalhas/venv/lib/python3.9/site-packages/airflow/example_dags/example_latest_only_with_trigger.py
[2023-02-24 10:49:07,844] {logging_mixin.py:115} INFO - [2023-02-24 10:49:07,844] {dag.py:2379} INFO - Sync 1 DAGs
[2023-02-24 10:49:07,853] {logging_mixin.py:115} INFO - [2023-02-24 10:49:07,853] {dag.py:2927} INFO - Setting next_dagrun for latest_only_with_trigger to 2023-02-24T14:49:07.853081+00:00, run_after=2023-02-24T18:49:07.853081+00:00
[2023-02-24 10:49:07,860] {processor.py:161} INFO - Processing /home/alura/Documents/Medalhas/venv/lib/python3.9/site-packages/airflow/example_dags/example_latest_only_with_trigger.py took 0.031 seconds
[2023-02-24 10:49:42,612] {processor.py:153} INFO - Started process (PID=7430) to work on /home/alura/Documents/Medalhas/venv/lib/python3.9/site-packages/airflow/example_dags/example_latest_only_with_trigger.py
[2023-02-24 10:49:42,613] {processor.py:641} INFO - Processing file /home/alura/Documents/Medalhas/venv/lib/python3.9/site-packages/airflow/example_dags/example_latest_only_with_trigger.py for tasks to queue
[2023-02-24 10:49:42,613] {logging_mixin.py:115} INFO - [2023-02-24 10:49:42,613] {dagbag.py:507} INFO - Filling up the DagBag from /home/alura/Documents/Medalhas/venv/lib/python3.9/site-packages/airflow/example_dags/example_latest_only_with_trigger.py
[2023-02-24 10:49:42,616] {processor.py:651} INFO - DAG(s) dict_keys(['latest_only_with_trigger']) retrieved from /home/alura/Documents/Medalhas/venv/lib/python3.9/site-packages/airflow/example_dags/example_latest_only_with_trigger.py
[2023-02-24 10:49:42,625] {logging_mixin.py:115} INFO - [2023-02-24 10:49:42,625] {dag.py:2379} INFO - Sync 1 DAGs
[2023-02-24 10:49:42,634] {logging_mixin.py:115} INFO - [2023-02-24 10:49:42,634] {dag.py:2927} INFO - Setting next_dagrun for latest_only_with_trigger to 2023-02-24T14:49:42.634001+00:00, run_after=2023-02-24T18:49:42.634001+00:00
[2023-02-24 10:49:42,641] {processor.py:161} INFO - Processing /home/alura/Documents/Medalhas/venv/lib/python3.9/site-packages/airflow/example_dags/example_latest_only_with_trigger.py took 0.030 seconds
[2023-02-24 10:50:17,048] {processor.py:153} INFO - Started process (PID=7610) to work on /home/alura/Documents/Medalhas/venv/lib/python3.9/site-packages/airflow/example_dags/example_latest_only_with_trigger.py
[2023-02-24 10:50:17,048] {processor.py:641} INFO - Processing file /home/alura/Documents/Medalhas/venv/lib/python3.9/site-packages/airflow/example_dags/example_latest_only_with_trigger.py for tasks to queue
[2023-02-24 10:50:17,049] {logging_mixin.py:115} INFO - [2023-02-24 10:50:17,049] {dagbag.py:507} INFO - Filling up the DagBag from /home/alura/Documents/Medalhas/venv/lib/python3.9/site-packages/airflow/example_dags/example_latest_only_with_trigger.py
[2023-02-24 10:50:17,051] {processor.py:651} INFO - DAG(s) dict_keys(['latest_only_with_trigger']) retrieved from /home/alura/Documents/Medalhas/venv/lib/python3.9/site-packages/airflow/example_dags/example_latest_only_with_trigger.py
[2023-02-24 10:50:17,060] {logging_mixin.py:115} INFO - [2023-02-24 10:50:17,059] {dag.py:2379} INFO - Sync 1 DAGs
[2023-02-24 10:50:17,069] {logging_mixin.py:115} INFO - [2023-02-24 10:50:17,069] {dag.py:2927} INFO - Setting next_dagrun for latest_only_with_trigger to 2023-02-24T14:50:17.068872+00:00, run_after=2023-02-24T18:50:17.068872+00:00
[2023-02-24 10:50:17,075] {processor.py:161} INFO - Processing /home/alura/Documents/Medalhas/venv/lib/python3.9/site-packages/airflow/example_dags/example_latest_only_with_trigger.py took 0.029 seconds
[2023-02-24 10:50:49,228] {processor.py:153} INFO - Started process (PID=7782) to work on /home/alura/Documents/Medalhas/venv/lib/python3.9/site-packages/airflow/example_dags/example_latest_only_with_trigger.py
[2023-02-24 10:50:49,228] {processor.py:641} INFO - Processing file /home/alura/Documents/Medalhas/venv/lib/python3.9/site-packages/airflow/example_dags/example_latest_only_with_trigger.py for tasks to queue
[2023-02-24 10:50:49,229] {logging_mixin.py:115} INFO - [2023-02-24 10:50:49,228] {dagbag.py:507} INFO - Filling up the DagBag from /home/alura/Documents/Medalhas/venv/lib/python3.9/site-packages/airflow/example_dags/example_latest_only_with_trigger.py
[2023-02-24 10:50:49,231] {processor.py:651} INFO - DAG(s) dict_keys(['latest_only_with_trigger']) retrieved from /home/alura/Documents/Medalhas/venv/lib/python3.9/site-packages/airflow/example_dags/example_latest_only_with_trigger.py
[2023-02-24 10:50:49,240] {logging_mixin.py:115} INFO - [2023-02-24 10:50:49,240] {dag.py:2379} INFO - Sync 1 DAGs
[2023-02-24 10:50:49,249] {logging_mixin.py:115} INFO - [2023-02-24 10:50:49,249] {dag.py:2927} INFO - Setting next_dagrun for latest_only_with_trigger to 2023-02-24T14:50:49.249103+00:00, run_after=2023-02-24T18:50:49.249103+00:00
[2023-02-24 10:50:49,255] {processor.py:161} INFO - Processing /home/alura/Documents/Medalhas/venv/lib/python3.9/site-packages/airflow/example_dags/example_latest_only_with_trigger.py took 0.029 seconds
[2023-02-24 10:51:26,271] {processor.py:153} INFO - Started process (PID=7976) to work on /home/alura/Documents/Medalhas/venv/lib/python3.9/site-packages/airflow/example_dags/example_latest_only_with_trigger.py
[2023-02-24 10:51:26,272] {processor.py:641} INFO - Processing file /home/alura/Documents/Medalhas/venv/lib/python3.9/site-packages/airflow/example_dags/example_latest_only_with_trigger.py for tasks to queue
[2023-02-24 10:51:26,272] {logging_mixin.py:115} INFO - [2023-02-24 10:51:26,272] {dagbag.py:507} INFO - Filling up the DagBag from /home/alura/Documents/Medalhas/venv/lib/python3.9/site-packages/airflow/example_dags/example_latest_only_with_trigger.py
[2023-02-24 10:51:26,275] {processor.py:651} INFO - DAG(s) dict_keys(['latest_only_with_trigger']) retrieved from /home/alura/Documents/Medalhas/venv/lib/python3.9/site-packages/airflow/example_dags/example_latest_only_with_trigger.py
[2023-02-24 10:51:26,283] {logging_mixin.py:115} INFO - [2023-02-24 10:51:26,283] {dag.py:2379} INFO - Sync 1 DAGs
[2023-02-24 10:51:26,292] {logging_mixin.py:115} INFO - [2023-02-24 10:51:26,292] {dag.py:2927} INFO - Setting next_dagrun for latest_only_with_trigger to 2023-02-24T14:51:26.292367+00:00, run_after=2023-02-24T18:51:26.292367+00:00
[2023-02-24 10:51:26,299] {processor.py:161} INFO - Processing /home/alura/Documents/Medalhas/venv/lib/python3.9/site-packages/airflow/example_dags/example_latest_only_with_trigger.py took 0.030 seconds
[2023-02-24 10:51:58,148] {processor.py:153} INFO - Started process (PID=8142) to work on /home/alura/Documents/Medalhas/venv/lib/python3.9/site-packages/airflow/example_dags/example_latest_only_with_trigger.py
[2023-02-24 10:51:58,149] {processor.py:641} INFO - Processing file /home/alura/Documents/Medalhas/venv/lib/python3.9/site-packages/airflow/example_dags/example_latest_only_with_trigger.py for tasks to queue
[2023-02-24 10:51:58,149] {logging_mixin.py:115} INFO - [2023-02-24 10:51:58,149] {dagbag.py:507} INFO - Filling up the DagBag from /home/alura/Documents/Medalhas/venv/lib/python3.9/site-packages/airflow/example_dags/example_latest_only_with_trigger.py
[2023-02-24 10:51:58,152] {processor.py:651} INFO - DAG(s) dict_keys(['latest_only_with_trigger']) retrieved from /home/alura/Documents/Medalhas/venv/lib/python3.9/site-packages/airflow/example_dags/example_latest_only_with_trigger.py
[2023-02-24 10:51:58,160] {logging_mixin.py:115} INFO - [2023-02-24 10:51:58,160] {dag.py:2379} INFO - Sync 1 DAGs
[2023-02-24 10:51:58,169] {logging_mixin.py:115} INFO - [2023-02-24 10:51:58,169] {dag.py:2927} INFO - Setting next_dagrun for latest_only_with_trigger to 2023-02-24T14:51:58.169209+00:00, run_after=2023-02-24T18:51:58.169209+00:00
[2023-02-24 10:51:58,176] {processor.py:161} INFO - Processing /home/alura/Documents/Medalhas/venv/lib/python3.9/site-packages/airflow/example_dags/example_latest_only_with_trigger.py took 0.029 seconds
[2023-02-24 10:52:31,823] {processor.py:153} INFO - Started process (PID=8313) to work on /home/alura/Documents/Medalhas/venv/lib/python3.9/site-packages/airflow/example_dags/example_latest_only_with_trigger.py
[2023-02-24 10:52:31,823] {processor.py:641} INFO - Processing file /home/alura/Documents/Medalhas/venv/lib/python3.9/site-packages/airflow/example_dags/example_latest_only_with_trigger.py for tasks to queue
[2023-02-24 10:52:31,824] {logging_mixin.py:115} INFO - [2023-02-24 10:52:31,823] {dagbag.py:507} INFO - Filling up the DagBag from /home/alura/Documents/Medalhas/venv/lib/python3.9/site-packages/airflow/example_dags/example_latest_only_with_trigger.py
[2023-02-24 10:52:31,827] {processor.py:651} INFO - DAG(s) dict_keys(['latest_only_with_trigger']) retrieved from /home/alura/Documents/Medalhas/venv/lib/python3.9/site-packages/airflow/example_dags/example_latest_only_with_trigger.py
[2023-02-24 10:52:31,835] {logging_mixin.py:115} INFO - [2023-02-24 10:52:31,835] {dag.py:2379} INFO - Sync 1 DAGs
[2023-02-24 10:52:31,844] {logging_mixin.py:115} INFO - [2023-02-24 10:52:31,844] {dag.py:2927} INFO - Setting next_dagrun for latest_only_with_trigger to 2023-02-24T14:52:31.844184+00:00, run_after=2023-02-24T18:52:31.844184+00:00
[2023-02-24 10:52:31,851] {processor.py:161} INFO - Processing /home/alura/Documents/Medalhas/venv/lib/python3.9/site-packages/airflow/example_dags/example_latest_only_with_trigger.py took 0.030 seconds
[2023-02-24 10:53:05,936] {processor.py:153} INFO - Started process (PID=8484) to work on /home/alura/Documents/Medalhas/venv/lib/python3.9/site-packages/airflow/example_dags/example_latest_only_with_trigger.py
[2023-02-24 10:53:05,936] {processor.py:641} INFO - Processing file /home/alura/Documents/Medalhas/venv/lib/python3.9/site-packages/airflow/example_dags/example_latest_only_with_trigger.py for tasks to queue
[2023-02-24 10:53:05,937] {logging_mixin.py:115} INFO - [2023-02-24 10:53:05,937] {dagbag.py:507} INFO - Filling up the DagBag from /home/alura/Documents/Medalhas/venv/lib/python3.9/site-packages/airflow/example_dags/example_latest_only_with_trigger.py
[2023-02-24 10:53:05,940] {processor.py:651} INFO - DAG(s) dict_keys(['latest_only_with_trigger']) retrieved from /home/alura/Documents/Medalhas/venv/lib/python3.9/site-packages/airflow/example_dags/example_latest_only_with_trigger.py
[2023-02-24 10:53:05,947] {logging_mixin.py:115} INFO - [2023-02-24 10:53:05,947] {dag.py:2379} INFO - Sync 1 DAGs
[2023-02-24 10:53:05,956] {logging_mixin.py:115} INFO - [2023-02-24 10:53:05,955] {dag.py:2927} INFO - Setting next_dagrun for latest_only_with_trigger to 2023-02-24T14:53:05.955838+00:00, run_after=2023-02-24T18:53:05.955838+00:00
[2023-02-24 10:53:05,962] {processor.py:161} INFO - Processing /home/alura/Documents/Medalhas/venv/lib/python3.9/site-packages/airflow/example_dags/example_latest_only_with_trigger.py took 0.028 seconds
[2023-02-24 10:53:38,460] {processor.py:153} INFO - Started process (PID=8649) to work on /home/alura/Documents/Medalhas/venv/lib/python3.9/site-packages/airflow/example_dags/example_latest_only_with_trigger.py
[2023-02-24 10:53:38,460] {processor.py:641} INFO - Processing file /home/alura/Documents/Medalhas/venv/lib/python3.9/site-packages/airflow/example_dags/example_latest_only_with_trigger.py for tasks to queue
[2023-02-24 10:53:38,460] {logging_mixin.py:115} INFO - [2023-02-24 10:53:38,460] {dagbag.py:507} INFO - Filling up the DagBag from /home/alura/Documents/Medalhas/venv/lib/python3.9/site-packages/airflow/example_dags/example_latest_only_with_trigger.py
[2023-02-24 10:53:38,463] {processor.py:651} INFO - DAG(s) dict_keys(['latest_only_with_trigger']) retrieved from /home/alura/Documents/Medalhas/venv/lib/python3.9/site-packages/airflow/example_dags/example_latest_only_with_trigger.py
[2023-02-24 10:53:38,472] {logging_mixin.py:115} INFO - [2023-02-24 10:53:38,472] {dag.py:2379} INFO - Sync 1 DAGs
[2023-02-24 10:53:38,481] {logging_mixin.py:115} INFO - [2023-02-24 10:53:38,481] {dag.py:2927} INFO - Setting next_dagrun for latest_only_with_trigger to 2023-02-24T14:53:38.481339+00:00, run_after=2023-02-24T18:53:38.481339+00:00
[2023-02-24 10:53:38,488] {processor.py:161} INFO - Processing /home/alura/Documents/Medalhas/venv/lib/python3.9/site-packages/airflow/example_dags/example_latest_only_with_trigger.py took 0.029 seconds
[2023-02-24 10:54:13,747] {processor.py:153} INFO - Started process (PID=8909) to work on /home/alura/Documents/Medalhas/venv/lib/python3.9/site-packages/airflow/example_dags/example_latest_only_with_trigger.py
[2023-02-24 10:54:13,748] {processor.py:641} INFO - Processing file /home/alura/Documents/Medalhas/venv/lib/python3.9/site-packages/airflow/example_dags/example_latest_only_with_trigger.py for tasks to queue
[2023-02-24 10:54:13,748] {logging_mixin.py:115} INFO - [2023-02-24 10:54:13,748] {dagbag.py:507} INFO - Filling up the DagBag from /home/alura/Documents/Medalhas/venv/lib/python3.9/site-packages/airflow/example_dags/example_latest_only_with_trigger.py
[2023-02-24 10:54:13,751] {processor.py:651} INFO - DAG(s) dict_keys(['latest_only_with_trigger']) retrieved from /home/alura/Documents/Medalhas/venv/lib/python3.9/site-packages/airflow/example_dags/example_latest_only_with_trigger.py
[2023-02-24 10:54:13,760] {logging_mixin.py:115} INFO - [2023-02-24 10:54:13,760] {dag.py:2379} INFO - Sync 1 DAGs
[2023-02-24 10:54:13,769] {logging_mixin.py:115} INFO - [2023-02-24 10:54:13,769] {dag.py:2927} INFO - Setting next_dagrun for latest_only_with_trigger to 2023-02-24T14:54:13.769287+00:00, run_after=2023-02-24T18:54:13.769287+00:00
[2023-02-24 10:54:13,777] {processor.py:161} INFO - Processing /home/alura/Documents/Medalhas/venv/lib/python3.9/site-packages/airflow/example_dags/example_latest_only_with_trigger.py took 0.031 seconds
[2023-02-24 10:54:48,987] {processor.py:153} INFO - Started process (PID=9089) to work on /home/alura/Documents/Medalhas/venv/lib/python3.9/site-packages/airflow/example_dags/example_latest_only_with_trigger.py
[2023-02-24 10:54:48,987] {processor.py:641} INFO - Processing file /home/alura/Documents/Medalhas/venv/lib/python3.9/site-packages/airflow/example_dags/example_latest_only_with_trigger.py for tasks to queue
[2023-02-24 10:54:48,988] {logging_mixin.py:115} INFO - [2023-02-24 10:54:48,988] {dagbag.py:507} INFO - Filling up the DagBag from /home/alura/Documents/Medalhas/venv/lib/python3.9/site-packages/airflow/example_dags/example_latest_only_with_trigger.py
[2023-02-24 10:54:48,991] {processor.py:651} INFO - DAG(s) dict_keys(['latest_only_with_trigger']) retrieved from /home/alura/Documents/Medalhas/venv/lib/python3.9/site-packages/airflow/example_dags/example_latest_only_with_trigger.py
[2023-02-24 10:54:48,999] {logging_mixin.py:115} INFO - [2023-02-24 10:54:48,999] {dag.py:2379} INFO - Sync 1 DAGs
[2023-02-24 10:54:49,008] {logging_mixin.py:115} INFO - [2023-02-24 10:54:49,008] {dag.py:2927} INFO - Setting next_dagrun for latest_only_with_trigger to 2023-02-24T14:54:49.008210+00:00, run_after=2023-02-24T18:54:49.008210+00:00
[2023-02-24 10:54:49,014] {processor.py:161} INFO - Processing /home/alura/Documents/Medalhas/venv/lib/python3.9/site-packages/airflow/example_dags/example_latest_only_with_trigger.py took 0.029 seconds
[2023-02-24 10:55:22,165] {processor.py:153} INFO - Started process (PID=9264) to work on /home/alura/Documents/Medalhas/venv/lib/python3.9/site-packages/airflow/example_dags/example_latest_only_with_trigger.py
[2023-02-24 10:55:22,166] {processor.py:641} INFO - Processing file /home/alura/Documents/Medalhas/venv/lib/python3.9/site-packages/airflow/example_dags/example_latest_only_with_trigger.py for tasks to queue
[2023-02-24 10:55:22,166] {logging_mixin.py:115} INFO - [2023-02-24 10:55:22,166] {dagbag.py:507} INFO - Filling up the DagBag from /home/alura/Documents/Medalhas/venv/lib/python3.9/site-packages/airflow/example_dags/example_latest_only_with_trigger.py
[2023-02-24 10:55:22,169] {processor.py:651} INFO - DAG(s) dict_keys(['latest_only_with_trigger']) retrieved from /home/alura/Documents/Medalhas/venv/lib/python3.9/site-packages/airflow/example_dags/example_latest_only_with_trigger.py
[2023-02-24 10:55:22,177] {logging_mixin.py:115} INFO - [2023-02-24 10:55:22,177] {dag.py:2379} INFO - Sync 1 DAGs
[2023-02-24 10:55:22,185] {logging_mixin.py:115} INFO - [2023-02-24 10:55:22,185] {dag.py:2927} INFO - Setting next_dagrun for latest_only_with_trigger to 2023-02-24T14:55:22.185714+00:00, run_after=2023-02-24T18:55:22.185714+00:00
[2023-02-24 10:55:22,192] {processor.py:161} INFO - Processing /home/alura/Documents/Medalhas/venv/lib/python3.9/site-packages/airflow/example_dags/example_latest_only_with_trigger.py took 0.028 seconds
[2023-02-24 10:55:58,078] {processor.py:153} INFO - Started process (PID=9449) to work on /home/alura/Documents/Medalhas/venv/lib/python3.9/site-packages/airflow/example_dags/example_latest_only_with_trigger.py
[2023-02-24 10:55:58,078] {processor.py:641} INFO - Processing file /home/alura/Documents/Medalhas/venv/lib/python3.9/site-packages/airflow/example_dags/example_latest_only_with_trigger.py for tasks to queue
[2023-02-24 10:55:58,079] {logging_mixin.py:115} INFO - [2023-02-24 10:55:58,078] {dagbag.py:507} INFO - Filling up the DagBag from /home/alura/Documents/Medalhas/venv/lib/python3.9/site-packages/airflow/example_dags/example_latest_only_with_trigger.py
[2023-02-24 10:55:58,081] {processor.py:651} INFO - DAG(s) dict_keys(['latest_only_with_trigger']) retrieved from /home/alura/Documents/Medalhas/venv/lib/python3.9/site-packages/airflow/example_dags/example_latest_only_with_trigger.py
[2023-02-24 10:55:58,090] {logging_mixin.py:115} INFO - [2023-02-24 10:55:58,089] {dag.py:2379} INFO - Sync 1 DAGs
[2023-02-24 10:55:58,098] {logging_mixin.py:115} INFO - [2023-02-24 10:55:58,098] {dag.py:2927} INFO - Setting next_dagrun for latest_only_with_trigger to 2023-02-24T14:55:58.098273+00:00, run_after=2023-02-24T18:55:58.098273+00:00
[2023-02-24 10:55:58,105] {processor.py:161} INFO - Processing /home/alura/Documents/Medalhas/venv/lib/python3.9/site-packages/airflow/example_dags/example_latest_only_with_trigger.py took 0.029 seconds
[2023-02-24 10:56:32,420] {processor.py:153} INFO - Started process (PID=9625) to work on /home/alura/Documents/Medalhas/venv/lib/python3.9/site-packages/airflow/example_dags/example_latest_only_with_trigger.py
[2023-02-24 10:56:32,421] {processor.py:641} INFO - Processing file /home/alura/Documents/Medalhas/venv/lib/python3.9/site-packages/airflow/example_dags/example_latest_only_with_trigger.py for tasks to queue
[2023-02-24 10:56:32,421] {logging_mixin.py:115} INFO - [2023-02-24 10:56:32,421] {dagbag.py:507} INFO - Filling up the DagBag from /home/alura/Documents/Medalhas/venv/lib/python3.9/site-packages/airflow/example_dags/example_latest_only_with_trigger.py
[2023-02-24 10:56:32,424] {processor.py:651} INFO - DAG(s) dict_keys(['latest_only_with_trigger']) retrieved from /home/alura/Documents/Medalhas/venv/lib/python3.9/site-packages/airflow/example_dags/example_latest_only_with_trigger.py
[2023-02-24 10:56:32,432] {logging_mixin.py:115} INFO - [2023-02-24 10:56:32,432] {dag.py:2379} INFO - Sync 1 DAGs
[2023-02-24 10:56:32,441] {logging_mixin.py:115} INFO - [2023-02-24 10:56:32,441] {dag.py:2927} INFO - Setting next_dagrun for latest_only_with_trigger to 2023-02-24T14:56:32.441477+00:00, run_after=2023-02-24T18:56:32.441477+00:00
[2023-02-24 10:56:32,448] {processor.py:161} INFO - Processing /home/alura/Documents/Medalhas/venv/lib/python3.9/site-packages/airflow/example_dags/example_latest_only_with_trigger.py took 0.029 seconds
[2023-02-24 10:57:06,039] {processor.py:153} INFO - Started process (PID=9801) to work on /home/alura/Documents/Medalhas/venv/lib/python3.9/site-packages/airflow/example_dags/example_latest_only_with_trigger.py
[2023-02-24 10:57:06,039] {processor.py:641} INFO - Processing file /home/alura/Documents/Medalhas/venv/lib/python3.9/site-packages/airflow/example_dags/example_latest_only_with_trigger.py for tasks to queue
[2023-02-24 10:57:06,040] {logging_mixin.py:115} INFO - [2023-02-24 10:57:06,040] {dagbag.py:507} INFO - Filling up the DagBag from /home/alura/Documents/Medalhas/venv/lib/python3.9/site-packages/airflow/example_dags/example_latest_only_with_trigger.py
[2023-02-24 10:57:06,043] {processor.py:651} INFO - DAG(s) dict_keys(['latest_only_with_trigger']) retrieved from /home/alura/Documents/Medalhas/venv/lib/python3.9/site-packages/airflow/example_dags/example_latest_only_with_trigger.py
[2023-02-24 10:57:06,051] {logging_mixin.py:115} INFO - [2023-02-24 10:57:06,051] {dag.py:2379} INFO - Sync 1 DAGs
[2023-02-24 10:57:06,060] {logging_mixin.py:115} INFO - [2023-02-24 10:57:06,060] {dag.py:2927} INFO - Setting next_dagrun for latest_only_with_trigger to 2023-02-24T14:57:06.060205+00:00, run_after=2023-02-24T18:57:06.060205+00:00
[2023-02-24 10:57:06,068] {processor.py:161} INFO - Processing /home/alura/Documents/Medalhas/venv/lib/python3.9/site-packages/airflow/example_dags/example_latest_only_with_trigger.py took 0.030 seconds
[2023-02-24 10:57:39,546] {processor.py:153} INFO - Started process (PID=9972) to work on /home/alura/Documents/Medalhas/venv/lib/python3.9/site-packages/airflow/example_dags/example_latest_only_with_trigger.py
[2023-02-24 10:57:39,547] {processor.py:641} INFO - Processing file /home/alura/Documents/Medalhas/venv/lib/python3.9/site-packages/airflow/example_dags/example_latest_only_with_trigger.py for tasks to queue
[2023-02-24 10:57:39,547] {logging_mixin.py:115} INFO - [2023-02-24 10:57:39,547] {dagbag.py:507} INFO - Filling up the DagBag from /home/alura/Documents/Medalhas/venv/lib/python3.9/site-packages/airflow/example_dags/example_latest_only_with_trigger.py
[2023-02-24 10:57:39,550] {processor.py:651} INFO - DAG(s) dict_keys(['latest_only_with_trigger']) retrieved from /home/alura/Documents/Medalhas/venv/lib/python3.9/site-packages/airflow/example_dags/example_latest_only_with_trigger.py
[2023-02-24 10:57:39,559] {logging_mixin.py:115} INFO - [2023-02-24 10:57:39,558] {dag.py:2379} INFO - Sync 1 DAGs
[2023-02-24 10:57:39,567] {logging_mixin.py:115} INFO - [2023-02-24 10:57:39,567] {dag.py:2927} INFO - Setting next_dagrun for latest_only_with_trigger to 2023-02-24T14:57:39.567325+00:00, run_after=2023-02-24T18:57:39.567325+00:00
[2023-02-24 10:57:39,575] {processor.py:161} INFO - Processing /home/alura/Documents/Medalhas/venv/lib/python3.9/site-packages/airflow/example_dags/example_latest_only_with_trigger.py took 0.030 seconds
[2023-02-24 10:58:11,316] {processor.py:153} INFO - Started process (PID=10142) to work on /home/alura/Documents/Medalhas/venv/lib/python3.9/site-packages/airflow/example_dags/example_latest_only_with_trigger.py
[2023-02-24 10:58:11,317] {processor.py:641} INFO - Processing file /home/alura/Documents/Medalhas/venv/lib/python3.9/site-packages/airflow/example_dags/example_latest_only_with_trigger.py for tasks to queue
[2023-02-24 10:58:11,317] {logging_mixin.py:115} INFO - [2023-02-24 10:58:11,317] {dagbag.py:507} INFO - Filling up the DagBag from /home/alura/Documents/Medalhas/venv/lib/python3.9/site-packages/airflow/example_dags/example_latest_only_with_trigger.py
[2023-02-24 10:58:11,320] {processor.py:651} INFO - DAG(s) dict_keys(['latest_only_with_trigger']) retrieved from /home/alura/Documents/Medalhas/venv/lib/python3.9/site-packages/airflow/example_dags/example_latest_only_with_trigger.py
[2023-02-24 10:58:11,328] {logging_mixin.py:115} INFO - [2023-02-24 10:58:11,328] {dag.py:2379} INFO - Sync 1 DAGs
[2023-02-24 10:58:11,337] {logging_mixin.py:115} INFO - [2023-02-24 10:58:11,337] {dag.py:2927} INFO - Setting next_dagrun for latest_only_with_trigger to 2023-02-24T14:58:11.337558+00:00, run_after=2023-02-24T18:58:11.337558+00:00
[2023-02-24 10:58:11,344] {processor.py:161} INFO - Processing /home/alura/Documents/Medalhas/venv/lib/python3.9/site-packages/airflow/example_dags/example_latest_only_with_trigger.py took 0.030 seconds
[2023-02-24 10:58:49,572] {processor.py:153} INFO - Started process (PID=10336) to work on /home/alura/Documents/Medalhas/venv/lib/python3.9/site-packages/airflow/example_dags/example_latest_only_with_trigger.py
[2023-02-24 10:58:49,572] {processor.py:641} INFO - Processing file /home/alura/Documents/Medalhas/venv/lib/python3.9/site-packages/airflow/example_dags/example_latest_only_with_trigger.py for tasks to queue
[2023-02-24 10:58:49,572] {logging_mixin.py:115} INFO - [2023-02-24 10:58:49,572] {dagbag.py:507} INFO - Filling up the DagBag from /home/alura/Documents/Medalhas/venv/lib/python3.9/site-packages/airflow/example_dags/example_latest_only_with_trigger.py
[2023-02-24 10:58:49,575] {processor.py:651} INFO - DAG(s) dict_keys(['latest_only_with_trigger']) retrieved from /home/alura/Documents/Medalhas/venv/lib/python3.9/site-packages/airflow/example_dags/example_latest_only_with_trigger.py
[2023-02-24 10:58:49,583] {logging_mixin.py:115} INFO - [2023-02-24 10:58:49,583] {dag.py:2379} INFO - Sync 1 DAGs
[2023-02-24 10:58:49,592] {logging_mixin.py:115} INFO - [2023-02-24 10:58:49,592] {dag.py:2927} INFO - Setting next_dagrun for latest_only_with_trigger to 2023-02-24T14:58:49.591925+00:00, run_after=2023-02-24T18:58:49.591925+00:00
[2023-02-24 10:58:49,598] {processor.py:161} INFO - Processing /home/alura/Documents/Medalhas/venv/lib/python3.9/site-packages/airflow/example_dags/example_latest_only_with_trigger.py took 0.028 seconds
[2023-02-24 10:59:22,110] {processor.py:153} INFO - Started process (PID=10508) to work on /home/alura/Documents/Medalhas/venv/lib/python3.9/site-packages/airflow/example_dags/example_latest_only_with_trigger.py
[2023-02-24 10:59:22,110] {processor.py:641} INFO - Processing file /home/alura/Documents/Medalhas/venv/lib/python3.9/site-packages/airflow/example_dags/example_latest_only_with_trigger.py for tasks to queue
[2023-02-24 10:59:22,111] {logging_mixin.py:115} INFO - [2023-02-24 10:59:22,111] {dagbag.py:507} INFO - Filling up the DagBag from /home/alura/Documents/Medalhas/venv/lib/python3.9/site-packages/airflow/example_dags/example_latest_only_with_trigger.py
[2023-02-24 10:59:22,114] {processor.py:651} INFO - DAG(s) dict_keys(['latest_only_with_trigger']) retrieved from /home/alura/Documents/Medalhas/venv/lib/python3.9/site-packages/airflow/example_dags/example_latest_only_with_trigger.py
[2023-02-24 10:59:22,122] {logging_mixin.py:115} INFO - [2023-02-24 10:59:22,122] {dag.py:2379} INFO - Sync 1 DAGs
[2023-02-24 10:59:22,130] {logging_mixin.py:115} INFO - [2023-02-24 10:59:22,130] {dag.py:2927} INFO - Setting next_dagrun for latest_only_with_trigger to 2023-02-24T14:59:22.130556+00:00, run_after=2023-02-24T18:59:22.130556+00:00
[2023-02-24 10:59:22,137] {processor.py:161} INFO - Processing /home/alura/Documents/Medalhas/venv/lib/python3.9/site-packages/airflow/example_dags/example_latest_only_with_trigger.py took 0.028 seconds
[2023-02-24 10:59:54,577] {processor.py:153} INFO - Started process (PID=10679) to work on /home/alura/Documents/Medalhas/venv/lib/python3.9/site-packages/airflow/example_dags/example_latest_only_with_trigger.py
[2023-02-24 10:59:54,578] {processor.py:641} INFO - Processing file /home/alura/Documents/Medalhas/venv/lib/python3.9/site-packages/airflow/example_dags/example_latest_only_with_trigger.py for tasks to queue
[2023-02-24 10:59:54,578] {logging_mixin.py:115} INFO - [2023-02-24 10:59:54,578] {dagbag.py:507} INFO - Filling up the DagBag from /home/alura/Documents/Medalhas/venv/lib/python3.9/site-packages/airflow/example_dags/example_latest_only_with_trigger.py
[2023-02-24 10:59:54,581] {processor.py:651} INFO - DAG(s) dict_keys(['latest_only_with_trigger']) retrieved from /home/alura/Documents/Medalhas/venv/lib/python3.9/site-packages/airflow/example_dags/example_latest_only_with_trigger.py
[2023-02-24 10:59:54,590] {logging_mixin.py:115} INFO - [2023-02-24 10:59:54,590] {dag.py:2379} INFO - Sync 1 DAGs
[2023-02-24 10:59:54,599] {logging_mixin.py:115} INFO - [2023-02-24 10:59:54,598] {dag.py:2927} INFO - Setting next_dagrun for latest_only_with_trigger to 2023-02-24T14:59:54.598783+00:00, run_after=2023-02-24T18:59:54.598783+00:00
[2023-02-24 10:59:54,606] {processor.py:161} INFO - Processing /home/alura/Documents/Medalhas/venv/lib/python3.9/site-packages/airflow/example_dags/example_latest_only_with_trigger.py took 0.030 seconds
[2023-02-24 11:00:28,735] {processor.py:153} INFO - Started process (PID=10855) to work on /home/alura/Documents/Medalhas/venv/lib/python3.9/site-packages/airflow/example_dags/example_latest_only_with_trigger.py
[2023-02-24 11:00:28,736] {processor.py:641} INFO - Processing file /home/alura/Documents/Medalhas/venv/lib/python3.9/site-packages/airflow/example_dags/example_latest_only_with_trigger.py for tasks to queue
[2023-02-24 11:00:28,736] {logging_mixin.py:115} INFO - [2023-02-24 11:00:28,736] {dagbag.py:507} INFO - Filling up the DagBag from /home/alura/Documents/Medalhas/venv/lib/python3.9/site-packages/airflow/example_dags/example_latest_only_with_trigger.py
[2023-02-24 11:00:28,739] {processor.py:651} INFO - DAG(s) dict_keys(['latest_only_with_trigger']) retrieved from /home/alura/Documents/Medalhas/venv/lib/python3.9/site-packages/airflow/example_dags/example_latest_only_with_trigger.py
[2023-02-24 11:00:28,748] {logging_mixin.py:115} INFO - [2023-02-24 11:00:28,747] {dag.py:2379} INFO - Sync 1 DAGs
[2023-02-24 11:00:28,756] {logging_mixin.py:115} INFO - [2023-02-24 11:00:28,756] {dag.py:2927} INFO - Setting next_dagrun for latest_only_with_trigger to 2023-02-24T15:00:28.756531+00:00, run_after=2023-02-24T19:00:28.756531+00:00
[2023-02-24 11:00:28,764] {processor.py:161} INFO - Processing /home/alura/Documents/Medalhas/venv/lib/python3.9/site-packages/airflow/example_dags/example_latest_only_with_trigger.py took 0.031 seconds
[2023-02-24 11:01:04,508] {processor.py:153} INFO - Started process (PID=11057) to work on /home/alura/Documents/Medalhas/venv/lib/python3.9/site-packages/airflow/example_dags/example_latest_only_with_trigger.py
[2023-02-24 11:01:04,509] {processor.py:641} INFO - Processing file /home/alura/Documents/Medalhas/venv/lib/python3.9/site-packages/airflow/example_dags/example_latest_only_with_trigger.py for tasks to queue
[2023-02-24 11:01:04,509] {logging_mixin.py:115} INFO - [2023-02-24 11:01:04,509] {dagbag.py:507} INFO - Filling up the DagBag from /home/alura/Documents/Medalhas/venv/lib/python3.9/site-packages/airflow/example_dags/example_latest_only_with_trigger.py
[2023-02-24 11:01:04,513] {processor.py:651} INFO - DAG(s) dict_keys(['latest_only_with_trigger']) retrieved from /home/alura/Documents/Medalhas/venv/lib/python3.9/site-packages/airflow/example_dags/example_latest_only_with_trigger.py
[2023-02-24 11:01:04,520] {logging_mixin.py:115} INFO - [2023-02-24 11:01:04,520] {dag.py:2379} INFO - Sync 1 DAGs
[2023-02-24 11:01:04,529] {logging_mixin.py:115} INFO - [2023-02-24 11:01:04,529] {dag.py:2927} INFO - Setting next_dagrun for latest_only_with_trigger to 2023-02-24T15:01:04.529555+00:00, run_after=2023-02-24T19:01:04.529555+00:00
[2023-02-24 11:01:04,536] {processor.py:161} INFO - Processing /home/alura/Documents/Medalhas/venv/lib/python3.9/site-packages/airflow/example_dags/example_latest_only_with_trigger.py took 0.029 seconds
[2023-02-24 11:01:37,559] {processor.py:153} INFO - Started process (PID=11230) to work on /home/alura/Documents/Medalhas/venv/lib/python3.9/site-packages/airflow/example_dags/example_latest_only_with_trigger.py
[2023-02-24 11:01:37,560] {processor.py:641} INFO - Processing file /home/alura/Documents/Medalhas/venv/lib/python3.9/site-packages/airflow/example_dags/example_latest_only_with_trigger.py for tasks to queue
[2023-02-24 11:01:37,560] {logging_mixin.py:115} INFO - [2023-02-24 11:01:37,560] {dagbag.py:507} INFO - Filling up the DagBag from /home/alura/Documents/Medalhas/venv/lib/python3.9/site-packages/airflow/example_dags/example_latest_only_with_trigger.py
[2023-02-24 11:01:37,563] {processor.py:651} INFO - DAG(s) dict_keys(['latest_only_with_trigger']) retrieved from /home/alura/Documents/Medalhas/venv/lib/python3.9/site-packages/airflow/example_dags/example_latest_only_with_trigger.py
[2023-02-24 11:01:37,572] {logging_mixin.py:115} INFO - [2023-02-24 11:01:37,572] {dag.py:2379} INFO - Sync 1 DAGs
[2023-02-24 11:01:37,581] {logging_mixin.py:115} INFO - [2023-02-24 11:01:37,581] {dag.py:2927} INFO - Setting next_dagrun for latest_only_with_trigger to 2023-02-24T15:01:37.580986+00:00, run_after=2023-02-24T19:01:37.580986+00:00
[2023-02-24 11:01:37,589] {processor.py:161} INFO - Processing /home/alura/Documents/Medalhas/venv/lib/python3.9/site-packages/airflow/example_dags/example_latest_only_with_trigger.py took 0.031 seconds
[2023-02-24 11:02:13,408] {processor.py:153} INFO - Started process (PID=11417) to work on /home/alura/Documents/Medalhas/venv/lib/python3.9/site-packages/airflow/example_dags/example_latest_only_with_trigger.py
[2023-02-24 11:02:13,408] {processor.py:641} INFO - Processing file /home/alura/Documents/Medalhas/venv/lib/python3.9/site-packages/airflow/example_dags/example_latest_only_with_trigger.py for tasks to queue
[2023-02-24 11:02:13,409] {logging_mixin.py:115} INFO - [2023-02-24 11:02:13,408] {dagbag.py:507} INFO - Filling up the DagBag from /home/alura/Documents/Medalhas/venv/lib/python3.9/site-packages/airflow/example_dags/example_latest_only_with_trigger.py
[2023-02-24 11:02:13,411] {processor.py:651} INFO - DAG(s) dict_keys(['latest_only_with_trigger']) retrieved from /home/alura/Documents/Medalhas/venv/lib/python3.9/site-packages/airflow/example_dags/example_latest_only_with_trigger.py
[2023-02-24 11:02:13,420] {logging_mixin.py:115} INFO - [2023-02-24 11:02:13,420] {dag.py:2379} INFO - Sync 1 DAGs
[2023-02-24 11:02:13,428] {logging_mixin.py:115} INFO - [2023-02-24 11:02:13,428] {dag.py:2927} INFO - Setting next_dagrun for latest_only_with_trigger to 2023-02-24T15:02:13.428513+00:00, run_after=2023-02-24T19:02:13.428513+00:00
[2023-02-24 11:02:13,436] {processor.py:161} INFO - Processing /home/alura/Documents/Medalhas/venv/lib/python3.9/site-packages/airflow/example_dags/example_latest_only_with_trigger.py took 0.030 seconds
[2023-02-24 11:02:46,680] {processor.py:153} INFO - Started process (PID=11591) to work on /home/alura/Documents/Medalhas/venv/lib/python3.9/site-packages/airflow/example_dags/example_latest_only_with_trigger.py
[2023-02-24 11:02:46,681] {processor.py:641} INFO - Processing file /home/alura/Documents/Medalhas/venv/lib/python3.9/site-packages/airflow/example_dags/example_latest_only_with_trigger.py for tasks to queue
[2023-02-24 11:02:46,681] {logging_mixin.py:115} INFO - [2023-02-24 11:02:46,681] {dagbag.py:507} INFO - Filling up the DagBag from /home/alura/Documents/Medalhas/venv/lib/python3.9/site-packages/airflow/example_dags/example_latest_only_with_trigger.py
[2023-02-24 11:02:46,684] {processor.py:651} INFO - DAG(s) dict_keys(['latest_only_with_trigger']) retrieved from /home/alura/Documents/Medalhas/venv/lib/python3.9/site-packages/airflow/example_dags/example_latest_only_with_trigger.py
[2023-02-24 11:02:46,692] {logging_mixin.py:115} INFO - [2023-02-24 11:02:46,692] {dag.py:2379} INFO - Sync 1 DAGs
[2023-02-24 11:02:46,701] {logging_mixin.py:115} INFO - [2023-02-24 11:02:46,701] {dag.py:2927} INFO - Setting next_dagrun for latest_only_with_trigger to 2023-02-24T15:02:46.701235+00:00, run_after=2023-02-24T19:02:46.701235+00:00
[2023-02-24 11:02:46,707] {processor.py:161} INFO - Processing /home/alura/Documents/Medalhas/venv/lib/python3.9/site-packages/airflow/example_dags/example_latest_only_with_trigger.py took 0.029 seconds
[2023-02-24 11:03:20,081] {processor.py:153} INFO - Started process (PID=11764) to work on /home/alura/Documents/Medalhas/venv/lib/python3.9/site-packages/airflow/example_dags/example_latest_only_with_trigger.py
[2023-02-24 11:03:20,081] {processor.py:641} INFO - Processing file /home/alura/Documents/Medalhas/venv/lib/python3.9/site-packages/airflow/example_dags/example_latest_only_with_trigger.py for tasks to queue
[2023-02-24 11:03:20,082] {logging_mixin.py:115} INFO - [2023-02-24 11:03:20,082] {dagbag.py:507} INFO - Filling up the DagBag from /home/alura/Documents/Medalhas/venv/lib/python3.9/site-packages/airflow/example_dags/example_latest_only_with_trigger.py
[2023-02-24 11:03:20,084] {processor.py:651} INFO - DAG(s) dict_keys(['latest_only_with_trigger']) retrieved from /home/alura/Documents/Medalhas/venv/lib/python3.9/site-packages/airflow/example_dags/example_latest_only_with_trigger.py
[2023-02-24 11:03:20,093] {logging_mixin.py:115} INFO - [2023-02-24 11:03:20,093] {dag.py:2379} INFO - Sync 1 DAGs
[2023-02-24 11:03:20,101] {logging_mixin.py:115} INFO - [2023-02-24 11:03:20,101] {dag.py:2927} INFO - Setting next_dagrun for latest_only_with_trigger to 2023-02-24T15:03:20.101407+00:00, run_after=2023-02-24T19:03:20.101407+00:00
[2023-02-24 11:03:20,109] {processor.py:161} INFO - Processing /home/alura/Documents/Medalhas/venv/lib/python3.9/site-packages/airflow/example_dags/example_latest_only_with_trigger.py took 0.029 seconds
[2023-02-24 11:03:54,839] {processor.py:153} INFO - Started process (PID=12020) to work on /home/alura/Documents/Medalhas/venv/lib/python3.9/site-packages/airflow/example_dags/example_latest_only_with_trigger.py
[2023-02-24 11:03:54,840] {processor.py:641} INFO - Processing file /home/alura/Documents/Medalhas/venv/lib/python3.9/site-packages/airflow/example_dags/example_latest_only_with_trigger.py for tasks to queue
[2023-02-24 11:03:54,840] {logging_mixin.py:115} INFO - [2023-02-24 11:03:54,840] {dagbag.py:507} INFO - Filling up the DagBag from /home/alura/Documents/Medalhas/venv/lib/python3.9/site-packages/airflow/example_dags/example_latest_only_with_trigger.py
[2023-02-24 11:03:54,843] {processor.py:651} INFO - DAG(s) dict_keys(['latest_only_with_trigger']) retrieved from /home/alura/Documents/Medalhas/venv/lib/python3.9/site-packages/airflow/example_dags/example_latest_only_with_trigger.py
[2023-02-24 11:03:54,851] {logging_mixin.py:115} INFO - [2023-02-24 11:03:54,851] {dag.py:2379} INFO - Sync 1 DAGs
[2023-02-24 11:03:54,860] {logging_mixin.py:115} INFO - [2023-02-24 11:03:54,860] {dag.py:2927} INFO - Setting next_dagrun for latest_only_with_trigger to 2023-02-24T15:03:54.860704+00:00, run_after=2023-02-24T19:03:54.860704+00:00
[2023-02-24 11:03:54,867] {processor.py:161} INFO - Processing /home/alura/Documents/Medalhas/venv/lib/python3.9/site-packages/airflow/example_dags/example_latest_only_with_trigger.py took 0.029 seconds
[2023-02-24 11:04:30,787] {processor.py:153} INFO - Started process (PID=12233) to work on /home/alura/Documents/Medalhas/venv/lib/python3.9/site-packages/airflow/example_dags/example_latest_only_with_trigger.py
[2023-02-24 11:04:30,788] {processor.py:641} INFO - Processing file /home/alura/Documents/Medalhas/venv/lib/python3.9/site-packages/airflow/example_dags/example_latest_only_with_trigger.py for tasks to queue
[2023-02-24 11:04:30,788] {logging_mixin.py:115} INFO - [2023-02-24 11:04:30,788] {dagbag.py:507} INFO - Filling up the DagBag from /home/alura/Documents/Medalhas/venv/lib/python3.9/site-packages/airflow/example_dags/example_latest_only_with_trigger.py
[2023-02-24 11:04:30,791] {processor.py:651} INFO - DAG(s) dict_keys(['latest_only_with_trigger']) retrieved from /home/alura/Documents/Medalhas/venv/lib/python3.9/site-packages/airflow/example_dags/example_latest_only_with_trigger.py
[2023-02-24 11:04:30,799] {logging_mixin.py:115} INFO - [2023-02-24 11:04:30,799] {dag.py:2379} INFO - Sync 1 DAGs
[2023-02-24 11:04:30,808] {logging_mixin.py:115} INFO - [2023-02-24 11:04:30,808] {dag.py:2927} INFO - Setting next_dagrun for latest_only_with_trigger to 2023-02-24T15:04:30.808331+00:00, run_after=2023-02-24T19:04:30.808331+00:00
[2023-02-24 11:04:30,815] {processor.py:161} INFO - Processing /home/alura/Documents/Medalhas/venv/lib/python3.9/site-packages/airflow/example_dags/example_latest_only_with_trigger.py took 0.029 seconds
[2023-02-24 11:05:05,555] {processor.py:153} INFO - Started process (PID=12442) to work on /home/alura/Documents/Medalhas/venv/lib/python3.9/site-packages/airflow/example_dags/example_latest_only_with_trigger.py
[2023-02-24 11:05:05,555] {processor.py:641} INFO - Processing file /home/alura/Documents/Medalhas/venv/lib/python3.9/site-packages/airflow/example_dags/example_latest_only_with_trigger.py for tasks to queue
[2023-02-24 11:05:05,556] {logging_mixin.py:115} INFO - [2023-02-24 11:05:05,556] {dagbag.py:507} INFO - Filling up the DagBag from /home/alura/Documents/Medalhas/venv/lib/python3.9/site-packages/airflow/example_dags/example_latest_only_with_trigger.py
[2023-02-24 11:05:05,558] {processor.py:651} INFO - DAG(s) dict_keys(['latest_only_with_trigger']) retrieved from /home/alura/Documents/Medalhas/venv/lib/python3.9/site-packages/airflow/example_dags/example_latest_only_with_trigger.py
[2023-02-24 11:05:05,567] {logging_mixin.py:115} INFO - [2023-02-24 11:05:05,567] {dag.py:2379} INFO - Sync 1 DAGs
[2023-02-24 11:05:05,576] {logging_mixin.py:115} INFO - [2023-02-24 11:05:05,576] {dag.py:2927} INFO - Setting next_dagrun for latest_only_with_trigger to 2023-02-24T15:05:05.576023+00:00, run_after=2023-02-24T19:05:05.576023+00:00
[2023-02-24 11:05:05,583] {processor.py:161} INFO - Processing /home/alura/Documents/Medalhas/venv/lib/python3.9/site-packages/airflow/example_dags/example_latest_only_with_trigger.py took 0.029 seconds
