[2023-02-24 10:47:27,724] {processor.py:153} INFO - Started process (PID=6065) to work on /home/alura/Documents/Medalhas/venv/lib/python3.9/site-packages/airflow/example_dags/example_nested_branch_dag.py
[2023-02-24 10:47:27,725] {processor.py:641} INFO - Processing file /home/alura/Documents/Medalhas/venv/lib/python3.9/site-packages/airflow/example_dags/example_nested_branch_dag.py for tasks to queue
[2023-02-24 10:47:27,726] {logging_mixin.py:115} INFO - [2023-02-24 10:47:27,726] {dagbag.py:507} INFO - Filling up the DagBag from /home/alura/Documents/Medalhas/venv/lib/python3.9/site-packages/airflow/example_dags/example_nested_branch_dag.py
[2023-02-24 10:47:27,744] {processor.py:651} INFO - DAG(s) dict_keys(['example_nested_branch_dag']) retrieved from /home/alura/Documents/Medalhas/venv/lib/python3.9/site-packages/airflow/example_dags/example_nested_branch_dag.py
[2023-02-24 10:47:27,847] {logging_mixin.py:115} INFO - [2023-02-24 10:47:27,846] {manager.py:508} INFO - Created Permission View: can delete on DAG:example_nested_branch_dag
[2023-02-24 10:47:27,853] {logging_mixin.py:115} INFO - [2023-02-24 10:47:27,853] {manager.py:508} INFO - Created Permission View: can edit on DAG:example_nested_branch_dag
[2023-02-24 10:47:27,858] {logging_mixin.py:115} INFO - [2023-02-24 10:47:27,858] {manager.py:508} INFO - Created Permission View: can read on DAG:example_nested_branch_dag
[2023-02-24 10:47:27,858] {logging_mixin.py:115} INFO - [2023-02-24 10:47:27,858] {dag.py:2379} INFO - Sync 1 DAGs
[2023-02-24 10:47:27,868] {logging_mixin.py:115} INFO - [2023-02-24 10:47:27,868] {dag.py:2398} INFO - Creating ORM DAG for example_nested_branch_dag
[2023-02-24 10:47:27,879] {logging_mixin.py:115} INFO - [2023-02-24 10:47:27,879] {dag.py:2927} INFO - Setting next_dagrun for example_nested_branch_dag to 2023-02-23T00:00:00+00:00, run_after=2023-02-24T00:00:00+00:00
[2023-02-24 10:47:27,892] {processor.py:161} INFO - Processing /home/alura/Documents/Medalhas/venv/lib/python3.9/site-packages/airflow/example_dags/example_nested_branch_dag.py took 0.175 seconds
[2023-02-24 10:48:03,429] {processor.py:153} INFO - Started process (PID=6293) to work on /home/alura/Documents/Medalhas/venv/lib/python3.9/site-packages/airflow/example_dags/example_nested_branch_dag.py
[2023-02-24 10:48:03,430] {processor.py:641} INFO - Processing file /home/alura/Documents/Medalhas/venv/lib/python3.9/site-packages/airflow/example_dags/example_nested_branch_dag.py for tasks to queue
[2023-02-24 10:48:03,430] {logging_mixin.py:115} INFO - [2023-02-24 10:48:03,430] {dagbag.py:507} INFO - Filling up the DagBag from /home/alura/Documents/Medalhas/venv/lib/python3.9/site-packages/airflow/example_dags/example_nested_branch_dag.py
[2023-02-24 10:48:03,436] {processor.py:651} INFO - DAG(s) dict_keys(['example_nested_branch_dag']) retrieved from /home/alura/Documents/Medalhas/venv/lib/python3.9/site-packages/airflow/example_dags/example_nested_branch_dag.py
[2023-02-24 10:48:03,445] {logging_mixin.py:115} INFO - [2023-02-24 10:48:03,445] {dag.py:2379} INFO - Sync 1 DAGs
[2023-02-24 10:48:03,455] {logging_mixin.py:115} INFO - [2023-02-24 10:48:03,455] {dag.py:2927} INFO - Setting next_dagrun for example_nested_branch_dag to 2023-02-23T00:00:00+00:00, run_after=2023-02-24T00:00:00+00:00
[2023-02-24 10:48:03,462] {processor.py:161} INFO - Processing /home/alura/Documents/Medalhas/venv/lib/python3.9/site-packages/airflow/example_dags/example_nested_branch_dag.py took 0.034 seconds
[2023-02-24 10:48:35,920] {processor.py:153} INFO - Started process (PID=6665) to work on /home/alura/Documents/Medalhas/venv/lib/python3.9/site-packages/airflow/example_dags/example_nested_branch_dag.py
[2023-02-24 10:48:35,920] {processor.py:641} INFO - Processing file /home/alura/Documents/Medalhas/venv/lib/python3.9/site-packages/airflow/example_dags/example_nested_branch_dag.py for tasks to queue
[2023-02-24 10:48:35,921] {logging_mixin.py:115} INFO - [2023-02-24 10:48:35,921] {dagbag.py:507} INFO - Filling up the DagBag from /home/alura/Documents/Medalhas/venv/lib/python3.9/site-packages/airflow/example_dags/example_nested_branch_dag.py
[2023-02-24 10:48:35,926] {processor.py:651} INFO - DAG(s) dict_keys(['example_nested_branch_dag']) retrieved from /home/alura/Documents/Medalhas/venv/lib/python3.9/site-packages/airflow/example_dags/example_nested_branch_dag.py
[2023-02-24 10:48:35,935] {logging_mixin.py:115} INFO - [2023-02-24 10:48:35,935] {dag.py:2379} INFO - Sync 1 DAGs
[2023-02-24 10:48:35,944] {logging_mixin.py:115} INFO - [2023-02-24 10:48:35,944] {dag.py:2927} INFO - Setting next_dagrun for example_nested_branch_dag to 2023-02-23T00:00:00+00:00, run_after=2023-02-24T00:00:00+00:00
[2023-02-24 10:48:35,951] {processor.py:161} INFO - Processing /home/alura/Documents/Medalhas/venv/lib/python3.9/site-packages/airflow/example_dags/example_nested_branch_dag.py took 0.033 seconds
[2023-02-24 10:49:08,956] {processor.py:153} INFO - Started process (PID=7047) to work on /home/alura/Documents/Medalhas/venv/lib/python3.9/site-packages/airflow/example_dags/example_nested_branch_dag.py
[2023-02-24 10:49:08,956] {processor.py:641} INFO - Processing file /home/alura/Documents/Medalhas/venv/lib/python3.9/site-packages/airflow/example_dags/example_nested_branch_dag.py for tasks to queue
[2023-02-24 10:49:08,957] {logging_mixin.py:115} INFO - [2023-02-24 10:49:08,956] {dagbag.py:507} INFO - Filling up the DagBag from /home/alura/Documents/Medalhas/venv/lib/python3.9/site-packages/airflow/example_dags/example_nested_branch_dag.py
[2023-02-24 10:49:08,962] {processor.py:651} INFO - DAG(s) dict_keys(['example_nested_branch_dag']) retrieved from /home/alura/Documents/Medalhas/venv/lib/python3.9/site-packages/airflow/example_dags/example_nested_branch_dag.py
[2023-02-24 10:49:08,971] {logging_mixin.py:115} INFO - [2023-02-24 10:49:08,971] {dag.py:2379} INFO - Sync 1 DAGs
[2023-02-24 10:49:08,981] {logging_mixin.py:115} INFO - [2023-02-24 10:49:08,981] {dag.py:2927} INFO - Setting next_dagrun for example_nested_branch_dag to 2023-02-23T00:00:00+00:00, run_after=2023-02-24T00:00:00+00:00
[2023-02-24 10:49:08,989] {processor.py:161} INFO - Processing /home/alura/Documents/Medalhas/venv/lib/python3.9/site-packages/airflow/example_dags/example_nested_branch_dag.py took 0.036 seconds
[2023-02-24 10:49:43,743] {processor.py:153} INFO - Started process (PID=7437) to work on /home/alura/Documents/Medalhas/venv/lib/python3.9/site-packages/airflow/example_dags/example_nested_branch_dag.py
[2023-02-24 10:49:43,744] {processor.py:641} INFO - Processing file /home/alura/Documents/Medalhas/venv/lib/python3.9/site-packages/airflow/example_dags/example_nested_branch_dag.py for tasks to queue
[2023-02-24 10:49:43,744] {logging_mixin.py:115} INFO - [2023-02-24 10:49:43,744] {dagbag.py:507} INFO - Filling up the DagBag from /home/alura/Documents/Medalhas/venv/lib/python3.9/site-packages/airflow/example_dags/example_nested_branch_dag.py
[2023-02-24 10:49:43,750] {processor.py:651} INFO - DAG(s) dict_keys(['example_nested_branch_dag']) retrieved from /home/alura/Documents/Medalhas/venv/lib/python3.9/site-packages/airflow/example_dags/example_nested_branch_dag.py
[2023-02-24 10:49:43,759] {logging_mixin.py:115} INFO - [2023-02-24 10:49:43,759] {dag.py:2379} INFO - Sync 1 DAGs
[2023-02-24 10:49:43,769] {logging_mixin.py:115} INFO - [2023-02-24 10:49:43,768] {dag.py:2927} INFO - Setting next_dagrun for example_nested_branch_dag to 2023-02-23T00:00:00+00:00, run_after=2023-02-24T00:00:00+00:00
[2023-02-24 10:49:43,775] {processor.py:161} INFO - Processing /home/alura/Documents/Medalhas/venv/lib/python3.9/site-packages/airflow/example_dags/example_nested_branch_dag.py took 0.033 seconds
[2023-02-24 10:50:18,172] {processor.py:153} INFO - Started process (PID=7614) to work on /home/alura/Documents/Medalhas/venv/lib/python3.9/site-packages/airflow/example_dags/example_nested_branch_dag.py
[2023-02-24 10:50:18,172] {processor.py:641} INFO - Processing file /home/alura/Documents/Medalhas/venv/lib/python3.9/site-packages/airflow/example_dags/example_nested_branch_dag.py for tasks to queue
[2023-02-24 10:50:18,172] {logging_mixin.py:115} INFO - [2023-02-24 10:50:18,172] {dagbag.py:507} INFO - Filling up the DagBag from /home/alura/Documents/Medalhas/venv/lib/python3.9/site-packages/airflow/example_dags/example_nested_branch_dag.py
[2023-02-24 10:50:18,177] {processor.py:651} INFO - DAG(s) dict_keys(['example_nested_branch_dag']) retrieved from /home/alura/Documents/Medalhas/venv/lib/python3.9/site-packages/airflow/example_dags/example_nested_branch_dag.py
[2023-02-24 10:50:18,186] {logging_mixin.py:115} INFO - [2023-02-24 10:50:18,186] {dag.py:2379} INFO - Sync 1 DAGs
[2023-02-24 10:50:18,196] {logging_mixin.py:115} INFO - [2023-02-24 10:50:18,195] {dag.py:2927} INFO - Setting next_dagrun for example_nested_branch_dag to 2023-02-23T00:00:00+00:00, run_after=2023-02-24T00:00:00+00:00
[2023-02-24 10:50:18,202] {processor.py:161} INFO - Processing /home/alura/Documents/Medalhas/venv/lib/python3.9/site-packages/airflow/example_dags/example_nested_branch_dag.py took 0.032 seconds
[2023-02-24 10:50:50,249] {processor.py:153} INFO - Started process (PID=7789) to work on /home/alura/Documents/Medalhas/venv/lib/python3.9/site-packages/airflow/example_dags/example_nested_branch_dag.py
[2023-02-24 10:50:50,250] {processor.py:641} INFO - Processing file /home/alura/Documents/Medalhas/venv/lib/python3.9/site-packages/airflow/example_dags/example_nested_branch_dag.py for tasks to queue
[2023-02-24 10:50:50,250] {logging_mixin.py:115} INFO - [2023-02-24 10:50:50,250] {dagbag.py:507} INFO - Filling up the DagBag from /home/alura/Documents/Medalhas/venv/lib/python3.9/site-packages/airflow/example_dags/example_nested_branch_dag.py
[2023-02-24 10:50:50,255] {processor.py:651} INFO - DAG(s) dict_keys(['example_nested_branch_dag']) retrieved from /home/alura/Documents/Medalhas/venv/lib/python3.9/site-packages/airflow/example_dags/example_nested_branch_dag.py
[2023-02-24 10:50:50,264] {logging_mixin.py:115} INFO - [2023-02-24 10:50:50,264] {dag.py:2379} INFO - Sync 1 DAGs
[2023-02-24 10:50:50,272] {logging_mixin.py:115} INFO - [2023-02-24 10:50:50,272] {dag.py:2927} INFO - Setting next_dagrun for example_nested_branch_dag to 2023-02-23T00:00:00+00:00, run_after=2023-02-24T00:00:00+00:00
[2023-02-24 10:50:50,279] {processor.py:161} INFO - Processing /home/alura/Documents/Medalhas/venv/lib/python3.9/site-packages/airflow/example_dags/example_nested_branch_dag.py took 0.032 seconds
[2023-02-24 10:51:26,763] {processor.py:153} INFO - Started process (PID=7980) to work on /home/alura/Documents/Medalhas/venv/lib/python3.9/site-packages/airflow/example_dags/example_nested_branch_dag.py
[2023-02-24 10:51:26,763] {processor.py:641} INFO - Processing file /home/alura/Documents/Medalhas/venv/lib/python3.9/site-packages/airflow/example_dags/example_nested_branch_dag.py for tasks to queue
[2023-02-24 10:51:26,763] {logging_mixin.py:115} INFO - [2023-02-24 10:51:26,763] {dagbag.py:507} INFO - Filling up the DagBag from /home/alura/Documents/Medalhas/venv/lib/python3.9/site-packages/airflow/example_dags/example_nested_branch_dag.py
[2023-02-24 10:51:26,768] {processor.py:651} INFO - DAG(s) dict_keys(['example_nested_branch_dag']) retrieved from /home/alura/Documents/Medalhas/venv/lib/python3.9/site-packages/airflow/example_dags/example_nested_branch_dag.py
[2023-02-24 10:51:26,777] {logging_mixin.py:115} INFO - [2023-02-24 10:51:26,777] {dag.py:2379} INFO - Sync 1 DAGs
[2023-02-24 10:51:26,786] {logging_mixin.py:115} INFO - [2023-02-24 10:51:26,786] {dag.py:2927} INFO - Setting next_dagrun for example_nested_branch_dag to 2023-02-23T00:00:00+00:00, run_after=2023-02-24T00:00:00+00:00
[2023-02-24 10:51:26,792] {processor.py:161} INFO - Processing /home/alura/Documents/Medalhas/venv/lib/python3.9/site-packages/airflow/example_dags/example_nested_branch_dag.py took 0.031 seconds
[2023-02-24 10:51:59,271] {processor.py:153} INFO - Started process (PID=8147) to work on /home/alura/Documents/Medalhas/venv/lib/python3.9/site-packages/airflow/example_dags/example_nested_branch_dag.py
[2023-02-24 10:51:59,272] {processor.py:641} INFO - Processing file /home/alura/Documents/Medalhas/venv/lib/python3.9/site-packages/airflow/example_dags/example_nested_branch_dag.py for tasks to queue
[2023-02-24 10:51:59,272] {logging_mixin.py:115} INFO - [2023-02-24 10:51:59,272] {dagbag.py:507} INFO - Filling up the DagBag from /home/alura/Documents/Medalhas/venv/lib/python3.9/site-packages/airflow/example_dags/example_nested_branch_dag.py
[2023-02-24 10:51:59,277] {processor.py:651} INFO - DAG(s) dict_keys(['example_nested_branch_dag']) retrieved from /home/alura/Documents/Medalhas/venv/lib/python3.9/site-packages/airflow/example_dags/example_nested_branch_dag.py
[2023-02-24 10:51:59,287] {logging_mixin.py:115} INFO - [2023-02-24 10:51:59,286] {dag.py:2379} INFO - Sync 1 DAGs
[2023-02-24 10:51:59,296] {logging_mixin.py:115} INFO - [2023-02-24 10:51:59,296] {dag.py:2927} INFO - Setting next_dagrun for example_nested_branch_dag to 2023-02-23T00:00:00+00:00, run_after=2023-02-24T00:00:00+00:00
[2023-02-24 10:51:59,304] {processor.py:161} INFO - Processing /home/alura/Documents/Medalhas/venv/lib/python3.9/site-packages/airflow/example_dags/example_nested_branch_dag.py took 0.034 seconds
[2023-02-24 10:52:32,953] {processor.py:153} INFO - Started process (PID=8318) to work on /home/alura/Documents/Medalhas/venv/lib/python3.9/site-packages/airflow/example_dags/example_nested_branch_dag.py
[2023-02-24 10:52:32,954] {processor.py:641} INFO - Processing file /home/alura/Documents/Medalhas/venv/lib/python3.9/site-packages/airflow/example_dags/example_nested_branch_dag.py for tasks to queue
[2023-02-24 10:52:32,954] {logging_mixin.py:115} INFO - [2023-02-24 10:52:32,954] {dagbag.py:507} INFO - Filling up the DagBag from /home/alura/Documents/Medalhas/venv/lib/python3.9/site-packages/airflow/example_dags/example_nested_branch_dag.py
[2023-02-24 10:52:32,959] {processor.py:651} INFO - DAG(s) dict_keys(['example_nested_branch_dag']) retrieved from /home/alura/Documents/Medalhas/venv/lib/python3.9/site-packages/airflow/example_dags/example_nested_branch_dag.py
[2023-02-24 10:52:32,967] {logging_mixin.py:115} INFO - [2023-02-24 10:52:32,967] {dag.py:2379} INFO - Sync 1 DAGs
[2023-02-24 10:52:32,978] {logging_mixin.py:115} INFO - [2023-02-24 10:52:32,977] {dag.py:2927} INFO - Setting next_dagrun for example_nested_branch_dag to 2023-02-23T00:00:00+00:00, run_after=2023-02-24T00:00:00+00:00
[2023-02-24 10:52:32,985] {processor.py:161} INFO - Processing /home/alura/Documents/Medalhas/venv/lib/python3.9/site-packages/airflow/example_dags/example_nested_branch_dag.py took 0.033 seconds
[2023-02-24 10:53:06,416] {processor.py:153} INFO - Started process (PID=8488) to work on /home/alura/Documents/Medalhas/venv/lib/python3.9/site-packages/airflow/example_dags/example_nested_branch_dag.py
[2023-02-24 10:53:06,416] {processor.py:641} INFO - Processing file /home/alura/Documents/Medalhas/venv/lib/python3.9/site-packages/airflow/example_dags/example_nested_branch_dag.py for tasks to queue
[2023-02-24 10:53:06,417] {logging_mixin.py:115} INFO - [2023-02-24 10:53:06,416] {dagbag.py:507} INFO - Filling up the DagBag from /home/alura/Documents/Medalhas/venv/lib/python3.9/site-packages/airflow/example_dags/example_nested_branch_dag.py
[2023-02-24 10:53:06,422] {processor.py:651} INFO - DAG(s) dict_keys(['example_nested_branch_dag']) retrieved from /home/alura/Documents/Medalhas/venv/lib/python3.9/site-packages/airflow/example_dags/example_nested_branch_dag.py
[2023-02-24 10:53:06,430] {logging_mixin.py:115} INFO - [2023-02-24 10:53:06,430] {dag.py:2379} INFO - Sync 1 DAGs
[2023-02-24 10:53:06,439] {logging_mixin.py:115} INFO - [2023-02-24 10:53:06,439] {dag.py:2927} INFO - Setting next_dagrun for example_nested_branch_dag to 2023-02-23T00:00:00+00:00, run_after=2023-02-24T00:00:00+00:00
[2023-02-24 10:53:06,446] {processor.py:161} INFO - Processing /home/alura/Documents/Medalhas/venv/lib/python3.9/site-packages/airflow/example_dags/example_nested_branch_dag.py took 0.032 seconds
[2023-02-24 10:53:39,591] {processor.py:153} INFO - Started process (PID=8655) to work on /home/alura/Documents/Medalhas/venv/lib/python3.9/site-packages/airflow/example_dags/example_nested_branch_dag.py
[2023-02-24 10:53:39,592] {processor.py:641} INFO - Processing file /home/alura/Documents/Medalhas/venv/lib/python3.9/site-packages/airflow/example_dags/example_nested_branch_dag.py for tasks to queue
[2023-02-24 10:53:39,592] {logging_mixin.py:115} INFO - [2023-02-24 10:53:39,592] {dagbag.py:507} INFO - Filling up the DagBag from /home/alura/Documents/Medalhas/venv/lib/python3.9/site-packages/airflow/example_dags/example_nested_branch_dag.py
[2023-02-24 10:53:39,597] {processor.py:651} INFO - DAG(s) dict_keys(['example_nested_branch_dag']) retrieved from /home/alura/Documents/Medalhas/venv/lib/python3.9/site-packages/airflow/example_dags/example_nested_branch_dag.py
[2023-02-24 10:53:39,605] {logging_mixin.py:115} INFO - [2023-02-24 10:53:39,605] {dag.py:2379} INFO - Sync 1 DAGs
[2023-02-24 10:53:39,615] {logging_mixin.py:115} INFO - [2023-02-24 10:53:39,615] {dag.py:2927} INFO - Setting next_dagrun for example_nested_branch_dag to 2023-02-23T00:00:00+00:00, run_after=2023-02-24T00:00:00+00:00
[2023-02-24 10:53:39,625] {processor.py:161} INFO - Processing /home/alura/Documents/Medalhas/venv/lib/python3.9/site-packages/airflow/example_dags/example_nested_branch_dag.py took 0.035 seconds
[2023-02-24 10:54:14,373] {processor.py:153} INFO - Started process (PID=8914) to work on /home/alura/Documents/Medalhas/venv/lib/python3.9/site-packages/airflow/example_dags/example_nested_branch_dag.py
[2023-02-24 10:54:14,373] {processor.py:641} INFO - Processing file /home/alura/Documents/Medalhas/venv/lib/python3.9/site-packages/airflow/example_dags/example_nested_branch_dag.py for tasks to queue
[2023-02-24 10:54:14,374] {logging_mixin.py:115} INFO - [2023-02-24 10:54:14,374] {dagbag.py:507} INFO - Filling up the DagBag from /home/alura/Documents/Medalhas/venv/lib/python3.9/site-packages/airflow/example_dags/example_nested_branch_dag.py
[2023-02-24 10:54:14,379] {processor.py:651} INFO - DAG(s) dict_keys(['example_nested_branch_dag']) retrieved from /home/alura/Documents/Medalhas/venv/lib/python3.9/site-packages/airflow/example_dags/example_nested_branch_dag.py
[2023-02-24 10:54:14,387] {logging_mixin.py:115} INFO - [2023-02-24 10:54:14,387] {dag.py:2379} INFO - Sync 1 DAGs
[2023-02-24 10:54:14,397] {logging_mixin.py:115} INFO - [2023-02-24 10:54:14,397] {dag.py:2927} INFO - Setting next_dagrun for example_nested_branch_dag to 2023-02-23T00:00:00+00:00, run_after=2023-02-24T00:00:00+00:00
[2023-02-24 10:54:14,404] {processor.py:161} INFO - Processing /home/alura/Documents/Medalhas/venv/lib/python3.9/site-packages/airflow/example_dags/example_nested_branch_dag.py took 0.032 seconds
[2023-02-24 10:54:50,113] {processor.py:153} INFO - Started process (PID=9094) to work on /home/alura/Documents/Medalhas/venv/lib/python3.9/site-packages/airflow/example_dags/example_nested_branch_dag.py
[2023-02-24 10:54:50,114] {processor.py:641} INFO - Processing file /home/alura/Documents/Medalhas/venv/lib/python3.9/site-packages/airflow/example_dags/example_nested_branch_dag.py for tasks to queue
[2023-02-24 10:54:50,114] {logging_mixin.py:115} INFO - [2023-02-24 10:54:50,114] {dagbag.py:507} INFO - Filling up the DagBag from /home/alura/Documents/Medalhas/venv/lib/python3.9/site-packages/airflow/example_dags/example_nested_branch_dag.py
[2023-02-24 10:54:50,119] {processor.py:651} INFO - DAG(s) dict_keys(['example_nested_branch_dag']) retrieved from /home/alura/Documents/Medalhas/venv/lib/python3.9/site-packages/airflow/example_dags/example_nested_branch_dag.py
[2023-02-24 10:54:50,127] {logging_mixin.py:115} INFO - [2023-02-24 10:54:50,127] {dag.py:2379} INFO - Sync 1 DAGs
[2023-02-24 10:54:50,136] {logging_mixin.py:115} INFO - [2023-02-24 10:54:50,136] {dag.py:2927} INFO - Setting next_dagrun for example_nested_branch_dag to 2023-02-23T00:00:00+00:00, run_after=2023-02-24T00:00:00+00:00
[2023-02-24 10:54:50,143] {processor.py:161} INFO - Processing /home/alura/Documents/Medalhas/venv/lib/python3.9/site-packages/airflow/example_dags/example_nested_branch_dag.py took 0.031 seconds
[2023-02-24 10:55:24,788] {processor.py:153} INFO - Started process (PID=9277) to work on /home/alura/Documents/Medalhas/venv/lib/python3.9/site-packages/airflow/example_dags/example_nested_branch_dag.py
[2023-02-24 10:55:24,788] {processor.py:641} INFO - Processing file /home/alura/Documents/Medalhas/venv/lib/python3.9/site-packages/airflow/example_dags/example_nested_branch_dag.py for tasks to queue
[2023-02-24 10:55:24,789] {logging_mixin.py:115} INFO - [2023-02-24 10:55:24,789] {dagbag.py:507} INFO - Filling up the DagBag from /home/alura/Documents/Medalhas/venv/lib/python3.9/site-packages/airflow/example_dags/example_nested_branch_dag.py
[2023-02-24 10:55:24,793] {processor.py:651} INFO - DAG(s) dict_keys(['example_nested_branch_dag']) retrieved from /home/alura/Documents/Medalhas/venv/lib/python3.9/site-packages/airflow/example_dags/example_nested_branch_dag.py
[2023-02-24 10:55:24,802] {logging_mixin.py:115} INFO - [2023-02-24 10:55:24,802] {dag.py:2379} INFO - Sync 1 DAGs
[2023-02-24 10:55:24,812] {logging_mixin.py:115} INFO - [2023-02-24 10:55:24,812] {dag.py:2927} INFO - Setting next_dagrun for example_nested_branch_dag to 2023-02-23T00:00:00+00:00, run_after=2023-02-24T00:00:00+00:00
[2023-02-24 10:55:24,822] {processor.py:161} INFO - Processing /home/alura/Documents/Medalhas/venv/lib/python3.9/site-packages/airflow/example_dags/example_nested_branch_dag.py took 0.036 seconds
[2023-02-24 10:56:00,921] {processor.py:153} INFO - Started process (PID=9463) to work on /home/alura/Documents/Medalhas/venv/lib/python3.9/site-packages/airflow/example_dags/example_nested_branch_dag.py
[2023-02-24 10:56:00,922] {processor.py:641} INFO - Processing file /home/alura/Documents/Medalhas/venv/lib/python3.9/site-packages/airflow/example_dags/example_nested_branch_dag.py for tasks to queue
[2023-02-24 10:56:00,922] {logging_mixin.py:115} INFO - [2023-02-24 10:56:00,922] {dagbag.py:507} INFO - Filling up the DagBag from /home/alura/Documents/Medalhas/venv/lib/python3.9/site-packages/airflow/example_dags/example_nested_branch_dag.py
[2023-02-24 10:56:00,927] {processor.py:651} INFO - DAG(s) dict_keys(['example_nested_branch_dag']) retrieved from /home/alura/Documents/Medalhas/venv/lib/python3.9/site-packages/airflow/example_dags/example_nested_branch_dag.py
[2023-02-24 10:56:00,935] {logging_mixin.py:115} INFO - [2023-02-24 10:56:00,935] {dag.py:2379} INFO - Sync 1 DAGs
[2023-02-24 10:56:00,944] {logging_mixin.py:115} INFO - [2023-02-24 10:56:00,944] {dag.py:2927} INFO - Setting next_dagrun for example_nested_branch_dag to 2023-02-23T00:00:00+00:00, run_after=2023-02-24T00:00:00+00:00
[2023-02-24 10:56:00,950] {processor.py:161} INFO - Processing /home/alura/Documents/Medalhas/venv/lib/python3.9/site-packages/airflow/example_dags/example_nested_branch_dag.py took 0.031 seconds
[2023-02-24 10:56:32,827] {processor.py:153} INFO - Started process (PID=9629) to work on /home/alura/Documents/Medalhas/venv/lib/python3.9/site-packages/airflow/example_dags/example_nested_branch_dag.py
[2023-02-24 10:56:32,828] {processor.py:641} INFO - Processing file /home/alura/Documents/Medalhas/venv/lib/python3.9/site-packages/airflow/example_dags/example_nested_branch_dag.py for tasks to queue
[2023-02-24 10:56:32,828] {logging_mixin.py:115} INFO - [2023-02-24 10:56:32,828] {dagbag.py:507} INFO - Filling up the DagBag from /home/alura/Documents/Medalhas/venv/lib/python3.9/site-packages/airflow/example_dags/example_nested_branch_dag.py
[2023-02-24 10:56:32,833] {processor.py:651} INFO - DAG(s) dict_keys(['example_nested_branch_dag']) retrieved from /home/alura/Documents/Medalhas/venv/lib/python3.9/site-packages/airflow/example_dags/example_nested_branch_dag.py
[2023-02-24 10:56:32,841] {logging_mixin.py:115} INFO - [2023-02-24 10:56:32,841] {dag.py:2379} INFO - Sync 1 DAGs
[2023-02-24 10:56:32,851] {logging_mixin.py:115} INFO - [2023-02-24 10:56:32,851] {dag.py:2927} INFO - Setting next_dagrun for example_nested_branch_dag to 2023-02-23T00:00:00+00:00, run_after=2023-02-24T00:00:00+00:00
[2023-02-24 10:56:32,858] {processor.py:161} INFO - Processing /home/alura/Documents/Medalhas/venv/lib/python3.9/site-packages/airflow/example_dags/example_nested_branch_dag.py took 0.032 seconds
[2023-02-24 10:57:07,162] {processor.py:153} INFO - Started process (PID=9805) to work on /home/alura/Documents/Medalhas/venv/lib/python3.9/site-packages/airflow/example_dags/example_nested_branch_dag.py
[2023-02-24 10:57:07,163] {processor.py:641} INFO - Processing file /home/alura/Documents/Medalhas/venv/lib/python3.9/site-packages/airflow/example_dags/example_nested_branch_dag.py for tasks to queue
[2023-02-24 10:57:07,163] {logging_mixin.py:115} INFO - [2023-02-24 10:57:07,163] {dagbag.py:507} INFO - Filling up the DagBag from /home/alura/Documents/Medalhas/venv/lib/python3.9/site-packages/airflow/example_dags/example_nested_branch_dag.py
[2023-02-24 10:57:07,168] {processor.py:651} INFO - DAG(s) dict_keys(['example_nested_branch_dag']) retrieved from /home/alura/Documents/Medalhas/venv/lib/python3.9/site-packages/airflow/example_dags/example_nested_branch_dag.py
[2023-02-24 10:57:07,176] {logging_mixin.py:115} INFO - [2023-02-24 10:57:07,176] {dag.py:2379} INFO - Sync 1 DAGs
[2023-02-24 10:57:07,186] {logging_mixin.py:115} INFO - [2023-02-24 10:57:07,186] {dag.py:2927} INFO - Setting next_dagrun for example_nested_branch_dag to 2023-02-23T00:00:00+00:00, run_after=2023-02-24T00:00:00+00:00
[2023-02-24 10:57:07,192] {processor.py:161} INFO - Processing /home/alura/Documents/Medalhas/venv/lib/python3.9/site-packages/airflow/example_dags/example_nested_branch_dag.py took 0.032 seconds
[2023-02-24 10:57:42,097] {processor.py:153} INFO - Started process (PID=9989) to work on /home/alura/Documents/Medalhas/venv/lib/python3.9/site-packages/airflow/example_dags/example_nested_branch_dag.py
[2023-02-24 10:57:42,098] {processor.py:641} INFO - Processing file /home/alura/Documents/Medalhas/venv/lib/python3.9/site-packages/airflow/example_dags/example_nested_branch_dag.py for tasks to queue
[2023-02-24 10:57:42,098] {logging_mixin.py:115} INFO - [2023-02-24 10:57:42,098] {dagbag.py:507} INFO - Filling up the DagBag from /home/alura/Documents/Medalhas/venv/lib/python3.9/site-packages/airflow/example_dags/example_nested_branch_dag.py
[2023-02-24 10:57:42,103] {processor.py:651} INFO - DAG(s) dict_keys(['example_nested_branch_dag']) retrieved from /home/alura/Documents/Medalhas/venv/lib/python3.9/site-packages/airflow/example_dags/example_nested_branch_dag.py
[2023-02-24 10:57:42,111] {logging_mixin.py:115} INFO - [2023-02-24 10:57:42,111] {dag.py:2379} INFO - Sync 1 DAGs
[2023-02-24 10:57:42,120] {logging_mixin.py:115} INFO - [2023-02-24 10:57:42,120] {dag.py:2927} INFO - Setting next_dagrun for example_nested_branch_dag to 2023-02-23T00:00:00+00:00, run_after=2023-02-24T00:00:00+00:00
[2023-02-24 10:57:42,127] {processor.py:161} INFO - Processing /home/alura/Documents/Medalhas/venv/lib/python3.9/site-packages/airflow/example_dags/example_nested_branch_dag.py took 0.031 seconds
[2023-02-24 10:58:14,693] {processor.py:153} INFO - Started process (PID=10159) to work on /home/alura/Documents/Medalhas/venv/lib/python3.9/site-packages/airflow/example_dags/example_nested_branch_dag.py
[2023-02-24 10:58:14,693] {processor.py:641} INFO - Processing file /home/alura/Documents/Medalhas/venv/lib/python3.9/site-packages/airflow/example_dags/example_nested_branch_dag.py for tasks to queue
[2023-02-24 10:58:14,693] {logging_mixin.py:115} INFO - [2023-02-24 10:58:14,693] {dagbag.py:507} INFO - Filling up the DagBag from /home/alura/Documents/Medalhas/venv/lib/python3.9/site-packages/airflow/example_dags/example_nested_branch_dag.py
[2023-02-24 10:58:14,699] {processor.py:651} INFO - DAG(s) dict_keys(['example_nested_branch_dag']) retrieved from /home/alura/Documents/Medalhas/venv/lib/python3.9/site-packages/airflow/example_dags/example_nested_branch_dag.py
[2023-02-24 10:58:14,707] {logging_mixin.py:115} INFO - [2023-02-24 10:58:14,707] {dag.py:2379} INFO - Sync 1 DAGs
[2023-02-24 10:58:14,717] {logging_mixin.py:115} INFO - [2023-02-24 10:58:14,717] {dag.py:2927} INFO - Setting next_dagrun for example_nested_branch_dag to 2023-02-23T00:00:00+00:00, run_after=2023-02-24T00:00:00+00:00
[2023-02-24 10:58:14,724] {processor.py:161} INFO - Processing /home/alura/Documents/Medalhas/venv/lib/python3.9/site-packages/airflow/example_dags/example_nested_branch_dag.py took 0.032 seconds
[2023-02-24 10:58:50,697] {processor.py:153} INFO - Started process (PID=10340) to work on /home/alura/Documents/Medalhas/venv/lib/python3.9/site-packages/airflow/example_dags/example_nested_branch_dag.py
[2023-02-24 10:58:50,697] {processor.py:641} INFO - Processing file /home/alura/Documents/Medalhas/venv/lib/python3.9/site-packages/airflow/example_dags/example_nested_branch_dag.py for tasks to queue
[2023-02-24 10:58:50,697] {logging_mixin.py:115} INFO - [2023-02-24 10:58:50,697] {dagbag.py:507} INFO - Filling up the DagBag from /home/alura/Documents/Medalhas/venv/lib/python3.9/site-packages/airflow/example_dags/example_nested_branch_dag.py
[2023-02-24 10:58:50,702] {processor.py:651} INFO - DAG(s) dict_keys(['example_nested_branch_dag']) retrieved from /home/alura/Documents/Medalhas/venv/lib/python3.9/site-packages/airflow/example_dags/example_nested_branch_dag.py
[2023-02-24 10:58:50,710] {logging_mixin.py:115} INFO - [2023-02-24 10:58:50,710] {dag.py:2379} INFO - Sync 1 DAGs
[2023-02-24 10:58:50,719] {logging_mixin.py:115} INFO - [2023-02-24 10:58:50,719] {dag.py:2927} INFO - Setting next_dagrun for example_nested_branch_dag to 2023-02-23T00:00:00+00:00, run_after=2023-02-24T00:00:00+00:00
[2023-02-24 10:58:50,725] {processor.py:161} INFO - Processing /home/alura/Documents/Medalhas/venv/lib/python3.9/site-packages/airflow/example_dags/example_nested_branch_dag.py took 0.030 seconds
[2023-02-24 10:59:23,244] {processor.py:153} INFO - Started process (PID=10514) to work on /home/alura/Documents/Medalhas/venv/lib/python3.9/site-packages/airflow/example_dags/example_nested_branch_dag.py
[2023-02-24 10:59:23,244] {processor.py:641} INFO - Processing file /home/alura/Documents/Medalhas/venv/lib/python3.9/site-packages/airflow/example_dags/example_nested_branch_dag.py for tasks to queue
[2023-02-24 10:59:23,245] {logging_mixin.py:115} INFO - [2023-02-24 10:59:23,245] {dagbag.py:507} INFO - Filling up the DagBag from /home/alura/Documents/Medalhas/venv/lib/python3.9/site-packages/airflow/example_dags/example_nested_branch_dag.py
[2023-02-24 10:59:23,250] {processor.py:651} INFO - DAG(s) dict_keys(['example_nested_branch_dag']) retrieved from /home/alura/Documents/Medalhas/venv/lib/python3.9/site-packages/airflow/example_dags/example_nested_branch_dag.py
[2023-02-24 10:59:23,259] {logging_mixin.py:115} INFO - [2023-02-24 10:59:23,259] {dag.py:2379} INFO - Sync 1 DAGs
[2023-02-24 10:59:23,268] {logging_mixin.py:115} INFO - [2023-02-24 10:59:23,268] {dag.py:2927} INFO - Setting next_dagrun for example_nested_branch_dag to 2023-02-23T00:00:00+00:00, run_after=2023-02-24T00:00:00+00:00
[2023-02-24 10:59:23,275] {processor.py:161} INFO - Processing /home/alura/Documents/Medalhas/venv/lib/python3.9/site-packages/airflow/example_dags/example_nested_branch_dag.py took 0.033 seconds
[2023-02-24 10:59:55,703] {processor.py:153} INFO - Started process (PID=10684) to work on /home/alura/Documents/Medalhas/venv/lib/python3.9/site-packages/airflow/example_dags/example_nested_branch_dag.py
[2023-02-24 10:59:55,704] {processor.py:641} INFO - Processing file /home/alura/Documents/Medalhas/venv/lib/python3.9/site-packages/airflow/example_dags/example_nested_branch_dag.py for tasks to queue
[2023-02-24 10:59:55,704] {logging_mixin.py:115} INFO - [2023-02-24 10:59:55,704] {dagbag.py:507} INFO - Filling up the DagBag from /home/alura/Documents/Medalhas/venv/lib/python3.9/site-packages/airflow/example_dags/example_nested_branch_dag.py
[2023-02-24 10:59:55,709] {processor.py:651} INFO - DAG(s) dict_keys(['example_nested_branch_dag']) retrieved from /home/alura/Documents/Medalhas/venv/lib/python3.9/site-packages/airflow/example_dags/example_nested_branch_dag.py
[2023-02-24 10:59:55,717] {logging_mixin.py:115} INFO - [2023-02-24 10:59:55,717] {dag.py:2379} INFO - Sync 1 DAGs
[2023-02-24 10:59:55,726] {logging_mixin.py:115} INFO - [2023-02-24 10:59:55,726] {dag.py:2927} INFO - Setting next_dagrun for example_nested_branch_dag to 2023-02-23T00:00:00+00:00, run_after=2023-02-24T00:00:00+00:00
[2023-02-24 10:59:55,733] {processor.py:161} INFO - Processing /home/alura/Documents/Medalhas/venv/lib/python3.9/site-packages/airflow/example_dags/example_nested_branch_dag.py took 0.031 seconds
[2023-02-24 11:00:29,867] {processor.py:153} INFO - Started process (PID=10861) to work on /home/alura/Documents/Medalhas/venv/lib/python3.9/site-packages/airflow/example_dags/example_nested_branch_dag.py
[2023-02-24 11:00:29,868] {processor.py:641} INFO - Processing file /home/alura/Documents/Medalhas/venv/lib/python3.9/site-packages/airflow/example_dags/example_nested_branch_dag.py for tasks to queue
[2023-02-24 11:00:29,868] {logging_mixin.py:115} INFO - [2023-02-24 11:00:29,868] {dagbag.py:507} INFO - Filling up the DagBag from /home/alura/Documents/Medalhas/venv/lib/python3.9/site-packages/airflow/example_dags/example_nested_branch_dag.py
[2023-02-24 11:00:29,873] {processor.py:651} INFO - DAG(s) dict_keys(['example_nested_branch_dag']) retrieved from /home/alura/Documents/Medalhas/venv/lib/python3.9/site-packages/airflow/example_dags/example_nested_branch_dag.py
[2023-02-24 11:00:29,881] {logging_mixin.py:115} INFO - [2023-02-24 11:00:29,881] {dag.py:2379} INFO - Sync 1 DAGs
[2023-02-24 11:00:29,890] {logging_mixin.py:115} INFO - [2023-02-24 11:00:29,890] {dag.py:2927} INFO - Setting next_dagrun for example_nested_branch_dag to 2023-02-23T00:00:00+00:00, run_after=2023-02-24T00:00:00+00:00
[2023-02-24 11:00:29,898] {processor.py:161} INFO - Processing /home/alura/Documents/Medalhas/venv/lib/python3.9/site-packages/airflow/example_dags/example_nested_branch_dag.py took 0.032 seconds
[2023-02-24 11:01:07,885] {processor.py:153} INFO - Started process (PID=11073) to work on /home/alura/Documents/Medalhas/venv/lib/python3.9/site-packages/airflow/example_dags/example_nested_branch_dag.py
[2023-02-24 11:01:07,886] {processor.py:641} INFO - Processing file /home/alura/Documents/Medalhas/venv/lib/python3.9/site-packages/airflow/example_dags/example_nested_branch_dag.py for tasks to queue
[2023-02-24 11:01:07,886] {logging_mixin.py:115} INFO - [2023-02-24 11:01:07,886] {dagbag.py:507} INFO - Filling up the DagBag from /home/alura/Documents/Medalhas/venv/lib/python3.9/site-packages/airflow/example_dags/example_nested_branch_dag.py
[2023-02-24 11:01:07,891] {processor.py:651} INFO - DAG(s) dict_keys(['example_nested_branch_dag']) retrieved from /home/alura/Documents/Medalhas/venv/lib/python3.9/site-packages/airflow/example_dags/example_nested_branch_dag.py
[2023-02-24 11:01:07,899] {logging_mixin.py:115} INFO - [2023-02-24 11:01:07,899] {dag.py:2379} INFO - Sync 1 DAGs
[2023-02-24 11:01:07,908] {logging_mixin.py:115} INFO - [2023-02-24 11:01:07,908] {dag.py:2927} INFO - Setting next_dagrun for example_nested_branch_dag to 2023-02-23T00:00:00+00:00, run_after=2023-02-24T00:00:00+00:00
[2023-02-24 11:01:07,915] {processor.py:161} INFO - Processing /home/alura/Documents/Medalhas/venv/lib/python3.9/site-packages/airflow/example_dags/example_nested_branch_dag.py took 0.032 seconds
[2023-02-24 11:01:39,809] {processor.py:153} INFO - Started process (PID=11240) to work on /home/alura/Documents/Medalhas/venv/lib/python3.9/site-packages/airflow/example_dags/example_nested_branch_dag.py
[2023-02-24 11:01:39,809] {processor.py:641} INFO - Processing file /home/alura/Documents/Medalhas/venv/lib/python3.9/site-packages/airflow/example_dags/example_nested_branch_dag.py for tasks to queue
[2023-02-24 11:01:39,809] {logging_mixin.py:115} INFO - [2023-02-24 11:01:39,809] {dagbag.py:507} INFO - Filling up the DagBag from /home/alura/Documents/Medalhas/venv/lib/python3.9/site-packages/airflow/example_dags/example_nested_branch_dag.py
[2023-02-24 11:01:39,814] {processor.py:651} INFO - DAG(s) dict_keys(['example_nested_branch_dag']) retrieved from /home/alura/Documents/Medalhas/venv/lib/python3.9/site-packages/airflow/example_dags/example_nested_branch_dag.py
[2023-02-24 11:01:39,823] {logging_mixin.py:115} INFO - [2023-02-24 11:01:39,823] {dag.py:2379} INFO - Sync 1 DAGs
[2023-02-24 11:01:39,833] {logging_mixin.py:115} INFO - [2023-02-24 11:01:39,833] {dag.py:2927} INFO - Setting next_dagrun for example_nested_branch_dag to 2023-02-23T00:00:00+00:00, run_after=2023-02-24T00:00:00+00:00
[2023-02-24 11:01:39,840] {processor.py:161} INFO - Processing /home/alura/Documents/Medalhas/venv/lib/python3.9/site-packages/airflow/example_dags/example_nested_branch_dag.py took 0.033 seconds
[2023-02-24 11:02:14,054] {processor.py:153} INFO - Started process (PID=11422) to work on /home/alura/Documents/Medalhas/venv/lib/python3.9/site-packages/airflow/example_dags/example_nested_branch_dag.py
[2023-02-24 11:02:14,055] {processor.py:641} INFO - Processing file /home/alura/Documents/Medalhas/venv/lib/python3.9/site-packages/airflow/example_dags/example_nested_branch_dag.py for tasks to queue
[2023-02-24 11:02:14,055] {logging_mixin.py:115} INFO - [2023-02-24 11:02:14,055] {dagbag.py:507} INFO - Filling up the DagBag from /home/alura/Documents/Medalhas/venv/lib/python3.9/site-packages/airflow/example_dags/example_nested_branch_dag.py
[2023-02-24 11:02:14,060] {processor.py:651} INFO - DAG(s) dict_keys(['example_nested_branch_dag']) retrieved from /home/alura/Documents/Medalhas/venv/lib/python3.9/site-packages/airflow/example_dags/example_nested_branch_dag.py
[2023-02-24 11:02:14,069] {logging_mixin.py:115} INFO - [2023-02-24 11:02:14,069] {dag.py:2379} INFO - Sync 1 DAGs
[2023-02-24 11:02:14,078] {logging_mixin.py:115} INFO - [2023-02-24 11:02:14,078] {dag.py:2927} INFO - Setting next_dagrun for example_nested_branch_dag to 2023-02-23T00:00:00+00:00, run_after=2023-02-24T00:00:00+00:00
[2023-02-24 11:02:14,085] {processor.py:161} INFO - Processing /home/alura/Documents/Medalhas/venv/lib/python3.9/site-packages/airflow/example_dags/example_nested_branch_dag.py took 0.032 seconds
[2023-02-24 11:02:47,038] {processor.py:153} INFO - Started process (PID=11594) to work on /home/alura/Documents/Medalhas/venv/lib/python3.9/site-packages/airflow/example_dags/example_nested_branch_dag.py
[2023-02-24 11:02:47,038] {processor.py:641} INFO - Processing file /home/alura/Documents/Medalhas/venv/lib/python3.9/site-packages/airflow/example_dags/example_nested_branch_dag.py for tasks to queue
[2023-02-24 11:02:47,039] {logging_mixin.py:115} INFO - [2023-02-24 11:02:47,039] {dagbag.py:507} INFO - Filling up the DagBag from /home/alura/Documents/Medalhas/venv/lib/python3.9/site-packages/airflow/example_dags/example_nested_branch_dag.py
[2023-02-24 11:02:47,044] {processor.py:651} INFO - DAG(s) dict_keys(['example_nested_branch_dag']) retrieved from /home/alura/Documents/Medalhas/venv/lib/python3.9/site-packages/airflow/example_dags/example_nested_branch_dag.py
[2023-02-24 11:02:47,052] {logging_mixin.py:115} INFO - [2023-02-24 11:02:47,052] {dag.py:2379} INFO - Sync 1 DAGs
[2023-02-24 11:02:47,061] {logging_mixin.py:115} INFO - [2023-02-24 11:02:47,061] {dag.py:2927} INFO - Setting next_dagrun for example_nested_branch_dag to 2023-02-23T00:00:00+00:00, run_after=2023-02-24T00:00:00+00:00
[2023-02-24 11:02:47,067] {processor.py:161} INFO - Processing /home/alura/Documents/Medalhas/venv/lib/python3.9/site-packages/airflow/example_dags/example_nested_branch_dag.py took 0.031 seconds
[2023-02-24 11:03:21,206] {processor.py:153} INFO - Started process (PID=11769) to work on /home/alura/Documents/Medalhas/venv/lib/python3.9/site-packages/airflow/example_dags/example_nested_branch_dag.py
[2023-02-24 11:03:21,206] {processor.py:641} INFO - Processing file /home/alura/Documents/Medalhas/venv/lib/python3.9/site-packages/airflow/example_dags/example_nested_branch_dag.py for tasks to queue
[2023-02-24 11:03:21,207] {logging_mixin.py:115} INFO - [2023-02-24 11:03:21,207] {dagbag.py:507} INFO - Filling up the DagBag from /home/alura/Documents/Medalhas/venv/lib/python3.9/site-packages/airflow/example_dags/example_nested_branch_dag.py
[2023-02-24 11:03:21,212] {processor.py:651} INFO - DAG(s) dict_keys(['example_nested_branch_dag']) retrieved from /home/alura/Documents/Medalhas/venv/lib/python3.9/site-packages/airflow/example_dags/example_nested_branch_dag.py
[2023-02-24 11:03:21,220] {logging_mixin.py:115} INFO - [2023-02-24 11:03:21,220] {dag.py:2379} INFO - Sync 1 DAGs
[2023-02-24 11:03:21,229] {logging_mixin.py:115} INFO - [2023-02-24 11:03:21,229] {dag.py:2927} INFO - Setting next_dagrun for example_nested_branch_dag to 2023-02-23T00:00:00+00:00, run_after=2023-02-24T00:00:00+00:00
[2023-02-24 11:03:21,236] {processor.py:161} INFO - Processing /home/alura/Documents/Medalhas/venv/lib/python3.9/site-packages/airflow/example_dags/example_nested_branch_dag.py took 0.031 seconds
[2023-02-24 11:03:55,187] {processor.py:153} INFO - Started process (PID=12024) to work on /home/alura/Documents/Medalhas/venv/lib/python3.9/site-packages/airflow/example_dags/example_nested_branch_dag.py
[2023-02-24 11:03:55,188] {processor.py:641} INFO - Processing file /home/alura/Documents/Medalhas/venv/lib/python3.9/site-packages/airflow/example_dags/example_nested_branch_dag.py for tasks to queue
[2023-02-24 11:03:55,188] {logging_mixin.py:115} INFO - [2023-02-24 11:03:55,188] {dagbag.py:507} INFO - Filling up the DagBag from /home/alura/Documents/Medalhas/venv/lib/python3.9/site-packages/airflow/example_dags/example_nested_branch_dag.py
[2023-02-24 11:03:55,193] {processor.py:651} INFO - DAG(s) dict_keys(['example_nested_branch_dag']) retrieved from /home/alura/Documents/Medalhas/venv/lib/python3.9/site-packages/airflow/example_dags/example_nested_branch_dag.py
[2023-02-24 11:03:55,201] {logging_mixin.py:115} INFO - [2023-02-24 11:03:55,201] {dag.py:2379} INFO - Sync 1 DAGs
[2023-02-24 11:03:55,210] {logging_mixin.py:115} INFO - [2023-02-24 11:03:55,210] {dag.py:2927} INFO - Setting next_dagrun for example_nested_branch_dag to 2023-02-23T00:00:00+00:00, run_after=2023-02-24T00:00:00+00:00
[2023-02-24 11:03:55,217] {processor.py:161} INFO - Processing /home/alura/Documents/Medalhas/venv/lib/python3.9/site-packages/airflow/example_dags/example_nested_branch_dag.py took 0.031 seconds
[2023-02-24 11:04:31,912] {processor.py:153} INFO - Started process (PID=12238) to work on /home/alura/Documents/Medalhas/venv/lib/python3.9/site-packages/airflow/example_dags/example_nested_branch_dag.py
[2023-02-24 11:04:31,912] {processor.py:641} INFO - Processing file /home/alura/Documents/Medalhas/venv/lib/python3.9/site-packages/airflow/example_dags/example_nested_branch_dag.py for tasks to queue
[2023-02-24 11:04:31,913] {logging_mixin.py:115} INFO - [2023-02-24 11:04:31,913] {dagbag.py:507} INFO - Filling up the DagBag from /home/alura/Documents/Medalhas/venv/lib/python3.9/site-packages/airflow/example_dags/example_nested_branch_dag.py
[2023-02-24 11:04:31,918] {processor.py:651} INFO - DAG(s) dict_keys(['example_nested_branch_dag']) retrieved from /home/alura/Documents/Medalhas/venv/lib/python3.9/site-packages/airflow/example_dags/example_nested_branch_dag.py
[2023-02-24 11:04:31,926] {logging_mixin.py:115} INFO - [2023-02-24 11:04:31,926] {dag.py:2379} INFO - Sync 1 DAGs
[2023-02-24 11:04:31,937] {logging_mixin.py:115} INFO - [2023-02-24 11:04:31,937] {dag.py:2927} INFO - Setting next_dagrun for example_nested_branch_dag to 2023-02-23T00:00:00+00:00, run_after=2023-02-24T00:00:00+00:00
[2023-02-24 11:04:31,943] {processor.py:161} INFO - Processing /home/alura/Documents/Medalhas/venv/lib/python3.9/site-packages/airflow/example_dags/example_nested_branch_dag.py took 0.033 seconds
[2023-02-24 11:05:06,033] {processor.py:153} INFO - Started process (PID=12447) to work on /home/alura/Documents/Medalhas/venv/lib/python3.9/site-packages/airflow/example_dags/example_nested_branch_dag.py
[2023-02-24 11:05:06,033] {processor.py:641} INFO - Processing file /home/alura/Documents/Medalhas/venv/lib/python3.9/site-packages/airflow/example_dags/example_nested_branch_dag.py for tasks to queue
[2023-02-24 11:05:06,034] {logging_mixin.py:115} INFO - [2023-02-24 11:05:06,034] {dagbag.py:507} INFO - Filling up the DagBag from /home/alura/Documents/Medalhas/venv/lib/python3.9/site-packages/airflow/example_dags/example_nested_branch_dag.py
[2023-02-24 11:05:06,039] {processor.py:651} INFO - DAG(s) dict_keys(['example_nested_branch_dag']) retrieved from /home/alura/Documents/Medalhas/venv/lib/python3.9/site-packages/airflow/example_dags/example_nested_branch_dag.py
[2023-02-24 11:05:06,048] {logging_mixin.py:115} INFO - [2023-02-24 11:05:06,047] {dag.py:2379} INFO - Sync 1 DAGs
[2023-02-24 11:05:06,057] {logging_mixin.py:115} INFO - [2023-02-24 11:05:06,057] {dag.py:2927} INFO - Setting next_dagrun for example_nested_branch_dag to 2023-02-23T00:00:00+00:00, run_after=2023-02-24T00:00:00+00:00
[2023-02-24 11:05:06,064] {processor.py:161} INFO - Processing /home/alura/Documents/Medalhas/venv/lib/python3.9/site-packages/airflow/example_dags/example_nested_branch_dag.py took 0.033 seconds
