[2023-02-24 10:47:18,639] {processor.py:153} INFO - Started process (PID=5809) to work on /home/alura/Documents/Medalhas/venv/lib/python3.9/site-packages/airflow/example_dags/example_external_task_marker_dag.py
[2023-02-24 10:47:18,639] {processor.py:641} INFO - Processing file /home/alura/Documents/Medalhas/venv/lib/python3.9/site-packages/airflow/example_dags/example_external_task_marker_dag.py for tasks to queue
[2023-02-24 10:47:18,640] {logging_mixin.py:115} INFO - [2023-02-24 10:47:18,640] {dagbag.py:507} INFO - Filling up the DagBag from /home/alura/Documents/Medalhas/venv/lib/python3.9/site-packages/airflow/example_dags/example_external_task_marker_dag.py
[2023-02-24 10:47:18,642] {processor.py:651} INFO - DAG(s) dict_keys(['example_external_task_marker_parent', 'example_external_task_marker_child']) retrieved from /home/alura/Documents/Medalhas/venv/lib/python3.9/site-packages/airflow/example_dags/example_external_task_marker_dag.py
[2023-02-24 10:47:18,687] {logging_mixin.py:115} INFO - [2023-02-24 10:47:18,686] {manager.py:508} INFO - Created Permission View: can delete on DAG:example_external_task_marker_parent
[2023-02-24 10:47:18,692] {logging_mixin.py:115} INFO - [2023-02-24 10:47:18,692] {manager.py:508} INFO - Created Permission View: can edit on DAG:example_external_task_marker_parent
[2023-02-24 10:47:18,699] {logging_mixin.py:115} INFO - [2023-02-24 10:47:18,699] {manager.py:508} INFO - Created Permission View: can read on DAG:example_external_task_marker_parent
[2023-02-24 10:47:18,712] {logging_mixin.py:115} INFO - [2023-02-24 10:47:18,712] {manager.py:508} INFO - Created Permission View: can delete on DAG:example_external_task_marker_child
[2023-02-24 10:47:18,717] {logging_mixin.py:115} INFO - [2023-02-24 10:47:18,717] {manager.py:508} INFO - Created Permission View: can edit on DAG:example_external_task_marker_child
[2023-02-24 10:47:18,721] {logging_mixin.py:115} INFO - [2023-02-24 10:47:18,721] {manager.py:508} INFO - Created Permission View: can read on DAG:example_external_task_marker_child
[2023-02-24 10:47:18,721] {logging_mixin.py:115} INFO - [2023-02-24 10:47:18,721] {dag.py:2379} INFO - Sync 2 DAGs
[2023-02-24 10:47:18,725] {logging_mixin.py:115} INFO - [2023-02-24 10:47:18,725] {dag.py:2398} INFO - Creating ORM DAG for example_external_task_marker_parent
[2023-02-24 10:47:18,726] {logging_mixin.py:115} INFO - [2023-02-24 10:47:18,726] {dag.py:2398} INFO - Creating ORM DAG for example_external_task_marker_child
[2023-02-24 10:47:18,731] {logging_mixin.py:115} INFO - [2023-02-24 10:47:18,731] {dag.py:2927} INFO - Setting next_dagrun for example_external_task_marker_child to None, run_after=None
[2023-02-24 10:47:18,732] {logging_mixin.py:115} INFO - [2023-02-24 10:47:18,732] {dag.py:2927} INFO - Setting next_dagrun for example_external_task_marker_parent to None, run_after=None
[2023-02-24 10:47:18,740] {processor.py:161} INFO - Processing /home/alura/Documents/Medalhas/venv/lib/python3.9/site-packages/airflow/example_dags/example_external_task_marker_dag.py took 0.102 seconds
[2023-02-24 10:47:54,158] {processor.py:153} INFO - Started process (PID=6262) to work on /home/alura/Documents/Medalhas/venv/lib/python3.9/site-packages/airflow/example_dags/example_external_task_marker_dag.py
[2023-02-24 10:47:54,158] {processor.py:641} INFO - Processing file /home/alura/Documents/Medalhas/venv/lib/python3.9/site-packages/airflow/example_dags/example_external_task_marker_dag.py for tasks to queue
[2023-02-24 10:47:54,159] {logging_mixin.py:115} INFO - [2023-02-24 10:47:54,159] {dagbag.py:507} INFO - Filling up the DagBag from /home/alura/Documents/Medalhas/venv/lib/python3.9/site-packages/airflow/example_dags/example_external_task_marker_dag.py
[2023-02-24 10:47:54,161] {processor.py:651} INFO - DAG(s) dict_keys(['example_external_task_marker_parent', 'example_external_task_marker_child']) retrieved from /home/alura/Documents/Medalhas/venv/lib/python3.9/site-packages/airflow/example_dags/example_external_task_marker_dag.py
[2023-02-24 10:47:54,173] {logging_mixin.py:115} INFO - [2023-02-24 10:47:54,173] {dag.py:2379} INFO - Sync 2 DAGs
[2023-02-24 10:47:54,183] {logging_mixin.py:115} INFO - [2023-02-24 10:47:54,182] {dag.py:2927} INFO - Setting next_dagrun for example_external_task_marker_child to None, run_after=None
[2023-02-24 10:47:54,183] {logging_mixin.py:115} INFO - [2023-02-24 10:47:54,183] {dag.py:2927} INFO - Setting next_dagrun for example_external_task_marker_parent to None, run_after=None
[2023-02-24 10:47:54,189] {processor.py:161} INFO - Processing /home/alura/Documents/Medalhas/venv/lib/python3.9/site-packages/airflow/example_dags/example_external_task_marker_dag.py took 0.033 seconds
[2023-02-24 10:48:27,915] {processor.py:153} INFO - Started process (PID=6578) to work on /home/alura/Documents/Medalhas/venv/lib/python3.9/site-packages/airflow/example_dags/example_external_task_marker_dag.py
[2023-02-24 10:48:27,915] {processor.py:641} INFO - Processing file /home/alura/Documents/Medalhas/venv/lib/python3.9/site-packages/airflow/example_dags/example_external_task_marker_dag.py for tasks to queue
[2023-02-24 10:48:27,915] {logging_mixin.py:115} INFO - [2023-02-24 10:48:27,915] {dagbag.py:507} INFO - Filling up the DagBag from /home/alura/Documents/Medalhas/venv/lib/python3.9/site-packages/airflow/example_dags/example_external_task_marker_dag.py
[2023-02-24 10:48:27,917] {processor.py:651} INFO - DAG(s) dict_keys(['example_external_task_marker_parent', 'example_external_task_marker_child']) retrieved from /home/alura/Documents/Medalhas/venv/lib/python3.9/site-packages/airflow/example_dags/example_external_task_marker_dag.py
[2023-02-24 10:48:27,931] {logging_mixin.py:115} INFO - [2023-02-24 10:48:27,931] {dag.py:2379} INFO - Sync 2 DAGs
[2023-02-24 10:48:27,940] {logging_mixin.py:115} INFO - [2023-02-24 10:48:27,940] {dag.py:2927} INFO - Setting next_dagrun for example_external_task_marker_child to None, run_after=None
[2023-02-24 10:48:27,940] {logging_mixin.py:115} INFO - [2023-02-24 10:48:27,940] {dag.py:2927} INFO - Setting next_dagrun for example_external_task_marker_parent to None, run_after=None
[2023-02-24 10:48:27,947] {processor.py:161} INFO - Processing /home/alura/Documents/Medalhas/venv/lib/python3.9/site-packages/airflow/example_dags/example_external_task_marker_dag.py took 0.034 seconds
[2023-02-24 10:49:00,944] {processor.py:153} INFO - Started process (PID=6942) to work on /home/alura/Documents/Medalhas/venv/lib/python3.9/site-packages/airflow/example_dags/example_external_task_marker_dag.py
[2023-02-24 10:49:00,944] {processor.py:641} INFO - Processing file /home/alura/Documents/Medalhas/venv/lib/python3.9/site-packages/airflow/example_dags/example_external_task_marker_dag.py for tasks to queue
[2023-02-24 10:49:00,944] {logging_mixin.py:115} INFO - [2023-02-24 10:49:00,944] {dagbag.py:507} INFO - Filling up the DagBag from /home/alura/Documents/Medalhas/venv/lib/python3.9/site-packages/airflow/example_dags/example_external_task_marker_dag.py
[2023-02-24 10:49:00,947] {processor.py:651} INFO - DAG(s) dict_keys(['example_external_task_marker_parent', 'example_external_task_marker_child']) retrieved from /home/alura/Documents/Medalhas/venv/lib/python3.9/site-packages/airflow/example_dags/example_external_task_marker_dag.py
[2023-02-24 10:49:00,960] {logging_mixin.py:115} INFO - [2023-02-24 10:49:00,959] {dag.py:2379} INFO - Sync 2 DAGs
[2023-02-24 10:49:00,969] {logging_mixin.py:115} INFO - [2023-02-24 10:49:00,969] {dag.py:2927} INFO - Setting next_dagrun for example_external_task_marker_child to None, run_after=None
[2023-02-24 10:49:00,969] {logging_mixin.py:115} INFO - [2023-02-24 10:49:00,969] {dag.py:2927} INFO - Setting next_dagrun for example_external_task_marker_parent to None, run_after=None
[2023-02-24 10:49:00,976] {processor.py:161} INFO - Processing /home/alura/Documents/Medalhas/venv/lib/python3.9/site-packages/airflow/example_dags/example_external_task_marker_dag.py took 0.034 seconds
[2023-02-24 10:49:34,606] {processor.py:153} INFO - Started process (PID=7388) to work on /home/alura/Documents/Medalhas/venv/lib/python3.9/site-packages/airflow/example_dags/example_external_task_marker_dag.py
[2023-02-24 10:49:34,607] {processor.py:641} INFO - Processing file /home/alura/Documents/Medalhas/venv/lib/python3.9/site-packages/airflow/example_dags/example_external_task_marker_dag.py for tasks to queue
[2023-02-24 10:49:34,607] {logging_mixin.py:115} INFO - [2023-02-24 10:49:34,607] {dagbag.py:507} INFO - Filling up the DagBag from /home/alura/Documents/Medalhas/venv/lib/python3.9/site-packages/airflow/example_dags/example_external_task_marker_dag.py
[2023-02-24 10:49:34,610] {processor.py:651} INFO - DAG(s) dict_keys(['example_external_task_marker_parent', 'example_external_task_marker_child']) retrieved from /home/alura/Documents/Medalhas/venv/lib/python3.9/site-packages/airflow/example_dags/example_external_task_marker_dag.py
[2023-02-24 10:49:34,623] {logging_mixin.py:115} INFO - [2023-02-24 10:49:34,623] {dag.py:2379} INFO - Sync 2 DAGs
[2023-02-24 10:49:34,632] {logging_mixin.py:115} INFO - [2023-02-24 10:49:34,632] {dag.py:2927} INFO - Setting next_dagrun for example_external_task_marker_child to None, run_after=None
[2023-02-24 10:49:34,632] {logging_mixin.py:115} INFO - [2023-02-24 10:49:34,632] {dag.py:2927} INFO - Setting next_dagrun for example_external_task_marker_parent to None, run_after=None
[2023-02-24 10:49:34,638] {processor.py:161} INFO - Processing /home/alura/Documents/Medalhas/venv/lib/python3.9/site-packages/airflow/example_dags/example_external_task_marker_dag.py took 0.033 seconds
[2023-02-24 10:50:09,312] {processor.py:153} INFO - Started process (PID=7570) to work on /home/alura/Documents/Medalhas/venv/lib/python3.9/site-packages/airflow/example_dags/example_external_task_marker_dag.py
[2023-02-24 10:50:09,312] {processor.py:641} INFO - Processing file /home/alura/Documents/Medalhas/venv/lib/python3.9/site-packages/airflow/example_dags/example_external_task_marker_dag.py for tasks to queue
[2023-02-24 10:50:09,313] {logging_mixin.py:115} INFO - [2023-02-24 10:50:09,313] {dagbag.py:507} INFO - Filling up the DagBag from /home/alura/Documents/Medalhas/venv/lib/python3.9/site-packages/airflow/example_dags/example_external_task_marker_dag.py
[2023-02-24 10:50:09,315] {processor.py:651} INFO - DAG(s) dict_keys(['example_external_task_marker_parent', 'example_external_task_marker_child']) retrieved from /home/alura/Documents/Medalhas/venv/lib/python3.9/site-packages/airflow/example_dags/example_external_task_marker_dag.py
[2023-02-24 10:50:09,327] {logging_mixin.py:115} INFO - [2023-02-24 10:50:09,327] {dag.py:2379} INFO - Sync 2 DAGs
[2023-02-24 10:50:09,336] {logging_mixin.py:115} INFO - [2023-02-24 10:50:09,336] {dag.py:2927} INFO - Setting next_dagrun for example_external_task_marker_child to None, run_after=None
[2023-02-24 10:50:09,336] {logging_mixin.py:115} INFO - [2023-02-24 10:50:09,336] {dag.py:2927} INFO - Setting next_dagrun for example_external_task_marker_parent to None, run_after=None
[2023-02-24 10:50:09,343] {processor.py:161} INFO - Processing /home/alura/Documents/Medalhas/venv/lib/python3.9/site-packages/airflow/example_dags/example_external_task_marker_dag.py took 0.033 seconds
[2023-02-24 10:50:41,221] {processor.py:153} INFO - Started process (PID=7742) to work on /home/alura/Documents/Medalhas/venv/lib/python3.9/site-packages/airflow/example_dags/example_external_task_marker_dag.py
[2023-02-24 10:50:41,222] {processor.py:641} INFO - Processing file /home/alura/Documents/Medalhas/venv/lib/python3.9/site-packages/airflow/example_dags/example_external_task_marker_dag.py for tasks to queue
[2023-02-24 10:50:41,222] {logging_mixin.py:115} INFO - [2023-02-24 10:50:41,222] {dagbag.py:507} INFO - Filling up the DagBag from /home/alura/Documents/Medalhas/venv/lib/python3.9/site-packages/airflow/example_dags/example_external_task_marker_dag.py
[2023-02-24 10:50:41,224] {processor.py:651} INFO - DAG(s) dict_keys(['example_external_task_marker_parent', 'example_external_task_marker_child']) retrieved from /home/alura/Documents/Medalhas/venv/lib/python3.9/site-packages/airflow/example_dags/example_external_task_marker_dag.py
[2023-02-24 10:50:41,237] {logging_mixin.py:115} INFO - [2023-02-24 10:50:41,237] {dag.py:2379} INFO - Sync 2 DAGs
[2023-02-24 10:50:41,246] {logging_mixin.py:115} INFO - [2023-02-24 10:50:41,246] {dag.py:2927} INFO - Setting next_dagrun for example_external_task_marker_child to None, run_after=None
[2023-02-24 10:50:41,246] {logging_mixin.py:115} INFO - [2023-02-24 10:50:41,246] {dag.py:2927} INFO - Setting next_dagrun for example_external_task_marker_parent to None, run_after=None
[2023-02-24 10:50:41,253] {processor.py:161} INFO - Processing /home/alura/Documents/Medalhas/venv/lib/python3.9/site-packages/airflow/example_dags/example_external_task_marker_dag.py took 0.033 seconds
[2023-02-24 10:51:16,633] {processor.py:153} INFO - Started process (PID=7925) to work on /home/alura/Documents/Medalhas/venv/lib/python3.9/site-packages/airflow/example_dags/example_external_task_marker_dag.py
[2023-02-24 10:51:16,634] {processor.py:641} INFO - Processing file /home/alura/Documents/Medalhas/venv/lib/python3.9/site-packages/airflow/example_dags/example_external_task_marker_dag.py for tasks to queue
[2023-02-24 10:51:16,634] {logging_mixin.py:115} INFO - [2023-02-24 10:51:16,634] {dagbag.py:507} INFO - Filling up the DagBag from /home/alura/Documents/Medalhas/venv/lib/python3.9/site-packages/airflow/example_dags/example_external_task_marker_dag.py
[2023-02-24 10:51:16,636] {processor.py:651} INFO - DAG(s) dict_keys(['example_external_task_marker_parent', 'example_external_task_marker_child']) retrieved from /home/alura/Documents/Medalhas/venv/lib/python3.9/site-packages/airflow/example_dags/example_external_task_marker_dag.py
[2023-02-24 10:51:16,648] {logging_mixin.py:115} INFO - [2023-02-24 10:51:16,648] {dag.py:2379} INFO - Sync 2 DAGs
[2023-02-24 10:51:16,657] {logging_mixin.py:115} INFO - [2023-02-24 10:51:16,657] {dag.py:2927} INFO - Setting next_dagrun for example_external_task_marker_child to None, run_after=None
[2023-02-24 10:51:16,657] {logging_mixin.py:115} INFO - [2023-02-24 10:51:16,657] {dag.py:2927} INFO - Setting next_dagrun for example_external_task_marker_parent to None, run_after=None
[2023-02-24 10:51:16,664] {processor.py:161} INFO - Processing /home/alura/Documents/Medalhas/venv/lib/python3.9/site-packages/airflow/example_dags/example_external_task_marker_dag.py took 0.032 seconds
[2023-02-24 10:51:48,141] {processor.py:153} INFO - Started process (PID=8094) to work on /home/alura/Documents/Medalhas/venv/lib/python3.9/site-packages/airflow/example_dags/example_external_task_marker_dag.py
[2023-02-24 10:51:48,142] {processor.py:641} INFO - Processing file /home/alura/Documents/Medalhas/venv/lib/python3.9/site-packages/airflow/example_dags/example_external_task_marker_dag.py for tasks to queue
[2023-02-24 10:51:48,142] {logging_mixin.py:115} INFO - [2023-02-24 10:51:48,142] {dagbag.py:507} INFO - Filling up the DagBag from /home/alura/Documents/Medalhas/venv/lib/python3.9/site-packages/airflow/example_dags/example_external_task_marker_dag.py
[2023-02-24 10:51:48,145] {processor.py:651} INFO - DAG(s) dict_keys(['example_external_task_marker_parent', 'example_external_task_marker_child']) retrieved from /home/alura/Documents/Medalhas/venv/lib/python3.9/site-packages/airflow/example_dags/example_external_task_marker_dag.py
[2023-02-24 10:51:48,159] {logging_mixin.py:115} INFO - [2023-02-24 10:51:48,159] {dag.py:2379} INFO - Sync 2 DAGs
[2023-02-24 10:51:48,169] {logging_mixin.py:115} INFO - [2023-02-24 10:51:48,169] {dag.py:2927} INFO - Setting next_dagrun for example_external_task_marker_child to None, run_after=None
[2023-02-24 10:51:48,169] {logging_mixin.py:115} INFO - [2023-02-24 10:51:48,169] {dag.py:2927} INFO - Setting next_dagrun for example_external_task_marker_parent to None, run_after=None
[2023-02-24 10:51:48,176] {processor.py:161} INFO - Processing /home/alura/Documents/Medalhas/venv/lib/python3.9/site-packages/airflow/example_dags/example_external_task_marker_dag.py took 0.036 seconds
[2023-02-24 10:52:21,544] {processor.py:153} INFO - Started process (PID=8262) to work on /home/alura/Documents/Medalhas/venv/lib/python3.9/site-packages/airflow/example_dags/example_external_task_marker_dag.py
[2023-02-24 10:52:21,544] {processor.py:641} INFO - Processing file /home/alura/Documents/Medalhas/venv/lib/python3.9/site-packages/airflow/example_dags/example_external_task_marker_dag.py for tasks to queue
[2023-02-24 10:52:21,545] {logging_mixin.py:115} INFO - [2023-02-24 10:52:21,545] {dagbag.py:507} INFO - Filling up the DagBag from /home/alura/Documents/Medalhas/venv/lib/python3.9/site-packages/airflow/example_dags/example_external_task_marker_dag.py
[2023-02-24 10:52:21,547] {processor.py:651} INFO - DAG(s) dict_keys(['example_external_task_marker_parent', 'example_external_task_marker_child']) retrieved from /home/alura/Documents/Medalhas/venv/lib/python3.9/site-packages/airflow/example_dags/example_external_task_marker_dag.py
[2023-02-24 10:52:21,563] {logging_mixin.py:115} INFO - [2023-02-24 10:52:21,563] {dag.py:2379} INFO - Sync 2 DAGs
[2023-02-24 10:52:21,573] {logging_mixin.py:115} INFO - [2023-02-24 10:52:21,573] {dag.py:2927} INFO - Setting next_dagrun for example_external_task_marker_child to None, run_after=None
[2023-02-24 10:52:21,573] {logging_mixin.py:115} INFO - [2023-02-24 10:52:21,573] {dag.py:2927} INFO - Setting next_dagrun for example_external_task_marker_parent to None, run_after=None
[2023-02-24 10:52:21,581] {processor.py:161} INFO - Processing /home/alura/Documents/Medalhas/venv/lib/python3.9/site-packages/airflow/example_dags/example_external_task_marker_dag.py took 0.039 seconds
[2023-02-24 10:52:55,671] {processor.py:153} INFO - Started process (PID=8434) to work on /home/alura/Documents/Medalhas/venv/lib/python3.9/site-packages/airflow/example_dags/example_external_task_marker_dag.py
[2023-02-24 10:52:55,672] {processor.py:641} INFO - Processing file /home/alura/Documents/Medalhas/venv/lib/python3.9/site-packages/airflow/example_dags/example_external_task_marker_dag.py for tasks to queue
[2023-02-24 10:52:55,672] {logging_mixin.py:115} INFO - [2023-02-24 10:52:55,672] {dagbag.py:507} INFO - Filling up the DagBag from /home/alura/Documents/Medalhas/venv/lib/python3.9/site-packages/airflow/example_dags/example_external_task_marker_dag.py
[2023-02-24 10:52:55,675] {processor.py:651} INFO - DAG(s) dict_keys(['example_external_task_marker_parent', 'example_external_task_marker_child']) retrieved from /home/alura/Documents/Medalhas/venv/lib/python3.9/site-packages/airflow/example_dags/example_external_task_marker_dag.py
[2023-02-24 10:52:55,687] {logging_mixin.py:115} INFO - [2023-02-24 10:52:55,687] {dag.py:2379} INFO - Sync 2 DAGs
[2023-02-24 10:52:55,695] {logging_mixin.py:115} INFO - [2023-02-24 10:52:55,695] {dag.py:2927} INFO - Setting next_dagrun for example_external_task_marker_child to None, run_after=None
[2023-02-24 10:52:55,695] {logging_mixin.py:115} INFO - [2023-02-24 10:52:55,695] {dag.py:2927} INFO - Setting next_dagrun for example_external_task_marker_parent to None, run_after=None
[2023-02-24 10:52:55,702] {processor.py:161} INFO - Processing /home/alura/Documents/Medalhas/venv/lib/python3.9/site-packages/airflow/example_dags/example_external_task_marker_dag.py took 0.032 seconds
[2023-02-24 10:53:27,576] {processor.py:153} INFO - Started process (PID=8591) to work on /home/alura/Documents/Medalhas/venv/lib/python3.9/site-packages/airflow/example_dags/example_external_task_marker_dag.py
[2023-02-24 10:53:27,577] {processor.py:641} INFO - Processing file /home/alura/Documents/Medalhas/venv/lib/python3.9/site-packages/airflow/example_dags/example_external_task_marker_dag.py for tasks to queue
[2023-02-24 10:53:27,577] {logging_mixin.py:115} INFO - [2023-02-24 10:53:27,577] {dagbag.py:507} INFO - Filling up the DagBag from /home/alura/Documents/Medalhas/venv/lib/python3.9/site-packages/airflow/example_dags/example_external_task_marker_dag.py
[2023-02-24 10:53:27,580] {processor.py:651} INFO - DAG(s) dict_keys(['example_external_task_marker_parent', 'example_external_task_marker_child']) retrieved from /home/alura/Documents/Medalhas/venv/lib/python3.9/site-packages/airflow/example_dags/example_external_task_marker_dag.py
[2023-02-24 10:53:27,594] {logging_mixin.py:115} INFO - [2023-02-24 10:53:27,594] {dag.py:2379} INFO - Sync 2 DAGs
[2023-02-24 10:53:27,603] {logging_mixin.py:115} INFO - [2023-02-24 10:53:27,603] {dag.py:2927} INFO - Setting next_dagrun for example_external_task_marker_child to None, run_after=None
[2023-02-24 10:53:27,603] {logging_mixin.py:115} INFO - [2023-02-24 10:53:27,603] {dag.py:2927} INFO - Setting next_dagrun for example_external_task_marker_parent to None, run_after=None
[2023-02-24 10:53:27,609] {processor.py:161} INFO - Processing /home/alura/Documents/Medalhas/venv/lib/python3.9/site-packages/airflow/example_dags/example_external_task_marker_dag.py took 0.035 seconds
[2023-02-24 10:53:58,981] {processor.py:153} INFO - Started process (PID=8754) to work on /home/alura/Documents/Medalhas/venv/lib/python3.9/site-packages/airflow/example_dags/example_external_task_marker_dag.py
[2023-02-24 10:53:58,982] {processor.py:641} INFO - Processing file /home/alura/Documents/Medalhas/venv/lib/python3.9/site-packages/airflow/example_dags/example_external_task_marker_dag.py for tasks to queue
[2023-02-24 10:53:58,982] {logging_mixin.py:115} INFO - [2023-02-24 10:53:58,982] {dagbag.py:507} INFO - Filling up the DagBag from /home/alura/Documents/Medalhas/venv/lib/python3.9/site-packages/airflow/example_dags/example_external_task_marker_dag.py
[2023-02-24 10:53:58,984] {processor.py:651} INFO - DAG(s) dict_keys(['example_external_task_marker_parent', 'example_external_task_marker_child']) retrieved from /home/alura/Documents/Medalhas/venv/lib/python3.9/site-packages/airflow/example_dags/example_external_task_marker_dag.py
[2023-02-24 10:53:58,997] {logging_mixin.py:115} INFO - [2023-02-24 10:53:58,997] {dag.py:2379} INFO - Sync 2 DAGs
[2023-02-24 10:53:59,005] {logging_mixin.py:115} INFO - [2023-02-24 10:53:59,005] {dag.py:2927} INFO - Setting next_dagrun for example_external_task_marker_child to None, run_after=None
[2023-02-24 10:53:59,005] {logging_mixin.py:115} INFO - [2023-02-24 10:53:59,005] {dag.py:2927} INFO - Setting next_dagrun for example_external_task_marker_parent to None, run_after=None
[2023-02-24 10:53:59,012] {processor.py:161} INFO - Processing /home/alura/Documents/Medalhas/venv/lib/python3.9/site-packages/airflow/example_dags/example_external_task_marker_dag.py took 0.032 seconds
[2023-02-24 10:54:33,143] {processor.py:153} INFO - Started process (PID=9010) to work on /home/alura/Documents/Medalhas/venv/lib/python3.9/site-packages/airflow/example_dags/example_external_task_marker_dag.py
[2023-02-24 10:54:33,144] {processor.py:641} INFO - Processing file /home/alura/Documents/Medalhas/venv/lib/python3.9/site-packages/airflow/example_dags/example_external_task_marker_dag.py for tasks to queue
[2023-02-24 10:54:33,144] {logging_mixin.py:115} INFO - [2023-02-24 10:54:33,144] {dagbag.py:507} INFO - Filling up the DagBag from /home/alura/Documents/Medalhas/venv/lib/python3.9/site-packages/airflow/example_dags/example_external_task_marker_dag.py
[2023-02-24 10:54:33,146] {processor.py:651} INFO - DAG(s) dict_keys(['example_external_task_marker_parent', 'example_external_task_marker_child']) retrieved from /home/alura/Documents/Medalhas/venv/lib/python3.9/site-packages/airflow/example_dags/example_external_task_marker_dag.py
[2023-02-24 10:54:33,159] {logging_mixin.py:115} INFO - [2023-02-24 10:54:33,159] {dag.py:2379} INFO - Sync 2 DAGs
[2023-02-24 10:54:33,167] {logging_mixin.py:115} INFO - [2023-02-24 10:54:33,167] {dag.py:2927} INFO - Setting next_dagrun for example_external_task_marker_child to None, run_after=None
[2023-02-24 10:54:33,168] {logging_mixin.py:115} INFO - [2023-02-24 10:54:33,167] {dag.py:2927} INFO - Setting next_dagrun for example_external_task_marker_parent to None, run_after=None
[2023-02-24 10:54:33,174] {processor.py:161} INFO - Processing /home/alura/Documents/Medalhas/venv/lib/python3.9/site-packages/airflow/example_dags/example_external_task_marker_dag.py took 0.033 seconds
[2023-02-24 10:55:05,639] {processor.py:153} INFO - Started process (PID=9179) to work on /home/alura/Documents/Medalhas/venv/lib/python3.9/site-packages/airflow/example_dags/example_external_task_marker_dag.py
[2023-02-24 10:55:05,639] {processor.py:641} INFO - Processing file /home/alura/Documents/Medalhas/venv/lib/python3.9/site-packages/airflow/example_dags/example_external_task_marker_dag.py for tasks to queue
[2023-02-24 10:55:05,639] {logging_mixin.py:115} INFO - [2023-02-24 10:55:05,639] {dagbag.py:507} INFO - Filling up the DagBag from /home/alura/Documents/Medalhas/venv/lib/python3.9/site-packages/airflow/example_dags/example_external_task_marker_dag.py
[2023-02-24 10:55:05,641] {processor.py:651} INFO - DAG(s) dict_keys(['example_external_task_marker_parent', 'example_external_task_marker_child']) retrieved from /home/alura/Documents/Medalhas/venv/lib/python3.9/site-packages/airflow/example_dags/example_external_task_marker_dag.py
[2023-02-24 10:55:05,654] {logging_mixin.py:115} INFO - [2023-02-24 10:55:05,654] {dag.py:2379} INFO - Sync 2 DAGs
[2023-02-24 10:55:05,663] {logging_mixin.py:115} INFO - [2023-02-24 10:55:05,663] {dag.py:2927} INFO - Setting next_dagrun for example_external_task_marker_child to None, run_after=None
[2023-02-24 10:55:05,663] {logging_mixin.py:115} INFO - [2023-02-24 10:55:05,663] {dag.py:2927} INFO - Setting next_dagrun for example_external_task_marker_parent to None, run_after=None
[2023-02-24 10:55:05,669] {processor.py:161} INFO - Processing /home/alura/Documents/Medalhas/venv/lib/python3.9/site-packages/airflow/example_dags/example_external_task_marker_dag.py took 0.032 seconds
[2023-02-24 10:55:38,686] {processor.py:153} INFO - Started process (PID=9351) to work on /home/alura/Documents/Medalhas/venv/lib/python3.9/site-packages/airflow/example_dags/example_external_task_marker_dag.py
[2023-02-24 10:55:38,686] {processor.py:641} INFO - Processing file /home/alura/Documents/Medalhas/venv/lib/python3.9/site-packages/airflow/example_dags/example_external_task_marker_dag.py for tasks to queue
[2023-02-24 10:55:38,686] {logging_mixin.py:115} INFO - [2023-02-24 10:55:38,686] {dagbag.py:507} INFO - Filling up the DagBag from /home/alura/Documents/Medalhas/venv/lib/python3.9/site-packages/airflow/example_dags/example_external_task_marker_dag.py
[2023-02-24 10:55:38,688] {processor.py:651} INFO - DAG(s) dict_keys(['example_external_task_marker_parent', 'example_external_task_marker_child']) retrieved from /home/alura/Documents/Medalhas/venv/lib/python3.9/site-packages/airflow/example_dags/example_external_task_marker_dag.py
[2023-02-24 10:55:38,701] {logging_mixin.py:115} INFO - [2023-02-24 10:55:38,701] {dag.py:2379} INFO - Sync 2 DAGs
[2023-02-24 10:55:38,710] {logging_mixin.py:115} INFO - [2023-02-24 10:55:38,710] {dag.py:2927} INFO - Setting next_dagrun for example_external_task_marker_child to None, run_after=None
[2023-02-24 10:55:38,710] {logging_mixin.py:115} INFO - [2023-02-24 10:55:38,710] {dag.py:2927} INFO - Setting next_dagrun for example_external_task_marker_parent to None, run_after=None
[2023-02-24 10:55:38,716] {processor.py:161} INFO - Processing /home/alura/Documents/Medalhas/venv/lib/python3.9/site-packages/airflow/example_dags/example_external_task_marker_dag.py took 0.032 seconds
[2023-02-24 10:56:13,436] {processor.py:153} INFO - Started process (PID=9530) to work on /home/alura/Documents/Medalhas/venv/lib/python3.9/site-packages/airflow/example_dags/example_external_task_marker_dag.py
[2023-02-24 10:56:13,436] {processor.py:641} INFO - Processing file /home/alura/Documents/Medalhas/venv/lib/python3.9/site-packages/airflow/example_dags/example_external_task_marker_dag.py for tasks to queue
[2023-02-24 10:56:13,437] {logging_mixin.py:115} INFO - [2023-02-24 10:56:13,437] {dagbag.py:507} INFO - Filling up the DagBag from /home/alura/Documents/Medalhas/venv/lib/python3.9/site-packages/airflow/example_dags/example_external_task_marker_dag.py
[2023-02-24 10:56:13,439] {processor.py:651} INFO - DAG(s) dict_keys(['example_external_task_marker_parent', 'example_external_task_marker_child']) retrieved from /home/alura/Documents/Medalhas/venv/lib/python3.9/site-packages/airflow/example_dags/example_external_task_marker_dag.py
[2023-02-24 10:56:13,451] {logging_mixin.py:115} INFO - [2023-02-24 10:56:13,451] {dag.py:2379} INFO - Sync 2 DAGs
[2023-02-24 10:56:13,460] {logging_mixin.py:115} INFO - [2023-02-24 10:56:13,460] {dag.py:2927} INFO - Setting next_dagrun for example_external_task_marker_child to None, run_after=None
[2023-02-24 10:56:13,460] {logging_mixin.py:115} INFO - [2023-02-24 10:56:13,460] {dag.py:2927} INFO - Setting next_dagrun for example_external_task_marker_parent to None, run_after=None
[2023-02-24 10:56:13,466] {processor.py:161} INFO - Processing /home/alura/Documents/Medalhas/venv/lib/python3.9/site-packages/airflow/example_dags/example_external_task_marker_dag.py took 0.032 seconds
[2023-02-24 10:56:46,478] {processor.py:153} INFO - Started process (PID=9701) to work on /home/alura/Documents/Medalhas/venv/lib/python3.9/site-packages/airflow/example_dags/example_external_task_marker_dag.py
[2023-02-24 10:56:46,478] {processor.py:641} INFO - Processing file /home/alura/Documents/Medalhas/venv/lib/python3.9/site-packages/airflow/example_dags/example_external_task_marker_dag.py for tasks to queue
[2023-02-24 10:56:46,479] {logging_mixin.py:115} INFO - [2023-02-24 10:56:46,479] {dagbag.py:507} INFO - Filling up the DagBag from /home/alura/Documents/Medalhas/venv/lib/python3.9/site-packages/airflow/example_dags/example_external_task_marker_dag.py
[2023-02-24 10:56:46,481] {processor.py:651} INFO - DAG(s) dict_keys(['example_external_task_marker_parent', 'example_external_task_marker_child']) retrieved from /home/alura/Documents/Medalhas/venv/lib/python3.9/site-packages/airflow/example_dags/example_external_task_marker_dag.py
[2023-02-24 10:56:46,493] {logging_mixin.py:115} INFO - [2023-02-24 10:56:46,493] {dag.py:2379} INFO - Sync 2 DAGs
[2023-02-24 10:56:46,502] {logging_mixin.py:115} INFO - [2023-02-24 10:56:46,502] {dag.py:2927} INFO - Setting next_dagrun for example_external_task_marker_child to None, run_after=None
[2023-02-24 10:56:46,502] {logging_mixin.py:115} INFO - [2023-02-24 10:56:46,502] {dag.py:2927} INFO - Setting next_dagrun for example_external_task_marker_parent to None, run_after=None
[2023-02-24 10:56:46,509] {processor.py:161} INFO - Processing /home/alura/Documents/Medalhas/venv/lib/python3.9/site-packages/airflow/example_dags/example_external_task_marker_dag.py took 0.033 seconds
[2023-02-24 10:57:20,156] {processor.py:153} INFO - Started process (PID=9869) to work on /home/alura/Documents/Medalhas/venv/lib/python3.9/site-packages/airflow/example_dags/example_external_task_marker_dag.py
[2023-02-24 10:57:20,157] {processor.py:641} INFO - Processing file /home/alura/Documents/Medalhas/venv/lib/python3.9/site-packages/airflow/example_dags/example_external_task_marker_dag.py for tasks to queue
[2023-02-24 10:57:20,157] {logging_mixin.py:115} INFO - [2023-02-24 10:57:20,157] {dagbag.py:507} INFO - Filling up the DagBag from /home/alura/Documents/Medalhas/venv/lib/python3.9/site-packages/airflow/example_dags/example_external_task_marker_dag.py
[2023-02-24 10:57:20,160] {processor.py:651} INFO - DAG(s) dict_keys(['example_external_task_marker_parent', 'example_external_task_marker_child']) retrieved from /home/alura/Documents/Medalhas/venv/lib/python3.9/site-packages/airflow/example_dags/example_external_task_marker_dag.py
[2023-02-24 10:57:20,174] {logging_mixin.py:115} INFO - [2023-02-24 10:57:20,173] {dag.py:2379} INFO - Sync 2 DAGs
[2023-02-24 10:57:20,183] {logging_mixin.py:115} INFO - [2023-02-24 10:57:20,183] {dag.py:2927} INFO - Setting next_dagrun for example_external_task_marker_child to None, run_after=None
[2023-02-24 10:57:20,183] {logging_mixin.py:115} INFO - [2023-02-24 10:57:20,183] {dag.py:2927} INFO - Setting next_dagrun for example_external_task_marker_parent to None, run_after=None
[2023-02-24 10:57:20,190] {processor.py:161} INFO - Processing /home/alura/Documents/Medalhas/venv/lib/python3.9/site-packages/airflow/example_dags/example_external_task_marker_dag.py took 0.036 seconds
[2023-02-24 10:57:53,346] {processor.py:153} INFO - Started process (PID=10049) to work on /home/alura/Documents/Medalhas/venv/lib/python3.9/site-packages/airflow/example_dags/example_external_task_marker_dag.py
[2023-02-24 10:57:53,347] {processor.py:641} INFO - Processing file /home/alura/Documents/Medalhas/venv/lib/python3.9/site-packages/airflow/example_dags/example_external_task_marker_dag.py for tasks to queue
[2023-02-24 10:57:53,347] {logging_mixin.py:115} INFO - [2023-02-24 10:57:53,347] {dagbag.py:507} INFO - Filling up the DagBag from /home/alura/Documents/Medalhas/venv/lib/python3.9/site-packages/airflow/example_dags/example_external_task_marker_dag.py
[2023-02-24 10:57:53,349] {processor.py:651} INFO - DAG(s) dict_keys(['example_external_task_marker_parent', 'example_external_task_marker_child']) retrieved from /home/alura/Documents/Medalhas/venv/lib/python3.9/site-packages/airflow/example_dags/example_external_task_marker_dag.py
[2023-02-24 10:57:53,362] {logging_mixin.py:115} INFO - [2023-02-24 10:57:53,362] {dag.py:2379} INFO - Sync 2 DAGs
[2023-02-24 10:57:53,371] {logging_mixin.py:115} INFO - [2023-02-24 10:57:53,371] {dag.py:2927} INFO - Setting next_dagrun for example_external_task_marker_child to None, run_after=None
[2023-02-24 10:57:53,371] {logging_mixin.py:115} INFO - [2023-02-24 10:57:53,371] {dag.py:2927} INFO - Setting next_dagrun for example_external_task_marker_parent to None, run_after=None
[2023-02-24 10:57:53,378] {processor.py:161} INFO - Processing /home/alura/Documents/Medalhas/venv/lib/python3.9/site-packages/airflow/example_dags/example_external_task_marker_dag.py took 0.033 seconds
[2023-02-24 10:58:26,847] {processor.py:153} INFO - Started process (PID=10224) to work on /home/alura/Documents/Medalhas/venv/lib/python3.9/site-packages/airflow/example_dags/example_external_task_marker_dag.py
[2023-02-24 10:58:26,850] {processor.py:641} INFO - Processing file /home/alura/Documents/Medalhas/venv/lib/python3.9/site-packages/airflow/example_dags/example_external_task_marker_dag.py for tasks to queue
[2023-02-24 10:58:26,851] {logging_mixin.py:115} INFO - [2023-02-24 10:58:26,851] {dagbag.py:507} INFO - Filling up the DagBag from /home/alura/Documents/Medalhas/venv/lib/python3.9/site-packages/airflow/example_dags/example_external_task_marker_dag.py
[2023-02-24 10:58:26,853] {processor.py:651} INFO - DAG(s) dict_keys(['example_external_task_marker_parent', 'example_external_task_marker_child']) retrieved from /home/alura/Documents/Medalhas/venv/lib/python3.9/site-packages/airflow/example_dags/example_external_task_marker_dag.py
[2023-02-24 10:58:26,865] {logging_mixin.py:115} INFO - [2023-02-24 10:58:26,865] {dag.py:2379} INFO - Sync 2 DAGs
[2023-02-24 10:58:26,874] {logging_mixin.py:115} INFO - [2023-02-24 10:58:26,874] {dag.py:2927} INFO - Setting next_dagrun for example_external_task_marker_child to None, run_after=None
[2023-02-24 10:58:26,874] {logging_mixin.py:115} INFO - [2023-02-24 10:58:26,874] {dag.py:2927} INFO - Setting next_dagrun for example_external_task_marker_parent to None, run_after=None
[2023-02-24 10:58:26,881] {processor.py:161} INFO - Processing /home/alura/Documents/Medalhas/venv/lib/python3.9/site-packages/airflow/example_dags/example_external_task_marker_dag.py took 0.035 seconds
[2023-02-24 10:59:01,944] {processor.py:153} INFO - Started process (PID=10406) to work on /home/alura/Documents/Medalhas/venv/lib/python3.9/site-packages/airflow/example_dags/example_external_task_marker_dag.py
[2023-02-24 10:59:01,944] {processor.py:641} INFO - Processing file /home/alura/Documents/Medalhas/venv/lib/python3.9/site-packages/airflow/example_dags/example_external_task_marker_dag.py for tasks to queue
[2023-02-24 10:59:01,944] {logging_mixin.py:115} INFO - [2023-02-24 10:59:01,944] {dagbag.py:507} INFO - Filling up the DagBag from /home/alura/Documents/Medalhas/venv/lib/python3.9/site-packages/airflow/example_dags/example_external_task_marker_dag.py
[2023-02-24 10:59:01,947] {processor.py:651} INFO - DAG(s) dict_keys(['example_external_task_marker_parent', 'example_external_task_marker_child']) retrieved from /home/alura/Documents/Medalhas/venv/lib/python3.9/site-packages/airflow/example_dags/example_external_task_marker_dag.py
[2023-02-24 10:59:01,960] {logging_mixin.py:115} INFO - [2023-02-24 10:59:01,960] {dag.py:2379} INFO - Sync 2 DAGs
[2023-02-24 10:59:01,969] {logging_mixin.py:115} INFO - [2023-02-24 10:59:01,969] {dag.py:2927} INFO - Setting next_dagrun for example_external_task_marker_child to None, run_after=None
[2023-02-24 10:59:01,969] {logging_mixin.py:115} INFO - [2023-02-24 10:59:01,969] {dag.py:2927} INFO - Setting next_dagrun for example_external_task_marker_parent to None, run_after=None
[2023-02-24 10:59:01,976] {processor.py:161} INFO - Processing /home/alura/Documents/Medalhas/venv/lib/python3.9/site-packages/airflow/example_dags/example_external_task_marker_dag.py took 0.033 seconds
[2023-02-24 10:59:33,500] {processor.py:153} INFO - Started process (PID=10565) to work on /home/alura/Documents/Medalhas/venv/lib/python3.9/site-packages/airflow/example_dags/example_external_task_marker_dag.py
[2023-02-24 10:59:33,500] {processor.py:641} INFO - Processing file /home/alura/Documents/Medalhas/venv/lib/python3.9/site-packages/airflow/example_dags/example_external_task_marker_dag.py for tasks to queue
[2023-02-24 10:59:33,501] {logging_mixin.py:115} INFO - [2023-02-24 10:59:33,501] {dagbag.py:507} INFO - Filling up the DagBag from /home/alura/Documents/Medalhas/venv/lib/python3.9/site-packages/airflow/example_dags/example_external_task_marker_dag.py
[2023-02-24 10:59:33,503] {processor.py:651} INFO - DAG(s) dict_keys(['example_external_task_marker_parent', 'example_external_task_marker_child']) retrieved from /home/alura/Documents/Medalhas/venv/lib/python3.9/site-packages/airflow/example_dags/example_external_task_marker_dag.py
[2023-02-24 10:59:33,516] {logging_mixin.py:115} INFO - [2023-02-24 10:59:33,516] {dag.py:2379} INFO - Sync 2 DAGs
[2023-02-24 10:59:33,524] {logging_mixin.py:115} INFO - [2023-02-24 10:59:33,524] {dag.py:2927} INFO - Setting next_dagrun for example_external_task_marker_child to None, run_after=None
[2023-02-24 10:59:33,524] {logging_mixin.py:115} INFO - [2023-02-24 10:59:33,524] {dag.py:2927} INFO - Setting next_dagrun for example_external_task_marker_parent to None, run_after=None
[2023-02-24 10:59:33,531] {processor.py:161} INFO - Processing /home/alura/Documents/Medalhas/venv/lib/python3.9/site-packages/airflow/example_dags/example_external_task_marker_dag.py took 0.033 seconds
[2023-02-24 11:00:06,459] {processor.py:153} INFO - Started process (PID=10737) to work on /home/alura/Documents/Medalhas/venv/lib/python3.9/site-packages/airflow/example_dags/example_external_task_marker_dag.py
[2023-02-24 11:00:06,459] {processor.py:641} INFO - Processing file /home/alura/Documents/Medalhas/venv/lib/python3.9/site-packages/airflow/example_dags/example_external_task_marker_dag.py for tasks to queue
[2023-02-24 11:00:06,459] {logging_mixin.py:115} INFO - [2023-02-24 11:00:06,459] {dagbag.py:507} INFO - Filling up the DagBag from /home/alura/Documents/Medalhas/venv/lib/python3.9/site-packages/airflow/example_dags/example_external_task_marker_dag.py
[2023-02-24 11:00:06,461] {processor.py:651} INFO - DAG(s) dict_keys(['example_external_task_marker_parent', 'example_external_task_marker_child']) retrieved from /home/alura/Documents/Medalhas/venv/lib/python3.9/site-packages/airflow/example_dags/example_external_task_marker_dag.py
[2023-02-24 11:00:06,474] {logging_mixin.py:115} INFO - [2023-02-24 11:00:06,474] {dag.py:2379} INFO - Sync 2 DAGs
[2023-02-24 11:00:06,483] {logging_mixin.py:115} INFO - [2023-02-24 11:00:06,483] {dag.py:2927} INFO - Setting next_dagrun for example_external_task_marker_child to None, run_after=None
[2023-02-24 11:00:06,483] {logging_mixin.py:115} INFO - [2023-02-24 11:00:06,483] {dag.py:2927} INFO - Setting next_dagrun for example_external_task_marker_parent to None, run_after=None
[2023-02-24 11:00:06,490] {processor.py:161} INFO - Processing /home/alura/Documents/Medalhas/venv/lib/python3.9/site-packages/airflow/example_dags/example_external_task_marker_dag.py took 0.033 seconds
[2023-02-24 11:00:42,119] {processor.py:153} INFO - Started process (PID=10935) to work on /home/alura/Documents/Medalhas/venv/lib/python3.9/site-packages/airflow/example_dags/example_external_task_marker_dag.py
[2023-02-24 11:00:42,120] {processor.py:641} INFO - Processing file /home/alura/Documents/Medalhas/venv/lib/python3.9/site-packages/airflow/example_dags/example_external_task_marker_dag.py for tasks to queue
[2023-02-24 11:00:42,120] {logging_mixin.py:115} INFO - [2023-02-24 11:00:42,120] {dagbag.py:507} INFO - Filling up the DagBag from /home/alura/Documents/Medalhas/venv/lib/python3.9/site-packages/airflow/example_dags/example_external_task_marker_dag.py
[2023-02-24 11:00:42,122] {processor.py:651} INFO - DAG(s) dict_keys(['example_external_task_marker_parent', 'example_external_task_marker_child']) retrieved from /home/alura/Documents/Medalhas/venv/lib/python3.9/site-packages/airflow/example_dags/example_external_task_marker_dag.py
[2023-02-24 11:00:42,135] {logging_mixin.py:115} INFO - [2023-02-24 11:00:42,135] {dag.py:2379} INFO - Sync 2 DAGs
[2023-02-24 11:00:42,143] {logging_mixin.py:115} INFO - [2023-02-24 11:00:42,143] {dag.py:2927} INFO - Setting next_dagrun for example_external_task_marker_child to None, run_after=None
[2023-02-24 11:00:42,143] {logging_mixin.py:115} INFO - [2023-02-24 11:00:42,143] {dag.py:2927} INFO - Setting next_dagrun for example_external_task_marker_parent to None, run_after=None
[2023-02-24 11:00:42,150] {processor.py:161} INFO - Processing /home/alura/Documents/Medalhas/venv/lib/python3.9/site-packages/airflow/example_dags/example_external_task_marker_dag.py took 0.032 seconds
[2023-02-24 11:01:17,027] {processor.py:153} INFO - Started process (PID=11122) to work on /home/alura/Documents/Medalhas/venv/lib/python3.9/site-packages/airflow/example_dags/example_external_task_marker_dag.py
[2023-02-24 11:01:17,028] {processor.py:641} INFO - Processing file /home/alura/Documents/Medalhas/venv/lib/python3.9/site-packages/airflow/example_dags/example_external_task_marker_dag.py for tasks to queue
[2023-02-24 11:01:17,028] {logging_mixin.py:115} INFO - [2023-02-24 11:01:17,028] {dagbag.py:507} INFO - Filling up the DagBag from /home/alura/Documents/Medalhas/venv/lib/python3.9/site-packages/airflow/example_dags/example_external_task_marker_dag.py
[2023-02-24 11:01:17,031] {processor.py:651} INFO - DAG(s) dict_keys(['example_external_task_marker_parent', 'example_external_task_marker_child']) retrieved from /home/alura/Documents/Medalhas/venv/lib/python3.9/site-packages/airflow/example_dags/example_external_task_marker_dag.py
[2023-02-24 11:01:17,043] {logging_mixin.py:115} INFO - [2023-02-24 11:01:17,043] {dag.py:2379} INFO - Sync 2 DAGs
[2023-02-24 11:01:17,052] {logging_mixin.py:115} INFO - [2023-02-24 11:01:17,051] {dag.py:2927} INFO - Setting next_dagrun for example_external_task_marker_child to None, run_after=None
[2023-02-24 11:01:17,052] {logging_mixin.py:115} INFO - [2023-02-24 11:01:17,052] {dag.py:2927} INFO - Setting next_dagrun for example_external_task_marker_parent to None, run_after=None
[2023-02-24 11:01:17,058] {processor.py:161} INFO - Processing /home/alura/Documents/Medalhas/venv/lib/python3.9/site-packages/airflow/example_dags/example_external_task_marker_dag.py took 0.033 seconds
[2023-02-24 11:01:50,005] {processor.py:153} INFO - Started process (PID=11295) to work on /home/alura/Documents/Medalhas/venv/lib/python3.9/site-packages/airflow/example_dags/example_external_task_marker_dag.py
[2023-02-24 11:01:50,005] {processor.py:641} INFO - Processing file /home/alura/Documents/Medalhas/venv/lib/python3.9/site-packages/airflow/example_dags/example_external_task_marker_dag.py for tasks to queue
[2023-02-24 11:01:50,006] {logging_mixin.py:115} INFO - [2023-02-24 11:01:50,006] {dagbag.py:507} INFO - Filling up the DagBag from /home/alura/Documents/Medalhas/venv/lib/python3.9/site-packages/airflow/example_dags/example_external_task_marker_dag.py
[2023-02-24 11:01:50,008] {processor.py:651} INFO - DAG(s) dict_keys(['example_external_task_marker_parent', 'example_external_task_marker_child']) retrieved from /home/alura/Documents/Medalhas/venv/lib/python3.9/site-packages/airflow/example_dags/example_external_task_marker_dag.py
[2023-02-24 11:01:50,021] {logging_mixin.py:115} INFO - [2023-02-24 11:01:50,021] {dag.py:2379} INFO - Sync 2 DAGs
[2023-02-24 11:01:50,030] {logging_mixin.py:115} INFO - [2023-02-24 11:01:50,029] {dag.py:2927} INFO - Setting next_dagrun for example_external_task_marker_child to None, run_after=None
[2023-02-24 11:01:50,030] {logging_mixin.py:115} INFO - [2023-02-24 11:01:50,030] {dag.py:2927} INFO - Setting next_dagrun for example_external_task_marker_parent to None, run_after=None
[2023-02-24 11:01:50,037] {processor.py:161} INFO - Processing /home/alura/Documents/Medalhas/venv/lib/python3.9/site-packages/airflow/example_dags/example_external_task_marker_dag.py took 0.034 seconds
[2023-02-24 11:02:22,547] {processor.py:153} INFO - Started process (PID=11465) to work on /home/alura/Documents/Medalhas/venv/lib/python3.9/site-packages/airflow/example_dags/example_external_task_marker_dag.py
[2023-02-24 11:02:22,548] {processor.py:641} INFO - Processing file /home/alura/Documents/Medalhas/venv/lib/python3.9/site-packages/airflow/example_dags/example_external_task_marker_dag.py for tasks to queue
[2023-02-24 11:02:22,548] {logging_mixin.py:115} INFO - [2023-02-24 11:02:22,548] {dagbag.py:507} INFO - Filling up the DagBag from /home/alura/Documents/Medalhas/venv/lib/python3.9/site-packages/airflow/example_dags/example_external_task_marker_dag.py
[2023-02-24 11:02:22,550] {processor.py:651} INFO - DAG(s) dict_keys(['example_external_task_marker_parent', 'example_external_task_marker_child']) retrieved from /home/alura/Documents/Medalhas/venv/lib/python3.9/site-packages/airflow/example_dags/example_external_task_marker_dag.py
[2023-02-24 11:02:22,563] {logging_mixin.py:115} INFO - [2023-02-24 11:02:22,563] {dag.py:2379} INFO - Sync 2 DAGs
[2023-02-24 11:02:22,572] {logging_mixin.py:115} INFO - [2023-02-24 11:02:22,572] {dag.py:2927} INFO - Setting next_dagrun for example_external_task_marker_child to None, run_after=None
[2023-02-24 11:02:22,572] {logging_mixin.py:115} INFO - [2023-02-24 11:02:22,572] {dag.py:2927} INFO - Setting next_dagrun for example_external_task_marker_parent to None, run_after=None
[2023-02-24 11:02:22,578] {processor.py:161} INFO - Processing /home/alura/Documents/Medalhas/venv/lib/python3.9/site-packages/airflow/example_dags/example_external_task_marker_dag.py took 0.033 seconds
[2023-02-24 11:02:55,560] {processor.py:153} INFO - Started process (PID=11635) to work on /home/alura/Documents/Medalhas/venv/lib/python3.9/site-packages/airflow/example_dags/example_external_task_marker_dag.py
[2023-02-24 11:02:55,561] {processor.py:641} INFO - Processing file /home/alura/Documents/Medalhas/venv/lib/python3.9/site-packages/airflow/example_dags/example_external_task_marker_dag.py for tasks to queue
[2023-02-24 11:02:55,561] {logging_mixin.py:115} INFO - [2023-02-24 11:02:55,561] {dagbag.py:507} INFO - Filling up the DagBag from /home/alura/Documents/Medalhas/venv/lib/python3.9/site-packages/airflow/example_dags/example_external_task_marker_dag.py
[2023-02-24 11:02:55,563] {processor.py:651} INFO - DAG(s) dict_keys(['example_external_task_marker_parent', 'example_external_task_marker_child']) retrieved from /home/alura/Documents/Medalhas/venv/lib/python3.9/site-packages/airflow/example_dags/example_external_task_marker_dag.py
[2023-02-24 11:02:55,576] {logging_mixin.py:115} INFO - [2023-02-24 11:02:55,576] {dag.py:2379} INFO - Sync 2 DAGs
[2023-02-24 11:02:55,584] {logging_mixin.py:115} INFO - [2023-02-24 11:02:55,584] {dag.py:2927} INFO - Setting next_dagrun for example_external_task_marker_child to None, run_after=None
[2023-02-24 11:02:55,584] {logging_mixin.py:115} INFO - [2023-02-24 11:02:55,584] {dag.py:2927} INFO - Setting next_dagrun for example_external_task_marker_parent to None, run_after=None
[2023-02-24 11:02:55,591] {processor.py:161} INFO - Processing /home/alura/Documents/Medalhas/venv/lib/python3.9/site-packages/airflow/example_dags/example_external_task_marker_dag.py took 0.033 seconds
[2023-02-24 11:03:27,198] {processor.py:153} INFO - Started process (PID=11802) to work on /home/alura/Documents/Medalhas/venv/lib/python3.9/site-packages/airflow/example_dags/example_external_task_marker_dag.py
[2023-02-24 11:03:27,199] {processor.py:641} INFO - Processing file /home/alura/Documents/Medalhas/venv/lib/python3.9/site-packages/airflow/example_dags/example_external_task_marker_dag.py for tasks to queue
[2023-02-24 11:03:27,199] {logging_mixin.py:115} INFO - [2023-02-24 11:03:27,199] {dagbag.py:507} INFO - Filling up the DagBag from /home/alura/Documents/Medalhas/venv/lib/python3.9/site-packages/airflow/example_dags/example_external_task_marker_dag.py
[2023-02-24 11:03:27,201] {processor.py:651} INFO - DAG(s) dict_keys(['example_external_task_marker_parent', 'example_external_task_marker_child']) retrieved from /home/alura/Documents/Medalhas/venv/lib/python3.9/site-packages/airflow/example_dags/example_external_task_marker_dag.py
[2023-02-24 11:03:27,213] {logging_mixin.py:115} INFO - [2023-02-24 11:03:27,213] {dag.py:2379} INFO - Sync 2 DAGs
[2023-02-24 11:03:27,222] {logging_mixin.py:115} INFO - [2023-02-24 11:03:27,222] {dag.py:2927} INFO - Setting next_dagrun for example_external_task_marker_child to None, run_after=None
[2023-02-24 11:03:27,222] {logging_mixin.py:115} INFO - [2023-02-24 11:03:27,222] {dag.py:2927} INFO - Setting next_dagrun for example_external_task_marker_parent to None, run_after=None
[2023-02-24 11:03:27,229] {processor.py:161} INFO - Processing /home/alura/Documents/Medalhas/venv/lib/python3.9/site-packages/airflow/example_dags/example_external_task_marker_dag.py took 0.032 seconds
[2023-02-24 11:03:59,967] {processor.py:153} INFO - Started process (PID=12050) to work on /home/alura/Documents/Medalhas/venv/lib/python3.9/site-packages/airflow/example_dags/example_external_task_marker_dag.py
[2023-02-24 11:03:59,968] {processor.py:641} INFO - Processing file /home/alura/Documents/Medalhas/venv/lib/python3.9/site-packages/airflow/example_dags/example_external_task_marker_dag.py for tasks to queue
[2023-02-24 11:03:59,968] {logging_mixin.py:115} INFO - [2023-02-24 11:03:59,968] {dagbag.py:507} INFO - Filling up the DagBag from /home/alura/Documents/Medalhas/venv/lib/python3.9/site-packages/airflow/example_dags/example_external_task_marker_dag.py
[2023-02-24 11:03:59,971] {processor.py:651} INFO - DAG(s) dict_keys(['example_external_task_marker_parent', 'example_external_task_marker_child']) retrieved from /home/alura/Documents/Medalhas/venv/lib/python3.9/site-packages/airflow/example_dags/example_external_task_marker_dag.py
[2023-02-24 11:03:59,985] {logging_mixin.py:115} INFO - [2023-02-24 11:03:59,985] {dag.py:2379} INFO - Sync 2 DAGs
[2023-02-24 11:03:59,994] {logging_mixin.py:115} INFO - [2023-02-24 11:03:59,994] {dag.py:2927} INFO - Setting next_dagrun for example_external_task_marker_child to None, run_after=None
[2023-02-24 11:03:59,994] {logging_mixin.py:115} INFO - [2023-02-24 11:03:59,994] {dag.py:2927} INFO - Setting next_dagrun for example_external_task_marker_parent to None, run_after=None
[2023-02-24 11:04:00,001] {processor.py:161} INFO - Processing /home/alura/Documents/Medalhas/venv/lib/python3.9/site-packages/airflow/example_dags/example_external_task_marker_dag.py took 0.036 seconds
[2023-02-24 11:04:34,805] {processor.py:153} INFO - Started process (PID=12258) to work on /home/alura/Documents/Medalhas/venv/lib/python3.9/site-packages/airflow/example_dags/example_external_task_marker_dag.py
[2023-02-24 11:04:34,806] {processor.py:641} INFO - Processing file /home/alura/Documents/Medalhas/venv/lib/python3.9/site-packages/airflow/example_dags/example_external_task_marker_dag.py for tasks to queue
[2023-02-24 11:04:34,806] {logging_mixin.py:115} INFO - [2023-02-24 11:04:34,806] {dagbag.py:507} INFO - Filling up the DagBag from /home/alura/Documents/Medalhas/venv/lib/python3.9/site-packages/airflow/example_dags/example_external_task_marker_dag.py
[2023-02-24 11:04:34,808] {processor.py:651} INFO - DAG(s) dict_keys(['example_external_task_marker_parent', 'example_external_task_marker_child']) retrieved from /home/alura/Documents/Medalhas/venv/lib/python3.9/site-packages/airflow/example_dags/example_external_task_marker_dag.py
[2023-02-24 11:04:34,822] {logging_mixin.py:115} INFO - [2023-02-24 11:04:34,822] {dag.py:2379} INFO - Sync 2 DAGs
[2023-02-24 11:04:34,831] {logging_mixin.py:115} INFO - [2023-02-24 11:04:34,831] {dag.py:2927} INFO - Setting next_dagrun for example_external_task_marker_child to None, run_after=None
[2023-02-24 11:04:34,831] {logging_mixin.py:115} INFO - [2023-02-24 11:04:34,831] {dag.py:2927} INFO - Setting next_dagrun for example_external_task_marker_parent to None, run_after=None
[2023-02-24 11:04:34,838] {processor.py:161} INFO - Processing /home/alura/Documents/Medalhas/venv/lib/python3.9/site-packages/airflow/example_dags/example_external_task_marker_dag.py took 0.034 seconds
[2023-02-24 11:05:09,407] {processor.py:153} INFO - Started process (PID=12466) to work on /home/alura/Documents/Medalhas/venv/lib/python3.9/site-packages/airflow/example_dags/example_external_task_marker_dag.py
[2023-02-24 11:05:09,408] {processor.py:641} INFO - Processing file /home/alura/Documents/Medalhas/venv/lib/python3.9/site-packages/airflow/example_dags/example_external_task_marker_dag.py for tasks to queue
[2023-02-24 11:05:09,408] {logging_mixin.py:115} INFO - [2023-02-24 11:05:09,408] {dagbag.py:507} INFO - Filling up the DagBag from /home/alura/Documents/Medalhas/venv/lib/python3.9/site-packages/airflow/example_dags/example_external_task_marker_dag.py
[2023-02-24 11:05:09,410] {processor.py:651} INFO - DAG(s) dict_keys(['example_external_task_marker_parent', 'example_external_task_marker_child']) retrieved from /home/alura/Documents/Medalhas/venv/lib/python3.9/site-packages/airflow/example_dags/example_external_task_marker_dag.py
[2023-02-24 11:05:09,426] {logging_mixin.py:115} INFO - [2023-02-24 11:05:09,425] {dag.py:2379} INFO - Sync 2 DAGs
[2023-02-24 11:05:09,435] {logging_mixin.py:115} INFO - [2023-02-24 11:05:09,435] {dag.py:2927} INFO - Setting next_dagrun for example_external_task_marker_child to None, run_after=None
[2023-02-24 11:05:09,435] {logging_mixin.py:115} INFO - [2023-02-24 11:05:09,435] {dag.py:2927} INFO - Setting next_dagrun for example_external_task_marker_parent to None, run_after=None
[2023-02-24 11:05:09,442] {processor.py:161} INFO - Processing /home/alura/Documents/Medalhas/venv/lib/python3.9/site-packages/airflow/example_dags/example_external_task_marker_dag.py took 0.036 seconds
