[2023-02-24 10:47:25,184] {processor.py:153} INFO - Started process (PID=6033) to work on /home/alura/Documents/Medalhas/venv/lib/python3.9/site-packages/airflow/example_dags/example_task_group_decorator.py
[2023-02-24 10:47:25,185] {processor.py:641} INFO - Processing file /home/alura/Documents/Medalhas/venv/lib/python3.9/site-packages/airflow/example_dags/example_task_group_decorator.py for tasks to queue
[2023-02-24 10:47:25,186] {logging_mixin.py:115} INFO - [2023-02-24 10:47:25,186] {dagbag.py:507} INFO - Filling up the DagBag from /home/alura/Documents/Medalhas/venv/lib/python3.9/site-packages/airflow/example_dags/example_task_group_decorator.py
[2023-02-24 10:47:25,219] {processor.py:651} INFO - DAG(s) dict_keys(['example_task_group_decorator']) retrieved from /home/alura/Documents/Medalhas/venv/lib/python3.9/site-packages/airflow/example_dags/example_task_group_decorator.py
[2023-02-24 10:47:25,345] {logging_mixin.py:115} INFO - [2023-02-24 10:47:25,344] {manager.py:508} INFO - Created Permission View: can delete on DAG:example_task_group_decorator
[2023-02-24 10:47:25,351] {logging_mixin.py:115} INFO - [2023-02-24 10:47:25,351] {manager.py:508} INFO - Created Permission View: can edit on DAG:example_task_group_decorator
[2023-02-24 10:47:25,356] {logging_mixin.py:115} INFO - [2023-02-24 10:47:25,355] {manager.py:508} INFO - Created Permission View: can read on DAG:example_task_group_decorator
[2023-02-24 10:47:25,356] {logging_mixin.py:115} INFO - [2023-02-24 10:47:25,356] {dag.py:2379} INFO - Sync 1 DAGs
[2023-02-24 10:47:25,366] {logging_mixin.py:115} INFO - [2023-02-24 10:47:25,366] {dag.py:2398} INFO - Creating ORM DAG for example_task_group_decorator
[2023-02-24 10:47:25,379] {logging_mixin.py:115} INFO - [2023-02-24 10:47:25,378] {dag.py:2927} INFO - Setting next_dagrun for example_task_group_decorator to 2023-02-23T18:47:25.378445+00:00, run_after=2023-02-24T18:47:25.378445+00:00
[2023-02-24 10:47:25,393] {processor.py:161} INFO - Processing /home/alura/Documents/Medalhas/venv/lib/python3.9/site-packages/airflow/example_dags/example_task_group_decorator.py took 0.220 seconds
[2023-02-24 10:48:01,179] {processor.py:153} INFO - Started process (PID=6290) to work on /home/alura/Documents/Medalhas/venv/lib/python3.9/site-packages/airflow/example_dags/example_task_group_decorator.py
[2023-02-24 10:48:01,180] {processor.py:641} INFO - Processing file /home/alura/Documents/Medalhas/venv/lib/python3.9/site-packages/airflow/example_dags/example_task_group_decorator.py for tasks to queue
[2023-02-24 10:48:01,180] {logging_mixin.py:115} INFO - [2023-02-24 10:48:01,180] {dagbag.py:507} INFO - Filling up the DagBag from /home/alura/Documents/Medalhas/venv/lib/python3.9/site-packages/airflow/example_dags/example_task_group_decorator.py
[2023-02-24 10:48:01,195] {processor.py:651} INFO - DAG(s) dict_keys(['example_task_group_decorator']) retrieved from /home/alura/Documents/Medalhas/venv/lib/python3.9/site-packages/airflow/example_dags/example_task_group_decorator.py
[2023-02-24 10:48:01,220] {logging_mixin.py:115} INFO - [2023-02-24 10:48:01,220] {dag.py:2379} INFO - Sync 1 DAGs
[2023-02-24 10:48:01,228] {logging_mixin.py:115} INFO - [2023-02-24 10:48:01,228] {dag.py:2927} INFO - Setting next_dagrun for example_task_group_decorator to 2023-02-23T18:48:01.228437+00:00, run_after=2023-02-24T18:48:01.228437+00:00
[2023-02-24 10:48:01,236] {processor.py:161} INFO - Processing /home/alura/Documents/Medalhas/venv/lib/python3.9/site-packages/airflow/example_dags/example_task_group_decorator.py took 0.059 seconds
[2023-02-24 10:48:34,658] {processor.py:153} INFO - Started process (PID=6650) to work on /home/alura/Documents/Medalhas/venv/lib/python3.9/site-packages/airflow/example_dags/example_task_group_decorator.py
[2023-02-24 10:48:34,659] {processor.py:641} INFO - Processing file /home/alura/Documents/Medalhas/venv/lib/python3.9/site-packages/airflow/example_dags/example_task_group_decorator.py for tasks to queue
[2023-02-24 10:48:34,659] {logging_mixin.py:115} INFO - [2023-02-24 10:48:34,659] {dagbag.py:507} INFO - Filling up the DagBag from /home/alura/Documents/Medalhas/venv/lib/python3.9/site-packages/airflow/example_dags/example_task_group_decorator.py
[2023-02-24 10:48:34,673] {processor.py:651} INFO - DAG(s) dict_keys(['example_task_group_decorator']) retrieved from /home/alura/Documents/Medalhas/venv/lib/python3.9/site-packages/airflow/example_dags/example_task_group_decorator.py
[2023-02-24 10:48:34,697] {logging_mixin.py:115} INFO - [2023-02-24 10:48:34,697] {dag.py:2379} INFO - Sync 1 DAGs
[2023-02-24 10:48:34,705] {logging_mixin.py:115} INFO - [2023-02-24 10:48:34,705] {dag.py:2927} INFO - Setting next_dagrun for example_task_group_decorator to 2023-02-23T18:48:34.705574+00:00, run_after=2023-02-24T18:48:34.705574+00:00
[2023-02-24 10:48:34,713] {processor.py:161} INFO - Processing /home/alura/Documents/Medalhas/venv/lib/python3.9/site-packages/airflow/example_dags/example_task_group_decorator.py took 0.056 seconds
[2023-02-24 10:49:06,701] {processor.py:153} INFO - Started process (PID=7020) to work on /home/alura/Documents/Medalhas/venv/lib/python3.9/site-packages/airflow/example_dags/example_task_group_decorator.py
[2023-02-24 10:49:06,702] {processor.py:641} INFO - Processing file /home/alura/Documents/Medalhas/venv/lib/python3.9/site-packages/airflow/example_dags/example_task_group_decorator.py for tasks to queue
[2023-02-24 10:49:06,702] {logging_mixin.py:115} INFO - [2023-02-24 10:49:06,702] {dagbag.py:507} INFO - Filling up the DagBag from /home/alura/Documents/Medalhas/venv/lib/python3.9/site-packages/airflow/example_dags/example_task_group_decorator.py
[2023-02-24 10:49:06,715] {processor.py:651} INFO - DAG(s) dict_keys(['example_task_group_decorator']) retrieved from /home/alura/Documents/Medalhas/venv/lib/python3.9/site-packages/airflow/example_dags/example_task_group_decorator.py
[2023-02-24 10:49:06,739] {logging_mixin.py:115} INFO - [2023-02-24 10:49:06,739] {dag.py:2379} INFO - Sync 1 DAGs
[2023-02-24 10:49:06,747] {logging_mixin.py:115} INFO - [2023-02-24 10:49:06,747] {dag.py:2927} INFO - Setting next_dagrun for example_task_group_decorator to 2023-02-23T18:49:06.746995+00:00, run_after=2023-02-24T18:49:06.746995+00:00
[2023-02-24 10:49:06,755] {processor.py:161} INFO - Processing /home/alura/Documents/Medalhas/venv/lib/python3.9/site-packages/airflow/example_dags/example_task_group_decorator.py took 0.055 seconds
[2023-02-24 10:49:41,988] {processor.py:153} INFO - Started process (PID=7426) to work on /home/alura/Documents/Medalhas/venv/lib/python3.9/site-packages/airflow/example_dags/example_task_group_decorator.py
[2023-02-24 10:49:41,988] {processor.py:641} INFO - Processing file /home/alura/Documents/Medalhas/venv/lib/python3.9/site-packages/airflow/example_dags/example_task_group_decorator.py for tasks to queue
[2023-02-24 10:49:41,988] {logging_mixin.py:115} INFO - [2023-02-24 10:49:41,988] {dagbag.py:507} INFO - Filling up the DagBag from /home/alura/Documents/Medalhas/venv/lib/python3.9/site-packages/airflow/example_dags/example_task_group_decorator.py
[2023-02-24 10:49:42,001] {processor.py:651} INFO - DAG(s) dict_keys(['example_task_group_decorator']) retrieved from /home/alura/Documents/Medalhas/venv/lib/python3.9/site-packages/airflow/example_dags/example_task_group_decorator.py
[2023-02-24 10:49:42,025] {logging_mixin.py:115} INFO - [2023-02-24 10:49:42,025] {dag.py:2379} INFO - Sync 1 DAGs
[2023-02-24 10:49:42,033] {logging_mixin.py:115} INFO - [2023-02-24 10:49:42,033] {dag.py:2927} INFO - Setting next_dagrun for example_task_group_decorator to 2023-02-23T18:49:42.033369+00:00, run_after=2023-02-24T18:49:42.033369+00:00
[2023-02-24 10:49:42,040] {processor.py:161} INFO - Processing /home/alura/Documents/Medalhas/venv/lib/python3.9/site-packages/airflow/example_dags/example_task_group_decorator.py took 0.054 seconds
[2023-02-24 10:50:15,922] {processor.py:153} INFO - Started process (PID=7605) to work on /home/alura/Documents/Medalhas/venv/lib/python3.9/site-packages/airflow/example_dags/example_task_group_decorator.py
[2023-02-24 10:50:15,923] {processor.py:641} INFO - Processing file /home/alura/Documents/Medalhas/venv/lib/python3.9/site-packages/airflow/example_dags/example_task_group_decorator.py for tasks to queue
[2023-02-24 10:50:15,923] {logging_mixin.py:115} INFO - [2023-02-24 10:50:15,923] {dagbag.py:507} INFO - Filling up the DagBag from /home/alura/Documents/Medalhas/venv/lib/python3.9/site-packages/airflow/example_dags/example_task_group_decorator.py
[2023-02-24 10:50:15,936] {processor.py:651} INFO - DAG(s) dict_keys(['example_task_group_decorator']) retrieved from /home/alura/Documents/Medalhas/venv/lib/python3.9/site-packages/airflow/example_dags/example_task_group_decorator.py
[2023-02-24 10:50:15,959] {logging_mixin.py:115} INFO - [2023-02-24 10:50:15,959] {dag.py:2379} INFO - Sync 1 DAGs
[2023-02-24 10:50:15,967] {logging_mixin.py:115} INFO - [2023-02-24 10:50:15,967] {dag.py:2927} INFO - Setting next_dagrun for example_task_group_decorator to 2023-02-23T18:50:15.967297+00:00, run_after=2023-02-24T18:50:15.967297+00:00
[2023-02-24 10:50:15,974] {processor.py:161} INFO - Processing /home/alura/Documents/Medalhas/venv/lib/python3.9/site-packages/airflow/example_dags/example_task_group_decorator.py took 0.053 seconds
[2023-02-24 10:50:48,554] {processor.py:153} INFO - Started process (PID=7778) to work on /home/alura/Documents/Medalhas/venv/lib/python3.9/site-packages/airflow/example_dags/example_task_group_decorator.py
[2023-02-24 10:50:48,555] {processor.py:641} INFO - Processing file /home/alura/Documents/Medalhas/venv/lib/python3.9/site-packages/airflow/example_dags/example_task_group_decorator.py for tasks to queue
[2023-02-24 10:50:48,555] {logging_mixin.py:115} INFO - [2023-02-24 10:50:48,555] {dagbag.py:507} INFO - Filling up the DagBag from /home/alura/Documents/Medalhas/venv/lib/python3.9/site-packages/airflow/example_dags/example_task_group_decorator.py
[2023-02-24 10:50:48,568] {processor.py:651} INFO - DAG(s) dict_keys(['example_task_group_decorator']) retrieved from /home/alura/Documents/Medalhas/venv/lib/python3.9/site-packages/airflow/example_dags/example_task_group_decorator.py
[2023-02-24 10:50:48,591] {logging_mixin.py:115} INFO - [2023-02-24 10:50:48,591] {dag.py:2379} INFO - Sync 1 DAGs
[2023-02-24 10:50:48,599] {logging_mixin.py:115} INFO - [2023-02-24 10:50:48,599] {dag.py:2927} INFO - Setting next_dagrun for example_task_group_decorator to 2023-02-23T18:50:48.598849+00:00, run_after=2023-02-24T18:50:48.598849+00:00
[2023-02-24 10:50:48,606] {processor.py:161} INFO - Processing /home/alura/Documents/Medalhas/venv/lib/python3.9/site-packages/airflow/example_dags/example_task_group_decorator.py took 0.053 seconds
[2023-02-24 10:51:23,884] {processor.py:153} INFO - Started process (PID=7960) to work on /home/alura/Documents/Medalhas/venv/lib/python3.9/site-packages/airflow/example_dags/example_task_group_decorator.py
[2023-02-24 10:51:23,885] {processor.py:641} INFO - Processing file /home/alura/Documents/Medalhas/venv/lib/python3.9/site-packages/airflow/example_dags/example_task_group_decorator.py for tasks to queue
[2023-02-24 10:51:23,885] {logging_mixin.py:115} INFO - [2023-02-24 10:51:23,885] {dagbag.py:507} INFO - Filling up the DagBag from /home/alura/Documents/Medalhas/venv/lib/python3.9/site-packages/airflow/example_dags/example_task_group_decorator.py
[2023-02-24 10:51:23,897] {processor.py:651} INFO - DAG(s) dict_keys(['example_task_group_decorator']) retrieved from /home/alura/Documents/Medalhas/venv/lib/python3.9/site-packages/airflow/example_dags/example_task_group_decorator.py
[2023-02-24 10:51:23,921] {logging_mixin.py:115} INFO - [2023-02-24 10:51:23,921] {dag.py:2379} INFO - Sync 1 DAGs
[2023-02-24 10:51:23,929] {logging_mixin.py:115} INFO - [2023-02-24 10:51:23,929] {dag.py:2927} INFO - Setting next_dagrun for example_task_group_decorator to 2023-02-23T18:51:23.929182+00:00, run_after=2023-02-24T18:51:23.929182+00:00
[2023-02-24 10:51:23,936] {processor.py:161} INFO - Processing /home/alura/Documents/Medalhas/venv/lib/python3.9/site-packages/airflow/example_dags/example_task_group_decorator.py took 0.054 seconds
[2023-02-24 10:51:57,022] {processor.py:153} INFO - Started process (PID=8137) to work on /home/alura/Documents/Medalhas/venv/lib/python3.9/site-packages/airflow/example_dags/example_task_group_decorator.py
[2023-02-24 10:51:57,023] {processor.py:641} INFO - Processing file /home/alura/Documents/Medalhas/venv/lib/python3.9/site-packages/airflow/example_dags/example_task_group_decorator.py for tasks to queue
[2023-02-24 10:51:57,023] {logging_mixin.py:115} INFO - [2023-02-24 10:51:57,023] {dagbag.py:507} INFO - Filling up the DagBag from /home/alura/Documents/Medalhas/venv/lib/python3.9/site-packages/airflow/example_dags/example_task_group_decorator.py
[2023-02-24 10:51:57,036] {processor.py:651} INFO - DAG(s) dict_keys(['example_task_group_decorator']) retrieved from /home/alura/Documents/Medalhas/venv/lib/python3.9/site-packages/airflow/example_dags/example_task_group_decorator.py
[2023-02-24 10:51:57,045] {logging_mixin.py:115} INFO - [2023-02-24 10:51:57,045] {dag.py:2379} INFO - Sync 1 DAGs
[2023-02-24 10:51:57,055] {logging_mixin.py:115} INFO - [2023-02-24 10:51:57,054] {dag.py:2927} INFO - Setting next_dagrun for example_task_group_decorator to 2023-02-23T18:51:57.054689+00:00, run_after=2023-02-24T18:51:57.054689+00:00
[2023-02-24 10:51:57,065] {processor.py:161} INFO - Processing /home/alura/Documents/Medalhas/venv/lib/python3.9/site-packages/airflow/example_dags/example_task_group_decorator.py took 0.044 seconds
[2023-02-24 10:52:30,772] {processor.py:153} INFO - Started process (PID=8307) to work on /home/alura/Documents/Medalhas/venv/lib/python3.9/site-packages/airflow/example_dags/example_task_group_decorator.py
[2023-02-24 10:52:30,772] {processor.py:641} INFO - Processing file /home/alura/Documents/Medalhas/venv/lib/python3.9/site-packages/airflow/example_dags/example_task_group_decorator.py for tasks to queue
[2023-02-24 10:52:30,772] {logging_mixin.py:115} INFO - [2023-02-24 10:52:30,772] {dagbag.py:507} INFO - Filling up the DagBag from /home/alura/Documents/Medalhas/venv/lib/python3.9/site-packages/airflow/example_dags/example_task_group_decorator.py
[2023-02-24 10:52:30,785] {processor.py:651} INFO - DAG(s) dict_keys(['example_task_group_decorator']) retrieved from /home/alura/Documents/Medalhas/venv/lib/python3.9/site-packages/airflow/example_dags/example_task_group_decorator.py
[2023-02-24 10:52:30,813] {logging_mixin.py:115} INFO - [2023-02-24 10:52:30,813] {dag.py:2379} INFO - Sync 1 DAGs
[2023-02-24 10:52:30,822] {logging_mixin.py:115} INFO - [2023-02-24 10:52:30,822] {dag.py:2927} INFO - Setting next_dagrun for example_task_group_decorator to 2023-02-23T18:52:30.821916+00:00, run_after=2023-02-24T18:52:30.821916+00:00
[2023-02-24 10:52:30,831] {processor.py:161} INFO - Processing /home/alura/Documents/Medalhas/venv/lib/python3.9/site-packages/airflow/example_dags/example_task_group_decorator.py took 0.061 seconds
[2023-02-24 10:53:04,808] {processor.py:153} INFO - Started process (PID=8479) to work on /home/alura/Documents/Medalhas/venv/lib/python3.9/site-packages/airflow/example_dags/example_task_group_decorator.py
[2023-02-24 10:53:04,808] {processor.py:641} INFO - Processing file /home/alura/Documents/Medalhas/venv/lib/python3.9/site-packages/airflow/example_dags/example_task_group_decorator.py for tasks to queue
[2023-02-24 10:53:04,808] {logging_mixin.py:115} INFO - [2023-02-24 10:53:04,808] {dagbag.py:507} INFO - Filling up the DagBag from /home/alura/Documents/Medalhas/venv/lib/python3.9/site-packages/airflow/example_dags/example_task_group_decorator.py
[2023-02-24 10:53:04,820] {processor.py:651} INFO - DAG(s) dict_keys(['example_task_group_decorator']) retrieved from /home/alura/Documents/Medalhas/venv/lib/python3.9/site-packages/airflow/example_dags/example_task_group_decorator.py
[2023-02-24 10:53:04,829] {logging_mixin.py:115} INFO - [2023-02-24 10:53:04,829] {dag.py:2379} INFO - Sync 1 DAGs
[2023-02-24 10:53:04,837] {logging_mixin.py:115} INFO - [2023-02-24 10:53:04,837] {dag.py:2927} INFO - Setting next_dagrun for example_task_group_decorator to 2023-02-23T18:53:04.837564+00:00, run_after=2023-02-24T18:53:04.837564+00:00
[2023-02-24 10:53:04,845] {processor.py:161} INFO - Processing /home/alura/Documents/Medalhas/venv/lib/python3.9/site-packages/airflow/example_dags/example_task_group_decorator.py took 0.039 seconds
[2023-02-24 10:53:36,667] {processor.py:153} INFO - Started process (PID=8638) to work on /home/alura/Documents/Medalhas/venv/lib/python3.9/site-packages/airflow/example_dags/example_task_group_decorator.py
[2023-02-24 10:53:36,668] {processor.py:641} INFO - Processing file /home/alura/Documents/Medalhas/venv/lib/python3.9/site-packages/airflow/example_dags/example_task_group_decorator.py for tasks to queue
[2023-02-24 10:53:36,668] {logging_mixin.py:115} INFO - [2023-02-24 10:53:36,668] {dagbag.py:507} INFO - Filling up the DagBag from /home/alura/Documents/Medalhas/venv/lib/python3.9/site-packages/airflow/example_dags/example_task_group_decorator.py
[2023-02-24 10:53:36,680] {processor.py:651} INFO - DAG(s) dict_keys(['example_task_group_decorator']) retrieved from /home/alura/Documents/Medalhas/venv/lib/python3.9/site-packages/airflow/example_dags/example_task_group_decorator.py
[2023-02-24 10:53:36,689] {logging_mixin.py:115} INFO - [2023-02-24 10:53:36,689] {dag.py:2379} INFO - Sync 1 DAGs
[2023-02-24 10:53:36,697] {logging_mixin.py:115} INFO - [2023-02-24 10:53:36,697] {dag.py:2927} INFO - Setting next_dagrun for example_task_group_decorator to 2023-02-23T18:53:36.697584+00:00, run_after=2023-02-24T18:53:36.697584+00:00
[2023-02-24 10:53:36,705] {processor.py:161} INFO - Processing /home/alura/Documents/Medalhas/venv/lib/python3.9/site-packages/airflow/example_dags/example_task_group_decorator.py took 0.039 seconds
[2023-02-24 10:54:10,374] {processor.py:153} INFO - Started process (PID=8893) to work on /home/alura/Documents/Medalhas/venv/lib/python3.9/site-packages/airflow/example_dags/example_task_group_decorator.py
[2023-02-24 10:54:10,375] {processor.py:641} INFO - Processing file /home/alura/Documents/Medalhas/venv/lib/python3.9/site-packages/airflow/example_dags/example_task_group_decorator.py for tasks to queue
[2023-02-24 10:54:10,375] {logging_mixin.py:115} INFO - [2023-02-24 10:54:10,375] {dagbag.py:507} INFO - Filling up the DagBag from /home/alura/Documents/Medalhas/venv/lib/python3.9/site-packages/airflow/example_dags/example_task_group_decorator.py
[2023-02-24 10:54:10,388] {processor.py:651} INFO - DAG(s) dict_keys(['example_task_group_decorator']) retrieved from /home/alura/Documents/Medalhas/venv/lib/python3.9/site-packages/airflow/example_dags/example_task_group_decorator.py
[2023-02-24 10:54:10,413] {logging_mixin.py:115} INFO - [2023-02-24 10:54:10,413] {dag.py:2379} INFO - Sync 1 DAGs
[2023-02-24 10:54:10,421] {logging_mixin.py:115} INFO - [2023-02-24 10:54:10,420] {dag.py:2927} INFO - Setting next_dagrun for example_task_group_decorator to 2023-02-23T18:54:10.420797+00:00, run_after=2023-02-24T18:54:10.420797+00:00
[2023-02-24 10:54:10,428] {processor.py:161} INFO - Processing /home/alura/Documents/Medalhas/venv/lib/python3.9/site-packages/airflow/example_dags/example_task_group_decorator.py took 0.055 seconds
[2023-02-24 10:54:46,247] {processor.py:153} INFO - Started process (PID=9075) to work on /home/alura/Documents/Medalhas/venv/lib/python3.9/site-packages/airflow/example_dags/example_task_group_decorator.py
[2023-02-24 10:54:46,248] {processor.py:641} INFO - Processing file /home/alura/Documents/Medalhas/venv/lib/python3.9/site-packages/airflow/example_dags/example_task_group_decorator.py for tasks to queue
[2023-02-24 10:54:46,248] {logging_mixin.py:115} INFO - [2023-02-24 10:54:46,248] {dagbag.py:507} INFO - Filling up the DagBag from /home/alura/Documents/Medalhas/venv/lib/python3.9/site-packages/airflow/example_dags/example_task_group_decorator.py
[2023-02-24 10:54:46,261] {processor.py:651} INFO - DAG(s) dict_keys(['example_task_group_decorator']) retrieved from /home/alura/Documents/Medalhas/venv/lib/python3.9/site-packages/airflow/example_dags/example_task_group_decorator.py
[2023-02-24 10:54:46,269] {logging_mixin.py:115} INFO - [2023-02-24 10:54:46,269] {dag.py:2379} INFO - Sync 1 DAGs
[2023-02-24 10:54:46,278] {logging_mixin.py:115} INFO - [2023-02-24 10:54:46,278] {dag.py:2927} INFO - Setting next_dagrun for example_task_group_decorator to 2023-02-23T18:54:46.278077+00:00, run_after=2023-02-24T18:54:46.278077+00:00
[2023-02-24 10:54:46,284] {processor.py:161} INFO - Processing /home/alura/Documents/Medalhas/venv/lib/python3.9/site-packages/airflow/example_dags/example_task_group_decorator.py took 0.038 seconds
[2023-02-24 10:55:21,035] {processor.py:153} INFO - Started process (PID=9258) to work on /home/alura/Documents/Medalhas/venv/lib/python3.9/site-packages/airflow/example_dags/example_task_group_decorator.py
[2023-02-24 10:55:21,035] {processor.py:641} INFO - Processing file /home/alura/Documents/Medalhas/venv/lib/python3.9/site-packages/airflow/example_dags/example_task_group_decorator.py for tasks to queue
[2023-02-24 10:55:21,036] {logging_mixin.py:115} INFO - [2023-02-24 10:55:21,036] {dagbag.py:507} INFO - Filling up the DagBag from /home/alura/Documents/Medalhas/venv/lib/python3.9/site-packages/airflow/example_dags/example_task_group_decorator.py
[2023-02-24 10:55:21,048] {processor.py:651} INFO - DAG(s) dict_keys(['example_task_group_decorator']) retrieved from /home/alura/Documents/Medalhas/venv/lib/python3.9/site-packages/airflow/example_dags/example_task_group_decorator.py
[2023-02-24 10:55:21,072] {logging_mixin.py:115} INFO - [2023-02-24 10:55:21,072] {dag.py:2379} INFO - Sync 1 DAGs
[2023-02-24 10:55:21,080] {logging_mixin.py:115} INFO - [2023-02-24 10:55:21,080] {dag.py:2927} INFO - Setting next_dagrun for example_task_group_decorator to 2023-02-23T18:55:21.080477+00:00, run_after=2023-02-24T18:55:21.080477+00:00
[2023-02-24 10:55:21,088] {processor.py:161} INFO - Processing /home/alura/Documents/Medalhas/venv/lib/python3.9/site-packages/airflow/example_dags/example_task_group_decorator.py took 0.055 seconds
[2023-02-24 10:55:56,947] {processor.py:153} INFO - Started process (PID=9442) to work on /home/alura/Documents/Medalhas/venv/lib/python3.9/site-packages/airflow/example_dags/example_task_group_decorator.py
[2023-02-24 10:55:56,948] {processor.py:641} INFO - Processing file /home/alura/Documents/Medalhas/venv/lib/python3.9/site-packages/airflow/example_dags/example_task_group_decorator.py for tasks to queue
[2023-02-24 10:55:56,949] {logging_mixin.py:115} INFO - [2023-02-24 10:55:56,948] {dagbag.py:507} INFO - Filling up the DagBag from /home/alura/Documents/Medalhas/venv/lib/python3.9/site-packages/airflow/example_dags/example_task_group_decorator.py
[2023-02-24 10:55:56,961] {processor.py:651} INFO - DAG(s) dict_keys(['example_task_group_decorator']) retrieved from /home/alura/Documents/Medalhas/venv/lib/python3.9/site-packages/airflow/example_dags/example_task_group_decorator.py
[2023-02-24 10:55:56,970] {logging_mixin.py:115} INFO - [2023-02-24 10:55:56,970] {dag.py:2379} INFO - Sync 1 DAGs
[2023-02-24 10:55:56,979] {logging_mixin.py:115} INFO - [2023-02-24 10:55:56,979] {dag.py:2927} INFO - Setting next_dagrun for example_task_group_decorator to 2023-02-23T18:55:56.979092+00:00, run_after=2023-02-24T18:55:56.979092+00:00
[2023-02-24 10:55:56,986] {processor.py:161} INFO - Processing /home/alura/Documents/Medalhas/venv/lib/python3.9/site-packages/airflow/example_dags/example_task_group_decorator.py took 0.041 seconds
[2023-02-24 10:56:31,297] {processor.py:153} INFO - Started process (PID=9620) to work on /home/alura/Documents/Medalhas/venv/lib/python3.9/site-packages/airflow/example_dags/example_task_group_decorator.py
[2023-02-24 10:56:31,297] {processor.py:641} INFO - Processing file /home/alura/Documents/Medalhas/venv/lib/python3.9/site-packages/airflow/example_dags/example_task_group_decorator.py for tasks to queue
[2023-02-24 10:56:31,297] {logging_mixin.py:115} INFO - [2023-02-24 10:56:31,297] {dagbag.py:507} INFO - Filling up the DagBag from /home/alura/Documents/Medalhas/venv/lib/python3.9/site-packages/airflow/example_dags/example_task_group_decorator.py
[2023-02-24 10:56:31,309] {processor.py:651} INFO - DAG(s) dict_keys(['example_task_group_decorator']) retrieved from /home/alura/Documents/Medalhas/venv/lib/python3.9/site-packages/airflow/example_dags/example_task_group_decorator.py
[2023-02-24 10:56:31,318] {logging_mixin.py:115} INFO - [2023-02-24 10:56:31,318] {dag.py:2379} INFO - Sync 1 DAGs
[2023-02-24 10:56:31,327] {logging_mixin.py:115} INFO - [2023-02-24 10:56:31,326] {dag.py:2927} INFO - Setting next_dagrun for example_task_group_decorator to 2023-02-23T18:56:31.326739+00:00, run_after=2023-02-24T18:56:31.326739+00:00
[2023-02-24 10:56:31,334] {processor.py:161} INFO - Processing /home/alura/Documents/Medalhas/venv/lib/python3.9/site-packages/airflow/example_dags/example_task_group_decorator.py took 0.038 seconds
[2023-02-24 10:57:04,915] {processor.py:153} INFO - Started process (PID=9794) to work on /home/alura/Documents/Medalhas/venv/lib/python3.9/site-packages/airflow/example_dags/example_task_group_decorator.py
[2023-02-24 10:57:04,915] {processor.py:641} INFO - Processing file /home/alura/Documents/Medalhas/venv/lib/python3.9/site-packages/airflow/example_dags/example_task_group_decorator.py for tasks to queue
[2023-02-24 10:57:04,916] {logging_mixin.py:115} INFO - [2023-02-24 10:57:04,916] {dagbag.py:507} INFO - Filling up the DagBag from /home/alura/Documents/Medalhas/venv/lib/python3.9/site-packages/airflow/example_dags/example_task_group_decorator.py
[2023-02-24 10:57:04,928] {processor.py:651} INFO - DAG(s) dict_keys(['example_task_group_decorator']) retrieved from /home/alura/Documents/Medalhas/venv/lib/python3.9/site-packages/airflow/example_dags/example_task_group_decorator.py
[2023-02-24 10:57:04,952] {logging_mixin.py:115} INFO - [2023-02-24 10:57:04,952] {dag.py:2379} INFO - Sync 1 DAGs
[2023-02-24 10:57:04,960] {logging_mixin.py:115} INFO - [2023-02-24 10:57:04,960] {dag.py:2927} INFO - Setting next_dagrun for example_task_group_decorator to 2023-02-23T18:57:04.960152+00:00, run_after=2023-02-24T18:57:04.960152+00:00
[2023-02-24 10:57:04,967] {processor.py:161} INFO - Processing /home/alura/Documents/Medalhas/venv/lib/python3.9/site-packages/airflow/example_dags/example_task_group_decorator.py took 0.054 seconds
[2023-02-24 10:57:38,475] {processor.py:153} INFO - Started process (PID=9965) to work on /home/alura/Documents/Medalhas/venv/lib/python3.9/site-packages/airflow/example_dags/example_task_group_decorator.py
[2023-02-24 10:57:38,476] {processor.py:641} INFO - Processing file /home/alura/Documents/Medalhas/venv/lib/python3.9/site-packages/airflow/example_dags/example_task_group_decorator.py for tasks to queue
[2023-02-24 10:57:38,476] {logging_mixin.py:115} INFO - [2023-02-24 10:57:38,476] {dagbag.py:507} INFO - Filling up the DagBag from /home/alura/Documents/Medalhas/venv/lib/python3.9/site-packages/airflow/example_dags/example_task_group_decorator.py
[2023-02-24 10:57:38,489] {processor.py:651} INFO - DAG(s) dict_keys(['example_task_group_decorator']) retrieved from /home/alura/Documents/Medalhas/venv/lib/python3.9/site-packages/airflow/example_dags/example_task_group_decorator.py
[2023-02-24 10:57:38,498] {logging_mixin.py:115} INFO - [2023-02-24 10:57:38,498] {dag.py:2379} INFO - Sync 1 DAGs
[2023-02-24 10:57:38,507] {logging_mixin.py:115} INFO - [2023-02-24 10:57:38,507] {dag.py:2927} INFO - Setting next_dagrun for example_task_group_decorator to 2023-02-23T18:57:38.507455+00:00, run_after=2023-02-24T18:57:38.507455+00:00
[2023-02-24 10:57:38,514] {processor.py:161} INFO - Processing /home/alura/Documents/Medalhas/venv/lib/python3.9/site-packages/airflow/example_dags/example_task_group_decorator.py took 0.040 seconds
[2023-02-24 10:58:10,322] {processor.py:153} INFO - Started process (PID=10137) to work on /home/alura/Documents/Medalhas/venv/lib/python3.9/site-packages/airflow/example_dags/example_task_group_decorator.py
[2023-02-24 10:58:10,323] {processor.py:641} INFO - Processing file /home/alura/Documents/Medalhas/venv/lib/python3.9/site-packages/airflow/example_dags/example_task_group_decorator.py for tasks to queue
[2023-02-24 10:58:10,323] {logging_mixin.py:115} INFO - [2023-02-24 10:58:10,323] {dagbag.py:507} INFO - Filling up the DagBag from /home/alura/Documents/Medalhas/venv/lib/python3.9/site-packages/airflow/example_dags/example_task_group_decorator.py
[2023-02-24 10:58:10,335] {processor.py:651} INFO - DAG(s) dict_keys(['example_task_group_decorator']) retrieved from /home/alura/Documents/Medalhas/venv/lib/python3.9/site-packages/airflow/example_dags/example_task_group_decorator.py
[2023-02-24 10:58:10,344] {logging_mixin.py:115} INFO - [2023-02-24 10:58:10,344] {dag.py:2379} INFO - Sync 1 DAGs
[2023-02-24 10:58:10,353] {logging_mixin.py:115} INFO - [2023-02-24 10:58:10,353] {dag.py:2927} INFO - Setting next_dagrun for example_task_group_decorator to 2023-02-23T18:58:10.353442+00:00, run_after=2023-02-24T18:58:10.353442+00:00
[2023-02-24 10:58:10,361] {processor.py:161} INFO - Processing /home/alura/Documents/Medalhas/venv/lib/python3.9/site-packages/airflow/example_dags/example_task_group_decorator.py took 0.040 seconds
[2023-02-24 10:58:45,070] {processor.py:153} INFO - Started process (PID=10314) to work on /home/alura/Documents/Medalhas/venv/lib/python3.9/site-packages/airflow/example_dags/example_task_group_decorator.py
[2023-02-24 10:58:45,070] {processor.py:641} INFO - Processing file /home/alura/Documents/Medalhas/venv/lib/python3.9/site-packages/airflow/example_dags/example_task_group_decorator.py for tasks to queue
[2023-02-24 10:58:45,071] {logging_mixin.py:115} INFO - [2023-02-24 10:58:45,071] {dagbag.py:507} INFO - Filling up the DagBag from /home/alura/Documents/Medalhas/venv/lib/python3.9/site-packages/airflow/example_dags/example_task_group_decorator.py
[2023-02-24 10:58:45,083] {processor.py:651} INFO - DAG(s) dict_keys(['example_task_group_decorator']) retrieved from /home/alura/Documents/Medalhas/venv/lib/python3.9/site-packages/airflow/example_dags/example_task_group_decorator.py
[2023-02-24 10:58:45,092] {logging_mixin.py:115} INFO - [2023-02-24 10:58:45,092] {dag.py:2379} INFO - Sync 1 DAGs
[2023-02-24 10:58:45,101] {logging_mixin.py:115} INFO - [2023-02-24 10:58:45,101] {dag.py:2927} INFO - Setting next_dagrun for example_task_group_decorator to 2023-02-23T18:58:45.100893+00:00, run_after=2023-02-24T18:58:45.100893+00:00
[2023-02-24 10:58:45,108] {processor.py:161} INFO - Processing /home/alura/Documents/Medalhas/venv/lib/python3.9/site-packages/airflow/example_dags/example_task_group_decorator.py took 0.039 seconds
[2023-02-24 10:59:18,111] {processor.py:153} INFO - Started process (PID=10488) to work on /home/alura/Documents/Medalhas/venv/lib/python3.9/site-packages/airflow/example_dags/example_task_group_decorator.py
[2023-02-24 10:59:18,111] {processor.py:641} INFO - Processing file /home/alura/Documents/Medalhas/venv/lib/python3.9/site-packages/airflow/example_dags/example_task_group_decorator.py for tasks to queue
[2023-02-24 10:59:18,112] {logging_mixin.py:115} INFO - [2023-02-24 10:59:18,111] {dagbag.py:507} INFO - Filling up the DagBag from /home/alura/Documents/Medalhas/venv/lib/python3.9/site-packages/airflow/example_dags/example_task_group_decorator.py
[2023-02-24 10:59:18,124] {processor.py:651} INFO - DAG(s) dict_keys(['example_task_group_decorator']) retrieved from /home/alura/Documents/Medalhas/venv/lib/python3.9/site-packages/airflow/example_dags/example_task_group_decorator.py
[2023-02-24 10:59:18,132] {logging_mixin.py:115} INFO - [2023-02-24 10:59:18,132] {dag.py:2379} INFO - Sync 1 DAGs
[2023-02-24 10:59:18,141] {logging_mixin.py:115} INFO - [2023-02-24 10:59:18,141] {dag.py:2927} INFO - Setting next_dagrun for example_task_group_decorator to 2023-02-23T18:59:18.141518+00:00, run_after=2023-02-24T18:59:18.141518+00:00
[2023-02-24 10:59:18,148] {processor.py:161} INFO - Processing /home/alura/Documents/Medalhas/venv/lib/python3.9/site-packages/airflow/example_dags/example_task_group_decorator.py took 0.038 seconds
[2023-02-24 10:59:52,267] {processor.py:153} INFO - Started process (PID=10663) to work on /home/alura/Documents/Medalhas/venv/lib/python3.9/site-packages/airflow/example_dags/example_task_group_decorator.py
[2023-02-24 10:59:52,267] {processor.py:641} INFO - Processing file /home/alura/Documents/Medalhas/venv/lib/python3.9/site-packages/airflow/example_dags/example_task_group_decorator.py for tasks to queue
[2023-02-24 10:59:52,267] {logging_mixin.py:115} INFO - [2023-02-24 10:59:52,267] {dagbag.py:507} INFO - Filling up the DagBag from /home/alura/Documents/Medalhas/venv/lib/python3.9/site-packages/airflow/example_dags/example_task_group_decorator.py
[2023-02-24 10:59:52,279] {processor.py:651} INFO - DAG(s) dict_keys(['example_task_group_decorator']) retrieved from /home/alura/Documents/Medalhas/venv/lib/python3.9/site-packages/airflow/example_dags/example_task_group_decorator.py
[2023-02-24 10:59:52,289] {logging_mixin.py:115} INFO - [2023-02-24 10:59:52,289] {dag.py:2379} INFO - Sync 1 DAGs
[2023-02-24 10:59:52,297] {logging_mixin.py:115} INFO - [2023-02-24 10:59:52,297] {dag.py:2927} INFO - Setting next_dagrun for example_task_group_decorator to 2023-02-23T18:59:52.297314+00:00, run_after=2023-02-24T18:59:52.297314+00:00
[2023-02-24 10:59:52,304] {processor.py:161} INFO - Processing /home/alura/Documents/Medalhas/venv/lib/python3.9/site-packages/airflow/example_dags/example_task_group_decorator.py took 0.039 seconds
[2023-02-24 11:00:25,862] {processor.py:153} INFO - Started process (PID=10840) to work on /home/alura/Documents/Medalhas/venv/lib/python3.9/site-packages/airflow/example_dags/example_task_group_decorator.py
[2023-02-24 11:00:25,862] {processor.py:641} INFO - Processing file /home/alura/Documents/Medalhas/venv/lib/python3.9/site-packages/airflow/example_dags/example_task_group_decorator.py for tasks to queue
[2023-02-24 11:00:25,863] {logging_mixin.py:115} INFO - [2023-02-24 11:00:25,863] {dagbag.py:507} INFO - Filling up the DagBag from /home/alura/Documents/Medalhas/venv/lib/python3.9/site-packages/airflow/example_dags/example_task_group_decorator.py
[2023-02-24 11:00:25,875] {processor.py:651} INFO - DAG(s) dict_keys(['example_task_group_decorator']) retrieved from /home/alura/Documents/Medalhas/venv/lib/python3.9/site-packages/airflow/example_dags/example_task_group_decorator.py
[2023-02-24 11:00:25,884] {logging_mixin.py:115} INFO - [2023-02-24 11:00:25,884] {dag.py:2379} INFO - Sync 1 DAGs
[2023-02-24 11:00:25,893] {logging_mixin.py:115} INFO - [2023-02-24 11:00:25,893] {dag.py:2927} INFO - Setting next_dagrun for example_task_group_decorator to 2023-02-23T19:00:25.892907+00:00, run_after=2023-02-24T19:00:25.892907+00:00
[2023-02-24 11:00:25,900] {processor.py:161} INFO - Processing /home/alura/Documents/Medalhas/venv/lib/python3.9/site-packages/airflow/example_dags/example_task_group_decorator.py took 0.040 seconds
[2023-02-24 11:01:03,383] {processor.py:153} INFO - Started process (PID=11052) to work on /home/alura/Documents/Medalhas/venv/lib/python3.9/site-packages/airflow/example_dags/example_task_group_decorator.py
[2023-02-24 11:01:03,384] {processor.py:641} INFO - Processing file /home/alura/Documents/Medalhas/venv/lib/python3.9/site-packages/airflow/example_dags/example_task_group_decorator.py for tasks to queue
[2023-02-24 11:01:03,384] {logging_mixin.py:115} INFO - [2023-02-24 11:01:03,384] {dagbag.py:507} INFO - Filling up the DagBag from /home/alura/Documents/Medalhas/venv/lib/python3.9/site-packages/airflow/example_dags/example_task_group_decorator.py
[2023-02-24 11:01:03,398] {processor.py:651} INFO - DAG(s) dict_keys(['example_task_group_decorator']) retrieved from /home/alura/Documents/Medalhas/venv/lib/python3.9/site-packages/airflow/example_dags/example_task_group_decorator.py
[2023-02-24 11:01:03,407] {logging_mixin.py:115} INFO - [2023-02-24 11:01:03,407] {dag.py:2379} INFO - Sync 1 DAGs
[2023-02-24 11:01:03,416] {logging_mixin.py:115} INFO - [2023-02-24 11:01:03,415] {dag.py:2927} INFO - Setting next_dagrun for example_task_group_decorator to 2023-02-23T19:01:03.415781+00:00, run_after=2023-02-24T19:01:03.415781+00:00
[2023-02-24 11:01:03,422] {processor.py:161} INFO - Processing /home/alura/Documents/Medalhas/venv/lib/python3.9/site-packages/airflow/example_dags/example_task_group_decorator.py took 0.040 seconds
[2023-02-24 11:01:35,297] {processor.py:153} INFO - Started process (PID=11220) to work on /home/alura/Documents/Medalhas/venv/lib/python3.9/site-packages/airflow/example_dags/example_task_group_decorator.py
[2023-02-24 11:01:35,297] {processor.py:641} INFO - Processing file /home/alura/Documents/Medalhas/venv/lib/python3.9/site-packages/airflow/example_dags/example_task_group_decorator.py for tasks to queue
[2023-02-24 11:01:35,298] {logging_mixin.py:115} INFO - [2023-02-24 11:01:35,298] {dagbag.py:507} INFO - Filling up the DagBag from /home/alura/Documents/Medalhas/venv/lib/python3.9/site-packages/airflow/example_dags/example_task_group_decorator.py
[2023-02-24 11:01:35,310] {processor.py:651} INFO - DAG(s) dict_keys(['example_task_group_decorator']) retrieved from /home/alura/Documents/Medalhas/venv/lib/python3.9/site-packages/airflow/example_dags/example_task_group_decorator.py
[2023-02-24 11:01:35,319] {logging_mixin.py:115} INFO - [2023-02-24 11:01:35,319] {dag.py:2379} INFO - Sync 1 DAGs
[2023-02-24 11:01:35,328] {logging_mixin.py:115} INFO - [2023-02-24 11:01:35,328] {dag.py:2927} INFO - Setting next_dagrun for example_task_group_decorator to 2023-02-23T19:01:35.328239+00:00, run_after=2023-02-24T19:01:35.328239+00:00
[2023-02-24 11:01:35,334] {processor.py:161} INFO - Processing /home/alura/Documents/Medalhas/venv/lib/python3.9/site-packages/airflow/example_dags/example_task_group_decorator.py took 0.039 seconds
[2023-02-24 11:02:12,283] {processor.py:153} INFO - Started process (PID=11411) to work on /home/alura/Documents/Medalhas/venv/lib/python3.9/site-packages/airflow/example_dags/example_task_group_decorator.py
[2023-02-24 11:02:12,283] {processor.py:641} INFO - Processing file /home/alura/Documents/Medalhas/venv/lib/python3.9/site-packages/airflow/example_dags/example_task_group_decorator.py for tasks to queue
[2023-02-24 11:02:12,283] {logging_mixin.py:115} INFO - [2023-02-24 11:02:12,283] {dagbag.py:507} INFO - Filling up the DagBag from /home/alura/Documents/Medalhas/venv/lib/python3.9/site-packages/airflow/example_dags/example_task_group_decorator.py
[2023-02-24 11:02:12,295] {processor.py:651} INFO - DAG(s) dict_keys(['example_task_group_decorator']) retrieved from /home/alura/Documents/Medalhas/venv/lib/python3.9/site-packages/airflow/example_dags/example_task_group_decorator.py
[2023-02-24 11:02:12,319] {logging_mixin.py:115} INFO - [2023-02-24 11:02:12,319] {dag.py:2379} INFO - Sync 1 DAGs
[2023-02-24 11:02:12,326] {logging_mixin.py:115} INFO - [2023-02-24 11:02:12,326] {dag.py:2927} INFO - Setting next_dagrun for example_task_group_decorator to 2023-02-23T19:02:12.326361+00:00, run_after=2023-02-24T19:02:12.326361+00:00
[2023-02-24 11:02:12,334] {processor.py:161} INFO - Processing /home/alura/Documents/Medalhas/venv/lib/python3.9/site-packages/airflow/example_dags/example_task_group_decorator.py took 0.053 seconds
[2023-02-24 11:02:45,557] {processor.py:153} INFO - Started process (PID=11584) to work on /home/alura/Documents/Medalhas/venv/lib/python3.9/site-packages/airflow/example_dags/example_task_group_decorator.py
[2023-02-24 11:02:45,557] {processor.py:641} INFO - Processing file /home/alura/Documents/Medalhas/venv/lib/python3.9/site-packages/airflow/example_dags/example_task_group_decorator.py for tasks to queue
[2023-02-24 11:02:45,558] {logging_mixin.py:115} INFO - [2023-02-24 11:02:45,558] {dagbag.py:507} INFO - Filling up the DagBag from /home/alura/Documents/Medalhas/venv/lib/python3.9/site-packages/airflow/example_dags/example_task_group_decorator.py
[2023-02-24 11:02:45,570] {processor.py:651} INFO - DAG(s) dict_keys(['example_task_group_decorator']) retrieved from /home/alura/Documents/Medalhas/venv/lib/python3.9/site-packages/airflow/example_dags/example_task_group_decorator.py
[2023-02-24 11:02:45,594] {logging_mixin.py:115} INFO - [2023-02-24 11:02:45,594] {dag.py:2379} INFO - Sync 1 DAGs
[2023-02-24 11:02:45,602] {logging_mixin.py:115} INFO - [2023-02-24 11:02:45,602] {dag.py:2927} INFO - Setting next_dagrun for example_task_group_decorator to 2023-02-23T19:02:45.601961+00:00, run_after=2023-02-24T19:02:45.601961+00:00
[2023-02-24 11:02:45,610] {processor.py:161} INFO - Processing /home/alura/Documents/Medalhas/venv/lib/python3.9/site-packages/airflow/example_dags/example_task_group_decorator.py took 0.054 seconds
[2023-02-24 11:03:18,957] {processor.py:153} INFO - Started process (PID=11759) to work on /home/alura/Documents/Medalhas/venv/lib/python3.9/site-packages/airflow/example_dags/example_task_group_decorator.py
[2023-02-24 11:03:18,957] {processor.py:641} INFO - Processing file /home/alura/Documents/Medalhas/venv/lib/python3.9/site-packages/airflow/example_dags/example_task_group_decorator.py for tasks to queue
[2023-02-24 11:03:18,958] {logging_mixin.py:115} INFO - [2023-02-24 11:03:18,958] {dagbag.py:507} INFO - Filling up the DagBag from /home/alura/Documents/Medalhas/venv/lib/python3.9/site-packages/airflow/example_dags/example_task_group_decorator.py
[2023-02-24 11:03:18,970] {processor.py:651} INFO - DAG(s) dict_keys(['example_task_group_decorator']) retrieved from /home/alura/Documents/Medalhas/venv/lib/python3.9/site-packages/airflow/example_dags/example_task_group_decorator.py
[2023-02-24 11:03:18,993] {logging_mixin.py:115} INFO - [2023-02-24 11:03:18,993] {dag.py:2379} INFO - Sync 1 DAGs
[2023-02-24 11:03:19,000] {logging_mixin.py:115} INFO - [2023-02-24 11:03:19,000] {dag.py:2927} INFO - Setting next_dagrun for example_task_group_decorator to 2023-02-23T19:03:19.000501+00:00, run_after=2023-02-24T19:03:19.000501+00:00
[2023-02-24 11:03:19,009] {processor.py:161} INFO - Processing /home/alura/Documents/Medalhas/venv/lib/python3.9/site-packages/airflow/example_dags/example_task_group_decorator.py took 0.054 seconds
[2023-02-24 11:03:53,707] {processor.py:153} INFO - Started process (PID=12008) to work on /home/alura/Documents/Medalhas/venv/lib/python3.9/site-packages/airflow/example_dags/example_task_group_decorator.py
[2023-02-24 11:03:53,707] {processor.py:641} INFO - Processing file /home/alura/Documents/Medalhas/venv/lib/python3.9/site-packages/airflow/example_dags/example_task_group_decorator.py for tasks to queue
[2023-02-24 11:03:53,708] {logging_mixin.py:115} INFO - [2023-02-24 11:03:53,708] {dagbag.py:507} INFO - Filling up the DagBag from /home/alura/Documents/Medalhas/venv/lib/python3.9/site-packages/airflow/example_dags/example_task_group_decorator.py
[2023-02-24 11:03:53,721] {processor.py:651} INFO - DAG(s) dict_keys(['example_task_group_decorator']) retrieved from /home/alura/Documents/Medalhas/venv/lib/python3.9/site-packages/airflow/example_dags/example_task_group_decorator.py
[2023-02-24 11:03:53,744] {logging_mixin.py:115} INFO - [2023-02-24 11:03:53,744] {dag.py:2379} INFO - Sync 1 DAGs
[2023-02-24 11:03:53,752] {logging_mixin.py:115} INFO - [2023-02-24 11:03:53,752] {dag.py:2927} INFO - Setting next_dagrun for example_task_group_decorator to 2023-02-23T19:03:53.752359+00:00, run_after=2023-02-24T19:03:53.752359+00:00
[2023-02-24 11:03:53,760] {processor.py:161} INFO - Processing /home/alura/Documents/Medalhas/venv/lib/python3.9/site-packages/airflow/example_dags/example_task_group_decorator.py took 0.055 seconds
[2023-02-24 11:04:25,523] {processor.py:153} INFO - Started process (PID=12203) to work on /home/alura/Documents/Medalhas/venv/lib/python3.9/site-packages/airflow/example_dags/example_task_group_decorator.py
[2023-02-24 11:04:25,524] {processor.py:641} INFO - Processing file /home/alura/Documents/Medalhas/venv/lib/python3.9/site-packages/airflow/example_dags/example_task_group_decorator.py for tasks to queue
[2023-02-24 11:04:25,524] {logging_mixin.py:115} INFO - [2023-02-24 11:04:25,524] {dagbag.py:507} INFO - Filling up the DagBag from /home/alura/Documents/Medalhas/venv/lib/python3.9/site-packages/airflow/example_dags/example_task_group_decorator.py
[2023-02-24 11:04:25,537] {processor.py:651} INFO - DAG(s) dict_keys(['example_task_group_decorator']) retrieved from /home/alura/Documents/Medalhas/venv/lib/python3.9/site-packages/airflow/example_dags/example_task_group_decorator.py
[2023-02-24 11:04:25,547] {logging_mixin.py:115} INFO - [2023-02-24 11:04:25,547] {dag.py:2379} INFO - Sync 1 DAGs
[2023-02-24 11:04:25,556] {logging_mixin.py:115} INFO - [2023-02-24 11:04:25,556] {dag.py:2927} INFO - Setting next_dagrun for example_task_group_decorator to 2023-02-23T19:04:25.556359+00:00, run_after=2023-02-24T19:04:25.556359+00:00
[2023-02-24 11:04:25,564] {processor.py:161} INFO - Processing /home/alura/Documents/Medalhas/venv/lib/python3.9/site-packages/airflow/example_dags/example_task_group_decorator.py took 0.042 seconds
[2023-02-24 11:05:00,154] {processor.py:153} INFO - Started process (PID=12407) to work on /home/alura/Documents/Medalhas/venv/lib/python3.9/site-packages/airflow/example_dags/example_task_group_decorator.py
[2023-02-24 11:05:00,155] {processor.py:641} INFO - Processing file /home/alura/Documents/Medalhas/venv/lib/python3.9/site-packages/airflow/example_dags/example_task_group_decorator.py for tasks to queue
[2023-02-24 11:05:00,155] {logging_mixin.py:115} INFO - [2023-02-24 11:05:00,155] {dagbag.py:507} INFO - Filling up the DagBag from /home/alura/Documents/Medalhas/venv/lib/python3.9/site-packages/airflow/example_dags/example_task_group_decorator.py
[2023-02-24 11:05:00,168] {processor.py:651} INFO - DAG(s) dict_keys(['example_task_group_decorator']) retrieved from /home/alura/Documents/Medalhas/venv/lib/python3.9/site-packages/airflow/example_dags/example_task_group_decorator.py
[2023-02-24 11:05:00,178] {logging_mixin.py:115} INFO - [2023-02-24 11:05:00,178] {dag.py:2379} INFO - Sync 1 DAGs
[2023-02-24 11:05:00,186] {logging_mixin.py:115} INFO - [2023-02-24 11:05:00,186] {dag.py:2927} INFO - Setting next_dagrun for example_task_group_decorator to 2023-02-23T19:05:00.186279+00:00, run_after=2023-02-24T19:05:00.186279+00:00
[2023-02-24 11:05:00,193] {processor.py:161} INFO - Processing /home/alura/Documents/Medalhas/venv/lib/python3.9/site-packages/airflow/example_dags/example_task_group_decorator.py took 0.041 seconds
