[2023-02-24 10:47:31,515] {processor.py:153} INFO - Started process (PID=6083) to work on /home/alura/Documents/Medalhas/venv/lib/python3.9/site-packages/airflow/example_dags/example_branch_python_dop_operator_3.py
[2023-02-24 10:47:31,516] {processor.py:641} INFO - Processing file /home/alura/Documents/Medalhas/venv/lib/python3.9/site-packages/airflow/example_dags/example_branch_python_dop_operator_3.py for tasks to queue
[2023-02-24 10:47:31,516] {logging_mixin.py:115} INFO - [2023-02-24 10:47:31,516] {dagbag.py:507} INFO - Filling up the DagBag from /home/alura/Documents/Medalhas/venv/lib/python3.9/site-packages/airflow/example_dags/example_branch_python_dop_operator_3.py
[2023-02-24 10:47:31,521] {processor.py:651} INFO - DAG(s) dict_keys(['example_branch_dop_operator_v3']) retrieved from /home/alura/Documents/Medalhas/venv/lib/python3.9/site-packages/airflow/example_dags/example_branch_python_dop_operator_3.py
[2023-02-24 10:47:31,555] {logging_mixin.py:115} INFO - [2023-02-24 10:47:31,555] {manager.py:508} INFO - Created Permission View: can delete on DAG:example_branch_dop_operator_v3
[2023-02-24 10:47:31,562] {logging_mixin.py:115} INFO - [2023-02-24 10:47:31,562] {manager.py:508} INFO - Created Permission View: can edit on DAG:example_branch_dop_operator_v3
[2023-02-24 10:47:31,566] {logging_mixin.py:115} INFO - [2023-02-24 10:47:31,566] {manager.py:508} INFO - Created Permission View: can read on DAG:example_branch_dop_operator_v3
[2023-02-24 10:47:31,567] {logging_mixin.py:115} INFO - [2023-02-24 10:47:31,567] {dag.py:2379} INFO - Sync 1 DAGs
[2023-02-24 10:47:31,571] {logging_mixin.py:115} INFO - [2023-02-24 10:47:31,571] {dag.py:2398} INFO - Creating ORM DAG for example_branch_dop_operator_v3
[2023-02-24 10:47:31,579] {logging_mixin.py:115} INFO - [2023-02-24 10:47:31,579] {dag.py:2927} INFO - Setting next_dagrun for example_branch_dop_operator_v3 to 2023-02-24T18:46:00+00:00, run_after=2023-02-24T18:47:00+00:00
[2023-02-24 10:47:31,588] {processor.py:161} INFO - Processing /home/alura/Documents/Medalhas/venv/lib/python3.9/site-packages/airflow/example_dags/example_branch_python_dop_operator_3.py took 0.074 seconds
[2023-02-24 10:48:05,179] {processor.py:153} INFO - Started process (PID=6321) to work on /home/alura/Documents/Medalhas/venv/lib/python3.9/site-packages/airflow/example_dags/example_branch_python_dop_operator_3.py
[2023-02-24 10:48:05,179] {processor.py:641} INFO - Processing file /home/alura/Documents/Medalhas/venv/lib/python3.9/site-packages/airflow/example_dags/example_branch_python_dop_operator_3.py for tasks to queue
[2023-02-24 10:48:05,179] {logging_mixin.py:115} INFO - [2023-02-24 10:48:05,179] {dagbag.py:507} INFO - Filling up the DagBag from /home/alura/Documents/Medalhas/venv/lib/python3.9/site-packages/airflow/example_dags/example_branch_python_dop_operator_3.py
[2023-02-24 10:48:05,185] {processor.py:651} INFO - DAG(s) dict_keys(['example_branch_dop_operator_v3']) retrieved from /home/alura/Documents/Medalhas/venv/lib/python3.9/site-packages/airflow/example_dags/example_branch_python_dop_operator_3.py
[2023-02-24 10:48:05,193] {logging_mixin.py:115} INFO - [2023-02-24 10:48:05,193] {dag.py:2379} INFO - Sync 1 DAGs
[2023-02-24 10:48:05,205] {logging_mixin.py:115} INFO - [2023-02-24 10:48:05,205] {dag.py:2927} INFO - Setting next_dagrun for example_branch_dop_operator_v3 to 2023-02-24T18:47:00+00:00, run_after=2023-02-24T18:48:00+00:00
[2023-02-24 10:48:05,213] {processor.py:161} INFO - Processing /home/alura/Documents/Medalhas/venv/lib/python3.9/site-packages/airflow/example_dags/example_branch_python_dop_operator_3.py took 0.036 seconds
[2023-02-24 10:48:39,297] {processor.py:153} INFO - Started process (PID=6695) to work on /home/alura/Documents/Medalhas/venv/lib/python3.9/site-packages/airflow/example_dags/example_branch_python_dop_operator_3.py
[2023-02-24 10:48:39,298] {processor.py:641} INFO - Processing file /home/alura/Documents/Medalhas/venv/lib/python3.9/site-packages/airflow/example_dags/example_branch_python_dop_operator_3.py for tasks to queue
[2023-02-24 10:48:39,298] {logging_mixin.py:115} INFO - [2023-02-24 10:48:39,298] {dagbag.py:507} INFO - Filling up the DagBag from /home/alura/Documents/Medalhas/venv/lib/python3.9/site-packages/airflow/example_dags/example_branch_python_dop_operator_3.py
[2023-02-24 10:48:39,303] {processor.py:651} INFO - DAG(s) dict_keys(['example_branch_dop_operator_v3']) retrieved from /home/alura/Documents/Medalhas/venv/lib/python3.9/site-packages/airflow/example_dags/example_branch_python_dop_operator_3.py
[2023-02-24 10:48:39,311] {logging_mixin.py:115} INFO - [2023-02-24 10:48:39,311] {dag.py:2379} INFO - Sync 1 DAGs
[2023-02-24 10:48:39,322] {logging_mixin.py:115} INFO - [2023-02-24 10:48:39,322] {dag.py:2927} INFO - Setting next_dagrun for example_branch_dop_operator_v3 to 2023-02-24T18:47:00+00:00, run_after=2023-02-24T18:48:00+00:00
[2023-02-24 10:48:39,329] {processor.py:161} INFO - Processing /home/alura/Documents/Medalhas/venv/lib/python3.9/site-packages/airflow/example_dags/example_branch_python_dop_operator_3.py took 0.033 seconds
[2023-02-24 10:49:11,830] {processor.py:153} INFO - Started process (PID=7132) to work on /home/alura/Documents/Medalhas/venv/lib/python3.9/site-packages/airflow/example_dags/example_branch_python_dop_operator_3.py
[2023-02-24 10:49:11,831] {processor.py:641} INFO - Processing file /home/alura/Documents/Medalhas/venv/lib/python3.9/site-packages/airflow/example_dags/example_branch_python_dop_operator_3.py for tasks to queue
[2023-02-24 10:49:11,831] {logging_mixin.py:115} INFO - [2023-02-24 10:49:11,831] {dagbag.py:507} INFO - Filling up the DagBag from /home/alura/Documents/Medalhas/venv/lib/python3.9/site-packages/airflow/example_dags/example_branch_python_dop_operator_3.py
[2023-02-24 10:49:11,836] {processor.py:651} INFO - DAG(s) dict_keys(['example_branch_dop_operator_v3']) retrieved from /home/alura/Documents/Medalhas/venv/lib/python3.9/site-packages/airflow/example_dags/example_branch_python_dop_operator_3.py
[2023-02-24 10:49:11,844] {logging_mixin.py:115} INFO - [2023-02-24 10:49:11,844] {dag.py:2379} INFO - Sync 1 DAGs
[2023-02-24 10:49:11,856] {logging_mixin.py:115} INFO - [2023-02-24 10:49:11,856] {dag.py:2927} INFO - Setting next_dagrun for example_branch_dop_operator_v3 to 2023-02-24T18:48:00+00:00, run_after=2023-02-24T18:49:00+00:00
[2023-02-24 10:49:11,864] {processor.py:161} INFO - Processing /home/alura/Documents/Medalhas/venv/lib/python3.9/site-packages/airflow/example_dags/example_branch_python_dop_operator_3.py took 0.035 seconds
[2023-02-24 10:49:46,671] {processor.py:153} INFO - Started process (PID=7452) to work on /home/alura/Documents/Medalhas/venv/lib/python3.9/site-packages/airflow/example_dags/example_branch_python_dop_operator_3.py
[2023-02-24 10:49:46,671] {processor.py:641} INFO - Processing file /home/alura/Documents/Medalhas/venv/lib/python3.9/site-packages/airflow/example_dags/example_branch_python_dop_operator_3.py for tasks to queue
[2023-02-24 10:49:46,671] {logging_mixin.py:115} INFO - [2023-02-24 10:49:46,671] {dagbag.py:507} INFO - Filling up the DagBag from /home/alura/Documents/Medalhas/venv/lib/python3.9/site-packages/airflow/example_dags/example_branch_python_dop_operator_3.py
[2023-02-24 10:49:46,676] {processor.py:651} INFO - DAG(s) dict_keys(['example_branch_dop_operator_v3']) retrieved from /home/alura/Documents/Medalhas/venv/lib/python3.9/site-packages/airflow/example_dags/example_branch_python_dop_operator_3.py
[2023-02-24 10:49:46,685] {logging_mixin.py:115} INFO - [2023-02-24 10:49:46,685] {dag.py:2379} INFO - Sync 1 DAGs
[2023-02-24 10:49:46,695] {logging_mixin.py:115} INFO - [2023-02-24 10:49:46,695] {dag.py:2927} INFO - Setting next_dagrun for example_branch_dop_operator_v3 to 2023-02-24T18:48:00+00:00, run_after=2023-02-24T18:49:00+00:00
[2023-02-24 10:49:46,702] {processor.py:161} INFO - Processing /home/alura/Documents/Medalhas/venv/lib/python3.9/site-packages/airflow/example_dags/example_branch_python_dop_operator_3.py took 0.033 seconds
[2023-02-24 10:50:22,252] {processor.py:153} INFO - Started process (PID=7637) to work on /home/alura/Documents/Medalhas/venv/lib/python3.9/site-packages/airflow/example_dags/example_branch_python_dop_operator_3.py
[2023-02-24 10:50:22,253] {processor.py:641} INFO - Processing file /home/alura/Documents/Medalhas/venv/lib/python3.9/site-packages/airflow/example_dags/example_branch_python_dop_operator_3.py for tasks to queue
[2023-02-24 10:50:22,253] {logging_mixin.py:115} INFO - [2023-02-24 10:50:22,253] {dagbag.py:507} INFO - Filling up the DagBag from /home/alura/Documents/Medalhas/venv/lib/python3.9/site-packages/airflow/example_dags/example_branch_python_dop_operator_3.py
[2023-02-24 10:50:22,258] {processor.py:651} INFO - DAG(s) dict_keys(['example_branch_dop_operator_v3']) retrieved from /home/alura/Documents/Medalhas/venv/lib/python3.9/site-packages/airflow/example_dags/example_branch_python_dop_operator_3.py
[2023-02-24 10:50:22,267] {logging_mixin.py:115} INFO - [2023-02-24 10:50:22,266] {dag.py:2379} INFO - Sync 1 DAGs
[2023-02-24 10:50:22,277] {logging_mixin.py:115} INFO - [2023-02-24 10:50:22,277] {dag.py:2927} INFO - Setting next_dagrun for example_branch_dop_operator_v3 to 2023-02-24T18:49:00+00:00, run_after=2023-02-24T18:50:00+00:00
[2023-02-24 10:50:22,285] {processor.py:161} INFO - Processing /home/alura/Documents/Medalhas/venv/lib/python3.9/site-packages/airflow/example_dags/example_branch_python_dop_operator_3.py took 0.034 seconds
[2023-02-24 10:50:55,495] {processor.py:153} INFO - Started process (PID=7815) to work on /home/alura/Documents/Medalhas/venv/lib/python3.9/site-packages/airflow/example_dags/example_branch_python_dop_operator_3.py
[2023-02-24 10:50:55,496] {processor.py:641} INFO - Processing file /home/alura/Documents/Medalhas/venv/lib/python3.9/site-packages/airflow/example_dags/example_branch_python_dop_operator_3.py for tasks to queue
[2023-02-24 10:50:55,496] {logging_mixin.py:115} INFO - [2023-02-24 10:50:55,496] {dagbag.py:507} INFO - Filling up the DagBag from /home/alura/Documents/Medalhas/venv/lib/python3.9/site-packages/airflow/example_dags/example_branch_python_dop_operator_3.py
[2023-02-24 10:50:55,501] {processor.py:651} INFO - DAG(s) dict_keys(['example_branch_dop_operator_v3']) retrieved from /home/alura/Documents/Medalhas/venv/lib/python3.9/site-packages/airflow/example_dags/example_branch_python_dop_operator_3.py
[2023-02-24 10:50:55,509] {logging_mixin.py:115} INFO - [2023-02-24 10:50:55,509] {dag.py:2379} INFO - Sync 1 DAGs
[2023-02-24 10:50:55,519] {logging_mixin.py:115} INFO - [2023-02-24 10:50:55,519] {dag.py:2927} INFO - Setting next_dagrun for example_branch_dop_operator_v3 to 2023-02-24T18:49:00+00:00, run_after=2023-02-24T18:50:00+00:00
[2023-02-24 10:50:55,526] {processor.py:161} INFO - Processing /home/alura/Documents/Medalhas/venv/lib/python3.9/site-packages/airflow/example_dags/example_branch_python_dop_operator_3.py took 0.032 seconds
[2023-02-24 10:51:31,403] {processor.py:153} INFO - Started process (PID=8004) to work on /home/alura/Documents/Medalhas/venv/lib/python3.9/site-packages/airflow/example_dags/example_branch_python_dop_operator_3.py
[2023-02-24 10:51:31,403] {processor.py:641} INFO - Processing file /home/alura/Documents/Medalhas/venv/lib/python3.9/site-packages/airflow/example_dags/example_branch_python_dop_operator_3.py for tasks to queue
[2023-02-24 10:51:31,403] {logging_mixin.py:115} INFO - [2023-02-24 10:51:31,403] {dagbag.py:507} INFO - Filling up the DagBag from /home/alura/Documents/Medalhas/venv/lib/python3.9/site-packages/airflow/example_dags/example_branch_python_dop_operator_3.py
[2023-02-24 10:51:31,408] {processor.py:651} INFO - DAG(s) dict_keys(['example_branch_dop_operator_v3']) retrieved from /home/alura/Documents/Medalhas/venv/lib/python3.9/site-packages/airflow/example_dags/example_branch_python_dop_operator_3.py
[2023-02-24 10:51:31,416] {logging_mixin.py:115} INFO - [2023-02-24 10:51:31,416] {dag.py:2379} INFO - Sync 1 DAGs
[2023-02-24 10:51:31,428] {logging_mixin.py:115} INFO - [2023-02-24 10:51:31,428] {dag.py:2927} INFO - Setting next_dagrun for example_branch_dop_operator_v3 to 2023-02-24T18:50:00+00:00, run_after=2023-02-24T18:51:00+00:00
[2023-02-24 10:51:31,435] {processor.py:161} INFO - Processing /home/alura/Documents/Medalhas/venv/lib/python3.9/site-packages/airflow/example_dags/example_branch_python_dop_operator_3.py took 0.034 seconds
[2023-02-24 10:52:03,651] {processor.py:153} INFO - Started process (PID=8170) to work on /home/alura/Documents/Medalhas/venv/lib/python3.9/site-packages/airflow/example_dags/example_branch_python_dop_operator_3.py
[2023-02-24 10:52:03,652] {processor.py:641} INFO - Processing file /home/alura/Documents/Medalhas/venv/lib/python3.9/site-packages/airflow/example_dags/example_branch_python_dop_operator_3.py for tasks to queue
[2023-02-24 10:52:03,652] {logging_mixin.py:115} INFO - [2023-02-24 10:52:03,652] {dagbag.py:507} INFO - Filling up the DagBag from /home/alura/Documents/Medalhas/venv/lib/python3.9/site-packages/airflow/example_dags/example_branch_python_dop_operator_3.py
[2023-02-24 10:52:03,657] {processor.py:651} INFO - DAG(s) dict_keys(['example_branch_dop_operator_v3']) retrieved from /home/alura/Documents/Medalhas/venv/lib/python3.9/site-packages/airflow/example_dags/example_branch_python_dop_operator_3.py
[2023-02-24 10:52:03,665] {logging_mixin.py:115} INFO - [2023-02-24 10:52:03,664] {dag.py:2379} INFO - Sync 1 DAGs
[2023-02-24 10:52:03,676] {logging_mixin.py:115} INFO - [2023-02-24 10:52:03,676] {dag.py:2927} INFO - Setting next_dagrun for example_branch_dop_operator_v3 to 2023-02-24T18:51:00+00:00, run_after=2023-02-24T18:52:00+00:00
[2023-02-24 10:52:03,683] {processor.py:161} INFO - Processing /home/alura/Documents/Medalhas/venv/lib/python3.9/site-packages/airflow/example_dags/example_branch_python_dop_operator_3.py took 0.033 seconds
[2023-02-24 10:52:37,523] {processor.py:153} INFO - Started process (PID=8345) to work on /home/alura/Documents/Medalhas/venv/lib/python3.9/site-packages/airflow/example_dags/example_branch_python_dop_operator_3.py
[2023-02-24 10:52:37,523] {processor.py:641} INFO - Processing file /home/alura/Documents/Medalhas/venv/lib/python3.9/site-packages/airflow/example_dags/example_branch_python_dop_operator_3.py for tasks to queue
[2023-02-24 10:52:37,524] {logging_mixin.py:115} INFO - [2023-02-24 10:52:37,524] {dagbag.py:507} INFO - Filling up the DagBag from /home/alura/Documents/Medalhas/venv/lib/python3.9/site-packages/airflow/example_dags/example_branch_python_dop_operator_3.py
[2023-02-24 10:52:37,529] {processor.py:651} INFO - DAG(s) dict_keys(['example_branch_dop_operator_v3']) retrieved from /home/alura/Documents/Medalhas/venv/lib/python3.9/site-packages/airflow/example_dags/example_branch_python_dop_operator_3.py
[2023-02-24 10:52:37,537] {logging_mixin.py:115} INFO - [2023-02-24 10:52:37,537] {dag.py:2379} INFO - Sync 1 DAGs
[2023-02-24 10:52:37,548] {logging_mixin.py:115} INFO - [2023-02-24 10:52:37,548] {dag.py:2927} INFO - Setting next_dagrun for example_branch_dop_operator_v3 to 2023-02-24T18:51:00+00:00, run_after=2023-02-24T18:52:00+00:00
[2023-02-24 10:52:37,555] {processor.py:161} INFO - Processing /home/alura/Documents/Medalhas/venv/lib/python3.9/site-packages/airflow/example_dags/example_branch_python_dop_operator_3.py took 0.034 seconds
[2023-02-24 10:53:11,269] {processor.py:153} INFO - Started process (PID=8511) to work on /home/alura/Documents/Medalhas/venv/lib/python3.9/site-packages/airflow/example_dags/example_branch_python_dop_operator_3.py
[2023-02-24 10:53:11,270] {processor.py:641} INFO - Processing file /home/alura/Documents/Medalhas/venv/lib/python3.9/site-packages/airflow/example_dags/example_branch_python_dop_operator_3.py for tasks to queue
[2023-02-24 10:53:11,270] {logging_mixin.py:115} INFO - [2023-02-24 10:53:11,270] {dagbag.py:507} INFO - Filling up the DagBag from /home/alura/Documents/Medalhas/venv/lib/python3.9/site-packages/airflow/example_dags/example_branch_python_dop_operator_3.py
[2023-02-24 10:53:11,275] {processor.py:651} INFO - DAG(s) dict_keys(['example_branch_dop_operator_v3']) retrieved from /home/alura/Documents/Medalhas/venv/lib/python3.9/site-packages/airflow/example_dags/example_branch_python_dop_operator_3.py
[2023-02-24 10:53:11,283] {logging_mixin.py:115} INFO - [2023-02-24 10:53:11,283] {dag.py:2379} INFO - Sync 1 DAGs
[2023-02-24 10:53:11,293] {logging_mixin.py:115} INFO - [2023-02-24 10:53:11,293] {dag.py:2927} INFO - Setting next_dagrun for example_branch_dop_operator_v3 to 2023-02-24T18:52:00+00:00, run_after=2023-02-24T18:53:00+00:00
[2023-02-24 10:53:11,300] {processor.py:161} INFO - Processing /home/alura/Documents/Medalhas/venv/lib/python3.9/site-packages/airflow/example_dags/example_branch_python_dop_operator_3.py took 0.032 seconds
[2023-02-24 10:53:44,723] {processor.py:153} INFO - Started process (PID=8679) to work on /home/alura/Documents/Medalhas/venv/lib/python3.9/site-packages/airflow/example_dags/example_branch_python_dop_operator_3.py
[2023-02-24 10:53:44,723] {processor.py:641} INFO - Processing file /home/alura/Documents/Medalhas/venv/lib/python3.9/site-packages/airflow/example_dags/example_branch_python_dop_operator_3.py for tasks to queue
[2023-02-24 10:53:44,723] {logging_mixin.py:115} INFO - [2023-02-24 10:53:44,723] {dagbag.py:507} INFO - Filling up the DagBag from /home/alura/Documents/Medalhas/venv/lib/python3.9/site-packages/airflow/example_dags/example_branch_python_dop_operator_3.py
[2023-02-24 10:53:44,728] {processor.py:651} INFO - DAG(s) dict_keys(['example_branch_dop_operator_v3']) retrieved from /home/alura/Documents/Medalhas/venv/lib/python3.9/site-packages/airflow/example_dags/example_branch_python_dop_operator_3.py
[2023-02-24 10:53:44,736] {logging_mixin.py:115} INFO - [2023-02-24 10:53:44,736] {dag.py:2379} INFO - Sync 1 DAGs
[2023-02-24 10:53:44,747] {logging_mixin.py:115} INFO - [2023-02-24 10:53:44,747] {dag.py:2927} INFO - Setting next_dagrun for example_branch_dop_operator_v3 to 2023-02-24T18:52:00+00:00, run_after=2023-02-24T18:53:00+00:00
[2023-02-24 10:53:44,754] {processor.py:161} INFO - Processing /home/alura/Documents/Medalhas/venv/lib/python3.9/site-packages/airflow/example_dags/example_branch_python_dop_operator_3.py took 0.033 seconds
[2023-02-24 10:54:18,606] {processor.py:153} INFO - Started process (PID=8936) to work on /home/alura/Documents/Medalhas/venv/lib/python3.9/site-packages/airflow/example_dags/example_branch_python_dop_operator_3.py
[2023-02-24 10:54:18,607] {processor.py:641} INFO - Processing file /home/alura/Documents/Medalhas/venv/lib/python3.9/site-packages/airflow/example_dags/example_branch_python_dop_operator_3.py for tasks to queue
[2023-02-24 10:54:18,607] {logging_mixin.py:115} INFO - [2023-02-24 10:54:18,607] {dagbag.py:507} INFO - Filling up the DagBag from /home/alura/Documents/Medalhas/venv/lib/python3.9/site-packages/airflow/example_dags/example_branch_python_dop_operator_3.py
[2023-02-24 10:54:18,612] {processor.py:651} INFO - DAG(s) dict_keys(['example_branch_dop_operator_v3']) retrieved from /home/alura/Documents/Medalhas/venv/lib/python3.9/site-packages/airflow/example_dags/example_branch_python_dop_operator_3.py
[2023-02-24 10:54:18,625] {logging_mixin.py:115} INFO - [2023-02-24 10:54:18,625] {dag.py:2379} INFO - Sync 1 DAGs
[2023-02-24 10:54:18,636] {logging_mixin.py:115} INFO - [2023-02-24 10:54:18,636] {dag.py:2927} INFO - Setting next_dagrun for example_branch_dop_operator_v3 to 2023-02-24T18:53:00+00:00, run_after=2023-02-24T18:54:00+00:00
[2023-02-24 10:54:18,643] {processor.py:161} INFO - Processing /home/alura/Documents/Medalhas/venv/lib/python3.9/site-packages/airflow/example_dags/example_branch_python_dop_operator_3.py took 0.037 seconds
[2023-02-24 10:54:54,531] {processor.py:153} INFO - Started process (PID=9117) to work on /home/alura/Documents/Medalhas/venv/lib/python3.9/site-packages/airflow/example_dags/example_branch_python_dop_operator_3.py
[2023-02-24 10:54:54,532] {processor.py:641} INFO - Processing file /home/alura/Documents/Medalhas/venv/lib/python3.9/site-packages/airflow/example_dags/example_branch_python_dop_operator_3.py for tasks to queue
[2023-02-24 10:54:54,532] {logging_mixin.py:115} INFO - [2023-02-24 10:54:54,532] {dagbag.py:507} INFO - Filling up the DagBag from /home/alura/Documents/Medalhas/venv/lib/python3.9/site-packages/airflow/example_dags/example_branch_python_dop_operator_3.py
[2023-02-24 10:54:54,537] {processor.py:651} INFO - DAG(s) dict_keys(['example_branch_dop_operator_v3']) retrieved from /home/alura/Documents/Medalhas/venv/lib/python3.9/site-packages/airflow/example_dags/example_branch_python_dop_operator_3.py
[2023-02-24 10:54:54,546] {logging_mixin.py:115} INFO - [2023-02-24 10:54:54,546] {dag.py:2379} INFO - Sync 1 DAGs
[2023-02-24 10:54:54,557] {logging_mixin.py:115} INFO - [2023-02-24 10:54:54,557] {dag.py:2927} INFO - Setting next_dagrun for example_branch_dop_operator_v3 to 2023-02-24T18:53:00+00:00, run_after=2023-02-24T18:54:00+00:00
[2023-02-24 10:54:54,563] {processor.py:161} INFO - Processing /home/alura/Documents/Medalhas/venv/lib/python3.9/site-packages/airflow/example_dags/example_branch_python_dop_operator_3.py took 0.034 seconds
[2023-02-24 10:55:28,418] {processor.py:153} INFO - Started process (PID=9297) to work on /home/alura/Documents/Medalhas/venv/lib/python3.9/site-packages/airflow/example_dags/example_branch_python_dop_operator_3.py
[2023-02-24 10:55:28,418] {processor.py:641} INFO - Processing file /home/alura/Documents/Medalhas/venv/lib/python3.9/site-packages/airflow/example_dags/example_branch_python_dop_operator_3.py for tasks to queue
[2023-02-24 10:55:28,419] {logging_mixin.py:115} INFO - [2023-02-24 10:55:28,419] {dagbag.py:507} INFO - Filling up the DagBag from /home/alura/Documents/Medalhas/venv/lib/python3.9/site-packages/airflow/example_dags/example_branch_python_dop_operator_3.py
[2023-02-24 10:55:28,423] {processor.py:651} INFO - DAG(s) dict_keys(['example_branch_dop_operator_v3']) retrieved from /home/alura/Documents/Medalhas/venv/lib/python3.9/site-packages/airflow/example_dags/example_branch_python_dop_operator_3.py
[2023-02-24 10:55:28,432] {logging_mixin.py:115} INFO - [2023-02-24 10:55:28,432] {dag.py:2379} INFO - Sync 1 DAGs
[2023-02-24 10:55:28,443] {logging_mixin.py:115} INFO - [2023-02-24 10:55:28,443] {dag.py:2927} INFO - Setting next_dagrun for example_branch_dop_operator_v3 to 2023-02-24T18:54:00+00:00, run_after=2023-02-24T18:55:00+00:00
[2023-02-24 10:55:28,450] {processor.py:161} INFO - Processing /home/alura/Documents/Medalhas/venv/lib/python3.9/site-packages/airflow/example_dags/example_branch_python_dop_operator_3.py took 0.034 seconds
[2023-02-24 10:56:04,301] {processor.py:153} INFO - Started process (PID=9480) to work on /home/alura/Documents/Medalhas/venv/lib/python3.9/site-packages/airflow/example_dags/example_branch_python_dop_operator_3.py
[2023-02-24 10:56:04,302] {processor.py:641} INFO - Processing file /home/alura/Documents/Medalhas/venv/lib/python3.9/site-packages/airflow/example_dags/example_branch_python_dop_operator_3.py for tasks to queue
[2023-02-24 10:56:04,302] {logging_mixin.py:115} INFO - [2023-02-24 10:56:04,302] {dagbag.py:507} INFO - Filling up the DagBag from /home/alura/Documents/Medalhas/venv/lib/python3.9/site-packages/airflow/example_dags/example_branch_python_dop_operator_3.py
[2023-02-24 10:56:04,307] {processor.py:651} INFO - DAG(s) dict_keys(['example_branch_dop_operator_v3']) retrieved from /home/alura/Documents/Medalhas/venv/lib/python3.9/site-packages/airflow/example_dags/example_branch_python_dop_operator_3.py
[2023-02-24 10:56:04,314] {logging_mixin.py:115} INFO - [2023-02-24 10:56:04,314] {dag.py:2379} INFO - Sync 1 DAGs
[2023-02-24 10:56:04,325] {logging_mixin.py:115} INFO - [2023-02-24 10:56:04,325] {dag.py:2927} INFO - Setting next_dagrun for example_branch_dop_operator_v3 to 2023-02-24T18:55:00+00:00, run_after=2023-02-24T18:56:00+00:00
[2023-02-24 10:56:04,332] {processor.py:161} INFO - Processing /home/alura/Documents/Medalhas/venv/lib/python3.9/site-packages/airflow/example_dags/example_branch_python_dop_operator_3.py took 0.032 seconds
[2023-02-24 10:56:36,210] {processor.py:153} INFO - Started process (PID=9645) to work on /home/alura/Documents/Medalhas/venv/lib/python3.9/site-packages/airflow/example_dags/example_branch_python_dop_operator_3.py
[2023-02-24 10:56:36,211] {processor.py:641} INFO - Processing file /home/alura/Documents/Medalhas/venv/lib/python3.9/site-packages/airflow/example_dags/example_branch_python_dop_operator_3.py for tasks to queue
[2023-02-24 10:56:36,211] {logging_mixin.py:115} INFO - [2023-02-24 10:56:36,211] {dagbag.py:507} INFO - Filling up the DagBag from /home/alura/Documents/Medalhas/venv/lib/python3.9/site-packages/airflow/example_dags/example_branch_python_dop_operator_3.py
[2023-02-24 10:56:36,216] {processor.py:651} INFO - DAG(s) dict_keys(['example_branch_dop_operator_v3']) retrieved from /home/alura/Documents/Medalhas/venv/lib/python3.9/site-packages/airflow/example_dags/example_branch_python_dop_operator_3.py
[2023-02-24 10:56:36,224] {logging_mixin.py:115} INFO - [2023-02-24 10:56:36,224] {dag.py:2379} INFO - Sync 1 DAGs
[2023-02-24 10:56:36,234] {logging_mixin.py:115} INFO - [2023-02-24 10:56:36,234] {dag.py:2927} INFO - Setting next_dagrun for example_branch_dop_operator_v3 to 2023-02-24T18:55:00+00:00, run_after=2023-02-24T18:56:00+00:00
[2023-02-24 10:56:36,241] {processor.py:161} INFO - Processing /home/alura/Documents/Medalhas/venv/lib/python3.9/site-packages/airflow/example_dags/example_branch_python_dop_operator_3.py took 0.032 seconds
[2023-02-24 10:57:11,721] {processor.py:153} INFO - Started process (PID=9827) to work on /home/alura/Documents/Medalhas/venv/lib/python3.9/site-packages/airflow/example_dags/example_branch_python_dop_operator_3.py
[2023-02-24 10:57:11,722] {processor.py:641} INFO - Processing file /home/alura/Documents/Medalhas/venv/lib/python3.9/site-packages/airflow/example_dags/example_branch_python_dop_operator_3.py for tasks to queue
[2023-02-24 10:57:11,722] {logging_mixin.py:115} INFO - [2023-02-24 10:57:11,722] {dagbag.py:507} INFO - Filling up the DagBag from /home/alura/Documents/Medalhas/venv/lib/python3.9/site-packages/airflow/example_dags/example_branch_python_dop_operator_3.py
[2023-02-24 10:57:11,728] {processor.py:651} INFO - DAG(s) dict_keys(['example_branch_dop_operator_v3']) retrieved from /home/alura/Documents/Medalhas/venv/lib/python3.9/site-packages/airflow/example_dags/example_branch_python_dop_operator_3.py
[2023-02-24 10:57:11,736] {logging_mixin.py:115} INFO - [2023-02-24 10:57:11,736] {dag.py:2379} INFO - Sync 1 DAGs
[2023-02-24 10:57:11,747] {logging_mixin.py:115} INFO - [2023-02-24 10:57:11,747] {dag.py:2927} INFO - Setting next_dagrun for example_branch_dop_operator_v3 to 2023-02-24T18:56:00+00:00, run_after=2023-02-24T18:57:00+00:00
[2023-02-24 10:57:11,753] {processor.py:161} INFO - Processing /home/alura/Documents/Medalhas/venv/lib/python3.9/site-packages/airflow/example_dags/example_branch_python_dop_operator_3.py took 0.033 seconds
[2023-02-24 10:57:45,807] {processor.py:153} INFO - Started process (PID=10010) to work on /home/alura/Documents/Medalhas/venv/lib/python3.9/site-packages/airflow/example_dags/example_branch_python_dop_operator_3.py
[2023-02-24 10:57:45,807] {processor.py:641} INFO - Processing file /home/alura/Documents/Medalhas/venv/lib/python3.9/site-packages/airflow/example_dags/example_branch_python_dop_operator_3.py for tasks to queue
[2023-02-24 10:57:45,807] {logging_mixin.py:115} INFO - [2023-02-24 10:57:45,807] {dagbag.py:507} INFO - Filling up the DagBag from /home/alura/Documents/Medalhas/venv/lib/python3.9/site-packages/airflow/example_dags/example_branch_python_dop_operator_3.py
[2023-02-24 10:57:45,812] {processor.py:651} INFO - DAG(s) dict_keys(['example_branch_dop_operator_v3']) retrieved from /home/alura/Documents/Medalhas/venv/lib/python3.9/site-packages/airflow/example_dags/example_branch_python_dop_operator_3.py
[2023-02-24 10:57:45,820] {logging_mixin.py:115} INFO - [2023-02-24 10:57:45,820] {dag.py:2379} INFO - Sync 1 DAGs
[2023-02-24 10:57:45,831] {logging_mixin.py:115} INFO - [2023-02-24 10:57:45,831] {dag.py:2927} INFO - Setting next_dagrun for example_branch_dop_operator_v3 to 2023-02-24T18:56:00+00:00, run_after=2023-02-24T18:57:00+00:00
[2023-02-24 10:57:45,838] {processor.py:161} INFO - Processing /home/alura/Documents/Medalhas/venv/lib/python3.9/site-packages/airflow/example_dags/example_branch_python_dop_operator_3.py took 0.033 seconds
[2023-02-24 10:58:19,955] {processor.py:153} INFO - Started process (PID=10184) to work on /home/alura/Documents/Medalhas/venv/lib/python3.9/site-packages/airflow/example_dags/example_branch_python_dop_operator_3.py
[2023-02-24 10:58:19,955] {processor.py:641} INFO - Processing file /home/alura/Documents/Medalhas/venv/lib/python3.9/site-packages/airflow/example_dags/example_branch_python_dop_operator_3.py for tasks to queue
[2023-02-24 10:58:19,955] {logging_mixin.py:115} INFO - [2023-02-24 10:58:19,955] {dagbag.py:507} INFO - Filling up the DagBag from /home/alura/Documents/Medalhas/venv/lib/python3.9/site-packages/airflow/example_dags/example_branch_python_dop_operator_3.py
[2023-02-24 10:58:19,960] {processor.py:651} INFO - DAG(s) dict_keys(['example_branch_dop_operator_v3']) retrieved from /home/alura/Documents/Medalhas/venv/lib/python3.9/site-packages/airflow/example_dags/example_branch_python_dop_operator_3.py
[2023-02-24 10:58:19,968] {logging_mixin.py:115} INFO - [2023-02-24 10:58:19,968] {dag.py:2379} INFO - Sync 1 DAGs
[2023-02-24 10:58:19,979] {logging_mixin.py:115} INFO - [2023-02-24 10:58:19,979] {dag.py:2927} INFO - Setting next_dagrun for example_branch_dop_operator_v3 to 2023-02-24T18:57:00+00:00, run_after=2023-02-24T18:58:00+00:00
[2023-02-24 10:58:19,986] {processor.py:161} INFO - Processing /home/alura/Documents/Medalhas/venv/lib/python3.9/site-packages/airflow/example_dags/example_branch_python_dop_operator_3.py took 0.033 seconds
[2023-02-24 10:58:54,069] {processor.py:153} INFO - Started process (PID=10360) to work on /home/alura/Documents/Medalhas/venv/lib/python3.9/site-packages/airflow/example_dags/example_branch_python_dop_operator_3.py
[2023-02-24 10:58:54,070] {processor.py:641} INFO - Processing file /home/alura/Documents/Medalhas/venv/lib/python3.9/site-packages/airflow/example_dags/example_branch_python_dop_operator_3.py for tasks to queue
[2023-02-24 10:58:54,070] {logging_mixin.py:115} INFO - [2023-02-24 10:58:54,070] {dagbag.py:507} INFO - Filling up the DagBag from /home/alura/Documents/Medalhas/venv/lib/python3.9/site-packages/airflow/example_dags/example_branch_python_dop_operator_3.py
[2023-02-24 10:58:54,075] {processor.py:651} INFO - DAG(s) dict_keys(['example_branch_dop_operator_v3']) retrieved from /home/alura/Documents/Medalhas/venv/lib/python3.9/site-packages/airflow/example_dags/example_branch_python_dop_operator_3.py
[2023-02-24 10:58:54,083] {logging_mixin.py:115} INFO - [2023-02-24 10:58:54,083] {dag.py:2379} INFO - Sync 1 DAGs
[2023-02-24 10:58:54,093] {logging_mixin.py:115} INFO - [2023-02-24 10:58:54,093] {dag.py:2927} INFO - Setting next_dagrun for example_branch_dop_operator_v3 to 2023-02-24T18:57:00+00:00, run_after=2023-02-24T18:58:00+00:00
[2023-02-24 10:58:54,100] {processor.py:161} INFO - Processing /home/alura/Documents/Medalhas/venv/lib/python3.9/site-packages/airflow/example_dags/example_branch_python_dop_operator_3.py took 0.032 seconds
[2023-02-24 10:59:26,578] {processor.py:153} INFO - Started process (PID=10530) to work on /home/alura/Documents/Medalhas/venv/lib/python3.9/site-packages/airflow/example_dags/example_branch_python_dop_operator_3.py
[2023-02-24 10:59:26,579] {processor.py:641} INFO - Processing file /home/alura/Documents/Medalhas/venv/lib/python3.9/site-packages/airflow/example_dags/example_branch_python_dop_operator_3.py for tasks to queue
[2023-02-24 10:59:26,580] {logging_mixin.py:115} INFO - [2023-02-24 10:59:26,579] {dagbag.py:507} INFO - Filling up the DagBag from /home/alura/Documents/Medalhas/venv/lib/python3.9/site-packages/airflow/example_dags/example_branch_python_dop_operator_3.py
[2023-02-24 10:59:26,584] {processor.py:651} INFO - DAG(s) dict_keys(['example_branch_dop_operator_v3']) retrieved from /home/alura/Documents/Medalhas/venv/lib/python3.9/site-packages/airflow/example_dags/example_branch_python_dop_operator_3.py
[2023-02-24 10:59:26,593] {logging_mixin.py:115} INFO - [2023-02-24 10:59:26,593] {dag.py:2379} INFO - Sync 1 DAGs
[2023-02-24 10:59:26,604] {logging_mixin.py:115} INFO - [2023-02-24 10:59:26,604] {dag.py:2927} INFO - Setting next_dagrun for example_branch_dop_operator_v3 to 2023-02-24T18:58:00+00:00, run_after=2023-02-24T18:59:00+00:00
[2023-02-24 10:59:26,611] {processor.py:161} INFO - Processing /home/alura/Documents/Medalhas/venv/lib/python3.9/site-packages/airflow/example_dags/example_branch_python_dop_operator_3.py took 0.034 seconds
[2023-02-24 11:00:01,331] {processor.py:153} INFO - Started process (PID=10710) to work on /home/alura/Documents/Medalhas/venv/lib/python3.9/site-packages/airflow/example_dags/example_branch_python_dop_operator_3.py
[2023-02-24 11:00:01,331] {processor.py:641} INFO - Processing file /home/alura/Documents/Medalhas/venv/lib/python3.9/site-packages/airflow/example_dags/example_branch_python_dop_operator_3.py for tasks to queue
[2023-02-24 11:00:01,332] {logging_mixin.py:115} INFO - [2023-02-24 11:00:01,332] {dagbag.py:507} INFO - Filling up the DagBag from /home/alura/Documents/Medalhas/venv/lib/python3.9/site-packages/airflow/example_dags/example_branch_python_dop_operator_3.py
[2023-02-24 11:00:01,337] {processor.py:651} INFO - DAG(s) dict_keys(['example_branch_dop_operator_v3']) retrieved from /home/alura/Documents/Medalhas/venv/lib/python3.9/site-packages/airflow/example_dags/example_branch_python_dop_operator_3.py
[2023-02-24 11:00:01,345] {logging_mixin.py:115} INFO - [2023-02-24 11:00:01,345] {dag.py:2379} INFO - Sync 1 DAGs
[2023-02-24 11:00:01,357] {logging_mixin.py:115} INFO - [2023-02-24 11:00:01,357] {dag.py:2927} INFO - Setting next_dagrun for example_branch_dop_operator_v3 to 2023-02-24T18:59:00+00:00, run_after=2023-02-24T19:00:00+00:00
[2023-02-24 11:00:01,363] {processor.py:161} INFO - Processing /home/alura/Documents/Medalhas/venv/lib/python3.9/site-packages/airflow/example_dags/example_branch_python_dop_operator_3.py took 0.034 seconds
[2023-02-24 11:00:34,998] {processor.py:153} INFO - Started process (PID=10895) to work on /home/alura/Documents/Medalhas/venv/lib/python3.9/site-packages/airflow/example_dags/example_branch_python_dop_operator_3.py
[2023-02-24 11:00:34,999] {processor.py:641} INFO - Processing file /home/alura/Documents/Medalhas/venv/lib/python3.9/site-packages/airflow/example_dags/example_branch_python_dop_operator_3.py for tasks to queue
[2023-02-24 11:00:34,999] {logging_mixin.py:115} INFO - [2023-02-24 11:00:34,999] {dagbag.py:507} INFO - Filling up the DagBag from /home/alura/Documents/Medalhas/venv/lib/python3.9/site-packages/airflow/example_dags/example_branch_python_dop_operator_3.py
[2023-02-24 11:00:35,004] {processor.py:651} INFO - DAG(s) dict_keys(['example_branch_dop_operator_v3']) retrieved from /home/alura/Documents/Medalhas/venv/lib/python3.9/site-packages/airflow/example_dags/example_branch_python_dop_operator_3.py
[2023-02-24 11:00:35,011] {logging_mixin.py:115} INFO - [2023-02-24 11:00:35,011] {dag.py:2379} INFO - Sync 1 DAGs
[2023-02-24 11:00:35,022] {logging_mixin.py:115} INFO - [2023-02-24 11:00:35,022] {dag.py:2927} INFO - Setting next_dagrun for example_branch_dop_operator_v3 to 2023-02-24T18:59:00+00:00, run_after=2023-02-24T19:00:00+00:00
[2023-02-24 11:00:35,029] {processor.py:161} INFO - Processing /home/alura/Documents/Medalhas/venv/lib/python3.9/site-packages/airflow/example_dags/example_branch_python_dop_operator_3.py took 0.032 seconds
[2023-02-24 11:01:10,117] {processor.py:153} INFO - Started process (PID=11088) to work on /home/alura/Documents/Medalhas/venv/lib/python3.9/site-packages/airflow/example_dags/example_branch_python_dop_operator_3.py
[2023-02-24 11:01:10,117] {processor.py:641} INFO - Processing file /home/alura/Documents/Medalhas/venv/lib/python3.9/site-packages/airflow/example_dags/example_branch_python_dop_operator_3.py for tasks to queue
[2023-02-24 11:01:10,118] {logging_mixin.py:115} INFO - [2023-02-24 11:01:10,118] {dagbag.py:507} INFO - Filling up the DagBag from /home/alura/Documents/Medalhas/venv/lib/python3.9/site-packages/airflow/example_dags/example_branch_python_dop_operator_3.py
[2023-02-24 11:01:10,123] {processor.py:651} INFO - DAG(s) dict_keys(['example_branch_dop_operator_v3']) retrieved from /home/alura/Documents/Medalhas/venv/lib/python3.9/site-packages/airflow/example_dags/example_branch_python_dop_operator_3.py
[2023-02-24 11:01:10,131] {logging_mixin.py:115} INFO - [2023-02-24 11:01:10,131] {dag.py:2379} INFO - Sync 1 DAGs
[2023-02-24 11:01:10,141] {logging_mixin.py:115} INFO - [2023-02-24 11:01:10,141] {dag.py:2927} INFO - Setting next_dagrun for example_branch_dop_operator_v3 to 2023-02-24T19:00:00+00:00, run_after=2023-02-24T19:01:00+00:00
[2023-02-24 11:01:10,148] {processor.py:161} INFO - Processing /home/alura/Documents/Medalhas/venv/lib/python3.9/site-packages/airflow/example_dags/example_branch_python_dop_operator_3.py took 0.033 seconds
[2023-02-24 11:01:42,628] {processor.py:153} INFO - Started process (PID=11259) to work on /home/alura/Documents/Medalhas/venv/lib/python3.9/site-packages/airflow/example_dags/example_branch_python_dop_operator_3.py
[2023-02-24 11:01:42,629] {processor.py:641} INFO - Processing file /home/alura/Documents/Medalhas/venv/lib/python3.9/site-packages/airflow/example_dags/example_branch_python_dop_operator_3.py for tasks to queue
[2023-02-24 11:01:42,629] {logging_mixin.py:115} INFO - [2023-02-24 11:01:42,629] {dagbag.py:507} INFO - Filling up the DagBag from /home/alura/Documents/Medalhas/venv/lib/python3.9/site-packages/airflow/example_dags/example_branch_python_dop_operator_3.py
[2023-02-24 11:01:42,634] {processor.py:651} INFO - DAG(s) dict_keys(['example_branch_dop_operator_v3']) retrieved from /home/alura/Documents/Medalhas/venv/lib/python3.9/site-packages/airflow/example_dags/example_branch_python_dop_operator_3.py
[2023-02-24 11:01:42,642] {logging_mixin.py:115} INFO - [2023-02-24 11:01:42,642] {dag.py:2379} INFO - Sync 1 DAGs
[2023-02-24 11:01:42,653] {logging_mixin.py:115} INFO - [2023-02-24 11:01:42,652] {dag.py:2927} INFO - Setting next_dagrun for example_branch_dop_operator_v3 to 2023-02-24T19:00:00+00:00, run_after=2023-02-24T19:01:00+00:00
[2023-02-24 11:01:42,662] {processor.py:161} INFO - Processing /home/alura/Documents/Medalhas/venv/lib/python3.9/site-packages/airflow/example_dags/example_branch_python_dop_operator_3.py took 0.035 seconds
[2023-02-24 11:02:20,789] {processor.py:153} INFO - Started process (PID=11454) to work on /home/alura/Documents/Medalhas/venv/lib/python3.9/site-packages/airflow/example_dags/example_branch_python_dop_operator_3.py
[2023-02-24 11:02:20,789] {processor.py:641} INFO - Processing file /home/alura/Documents/Medalhas/venv/lib/python3.9/site-packages/airflow/example_dags/example_branch_python_dop_operator_3.py for tasks to queue
[2023-02-24 11:02:20,790] {logging_mixin.py:115} INFO - [2023-02-24 11:02:20,790] {dagbag.py:507} INFO - Filling up the DagBag from /home/alura/Documents/Medalhas/venv/lib/python3.9/site-packages/airflow/example_dags/example_branch_python_dop_operator_3.py
[2023-02-24 11:02:20,794] {processor.py:651} INFO - DAG(s) dict_keys(['example_branch_dop_operator_v3']) retrieved from /home/alura/Documents/Medalhas/venv/lib/python3.9/site-packages/airflow/example_dags/example_branch_python_dop_operator_3.py
[2023-02-24 11:02:20,802] {logging_mixin.py:115} INFO - [2023-02-24 11:02:20,802] {dag.py:2379} INFO - Sync 1 DAGs
[2023-02-24 11:02:20,813] {logging_mixin.py:115} INFO - [2023-02-24 11:02:20,813] {dag.py:2927} INFO - Setting next_dagrun for example_branch_dop_operator_v3 to 2023-02-24T19:01:00+00:00, run_after=2023-02-24T19:02:00+00:00
[2023-02-24 11:02:20,819] {processor.py:161} INFO - Processing /home/alura/Documents/Medalhas/venv/lib/python3.9/site-packages/airflow/example_dags/example_branch_python_dop_operator_3.py took 0.032 seconds
[2023-02-24 11:02:54,434] {processor.py:153} INFO - Started process (PID=11630) to work on /home/alura/Documents/Medalhas/venv/lib/python3.9/site-packages/airflow/example_dags/example_branch_python_dop_operator_3.py
[2023-02-24 11:02:54,435] {processor.py:641} INFO - Processing file /home/alura/Documents/Medalhas/venv/lib/python3.9/site-packages/airflow/example_dags/example_branch_python_dop_operator_3.py for tasks to queue
[2023-02-24 11:02:54,435] {logging_mixin.py:115} INFO - [2023-02-24 11:02:54,435] {dagbag.py:507} INFO - Filling up the DagBag from /home/alura/Documents/Medalhas/venv/lib/python3.9/site-packages/airflow/example_dags/example_branch_python_dop_operator_3.py
[2023-02-24 11:02:54,441] {processor.py:651} INFO - DAG(s) dict_keys(['example_branch_dop_operator_v3']) retrieved from /home/alura/Documents/Medalhas/venv/lib/python3.9/site-packages/airflow/example_dags/example_branch_python_dop_operator_3.py
[2023-02-24 11:02:54,449] {logging_mixin.py:115} INFO - [2023-02-24 11:02:54,449] {dag.py:2379} INFO - Sync 1 DAGs
[2023-02-24 11:02:54,461] {logging_mixin.py:115} INFO - [2023-02-24 11:02:54,461] {dag.py:2927} INFO - Setting next_dagrun for example_branch_dop_operator_v3 to 2023-02-24T19:01:00+00:00, run_after=2023-02-24T19:02:00+00:00
[2023-02-24 11:02:54,469] {processor.py:161} INFO - Processing /home/alura/Documents/Medalhas/venv/lib/python3.9/site-packages/airflow/example_dags/example_branch_python_dop_operator_3.py took 0.036 seconds
[2023-02-24 11:03:30,346] {processor.py:153} INFO - Started process (PID=11818) to work on /home/alura/Documents/Medalhas/venv/lib/python3.9/site-packages/airflow/example_dags/example_branch_python_dop_operator_3.py
[2023-02-24 11:03:30,346] {processor.py:641} INFO - Processing file /home/alura/Documents/Medalhas/venv/lib/python3.9/site-packages/airflow/example_dags/example_branch_python_dop_operator_3.py for tasks to queue
[2023-02-24 11:03:30,347] {logging_mixin.py:115} INFO - [2023-02-24 11:03:30,347] {dagbag.py:507} INFO - Filling up the DagBag from /home/alura/Documents/Medalhas/venv/lib/python3.9/site-packages/airflow/example_dags/example_branch_python_dop_operator_3.py
[2023-02-24 11:03:30,351] {processor.py:651} INFO - DAG(s) dict_keys(['example_branch_dop_operator_v3']) retrieved from /home/alura/Documents/Medalhas/venv/lib/python3.9/site-packages/airflow/example_dags/example_branch_python_dop_operator_3.py
[2023-02-24 11:03:30,360] {logging_mixin.py:115} INFO - [2023-02-24 11:03:30,359] {dag.py:2379} INFO - Sync 1 DAGs
[2023-02-24 11:03:30,371] {logging_mixin.py:115} INFO - [2023-02-24 11:03:30,371] {dag.py:2927} INFO - Setting next_dagrun for example_branch_dop_operator_v3 to 2023-02-24T19:02:00+00:00, run_after=2023-02-24T19:03:00+00:00
[2023-02-24 11:03:30,379] {processor.py:161} INFO - Processing /home/alura/Documents/Medalhas/venv/lib/python3.9/site-packages/airflow/example_dags/example_branch_python_dop_operator_3.py took 0.034 seconds
[2023-02-24 11:04:03,967] {processor.py:153} INFO - Started process (PID=12074) to work on /home/alura/Documents/Medalhas/venv/lib/python3.9/site-packages/airflow/example_dags/example_branch_python_dop_operator_3.py
[2023-02-24 11:04:03,968] {processor.py:641} INFO - Processing file /home/alura/Documents/Medalhas/venv/lib/python3.9/site-packages/airflow/example_dags/example_branch_python_dop_operator_3.py for tasks to queue
[2023-02-24 11:04:03,968] {logging_mixin.py:115} INFO - [2023-02-24 11:04:03,968] {dagbag.py:507} INFO - Filling up the DagBag from /home/alura/Documents/Medalhas/venv/lib/python3.9/site-packages/airflow/example_dags/example_branch_python_dop_operator_3.py
[2023-02-24 11:04:03,973] {processor.py:651} INFO - DAG(s) dict_keys(['example_branch_dop_operator_v3']) retrieved from /home/alura/Documents/Medalhas/venv/lib/python3.9/site-packages/airflow/example_dags/example_branch_python_dop_operator_3.py
[2023-02-24 11:04:03,981] {logging_mixin.py:115} INFO - [2023-02-24 11:04:03,981] {dag.py:2379} INFO - Sync 1 DAGs
[2023-02-24 11:04:03,993] {logging_mixin.py:115} INFO - [2023-02-24 11:04:03,993] {dag.py:2927} INFO - Setting next_dagrun for example_branch_dop_operator_v3 to 2023-02-24T19:03:00+00:00, run_after=2023-02-24T19:04:00+00:00
[2023-02-24 11:04:04,000] {processor.py:161} INFO - Processing /home/alura/Documents/Medalhas/venv/lib/python3.9/site-packages/airflow/example_dags/example_branch_python_dop_operator_3.py took 0.035 seconds
[2023-02-24 11:04:39,023] {processor.py:153} INFO - Started process (PID=12281) to work on /home/alura/Documents/Medalhas/venv/lib/python3.9/site-packages/airflow/example_dags/example_branch_python_dop_operator_3.py
[2023-02-24 11:04:39,024] {processor.py:641} INFO - Processing file /home/alura/Documents/Medalhas/venv/lib/python3.9/site-packages/airflow/example_dags/example_branch_python_dop_operator_3.py for tasks to queue
[2023-02-24 11:04:39,024] {logging_mixin.py:115} INFO - [2023-02-24 11:04:39,024] {dagbag.py:507} INFO - Filling up the DagBag from /home/alura/Documents/Medalhas/venv/lib/python3.9/site-packages/airflow/example_dags/example_branch_python_dop_operator_3.py
[2023-02-24 11:04:39,029] {processor.py:651} INFO - DAG(s) dict_keys(['example_branch_dop_operator_v3']) retrieved from /home/alura/Documents/Medalhas/venv/lib/python3.9/site-packages/airflow/example_dags/example_branch_python_dop_operator_3.py
[2023-02-24 11:04:39,038] {logging_mixin.py:115} INFO - [2023-02-24 11:04:39,038] {dag.py:2379} INFO - Sync 1 DAGs
[2023-02-24 11:04:39,052] {logging_mixin.py:115} INFO - [2023-02-24 11:04:39,051] {dag.py:2927} INFO - Setting next_dagrun for example_branch_dop_operator_v3 to 2023-02-24T19:03:00+00:00, run_after=2023-02-24T19:04:00+00:00
[2023-02-24 11:04:39,058] {processor.py:161} INFO - Processing /home/alura/Documents/Medalhas/venv/lib/python3.9/site-packages/airflow/example_dags/example_branch_python_dop_operator_3.py took 0.036 seconds
[2023-02-24 11:05:16,158] {processor.py:153} INFO - Started process (PID=12508) to work on /home/alura/Documents/Medalhas/venv/lib/python3.9/site-packages/airflow/example_dags/example_branch_python_dop_operator_3.py
[2023-02-24 11:05:16,158] {processor.py:641} INFO - Processing file /home/alura/Documents/Medalhas/venv/lib/python3.9/site-packages/airflow/example_dags/example_branch_python_dop_operator_3.py for tasks to queue
[2023-02-24 11:05:16,159] {logging_mixin.py:115} INFO - [2023-02-24 11:05:16,159] {dagbag.py:507} INFO - Filling up the DagBag from /home/alura/Documents/Medalhas/venv/lib/python3.9/site-packages/airflow/example_dags/example_branch_python_dop_operator_3.py
[2023-02-24 11:05:16,164] {processor.py:651} INFO - DAG(s) dict_keys(['example_branch_dop_operator_v3']) retrieved from /home/alura/Documents/Medalhas/venv/lib/python3.9/site-packages/airflow/example_dags/example_branch_python_dop_operator_3.py
[2023-02-24 11:05:16,174] {logging_mixin.py:115} INFO - [2023-02-24 11:05:16,174] {dag.py:2379} INFO - Sync 1 DAGs
[2023-02-24 11:05:16,187] {logging_mixin.py:115} INFO - [2023-02-24 11:05:16,187] {dag.py:2927} INFO - Setting next_dagrun for example_branch_dop_operator_v3 to 2023-02-24T19:04:00+00:00, run_after=2023-02-24T19:05:00+00:00
[2023-02-24 11:05:16,195] {processor.py:161} INFO - Processing /home/alura/Documents/Medalhas/venv/lib/python3.9/site-packages/airflow/example_dags/example_branch_python_dop_operator_3.py took 0.039 seconds
