[2023-02-24 10:47:23,790] {processor.py:153} INFO - Started process (PID=6016) to work on /home/alura/Documents/Medalhas/venv/lib/python3.9/site-packages/airflow/example_dags/example_xcom.py
[2023-02-24 10:47:23,792] {processor.py:641} INFO - Processing file /home/alura/Documents/Medalhas/venv/lib/python3.9/site-packages/airflow/example_dags/example_xcom.py for tasks to queue
[2023-02-24 10:47:23,793] {logging_mixin.py:115} INFO - [2023-02-24 10:47:23,792] {dagbag.py:507} INFO - Filling up the DagBag from /home/alura/Documents/Medalhas/venv/lib/python3.9/site-packages/airflow/example_dags/example_xcom.py
[2023-02-24 10:47:23,822] {processor.py:651} INFO - DAG(s) dict_keys(['example_xcom']) retrieved from /home/alura/Documents/Medalhas/venv/lib/python3.9/site-packages/airflow/example_dags/example_xcom.py
[2023-02-24 10:47:23,902] {logging_mixin.py:115} INFO - [2023-02-24 10:47:23,902] {manager.py:508} INFO - Created Permission View: can delete on DAG:example_xcom
[2023-02-24 10:47:23,908] {logging_mixin.py:115} INFO - [2023-02-24 10:47:23,908] {manager.py:508} INFO - Created Permission View: can edit on DAG:example_xcom
[2023-02-24 10:47:23,913] {logging_mixin.py:115} INFO - [2023-02-24 10:47:23,913] {manager.py:508} INFO - Created Permission View: can read on DAG:example_xcom
[2023-02-24 10:47:23,914] {logging_mixin.py:115} INFO - [2023-02-24 10:47:23,913] {dag.py:2379} INFO - Sync 1 DAGs
[2023-02-24 10:47:23,924] {logging_mixin.py:115} INFO - [2023-02-24 10:47:23,924] {dag.py:2398} INFO - Creating ORM DAG for example_xcom
[2023-02-24 10:47:23,933] {logging_mixin.py:115} INFO - [2023-02-24 10:47:23,933] {dag.py:2927} INFO - Setting next_dagrun for example_xcom to 2021-01-01T00:00:00+00:00, run_after=2021-01-01T00:00:00+00:00
[2023-02-24 10:47:23,945] {processor.py:161} INFO - Processing /home/alura/Documents/Medalhas/venv/lib/python3.9/site-packages/airflow/example_dags/example_xcom.py took 0.163 seconds
[2023-02-24 10:47:59,426] {processor.py:153} INFO - Started process (PID=6281) to work on /home/alura/Documents/Medalhas/venv/lib/python3.9/site-packages/airflow/example_dags/example_xcom.py
[2023-02-24 10:47:59,427] {processor.py:641} INFO - Processing file /home/alura/Documents/Medalhas/venv/lib/python3.9/site-packages/airflow/example_dags/example_xcom.py for tasks to queue
[2023-02-24 10:47:59,427] {logging_mixin.py:115} INFO - [2023-02-24 10:47:59,427] {dagbag.py:507} INFO - Filling up the DagBag from /home/alura/Documents/Medalhas/venv/lib/python3.9/site-packages/airflow/example_dags/example_xcom.py
[2023-02-24 10:47:59,438] {processor.py:651} INFO - DAG(s) dict_keys(['example_xcom']) retrieved from /home/alura/Documents/Medalhas/venv/lib/python3.9/site-packages/airflow/example_dags/example_xcom.py
[2023-02-24 10:47:59,462] {logging_mixin.py:115} INFO - [2023-02-24 10:47:59,462] {dag.py:2379} INFO - Sync 1 DAGs
[2023-02-24 10:47:59,470] {logging_mixin.py:115} INFO - [2023-02-24 10:47:59,470] {dag.py:2927} INFO - Setting next_dagrun for example_xcom to 2021-01-01T00:00:00+00:00, run_after=2021-01-01T00:00:00+00:00
[2023-02-24 10:47:59,478] {processor.py:161} INFO - Processing /home/alura/Documents/Medalhas/venv/lib/python3.9/site-packages/airflow/example_dags/example_xcom.py took 0.053 seconds
[2023-02-24 10:48:33,044] {processor.py:153} INFO - Started process (PID=6634) to work on /home/alura/Documents/Medalhas/venv/lib/python3.9/site-packages/airflow/example_dags/example_xcom.py
[2023-02-24 10:48:33,044] {processor.py:641} INFO - Processing file /home/alura/Documents/Medalhas/venv/lib/python3.9/site-packages/airflow/example_dags/example_xcom.py for tasks to queue
[2023-02-24 10:48:33,045] {logging_mixin.py:115} INFO - [2023-02-24 10:48:33,045] {dagbag.py:507} INFO - Filling up the DagBag from /home/alura/Documents/Medalhas/venv/lib/python3.9/site-packages/airflow/example_dags/example_xcom.py
[2023-02-24 10:48:33,054] {processor.py:651} INFO - DAG(s) dict_keys(['example_xcom']) retrieved from /home/alura/Documents/Medalhas/venv/lib/python3.9/site-packages/airflow/example_dags/example_xcom.py
[2023-02-24 10:48:33,079] {logging_mixin.py:115} INFO - [2023-02-24 10:48:33,079] {dag.py:2379} INFO - Sync 1 DAGs
[2023-02-24 10:48:33,087] {logging_mixin.py:115} INFO - [2023-02-24 10:48:33,087] {dag.py:2927} INFO - Setting next_dagrun for example_xcom to 2021-01-01T00:00:00+00:00, run_after=2021-01-01T00:00:00+00:00
[2023-02-24 10:48:33,094] {processor.py:161} INFO - Processing /home/alura/Documents/Medalhas/venv/lib/python3.9/site-packages/airflow/example_dags/example_xcom.py took 0.052 seconds
[2023-02-24 10:49:05,035] {processor.py:153} INFO - Started process (PID=6997) to work on /home/alura/Documents/Medalhas/venv/lib/python3.9/site-packages/airflow/example_dags/example_xcom.py
[2023-02-24 10:49:05,036] {processor.py:641} INFO - Processing file /home/alura/Documents/Medalhas/venv/lib/python3.9/site-packages/airflow/example_dags/example_xcom.py for tasks to queue
[2023-02-24 10:49:05,036] {logging_mixin.py:115} INFO - [2023-02-24 10:49:05,036] {dagbag.py:507} INFO - Filling up the DagBag from /home/alura/Documents/Medalhas/venv/lib/python3.9/site-packages/airflow/example_dags/example_xcom.py
[2023-02-24 10:49:05,046] {processor.py:651} INFO - DAG(s) dict_keys(['example_xcom']) retrieved from /home/alura/Documents/Medalhas/venv/lib/python3.9/site-packages/airflow/example_dags/example_xcom.py
[2023-02-24 10:49:05,068] {logging_mixin.py:115} INFO - [2023-02-24 10:49:05,068] {dag.py:2379} INFO - Sync 1 DAGs
[2023-02-24 10:49:05,076] {logging_mixin.py:115} INFO - [2023-02-24 10:49:05,076] {dag.py:2927} INFO - Setting next_dagrun for example_xcom to 2021-01-01T00:00:00+00:00, run_after=2021-01-01T00:00:00+00:00
[2023-02-24 10:49:05,083] {processor.py:161} INFO - Processing /home/alura/Documents/Medalhas/venv/lib/python3.9/site-packages/airflow/example_dags/example_xcom.py took 0.050 seconds
[2023-02-24 10:49:39,737] {processor.py:153} INFO - Started process (PID=7416) to work on /home/alura/Documents/Medalhas/venv/lib/python3.9/site-packages/airflow/example_dags/example_xcom.py
[2023-02-24 10:49:39,738] {processor.py:641} INFO - Processing file /home/alura/Documents/Medalhas/venv/lib/python3.9/site-packages/airflow/example_dags/example_xcom.py for tasks to queue
[2023-02-24 10:49:39,738] {logging_mixin.py:115} INFO - [2023-02-24 10:49:39,738] {dagbag.py:507} INFO - Filling up the DagBag from /home/alura/Documents/Medalhas/venv/lib/python3.9/site-packages/airflow/example_dags/example_xcom.py
[2023-02-24 10:49:39,747] {processor.py:651} INFO - DAG(s) dict_keys(['example_xcom']) retrieved from /home/alura/Documents/Medalhas/venv/lib/python3.9/site-packages/airflow/example_dags/example_xcom.py
[2023-02-24 10:49:39,771] {logging_mixin.py:115} INFO - [2023-02-24 10:49:39,771] {dag.py:2379} INFO - Sync 1 DAGs
[2023-02-24 10:49:39,778] {logging_mixin.py:115} INFO - [2023-02-24 10:49:39,778] {dag.py:2927} INFO - Setting next_dagrun for example_xcom to 2021-01-01T00:00:00+00:00, run_after=2021-01-01T00:00:00+00:00
[2023-02-24 10:49:39,786] {processor.py:161} INFO - Processing /home/alura/Documents/Medalhas/venv/lib/python3.9/site-packages/airflow/example_dags/example_xcom.py took 0.050 seconds
[2023-02-24 10:50:14,443] {processor.py:153} INFO - Started process (PID=7596) to work on /home/alura/Documents/Medalhas/venv/lib/python3.9/site-packages/airflow/example_dags/example_xcom.py
[2023-02-24 10:50:14,444] {processor.py:641} INFO - Processing file /home/alura/Documents/Medalhas/venv/lib/python3.9/site-packages/airflow/example_dags/example_xcom.py for tasks to queue
[2023-02-24 10:50:14,444] {logging_mixin.py:115} INFO - [2023-02-24 10:50:14,444] {dagbag.py:507} INFO - Filling up the DagBag from /home/alura/Documents/Medalhas/venv/lib/python3.9/site-packages/airflow/example_dags/example_xcom.py
[2023-02-24 10:50:14,453] {processor.py:651} INFO - DAG(s) dict_keys(['example_xcom']) retrieved from /home/alura/Documents/Medalhas/venv/lib/python3.9/site-packages/airflow/example_dags/example_xcom.py
[2023-02-24 10:50:14,475] {logging_mixin.py:115} INFO - [2023-02-24 10:50:14,475] {dag.py:2379} INFO - Sync 1 DAGs
[2023-02-24 10:50:14,483] {logging_mixin.py:115} INFO - [2023-02-24 10:50:14,483] {dag.py:2927} INFO - Setting next_dagrun for example_xcom to 2021-01-01T00:00:00+00:00, run_after=2021-01-01T00:00:00+00:00
[2023-02-24 10:50:14,490] {processor.py:161} INFO - Processing /home/alura/Documents/Medalhas/venv/lib/python3.9/site-packages/airflow/example_dags/example_xcom.py took 0.048 seconds
[2023-02-24 10:50:46,303] {processor.py:153} INFO - Started process (PID=7769) to work on /home/alura/Documents/Medalhas/venv/lib/python3.9/site-packages/airflow/example_dags/example_xcom.py
[2023-02-24 10:50:46,304] {processor.py:641} INFO - Processing file /home/alura/Documents/Medalhas/venv/lib/python3.9/site-packages/airflow/example_dags/example_xcom.py for tasks to queue
[2023-02-24 10:50:46,304] {logging_mixin.py:115} INFO - [2023-02-24 10:50:46,304] {dagbag.py:507} INFO - Filling up the DagBag from /home/alura/Documents/Medalhas/venv/lib/python3.9/site-packages/airflow/example_dags/example_xcom.py
[2023-02-24 10:50:46,313] {processor.py:651} INFO - DAG(s) dict_keys(['example_xcom']) retrieved from /home/alura/Documents/Medalhas/venv/lib/python3.9/site-packages/airflow/example_dags/example_xcom.py
[2023-02-24 10:50:46,336] {logging_mixin.py:115} INFO - [2023-02-24 10:50:46,336] {dag.py:2379} INFO - Sync 1 DAGs
[2023-02-24 10:50:46,344] {logging_mixin.py:115} INFO - [2023-02-24 10:50:46,344] {dag.py:2927} INFO - Setting next_dagrun for example_xcom to 2021-01-01T00:00:00+00:00, run_after=2021-01-01T00:00:00+00:00
[2023-02-24 10:50:46,351] {processor.py:161} INFO - Processing /home/alura/Documents/Medalhas/venv/lib/python3.9/site-packages/airflow/example_dags/example_xcom.py took 0.049 seconds
[2023-02-24 10:51:21,632] {processor.py:153} INFO - Started process (PID=7950) to work on /home/alura/Documents/Medalhas/venv/lib/python3.9/site-packages/airflow/example_dags/example_xcom.py
[2023-02-24 10:51:21,633] {processor.py:641} INFO - Processing file /home/alura/Documents/Medalhas/venv/lib/python3.9/site-packages/airflow/example_dags/example_xcom.py for tasks to queue
[2023-02-24 10:51:21,633] {logging_mixin.py:115} INFO - [2023-02-24 10:51:21,633] {dagbag.py:507} INFO - Filling up the DagBag from /home/alura/Documents/Medalhas/venv/lib/python3.9/site-packages/airflow/example_dags/example_xcom.py
[2023-02-24 10:51:21,642] {processor.py:651} INFO - DAG(s) dict_keys(['example_xcom']) retrieved from /home/alura/Documents/Medalhas/venv/lib/python3.9/site-packages/airflow/example_dags/example_xcom.py
[2023-02-24 10:51:21,665] {logging_mixin.py:115} INFO - [2023-02-24 10:51:21,665] {dag.py:2379} INFO - Sync 1 DAGs
[2023-02-24 10:51:21,673] {logging_mixin.py:115} INFO - [2023-02-24 10:51:21,673] {dag.py:2927} INFO - Setting next_dagrun for example_xcom to 2021-01-01T00:00:00+00:00, run_after=2021-01-01T00:00:00+00:00
[2023-02-24 10:51:21,680] {processor.py:161} INFO - Processing /home/alura/Documents/Medalhas/venv/lib/python3.9/site-packages/airflow/example_dags/example_xcom.py took 0.049 seconds
[2023-02-24 10:51:53,016] {processor.py:153} INFO - Started process (PID=8117) to work on /home/alura/Documents/Medalhas/venv/lib/python3.9/site-packages/airflow/example_dags/example_xcom.py
[2023-02-24 10:51:53,017] {processor.py:641} INFO - Processing file /home/alura/Documents/Medalhas/venv/lib/python3.9/site-packages/airflow/example_dags/example_xcom.py for tasks to queue
[2023-02-24 10:51:53,017] {logging_mixin.py:115} INFO - [2023-02-24 10:51:53,017] {dagbag.py:507} INFO - Filling up the DagBag from /home/alura/Documents/Medalhas/venv/lib/python3.9/site-packages/airflow/example_dags/example_xcom.py
[2023-02-24 10:51:53,025] {processor.py:651} INFO - DAG(s) dict_keys(['example_xcom']) retrieved from /home/alura/Documents/Medalhas/venv/lib/python3.9/site-packages/airflow/example_dags/example_xcom.py
[2023-02-24 10:51:53,034] {logging_mixin.py:115} INFO - [2023-02-24 10:51:53,034] {dag.py:2379} INFO - Sync 1 DAGs
[2023-02-24 10:51:53,042] {logging_mixin.py:115} INFO - [2023-02-24 10:51:53,042] {dag.py:2927} INFO - Setting next_dagrun for example_xcom to 2021-01-01T00:00:00+00:00, run_after=2021-01-01T00:00:00+00:00
[2023-02-24 10:51:53,049] {processor.py:161} INFO - Processing /home/alura/Documents/Medalhas/venv/lib/python3.9/site-packages/airflow/example_dags/example_xcom.py took 0.034 seconds
[2023-02-24 10:52:28,523] {processor.py:153} INFO - Started process (PID=8298) to work on /home/alura/Documents/Medalhas/venv/lib/python3.9/site-packages/airflow/example_dags/example_xcom.py
[2023-02-24 10:52:28,524] {processor.py:641} INFO - Processing file /home/alura/Documents/Medalhas/venv/lib/python3.9/site-packages/airflow/example_dags/example_xcom.py for tasks to queue
[2023-02-24 10:52:28,524] {logging_mixin.py:115} INFO - [2023-02-24 10:52:28,524] {dagbag.py:507} INFO - Filling up the DagBag from /home/alura/Documents/Medalhas/venv/lib/python3.9/site-packages/airflow/example_dags/example_xcom.py
[2023-02-24 10:52:28,534] {processor.py:651} INFO - DAG(s) dict_keys(['example_xcom']) retrieved from /home/alura/Documents/Medalhas/venv/lib/python3.9/site-packages/airflow/example_dags/example_xcom.py
[2023-02-24 10:52:28,558] {logging_mixin.py:115} INFO - [2023-02-24 10:52:28,558] {dag.py:2379} INFO - Sync 1 DAGs
[2023-02-24 10:52:28,567] {logging_mixin.py:115} INFO - [2023-02-24 10:52:28,566] {dag.py:2927} INFO - Setting next_dagrun for example_xcom to 2021-01-01T00:00:00+00:00, run_after=2021-01-01T00:00:00+00:00
[2023-02-24 10:52:28,573] {processor.py:161} INFO - Processing /home/alura/Documents/Medalhas/venv/lib/python3.9/site-packages/airflow/example_dags/example_xcom.py took 0.052 seconds
[2023-02-24 10:53:02,553] {processor.py:153} INFO - Started process (PID=8472) to work on /home/alura/Documents/Medalhas/venv/lib/python3.9/site-packages/airflow/example_dags/example_xcom.py
[2023-02-24 10:53:02,554] {processor.py:641} INFO - Processing file /home/alura/Documents/Medalhas/venv/lib/python3.9/site-packages/airflow/example_dags/example_xcom.py for tasks to queue
[2023-02-24 10:53:02,554] {logging_mixin.py:115} INFO - [2023-02-24 10:53:02,554] {dagbag.py:507} INFO - Filling up the DagBag from /home/alura/Documents/Medalhas/venv/lib/python3.9/site-packages/airflow/example_dags/example_xcom.py
[2023-02-24 10:53:02,563] {processor.py:651} INFO - DAG(s) dict_keys(['example_xcom']) retrieved from /home/alura/Documents/Medalhas/venv/lib/python3.9/site-packages/airflow/example_dags/example_xcom.py
[2023-02-24 10:53:02,572] {logging_mixin.py:115} INFO - [2023-02-24 10:53:02,572] {dag.py:2379} INFO - Sync 1 DAGs
[2023-02-24 10:53:02,580] {logging_mixin.py:115} INFO - [2023-02-24 10:53:02,580] {dag.py:2927} INFO - Setting next_dagrun for example_xcom to 2021-01-01T00:00:00+00:00, run_after=2021-01-01T00:00:00+00:00
[2023-02-24 10:53:02,587] {processor.py:161} INFO - Processing /home/alura/Documents/Medalhas/venv/lib/python3.9/site-packages/airflow/example_dags/example_xcom.py took 0.035 seconds
[2023-02-24 10:53:34,461] {processor.py:153} INFO - Started process (PID=8629) to work on /home/alura/Documents/Medalhas/venv/lib/python3.9/site-packages/airflow/example_dags/example_xcom.py
[2023-02-24 10:53:34,461] {processor.py:641} INFO - Processing file /home/alura/Documents/Medalhas/venv/lib/python3.9/site-packages/airflow/example_dags/example_xcom.py for tasks to queue
[2023-02-24 10:53:34,462] {logging_mixin.py:115} INFO - [2023-02-24 10:53:34,462] {dagbag.py:507} INFO - Filling up the DagBag from /home/alura/Documents/Medalhas/venv/lib/python3.9/site-packages/airflow/example_dags/example_xcom.py
[2023-02-24 10:53:34,471] {processor.py:651} INFO - DAG(s) dict_keys(['example_xcom']) retrieved from /home/alura/Documents/Medalhas/venv/lib/python3.9/site-packages/airflow/example_dags/example_xcom.py
[2023-02-24 10:53:34,479] {logging_mixin.py:115} INFO - [2023-02-24 10:53:34,479] {dag.py:2379} INFO - Sync 1 DAGs
[2023-02-24 10:53:34,488] {logging_mixin.py:115} INFO - [2023-02-24 10:53:34,488] {dag.py:2927} INFO - Setting next_dagrun for example_xcom to 2021-01-01T00:00:00+00:00, run_after=2021-01-01T00:00:00+00:00
[2023-02-24 10:53:34,495] {processor.py:161} INFO - Processing /home/alura/Documents/Medalhas/venv/lib/python3.9/site-packages/airflow/example_dags/example_xcom.py took 0.036 seconds
[2023-02-24 10:54:08,481] {processor.py:153} INFO - Started process (PID=8884) to work on /home/alura/Documents/Medalhas/venv/lib/python3.9/site-packages/airflow/example_dags/example_xcom.py
[2023-02-24 10:54:08,481] {processor.py:641} INFO - Processing file /home/alura/Documents/Medalhas/venv/lib/python3.9/site-packages/airflow/example_dags/example_xcom.py for tasks to queue
[2023-02-24 10:54:08,481] {logging_mixin.py:115} INFO - [2023-02-24 10:54:08,481] {dagbag.py:507} INFO - Filling up the DagBag from /home/alura/Documents/Medalhas/venv/lib/python3.9/site-packages/airflow/example_dags/example_xcom.py
[2023-02-24 10:54:08,490] {processor.py:651} INFO - DAG(s) dict_keys(['example_xcom']) retrieved from /home/alura/Documents/Medalhas/venv/lib/python3.9/site-packages/airflow/example_dags/example_xcom.py
[2023-02-24 10:54:08,513] {logging_mixin.py:115} INFO - [2023-02-24 10:54:08,513] {dag.py:2379} INFO - Sync 1 DAGs
[2023-02-24 10:54:08,521] {logging_mixin.py:115} INFO - [2023-02-24 10:54:08,521] {dag.py:2927} INFO - Setting next_dagrun for example_xcom to 2021-01-01T00:00:00+00:00, run_after=2021-01-01T00:00:00+00:00
[2023-02-24 10:54:08,528] {processor.py:161} INFO - Processing /home/alura/Documents/Medalhas/venv/lib/python3.9/site-packages/airflow/example_dags/example_xcom.py took 0.049 seconds
[2023-02-24 10:54:44,489] {processor.py:153} INFO - Started process (PID=9066) to work on /home/alura/Documents/Medalhas/venv/lib/python3.9/site-packages/airflow/example_dags/example_xcom.py
[2023-02-24 10:54:44,490] {processor.py:641} INFO - Processing file /home/alura/Documents/Medalhas/venv/lib/python3.9/site-packages/airflow/example_dags/example_xcom.py for tasks to queue
[2023-02-24 10:54:44,490] {logging_mixin.py:115} INFO - [2023-02-24 10:54:44,490] {dagbag.py:507} INFO - Filling up the DagBag from /home/alura/Documents/Medalhas/venv/lib/python3.9/site-packages/airflow/example_dags/example_xcom.py
[2023-02-24 10:54:44,499] {processor.py:651} INFO - DAG(s) dict_keys(['example_xcom']) retrieved from /home/alura/Documents/Medalhas/venv/lib/python3.9/site-packages/airflow/example_dags/example_xcom.py
[2023-02-24 10:54:44,507] {logging_mixin.py:115} INFO - [2023-02-24 10:54:44,507] {dag.py:2379} INFO - Sync 1 DAGs
[2023-02-24 10:54:44,516] {logging_mixin.py:115} INFO - [2023-02-24 10:54:44,516] {dag.py:2927} INFO - Setting next_dagrun for example_xcom to 2021-01-01T00:00:00+00:00, run_after=2021-01-01T00:00:00+00:00
[2023-02-24 10:54:44,523] {processor.py:161} INFO - Processing /home/alura/Documents/Medalhas/venv/lib/python3.9/site-packages/airflow/example_dags/example_xcom.py took 0.035 seconds
[2023-02-24 10:55:17,035] {processor.py:153} INFO - Started process (PID=9239) to work on /home/alura/Documents/Medalhas/venv/lib/python3.9/site-packages/airflow/example_dags/example_xcom.py
[2023-02-24 10:55:17,036] {processor.py:641} INFO - Processing file /home/alura/Documents/Medalhas/venv/lib/python3.9/site-packages/airflow/example_dags/example_xcom.py for tasks to queue
[2023-02-24 10:55:17,036] {logging_mixin.py:115} INFO - [2023-02-24 10:55:17,036] {dagbag.py:507} INFO - Filling up the DagBag from /home/alura/Documents/Medalhas/venv/lib/python3.9/site-packages/airflow/example_dags/example_xcom.py
[2023-02-24 10:55:17,045] {processor.py:651} INFO - DAG(s) dict_keys(['example_xcom']) retrieved from /home/alura/Documents/Medalhas/venv/lib/python3.9/site-packages/airflow/example_dags/example_xcom.py
[2023-02-24 10:55:17,066] {logging_mixin.py:115} INFO - [2023-02-24 10:55:17,066] {dag.py:2379} INFO - Sync 1 DAGs
[2023-02-24 10:55:17,074] {logging_mixin.py:115} INFO - [2023-02-24 10:55:17,074] {dag.py:2927} INFO - Setting next_dagrun for example_xcom to 2021-01-01T00:00:00+00:00, run_after=2021-01-01T00:00:00+00:00
[2023-02-24 10:55:17,081] {processor.py:161} INFO - Processing /home/alura/Documents/Medalhas/venv/lib/python3.9/site-packages/airflow/example_dags/example_xcom.py took 0.047 seconds
[2023-02-24 10:55:50,795] {processor.py:153} INFO - Started process (PID=9413) to work on /home/alura/Documents/Medalhas/venv/lib/python3.9/site-packages/airflow/example_dags/example_xcom.py
[2023-02-24 10:55:50,796] {processor.py:641} INFO - Processing file /home/alura/Documents/Medalhas/venv/lib/python3.9/site-packages/airflow/example_dags/example_xcom.py for tasks to queue
[2023-02-24 10:55:50,796] {logging_mixin.py:115} INFO - [2023-02-24 10:55:50,796] {dagbag.py:507} INFO - Filling up the DagBag from /home/alura/Documents/Medalhas/venv/lib/python3.9/site-packages/airflow/example_dags/example_xcom.py
[2023-02-24 10:55:50,806] {processor.py:651} INFO - DAG(s) dict_keys(['example_xcom']) retrieved from /home/alura/Documents/Medalhas/venv/lib/python3.9/site-packages/airflow/example_dags/example_xcom.py
[2023-02-24 10:55:50,814] {logging_mixin.py:115} INFO - [2023-02-24 10:55:50,814] {dag.py:2379} INFO - Sync 1 DAGs
[2023-02-24 10:55:50,823] {logging_mixin.py:115} INFO - [2023-02-24 10:55:50,823] {dag.py:2927} INFO - Setting next_dagrun for example_xcom to 2021-01-01T00:00:00+00:00, run_after=2021-01-01T00:00:00+00:00
[2023-02-24 10:55:50,829] {processor.py:161} INFO - Processing /home/alura/Documents/Medalhas/venv/lib/python3.9/site-packages/airflow/example_dags/example_xcom.py took 0.035 seconds
[2023-02-24 10:56:24,063] {processor.py:153} INFO - Started process (PID=9585) to work on /home/alura/Documents/Medalhas/venv/lib/python3.9/site-packages/airflow/example_dags/example_xcom.py
[2023-02-24 10:56:24,064] {processor.py:641} INFO - Processing file /home/alura/Documents/Medalhas/venv/lib/python3.9/site-packages/airflow/example_dags/example_xcom.py for tasks to queue
[2023-02-24 10:56:24,064] {logging_mixin.py:115} INFO - [2023-02-24 10:56:24,064] {dagbag.py:507} INFO - Filling up the DagBag from /home/alura/Documents/Medalhas/venv/lib/python3.9/site-packages/airflow/example_dags/example_xcom.py
[2023-02-24 10:56:24,073] {processor.py:651} INFO - DAG(s) dict_keys(['example_xcom']) retrieved from /home/alura/Documents/Medalhas/venv/lib/python3.9/site-packages/airflow/example_dags/example_xcom.py
[2023-02-24 10:56:24,081] {logging_mixin.py:115} INFO - [2023-02-24 10:56:24,081] {dag.py:2379} INFO - Sync 1 DAGs
[2023-02-24 10:56:24,089] {logging_mixin.py:115} INFO - [2023-02-24 10:56:24,089] {dag.py:2927} INFO - Setting next_dagrun for example_xcom to 2021-01-01T00:00:00+00:00, run_after=2021-01-01T00:00:00+00:00
[2023-02-24 10:56:24,096] {processor.py:161} INFO - Processing /home/alura/Documents/Medalhas/venv/lib/python3.9/site-packages/airflow/example_dags/example_xcom.py took 0.034 seconds
[2023-02-24 10:56:57,864] {processor.py:153} INFO - Started process (PID=9757) to work on /home/alura/Documents/Medalhas/venv/lib/python3.9/site-packages/airflow/example_dags/example_xcom.py
[2023-02-24 10:56:57,865] {processor.py:641} INFO - Processing file /home/alura/Documents/Medalhas/venv/lib/python3.9/site-packages/airflow/example_dags/example_xcom.py for tasks to queue
[2023-02-24 10:56:57,865] {logging_mixin.py:115} INFO - [2023-02-24 10:56:57,865] {dagbag.py:507} INFO - Filling up the DagBag from /home/alura/Documents/Medalhas/venv/lib/python3.9/site-packages/airflow/example_dags/example_xcom.py
[2023-02-24 10:56:57,875] {processor.py:651} INFO - DAG(s) dict_keys(['example_xcom']) retrieved from /home/alura/Documents/Medalhas/venv/lib/python3.9/site-packages/airflow/example_dags/example_xcom.py
[2023-02-24 10:56:57,882] {logging_mixin.py:115} INFO - [2023-02-24 10:56:57,882] {dag.py:2379} INFO - Sync 1 DAGs
[2023-02-24 10:56:57,891] {logging_mixin.py:115} INFO - [2023-02-24 10:56:57,890] {dag.py:2927} INFO - Setting next_dagrun for example_xcom to 2021-01-01T00:00:00+00:00, run_after=2021-01-01T00:00:00+00:00
[2023-02-24 10:56:57,897] {processor.py:161} INFO - Processing /home/alura/Documents/Medalhas/venv/lib/python3.9/site-packages/airflow/example_dags/example_xcom.py took 0.034 seconds
[2023-02-24 10:57:30,417] {processor.py:153} INFO - Started process (PID=9924) to work on /home/alura/Documents/Medalhas/venv/lib/python3.9/site-packages/airflow/example_dags/example_xcom.py
[2023-02-24 10:57:30,417] {processor.py:641} INFO - Processing file /home/alura/Documents/Medalhas/venv/lib/python3.9/site-packages/airflow/example_dags/example_xcom.py for tasks to queue
[2023-02-24 10:57:30,418] {logging_mixin.py:115} INFO - [2023-02-24 10:57:30,418] {dagbag.py:507} INFO - Filling up the DagBag from /home/alura/Documents/Medalhas/venv/lib/python3.9/site-packages/airflow/example_dags/example_xcom.py
[2023-02-24 10:57:30,427] {processor.py:651} INFO - DAG(s) dict_keys(['example_xcom']) retrieved from /home/alura/Documents/Medalhas/venv/lib/python3.9/site-packages/airflow/example_dags/example_xcom.py
[2023-02-24 10:57:30,451] {logging_mixin.py:115} INFO - [2023-02-24 10:57:30,451] {dag.py:2379} INFO - Sync 1 DAGs
[2023-02-24 10:57:30,459] {logging_mixin.py:115} INFO - [2023-02-24 10:57:30,459] {dag.py:2927} INFO - Setting next_dagrun for example_xcom to 2021-01-01T00:00:00+00:00, run_after=2021-01-01T00:00:00+00:00
[2023-02-24 10:57:30,466] {processor.py:161} INFO - Processing /home/alura/Documents/Medalhas/venv/lib/python3.9/site-packages/airflow/example_dags/example_xcom.py took 0.050 seconds
[2023-02-24 10:58:02,317] {processor.py:153} INFO - Started process (PID=10094) to work on /home/alura/Documents/Medalhas/venv/lib/python3.9/site-packages/airflow/example_dags/example_xcom.py
[2023-02-24 10:58:02,318] {processor.py:641} INFO - Processing file /home/alura/Documents/Medalhas/venv/lib/python3.9/site-packages/airflow/example_dags/example_xcom.py for tasks to queue
[2023-02-24 10:58:02,318] {logging_mixin.py:115} INFO - [2023-02-24 10:58:02,318] {dagbag.py:507} INFO - Filling up the DagBag from /home/alura/Documents/Medalhas/venv/lib/python3.9/site-packages/airflow/example_dags/example_xcom.py
[2023-02-24 10:58:02,327] {processor.py:651} INFO - DAG(s) dict_keys(['example_xcom']) retrieved from /home/alura/Documents/Medalhas/venv/lib/python3.9/site-packages/airflow/example_dags/example_xcom.py
[2023-02-24 10:58:02,335] {logging_mixin.py:115} INFO - [2023-02-24 10:58:02,335] {dag.py:2379} INFO - Sync 1 DAGs
[2023-02-24 10:58:02,344] {logging_mixin.py:115} INFO - [2023-02-24 10:58:02,344] {dag.py:2927} INFO - Setting next_dagrun for example_xcom to 2021-01-01T00:00:00+00:00, run_after=2021-01-01T00:00:00+00:00
[2023-02-24 10:58:02,350] {processor.py:161} INFO - Processing /home/alura/Documents/Medalhas/venv/lib/python3.9/site-packages/airflow/example_dags/example_xcom.py took 0.035 seconds
[2023-02-24 10:58:34,942] {processor.py:153} INFO - Started process (PID=10264) to work on /home/alura/Documents/Medalhas/venv/lib/python3.9/site-packages/airflow/example_dags/example_xcom.py
[2023-02-24 10:58:34,943] {processor.py:641} INFO - Processing file /home/alura/Documents/Medalhas/venv/lib/python3.9/site-packages/airflow/example_dags/example_xcom.py for tasks to queue
[2023-02-24 10:58:34,943] {logging_mixin.py:115} INFO - [2023-02-24 10:58:34,943] {dagbag.py:507} INFO - Filling up the DagBag from /home/alura/Documents/Medalhas/venv/lib/python3.9/site-packages/airflow/example_dags/example_xcom.py
[2023-02-24 10:58:34,952] {processor.py:651} INFO - DAG(s) dict_keys(['example_xcom']) retrieved from /home/alura/Documents/Medalhas/venv/lib/python3.9/site-packages/airflow/example_dags/example_xcom.py
[2023-02-24 10:58:34,960] {logging_mixin.py:115} INFO - [2023-02-24 10:58:34,960] {dag.py:2379} INFO - Sync 1 DAGs
[2023-02-24 10:58:34,968] {logging_mixin.py:115} INFO - [2023-02-24 10:58:34,968] {dag.py:2927} INFO - Setting next_dagrun for example_xcom to 2021-01-01T00:00:00+00:00, run_after=2021-01-01T00:00:00+00:00
[2023-02-24 10:58:34,975] {processor.py:161} INFO - Processing /home/alura/Documents/Medalhas/venv/lib/python3.9/site-packages/airflow/example_dags/example_xcom.py took 0.034 seconds
[2023-02-24 10:59:07,853] {processor.py:153} INFO - Started process (PID=10433) to work on /home/alura/Documents/Medalhas/venv/lib/python3.9/site-packages/airflow/example_dags/example_xcom.py
[2023-02-24 10:59:07,854] {processor.py:641} INFO - Processing file /home/alura/Documents/Medalhas/venv/lib/python3.9/site-packages/airflow/example_dags/example_xcom.py for tasks to queue
[2023-02-24 10:59:07,854] {logging_mixin.py:115} INFO - [2023-02-24 10:59:07,854] {dagbag.py:507} INFO - Filling up the DagBag from /home/alura/Documents/Medalhas/venv/lib/python3.9/site-packages/airflow/example_dags/example_xcom.py
[2023-02-24 10:59:07,863] {processor.py:651} INFO - DAG(s) dict_keys(['example_xcom']) retrieved from /home/alura/Documents/Medalhas/venv/lib/python3.9/site-packages/airflow/example_dags/example_xcom.py
[2023-02-24 10:59:07,871] {logging_mixin.py:115} INFO - [2023-02-24 10:59:07,871] {dag.py:2379} INFO - Sync 1 DAGs
[2023-02-24 10:59:07,879] {logging_mixin.py:115} INFO - [2023-02-24 10:59:07,879] {dag.py:2927} INFO - Setting next_dagrun for example_xcom to 2021-01-01T00:00:00+00:00, run_after=2021-01-01T00:00:00+00:00
[2023-02-24 10:59:07,886] {processor.py:161} INFO - Processing /home/alura/Documents/Medalhas/venv/lib/python3.9/site-packages/airflow/example_dags/example_xcom.py took 0.034 seconds
[2023-02-24 10:59:40,578] {processor.py:153} INFO - Started process (PID=10602) to work on /home/alura/Documents/Medalhas/venv/lib/python3.9/site-packages/airflow/example_dags/example_xcom.py
[2023-02-24 10:59:40,579] {processor.py:641} INFO - Processing file /home/alura/Documents/Medalhas/venv/lib/python3.9/site-packages/airflow/example_dags/example_xcom.py for tasks to queue
[2023-02-24 10:59:40,579] {logging_mixin.py:115} INFO - [2023-02-24 10:59:40,579] {dagbag.py:507} INFO - Filling up the DagBag from /home/alura/Documents/Medalhas/venv/lib/python3.9/site-packages/airflow/example_dags/example_xcom.py
[2023-02-24 10:59:40,588] {processor.py:651} INFO - DAG(s) dict_keys(['example_xcom']) retrieved from /home/alura/Documents/Medalhas/venv/lib/python3.9/site-packages/airflow/example_dags/example_xcom.py
[2023-02-24 10:59:40,596] {logging_mixin.py:115} INFO - [2023-02-24 10:59:40,596] {dag.py:2379} INFO - Sync 1 DAGs
[2023-02-24 10:59:40,605] {logging_mixin.py:115} INFO - [2023-02-24 10:59:40,605] {dag.py:2927} INFO - Setting next_dagrun for example_xcom to 2021-01-01T00:00:00+00:00, run_after=2021-01-01T00:00:00+00:00
[2023-02-24 10:59:40,611] {processor.py:161} INFO - Processing /home/alura/Documents/Medalhas/venv/lib/python3.9/site-packages/airflow/example_dags/example_xcom.py took 0.035 seconds
[2023-02-24 11:00:12,742] {processor.py:153} INFO - Started process (PID=10772) to work on /home/alura/Documents/Medalhas/venv/lib/python3.9/site-packages/airflow/example_dags/example_xcom.py
[2023-02-24 11:00:12,743] {processor.py:641} INFO - Processing file /home/alura/Documents/Medalhas/venv/lib/python3.9/site-packages/airflow/example_dags/example_xcom.py for tasks to queue
[2023-02-24 11:00:12,743] {logging_mixin.py:115} INFO - [2023-02-24 11:00:12,743] {dagbag.py:507} INFO - Filling up the DagBag from /home/alura/Documents/Medalhas/venv/lib/python3.9/site-packages/airflow/example_dags/example_xcom.py
[2023-02-24 11:00:12,752] {processor.py:651} INFO - DAG(s) dict_keys(['example_xcom']) retrieved from /home/alura/Documents/Medalhas/venv/lib/python3.9/site-packages/airflow/example_dags/example_xcom.py
[2023-02-24 11:00:12,760] {logging_mixin.py:115} INFO - [2023-02-24 11:00:12,760] {dag.py:2379} INFO - Sync 1 DAGs
[2023-02-24 11:00:12,768] {logging_mixin.py:115} INFO - [2023-02-24 11:00:12,768] {dag.py:2927} INFO - Setting next_dagrun for example_xcom to 2021-01-01T00:00:00+00:00, run_after=2021-01-01T00:00:00+00:00
[2023-02-24 11:00:12,775] {processor.py:161} INFO - Processing /home/alura/Documents/Medalhas/venv/lib/python3.9/site-packages/airflow/example_dags/example_xcom.py took 0.034 seconds
[2023-02-24 11:00:51,515] {processor.py:153} INFO - Started process (PID=10981) to work on /home/alura/Documents/Medalhas/venv/lib/python3.9/site-packages/airflow/example_dags/example_xcom.py
[2023-02-24 11:00:51,516] {processor.py:641} INFO - Processing file /home/alura/Documents/Medalhas/venv/lib/python3.9/site-packages/airflow/example_dags/example_xcom.py for tasks to queue
[2023-02-24 11:00:51,516] {logging_mixin.py:115} INFO - [2023-02-24 11:00:51,516] {dagbag.py:507} INFO - Filling up the DagBag from /home/alura/Documents/Medalhas/venv/lib/python3.9/site-packages/airflow/example_dags/example_xcom.py
[2023-02-24 11:00:51,526] {processor.py:651} INFO - DAG(s) dict_keys(['example_xcom']) retrieved from /home/alura/Documents/Medalhas/venv/lib/python3.9/site-packages/airflow/example_dags/example_xcom.py
[2023-02-24 11:00:51,534] {logging_mixin.py:115} INFO - [2023-02-24 11:00:51,534] {dag.py:2379} INFO - Sync 1 DAGs
[2023-02-24 11:00:51,543] {logging_mixin.py:115} INFO - [2023-02-24 11:00:51,543] {dag.py:2927} INFO - Setting next_dagrun for example_xcom to 2021-01-01T00:00:00+00:00, run_after=2021-01-01T00:00:00+00:00
[2023-02-24 11:00:51,549] {processor.py:161} INFO - Processing /home/alura/Documents/Medalhas/venv/lib/python3.9/site-packages/airflow/example_dags/example_xcom.py took 0.035 seconds
[2023-02-24 11:01:25,033] {processor.py:153} INFO - Started process (PID=11165) to work on /home/alura/Documents/Medalhas/venv/lib/python3.9/site-packages/airflow/example_dags/example_xcom.py
[2023-02-24 11:01:25,034] {processor.py:641} INFO - Processing file /home/alura/Documents/Medalhas/venv/lib/python3.9/site-packages/airflow/example_dags/example_xcom.py for tasks to queue
[2023-02-24 11:01:25,034] {logging_mixin.py:115} INFO - [2023-02-24 11:01:25,034] {dagbag.py:507} INFO - Filling up the DagBag from /home/alura/Documents/Medalhas/venv/lib/python3.9/site-packages/airflow/example_dags/example_xcom.py
[2023-02-24 11:01:25,043] {processor.py:651} INFO - DAG(s) dict_keys(['example_xcom']) retrieved from /home/alura/Documents/Medalhas/venv/lib/python3.9/site-packages/airflow/example_dags/example_xcom.py
[2023-02-24 11:01:25,052] {logging_mixin.py:115} INFO - [2023-02-24 11:01:25,052] {dag.py:2379} INFO - Sync 1 DAGs
[2023-02-24 11:01:25,060] {logging_mixin.py:115} INFO - [2023-02-24 11:01:25,060] {dag.py:2927} INFO - Setting next_dagrun for example_xcom to 2021-01-01T00:00:00+00:00, run_after=2021-01-01T00:00:00+00:00
[2023-02-24 11:01:25,067] {processor.py:161} INFO - Processing /home/alura/Documents/Medalhas/venv/lib/python3.9/site-packages/airflow/example_dags/example_xcom.py took 0.035 seconds
[2023-02-24 11:02:00,273] {processor.py:153} INFO - Started process (PID=11350) to work on /home/alura/Documents/Medalhas/venv/lib/python3.9/site-packages/airflow/example_dags/example_xcom.py
[2023-02-24 11:02:00,273] {processor.py:641} INFO - Processing file /home/alura/Documents/Medalhas/venv/lib/python3.9/site-packages/airflow/example_dags/example_xcom.py for tasks to queue
[2023-02-24 11:02:00,273] {logging_mixin.py:115} INFO - [2023-02-24 11:02:00,273] {dagbag.py:507} INFO - Filling up the DagBag from /home/alura/Documents/Medalhas/venv/lib/python3.9/site-packages/airflow/example_dags/example_xcom.py
[2023-02-24 11:02:00,282] {processor.py:651} INFO - DAG(s) dict_keys(['example_xcom']) retrieved from /home/alura/Documents/Medalhas/venv/lib/python3.9/site-packages/airflow/example_dags/example_xcom.py
[2023-02-24 11:02:00,290] {logging_mixin.py:115} INFO - [2023-02-24 11:02:00,290] {dag.py:2379} INFO - Sync 1 DAGs
[2023-02-24 11:02:00,299] {logging_mixin.py:115} INFO - [2023-02-24 11:02:00,299] {dag.py:2927} INFO - Setting next_dagrun for example_xcom to 2021-01-01T00:00:00+00:00, run_after=2021-01-01T00:00:00+00:00
[2023-02-24 11:02:00,305] {processor.py:161} INFO - Processing /home/alura/Documents/Medalhas/venv/lib/python3.9/site-packages/airflow/example_dags/example_xcom.py took 0.034 seconds
[2023-02-24 11:02:34,306] {processor.py:153} INFO - Started process (PID=11527) to work on /home/alura/Documents/Medalhas/venv/lib/python3.9/site-packages/airflow/example_dags/example_xcom.py
[2023-02-24 11:02:34,306] {processor.py:641} INFO - Processing file /home/alura/Documents/Medalhas/venv/lib/python3.9/site-packages/airflow/example_dags/example_xcom.py for tasks to queue
[2023-02-24 11:02:34,307] {logging_mixin.py:115} INFO - [2023-02-24 11:02:34,306] {dagbag.py:507} INFO - Filling up the DagBag from /home/alura/Documents/Medalhas/venv/lib/python3.9/site-packages/airflow/example_dags/example_xcom.py
[2023-02-24 11:02:34,316] {processor.py:651} INFO - DAG(s) dict_keys(['example_xcom']) retrieved from /home/alura/Documents/Medalhas/venv/lib/python3.9/site-packages/airflow/example_dags/example_xcom.py
[2023-02-24 11:02:34,338] {logging_mixin.py:115} INFO - [2023-02-24 11:02:34,338] {dag.py:2379} INFO - Sync 1 DAGs
[2023-02-24 11:02:34,346] {logging_mixin.py:115} INFO - [2023-02-24 11:02:34,346] {dag.py:2927} INFO - Setting next_dagrun for example_xcom to 2021-01-01T00:00:00+00:00, run_after=2021-01-01T00:00:00+00:00
[2023-02-24 11:02:34,352] {processor.py:161} INFO - Processing /home/alura/Documents/Medalhas/venv/lib/python3.9/site-packages/airflow/example_dags/example_xcom.py took 0.048 seconds
[2023-02-24 11:03:07,562] {processor.py:153} INFO - Started process (PID=11699) to work on /home/alura/Documents/Medalhas/venv/lib/python3.9/site-packages/airflow/example_dags/example_xcom.py
[2023-02-24 11:03:07,563] {processor.py:641} INFO - Processing file /home/alura/Documents/Medalhas/venv/lib/python3.9/site-packages/airflow/example_dags/example_xcom.py for tasks to queue
[2023-02-24 11:03:07,563] {logging_mixin.py:115} INFO - [2023-02-24 11:03:07,563] {dagbag.py:507} INFO - Filling up the DagBag from /home/alura/Documents/Medalhas/venv/lib/python3.9/site-packages/airflow/example_dags/example_xcom.py
[2023-02-24 11:03:07,572] {processor.py:651} INFO - DAG(s) dict_keys(['example_xcom']) retrieved from /home/alura/Documents/Medalhas/venv/lib/python3.9/site-packages/airflow/example_dags/example_xcom.py
[2023-02-24 11:03:07,580] {logging_mixin.py:115} INFO - [2023-02-24 11:03:07,580] {dag.py:2379} INFO - Sync 1 DAGs
[2023-02-24 11:03:07,588] {logging_mixin.py:115} INFO - [2023-02-24 11:03:07,588] {dag.py:2927} INFO - Setting next_dagrun for example_xcom to 2021-01-01T00:00:00+00:00, run_after=2021-01-01T00:00:00+00:00
[2023-02-24 11:03:07,594] {processor.py:161} INFO - Processing /home/alura/Documents/Medalhas/venv/lib/python3.9/site-packages/airflow/example_dags/example_xcom.py took 0.034 seconds
[2023-02-24 11:03:42,326] {processor.py:153} INFO - Started process (PID=11923) to work on /home/alura/Documents/Medalhas/venv/lib/python3.9/site-packages/airflow/example_dags/example_xcom.py
[2023-02-24 11:03:42,327] {processor.py:641} INFO - Processing file /home/alura/Documents/Medalhas/venv/lib/python3.9/site-packages/airflow/example_dags/example_xcom.py for tasks to queue
[2023-02-24 11:03:42,327] {logging_mixin.py:115} INFO - [2023-02-24 11:03:42,327] {dagbag.py:507} INFO - Filling up the DagBag from /home/alura/Documents/Medalhas/venv/lib/python3.9/site-packages/airflow/example_dags/example_xcom.py
[2023-02-24 11:03:42,339] {processor.py:651} INFO - DAG(s) dict_keys(['example_xcom']) retrieved from /home/alura/Documents/Medalhas/venv/lib/python3.9/site-packages/airflow/example_dags/example_xcom.py
[2023-02-24 11:03:42,365] {logging_mixin.py:115} INFO - [2023-02-24 11:03:42,364] {dag.py:2379} INFO - Sync 1 DAGs
[2023-02-24 11:03:42,372] {logging_mixin.py:115} INFO - [2023-02-24 11:03:42,372] {dag.py:2927} INFO - Setting next_dagrun for example_xcom to 2021-01-01T00:00:00+00:00, run_after=2021-01-01T00:00:00+00:00
[2023-02-24 11:03:42,381] {processor.py:161} INFO - Processing /home/alura/Documents/Medalhas/venv/lib/python3.9/site-packages/airflow/example_dags/example_xcom.py took 0.056 seconds
[2023-02-24 11:04:15,397] {processor.py:153} INFO - Started process (PID=12145) to work on /home/alura/Documents/Medalhas/venv/lib/python3.9/site-packages/airflow/example_dags/example_xcom.py
[2023-02-24 11:04:15,398] {processor.py:641} INFO - Processing file /home/alura/Documents/Medalhas/venv/lib/python3.9/site-packages/airflow/example_dags/example_xcom.py for tasks to queue
[2023-02-24 11:04:15,398] {logging_mixin.py:115} INFO - [2023-02-24 11:04:15,398] {dagbag.py:507} INFO - Filling up the DagBag from /home/alura/Documents/Medalhas/venv/lib/python3.9/site-packages/airflow/example_dags/example_xcom.py
[2023-02-24 11:04:15,408] {processor.py:651} INFO - DAG(s) dict_keys(['example_xcom']) retrieved from /home/alura/Documents/Medalhas/venv/lib/python3.9/site-packages/airflow/example_dags/example_xcom.py
[2023-02-24 11:04:15,417] {logging_mixin.py:115} INFO - [2023-02-24 11:04:15,417] {dag.py:2379} INFO - Sync 1 DAGs
[2023-02-24 11:04:15,426] {logging_mixin.py:115} INFO - [2023-02-24 11:04:15,426] {dag.py:2927} INFO - Setting next_dagrun for example_xcom to 2021-01-01T00:00:00+00:00, run_after=2021-01-01T00:00:00+00:00
[2023-02-24 11:04:15,433] {processor.py:161} INFO - Processing /home/alura/Documents/Medalhas/venv/lib/python3.9/site-packages/airflow/example_dags/example_xcom.py took 0.037 seconds
[2023-02-24 11:04:50,163] {processor.py:153} INFO - Started process (PID=12348) to work on /home/alura/Documents/Medalhas/venv/lib/python3.9/site-packages/airflow/example_dags/example_xcom.py
[2023-02-24 11:04:50,164] {processor.py:641} INFO - Processing file /home/alura/Documents/Medalhas/venv/lib/python3.9/site-packages/airflow/example_dags/example_xcom.py for tasks to queue
[2023-02-24 11:04:50,164] {logging_mixin.py:115} INFO - [2023-02-24 11:04:50,164] {dagbag.py:507} INFO - Filling up the DagBag from /home/alura/Documents/Medalhas/venv/lib/python3.9/site-packages/airflow/example_dags/example_xcom.py
[2023-02-24 11:04:50,173] {processor.py:651} INFO - DAG(s) dict_keys(['example_xcom']) retrieved from /home/alura/Documents/Medalhas/venv/lib/python3.9/site-packages/airflow/example_dags/example_xcom.py
[2023-02-24 11:04:50,181] {logging_mixin.py:115} INFO - [2023-02-24 11:04:50,181] {dag.py:2379} INFO - Sync 1 DAGs
[2023-02-24 11:04:50,190] {logging_mixin.py:115} INFO - [2023-02-24 11:04:50,190] {dag.py:2927} INFO - Setting next_dagrun for example_xcom to 2021-01-01T00:00:00+00:00, run_after=2021-01-01T00:00:00+00:00
[2023-02-24 11:04:50,196] {processor.py:161} INFO - Processing /home/alura/Documents/Medalhas/venv/lib/python3.9/site-packages/airflow/example_dags/example_xcom.py took 0.035 seconds
[2023-02-24 11:05:23,200] {processor.py:153} INFO - Started process (PID=12547) to work on /home/alura/Documents/Medalhas/venv/lib/python3.9/site-packages/airflow/example_dags/example_xcom.py
[2023-02-24 11:05:23,200] {processor.py:641} INFO - Processing file /home/alura/Documents/Medalhas/venv/lib/python3.9/site-packages/airflow/example_dags/example_xcom.py for tasks to queue
[2023-02-24 11:05:23,201] {logging_mixin.py:115} INFO - [2023-02-24 11:05:23,201] {dagbag.py:507} INFO - Filling up the DagBag from /home/alura/Documents/Medalhas/venv/lib/python3.9/site-packages/airflow/example_dags/example_xcom.py
[2023-02-24 11:05:23,210] {processor.py:651} INFO - DAG(s) dict_keys(['example_xcom']) retrieved from /home/alura/Documents/Medalhas/venv/lib/python3.9/site-packages/airflow/example_dags/example_xcom.py
[2023-02-24 11:05:23,220] {logging_mixin.py:115} INFO - [2023-02-24 11:05:23,220] {dag.py:2379} INFO - Sync 1 DAGs
[2023-02-24 11:05:23,229] {logging_mixin.py:115} INFO - [2023-02-24 11:05:23,228] {dag.py:2927} INFO - Setting next_dagrun for example_xcom to 2021-01-01T00:00:00+00:00, run_after=2021-01-01T00:00:00+00:00
[2023-02-24 11:05:23,236] {processor.py:161} INFO - Processing /home/alura/Documents/Medalhas/venv/lib/python3.9/site-packages/airflow/example_dags/example_xcom.py took 0.038 seconds
