[2023-02-24 10:47:24,033] {processor.py:153} INFO - Started process (PID=6022) to work on /home/alura/Documents/Medalhas/venv/lib/python3.9/site-packages/airflow/example_dags/example_kubernetes_executor.py
[2023-02-24 10:47:24,033] {processor.py:641} INFO - Processing file /home/alura/Documents/Medalhas/venv/lib/python3.9/site-packages/airflow/example_dags/example_kubernetes_executor.py for tasks to queue
[2023-02-24 10:47:24,033] {logging_mixin.py:115} INFO - [2023-02-24 10:47:24,033] {dagbag.py:507} INFO - Filling up the DagBag from /home/alura/Documents/Medalhas/venv/lib/python3.9/site-packages/airflow/example_dags/example_kubernetes_executor.py
[2023-02-24 10:47:24,041] {logging_mixin.py:115} INFO - [2023-02-24 10:47:24,041] {example_kubernetes_executor.py:39} WARNING - The example_kubernetes_executor example DAG requires the kubernetes provider. Please install it with: pip install apache-airflow[cncf.kubernetes]
[2023-02-24 10:47:24,041] {processor.py:653} WARNING - No viable dags retrieved from /home/alura/Documents/Medalhas/venv/lib/python3.9/site-packages/airflow/example_dags/example_kubernetes_executor.py
[2023-02-24 10:47:24,046] {processor.py:161} INFO - Processing /home/alura/Documents/Medalhas/venv/lib/python3.9/site-packages/airflow/example_dags/example_kubernetes_executor.py took 0.014 seconds
[2023-02-24 10:48:00,049] {processor.py:153} INFO - Started process (PID=6282) to work on /home/alura/Documents/Medalhas/venv/lib/python3.9/site-packages/airflow/example_dags/example_kubernetes_executor.py
[2023-02-24 10:48:00,050] {processor.py:641} INFO - Processing file /home/alura/Documents/Medalhas/venv/lib/python3.9/site-packages/airflow/example_dags/example_kubernetes_executor.py for tasks to queue
[2023-02-24 10:48:00,050] {logging_mixin.py:115} INFO - [2023-02-24 10:48:00,050] {dagbag.py:507} INFO - Filling up the DagBag from /home/alura/Documents/Medalhas/venv/lib/python3.9/site-packages/airflow/example_dags/example_kubernetes_executor.py
[2023-02-24 10:48:00,058] {logging_mixin.py:115} INFO - [2023-02-24 10:48:00,058] {example_kubernetes_executor.py:39} WARNING - The example_kubernetes_executor example DAG requires the kubernetes provider. Please install it with: pip install apache-airflow[cncf.kubernetes]
[2023-02-24 10:48:00,058] {processor.py:653} WARNING - No viable dags retrieved from /home/alura/Documents/Medalhas/venv/lib/python3.9/site-packages/airflow/example_dags/example_kubernetes_executor.py
[2023-02-24 10:48:00,071] {processor.py:161} INFO - Processing /home/alura/Documents/Medalhas/venv/lib/python3.9/site-packages/airflow/example_dags/example_kubernetes_executor.py took 0.024 seconds
[2023-02-24 10:48:34,168] {processor.py:153} INFO - Started process (PID=6649) to work on /home/alura/Documents/Medalhas/venv/lib/python3.9/site-packages/airflow/example_dags/example_kubernetes_executor.py
[2023-02-24 10:48:34,168] {processor.py:641} INFO - Processing file /home/alura/Documents/Medalhas/venv/lib/python3.9/site-packages/airflow/example_dags/example_kubernetes_executor.py for tasks to queue
[2023-02-24 10:48:34,169] {logging_mixin.py:115} INFO - [2023-02-24 10:48:34,169] {dagbag.py:507} INFO - Filling up the DagBag from /home/alura/Documents/Medalhas/venv/lib/python3.9/site-packages/airflow/example_dags/example_kubernetes_executor.py
[2023-02-24 10:48:34,176] {logging_mixin.py:115} INFO - [2023-02-24 10:48:34,176] {example_kubernetes_executor.py:39} WARNING - The example_kubernetes_executor example DAG requires the kubernetes provider. Please install it with: pip install apache-airflow[cncf.kubernetes]
[2023-02-24 10:48:34,176] {processor.py:653} WARNING - No viable dags retrieved from /home/alura/Documents/Medalhas/venv/lib/python3.9/site-packages/airflow/example_dags/example_kubernetes_executor.py
[2023-02-24 10:48:34,182] {processor.py:161} INFO - Processing /home/alura/Documents/Medalhas/venv/lib/python3.9/site-packages/airflow/example_dags/example_kubernetes_executor.py took 0.016 seconds
[2023-02-24 10:49:06,163] {processor.py:153} INFO - Started process (PID=7004) to work on /home/alura/Documents/Medalhas/venv/lib/python3.9/site-packages/airflow/example_dags/example_kubernetes_executor.py
[2023-02-24 10:49:06,164] {processor.py:641} INFO - Processing file /home/alura/Documents/Medalhas/venv/lib/python3.9/site-packages/airflow/example_dags/example_kubernetes_executor.py for tasks to queue
[2023-02-24 10:49:06,164] {logging_mixin.py:115} INFO - [2023-02-24 10:49:06,164] {dagbag.py:507} INFO - Filling up the DagBag from /home/alura/Documents/Medalhas/venv/lib/python3.9/site-packages/airflow/example_dags/example_kubernetes_executor.py
[2023-02-24 10:49:06,172] {logging_mixin.py:115} INFO - [2023-02-24 10:49:06,172] {example_kubernetes_executor.py:39} WARNING - The example_kubernetes_executor example DAG requires the kubernetes provider. Please install it with: pip install apache-airflow[cncf.kubernetes]
[2023-02-24 10:49:06,172] {processor.py:653} WARNING - No viable dags retrieved from /home/alura/Documents/Medalhas/venv/lib/python3.9/site-packages/airflow/example_dags/example_kubernetes_executor.py
[2023-02-24 10:49:06,178] {processor.py:161} INFO - Processing /home/alura/Documents/Medalhas/venv/lib/python3.9/site-packages/airflow/example_dags/example_kubernetes_executor.py took 0.016 seconds
[2023-02-24 10:49:40,863] {processor.py:153} INFO - Started process (PID=7422) to work on /home/alura/Documents/Medalhas/venv/lib/python3.9/site-packages/airflow/example_dags/example_kubernetes_executor.py
[2023-02-24 10:49:40,864] {processor.py:641} INFO - Processing file /home/alura/Documents/Medalhas/venv/lib/python3.9/site-packages/airflow/example_dags/example_kubernetes_executor.py for tasks to queue
[2023-02-24 10:49:40,864] {logging_mixin.py:115} INFO - [2023-02-24 10:49:40,864] {dagbag.py:507} INFO - Filling up the DagBag from /home/alura/Documents/Medalhas/venv/lib/python3.9/site-packages/airflow/example_dags/example_kubernetes_executor.py
[2023-02-24 10:49:40,872] {logging_mixin.py:115} INFO - [2023-02-24 10:49:40,872] {example_kubernetes_executor.py:39} WARNING - The example_kubernetes_executor example DAG requires the kubernetes provider. Please install it with: pip install apache-airflow[cncf.kubernetes]
[2023-02-24 10:49:40,872] {processor.py:653} WARNING - No viable dags retrieved from /home/alura/Documents/Medalhas/venv/lib/python3.9/site-packages/airflow/example_dags/example_kubernetes_executor.py
[2023-02-24 10:49:40,878] {processor.py:161} INFO - Processing /home/alura/Documents/Medalhas/venv/lib/python3.9/site-packages/airflow/example_dags/example_kubernetes_executor.py took 0.016 seconds
[2023-02-24 10:50:15,567] {processor.py:153} INFO - Started process (PID=7603) to work on /home/alura/Documents/Medalhas/venv/lib/python3.9/site-packages/airflow/example_dags/example_kubernetes_executor.py
[2023-02-24 10:50:15,568] {processor.py:641} INFO - Processing file /home/alura/Documents/Medalhas/venv/lib/python3.9/site-packages/airflow/example_dags/example_kubernetes_executor.py for tasks to queue
[2023-02-24 10:50:15,568] {logging_mixin.py:115} INFO - [2023-02-24 10:50:15,568] {dagbag.py:507} INFO - Filling up the DagBag from /home/alura/Documents/Medalhas/venv/lib/python3.9/site-packages/airflow/example_dags/example_kubernetes_executor.py
[2023-02-24 10:50:15,575] {logging_mixin.py:115} INFO - [2023-02-24 10:50:15,575] {example_kubernetes_executor.py:39} WARNING - The example_kubernetes_executor example DAG requires the kubernetes provider. Please install it with: pip install apache-airflow[cncf.kubernetes]
[2023-02-24 10:50:15,575] {processor.py:653} WARNING - No viable dags retrieved from /home/alura/Documents/Medalhas/venv/lib/python3.9/site-packages/airflow/example_dags/example_kubernetes_executor.py
[2023-02-24 10:50:15,580] {processor.py:161} INFO - Processing /home/alura/Documents/Medalhas/venv/lib/python3.9/site-packages/airflow/example_dags/example_kubernetes_executor.py took 0.014 seconds
[2023-02-24 10:50:47,430] {processor.py:153} INFO - Started process (PID=7774) to work on /home/alura/Documents/Medalhas/venv/lib/python3.9/site-packages/airflow/example_dags/example_kubernetes_executor.py
[2023-02-24 10:50:47,430] {processor.py:641} INFO - Processing file /home/alura/Documents/Medalhas/venv/lib/python3.9/site-packages/airflow/example_dags/example_kubernetes_executor.py for tasks to queue
[2023-02-24 10:50:47,430] {logging_mixin.py:115} INFO - [2023-02-24 10:50:47,430] {dagbag.py:507} INFO - Filling up the DagBag from /home/alura/Documents/Medalhas/venv/lib/python3.9/site-packages/airflow/example_dags/example_kubernetes_executor.py
[2023-02-24 10:50:47,438] {logging_mixin.py:115} INFO - [2023-02-24 10:50:47,438] {example_kubernetes_executor.py:39} WARNING - The example_kubernetes_executor example DAG requires the kubernetes provider. Please install it with: pip install apache-airflow[cncf.kubernetes]
[2023-02-24 10:50:47,438] {processor.py:653} WARNING - No viable dags retrieved from /home/alura/Documents/Medalhas/venv/lib/python3.9/site-packages/airflow/example_dags/example_kubernetes_executor.py
[2023-02-24 10:50:47,443] {processor.py:161} INFO - Processing /home/alura/Documents/Medalhas/venv/lib/python3.9/site-packages/airflow/example_dags/example_kubernetes_executor.py took 0.015 seconds
[2023-02-24 10:51:22,760] {processor.py:153} INFO - Started process (PID=7956) to work on /home/alura/Documents/Medalhas/venv/lib/python3.9/site-packages/airflow/example_dags/example_kubernetes_executor.py
[2023-02-24 10:51:22,761] {processor.py:641} INFO - Processing file /home/alura/Documents/Medalhas/venv/lib/python3.9/site-packages/airflow/example_dags/example_kubernetes_executor.py for tasks to queue
[2023-02-24 10:51:22,761] {logging_mixin.py:115} INFO - [2023-02-24 10:51:22,761] {dagbag.py:507} INFO - Filling up the DagBag from /home/alura/Documents/Medalhas/venv/lib/python3.9/site-packages/airflow/example_dags/example_kubernetes_executor.py
[2023-02-24 10:51:22,769] {logging_mixin.py:115} INFO - [2023-02-24 10:51:22,769] {example_kubernetes_executor.py:39} WARNING - The example_kubernetes_executor example DAG requires the kubernetes provider. Please install it with: pip install apache-airflow[cncf.kubernetes]
[2023-02-24 10:51:22,770] {processor.py:653} WARNING - No viable dags retrieved from /home/alura/Documents/Medalhas/venv/lib/python3.9/site-packages/airflow/example_dags/example_kubernetes_executor.py
[2023-02-24 10:51:22,774] {processor.py:161} INFO - Processing /home/alura/Documents/Medalhas/venv/lib/python3.9/site-packages/airflow/example_dags/example_kubernetes_executor.py took 0.016 seconds
[2023-02-24 10:51:54,140] {processor.py:153} INFO - Started process (PID=8123) to work on /home/alura/Documents/Medalhas/venv/lib/python3.9/site-packages/airflow/example_dags/example_kubernetes_executor.py
[2023-02-24 10:51:54,141] {processor.py:641} INFO - Processing file /home/alura/Documents/Medalhas/venv/lib/python3.9/site-packages/airflow/example_dags/example_kubernetes_executor.py for tasks to queue
[2023-02-24 10:51:54,141] {logging_mixin.py:115} INFO - [2023-02-24 10:51:54,141] {dagbag.py:507} INFO - Filling up the DagBag from /home/alura/Documents/Medalhas/venv/lib/python3.9/site-packages/airflow/example_dags/example_kubernetes_executor.py
[2023-02-24 10:51:54,148] {logging_mixin.py:115} INFO - [2023-02-24 10:51:54,148] {example_kubernetes_executor.py:39} WARNING - The example_kubernetes_executor example DAG requires the kubernetes provider. Please install it with: pip install apache-airflow[cncf.kubernetes]
[2023-02-24 10:51:54,149] {processor.py:653} WARNING - No viable dags retrieved from /home/alura/Documents/Medalhas/venv/lib/python3.9/site-packages/airflow/example_dags/example_kubernetes_executor.py
[2023-02-24 10:51:54,154] {processor.py:161} INFO - Processing /home/alura/Documents/Medalhas/venv/lib/python3.9/site-packages/airflow/example_dags/example_kubernetes_executor.py took 0.015 seconds
[2023-02-24 10:52:29,648] {processor.py:153} INFO - Started process (PID=8303) to work on /home/alura/Documents/Medalhas/venv/lib/python3.9/site-packages/airflow/example_dags/example_kubernetes_executor.py
[2023-02-24 10:52:29,648] {processor.py:641} INFO - Processing file /home/alura/Documents/Medalhas/venv/lib/python3.9/site-packages/airflow/example_dags/example_kubernetes_executor.py for tasks to queue
[2023-02-24 10:52:29,648] {logging_mixin.py:115} INFO - [2023-02-24 10:52:29,648] {dagbag.py:507} INFO - Filling up the DagBag from /home/alura/Documents/Medalhas/venv/lib/python3.9/site-packages/airflow/example_dags/example_kubernetes_executor.py
[2023-02-24 10:52:29,656] {logging_mixin.py:115} INFO - [2023-02-24 10:52:29,656] {example_kubernetes_executor.py:39} WARNING - The example_kubernetes_executor example DAG requires the kubernetes provider. Please install it with: pip install apache-airflow[cncf.kubernetes]
[2023-02-24 10:52:29,656] {processor.py:653} WARNING - No viable dags retrieved from /home/alura/Documents/Medalhas/venv/lib/python3.9/site-packages/airflow/example_dags/example_kubernetes_executor.py
[2023-02-24 10:52:29,661] {processor.py:161} INFO - Processing /home/alura/Documents/Medalhas/venv/lib/python3.9/site-packages/airflow/example_dags/example_kubernetes_executor.py took 0.015 seconds
[2023-02-24 10:53:03,683] {processor.py:153} INFO - Started process (PID=8475) to work on /home/alura/Documents/Medalhas/venv/lib/python3.9/site-packages/airflow/example_dags/example_kubernetes_executor.py
[2023-02-24 10:53:03,684] {processor.py:641} INFO - Processing file /home/alura/Documents/Medalhas/venv/lib/python3.9/site-packages/airflow/example_dags/example_kubernetes_executor.py for tasks to queue
[2023-02-24 10:53:03,684] {logging_mixin.py:115} INFO - [2023-02-24 10:53:03,684] {dagbag.py:507} INFO - Filling up the DagBag from /home/alura/Documents/Medalhas/venv/lib/python3.9/site-packages/airflow/example_dags/example_kubernetes_executor.py
[2023-02-24 10:53:03,692] {logging_mixin.py:115} INFO - [2023-02-24 10:53:03,692] {example_kubernetes_executor.py:39} WARNING - The example_kubernetes_executor example DAG requires the kubernetes provider. Please install it with: pip install apache-airflow[cncf.kubernetes]
[2023-02-24 10:53:03,692] {processor.py:653} WARNING - No viable dags retrieved from /home/alura/Documents/Medalhas/venv/lib/python3.9/site-packages/airflow/example_dags/example_kubernetes_executor.py
[2023-02-24 10:53:03,697] {processor.py:161} INFO - Processing /home/alura/Documents/Medalhas/venv/lib/python3.9/site-packages/airflow/example_dags/example_kubernetes_executor.py took 0.015 seconds
[2023-02-24 10:53:35,587] {processor.py:153} INFO - Started process (PID=8634) to work on /home/alura/Documents/Medalhas/venv/lib/python3.9/site-packages/airflow/example_dags/example_kubernetes_executor.py
[2023-02-24 10:53:35,588] {processor.py:641} INFO - Processing file /home/alura/Documents/Medalhas/venv/lib/python3.9/site-packages/airflow/example_dags/example_kubernetes_executor.py for tasks to queue
[2023-02-24 10:53:35,588] {logging_mixin.py:115} INFO - [2023-02-24 10:53:35,588] {dagbag.py:507} INFO - Filling up the DagBag from /home/alura/Documents/Medalhas/venv/lib/python3.9/site-packages/airflow/example_dags/example_kubernetes_executor.py
[2023-02-24 10:53:35,596] {logging_mixin.py:115} INFO - [2023-02-24 10:53:35,595] {example_kubernetes_executor.py:39} WARNING - The example_kubernetes_executor example DAG requires the kubernetes provider. Please install it with: pip install apache-airflow[cncf.kubernetes]
[2023-02-24 10:53:35,596] {processor.py:653} WARNING - No viable dags retrieved from /home/alura/Documents/Medalhas/venv/lib/python3.9/site-packages/airflow/example_dags/example_kubernetes_executor.py
[2023-02-24 10:53:35,601] {processor.py:161} INFO - Processing /home/alura/Documents/Medalhas/venv/lib/python3.9/site-packages/airflow/example_dags/example_kubernetes_executor.py took 0.015 seconds
[2023-02-24 10:54:09,243] {processor.py:153} INFO - Started process (PID=8889) to work on /home/alura/Documents/Medalhas/venv/lib/python3.9/site-packages/airflow/example_dags/example_kubernetes_executor.py
[2023-02-24 10:54:09,244] {processor.py:641} INFO - Processing file /home/alura/Documents/Medalhas/venv/lib/python3.9/site-packages/airflow/example_dags/example_kubernetes_executor.py for tasks to queue
[2023-02-24 10:54:09,244] {logging_mixin.py:115} INFO - [2023-02-24 10:54:09,244] {dagbag.py:507} INFO - Filling up the DagBag from /home/alura/Documents/Medalhas/venv/lib/python3.9/site-packages/airflow/example_dags/example_kubernetes_executor.py
[2023-02-24 10:54:09,251] {logging_mixin.py:115} INFO - [2023-02-24 10:54:09,251] {example_kubernetes_executor.py:39} WARNING - The example_kubernetes_executor example DAG requires the kubernetes provider. Please install it with: pip install apache-airflow[cncf.kubernetes]
[2023-02-24 10:54:09,251] {processor.py:653} WARNING - No viable dags retrieved from /home/alura/Documents/Medalhas/venv/lib/python3.9/site-packages/airflow/example_dags/example_kubernetes_executor.py
[2023-02-24 10:54:09,257] {processor.py:161} INFO - Processing /home/alura/Documents/Medalhas/venv/lib/python3.9/site-packages/airflow/example_dags/example_kubernetes_executor.py took 0.015 seconds
[2023-02-24 10:54:45,118] {processor.py:153} INFO - Started process (PID=9070) to work on /home/alura/Documents/Medalhas/venv/lib/python3.9/site-packages/airflow/example_dags/example_kubernetes_executor.py
[2023-02-24 10:54:45,118] {processor.py:641} INFO - Processing file /home/alura/Documents/Medalhas/venv/lib/python3.9/site-packages/airflow/example_dags/example_kubernetes_executor.py for tasks to queue
[2023-02-24 10:54:45,119] {logging_mixin.py:115} INFO - [2023-02-24 10:54:45,119] {dagbag.py:507} INFO - Filling up the DagBag from /home/alura/Documents/Medalhas/venv/lib/python3.9/site-packages/airflow/example_dags/example_kubernetes_executor.py
[2023-02-24 10:54:45,126] {logging_mixin.py:115} INFO - [2023-02-24 10:54:45,126] {example_kubernetes_executor.py:39} WARNING - The example_kubernetes_executor example DAG requires the kubernetes provider. Please install it with: pip install apache-airflow[cncf.kubernetes]
[2023-02-24 10:54:45,126] {processor.py:653} WARNING - No viable dags retrieved from /home/alura/Documents/Medalhas/venv/lib/python3.9/site-packages/airflow/example_dags/example_kubernetes_executor.py
[2023-02-24 10:54:45,131] {processor.py:161} INFO - Processing /home/alura/Documents/Medalhas/venv/lib/python3.9/site-packages/airflow/example_dags/example_kubernetes_executor.py took 0.015 seconds
[2023-02-24 10:55:18,160] {processor.py:153} INFO - Started process (PID=9244) to work on /home/alura/Documents/Medalhas/venv/lib/python3.9/site-packages/airflow/example_dags/example_kubernetes_executor.py
[2023-02-24 10:55:18,160] {processor.py:641} INFO - Processing file /home/alura/Documents/Medalhas/venv/lib/python3.9/site-packages/airflow/example_dags/example_kubernetes_executor.py for tasks to queue
[2023-02-24 10:55:18,161] {logging_mixin.py:115} INFO - [2023-02-24 10:55:18,161] {dagbag.py:507} INFO - Filling up the DagBag from /home/alura/Documents/Medalhas/venv/lib/python3.9/site-packages/airflow/example_dags/example_kubernetes_executor.py
[2023-02-24 10:55:18,168] {logging_mixin.py:115} INFO - [2023-02-24 10:55:18,167] {example_kubernetes_executor.py:39} WARNING - The example_kubernetes_executor example DAG requires the kubernetes provider. Please install it with: pip install apache-airflow[cncf.kubernetes]
[2023-02-24 10:55:18,168] {processor.py:653} WARNING - No viable dags retrieved from /home/alura/Documents/Medalhas/venv/lib/python3.9/site-packages/airflow/example_dags/example_kubernetes_executor.py
[2023-02-24 10:55:18,173] {processor.py:161} INFO - Processing /home/alura/Documents/Medalhas/venv/lib/python3.9/site-packages/airflow/example_dags/example_kubernetes_executor.py took 0.015 seconds
[2023-02-24 10:55:56,061] {processor.py:153} INFO - Started process (PID=9439) to work on /home/alura/Documents/Medalhas/venv/lib/python3.9/site-packages/airflow/example_dags/example_kubernetes_executor.py
[2023-02-24 10:55:56,061] {processor.py:641} INFO - Processing file /home/alura/Documents/Medalhas/venv/lib/python3.9/site-packages/airflow/example_dags/example_kubernetes_executor.py for tasks to queue
[2023-02-24 10:55:56,061] {logging_mixin.py:115} INFO - [2023-02-24 10:55:56,061] {dagbag.py:507} INFO - Filling up the DagBag from /home/alura/Documents/Medalhas/venv/lib/python3.9/site-packages/airflow/example_dags/example_kubernetes_executor.py
[2023-02-24 10:55:56,069] {logging_mixin.py:115} INFO - [2023-02-24 10:55:56,069] {example_kubernetes_executor.py:39} WARNING - The example_kubernetes_executor example DAG requires the kubernetes provider. Please install it with: pip install apache-airflow[cncf.kubernetes]
[2023-02-24 10:55:56,069] {processor.py:653} WARNING - No viable dags retrieved from /home/alura/Documents/Medalhas/venv/lib/python3.9/site-packages/airflow/example_dags/example_kubernetes_executor.py
[2023-02-24 10:55:56,074] {processor.py:161} INFO - Processing /home/alura/Documents/Medalhas/venv/lib/python3.9/site-packages/airflow/example_dags/example_kubernetes_executor.py took 0.015 seconds
[2023-02-24 10:56:28,827] {processor.py:153} INFO - Started process (PID=9609) to work on /home/alura/Documents/Medalhas/venv/lib/python3.9/site-packages/airflow/example_dags/example_kubernetes_executor.py
[2023-02-24 10:56:28,828] {processor.py:641} INFO - Processing file /home/alura/Documents/Medalhas/venv/lib/python3.9/site-packages/airflow/example_dags/example_kubernetes_executor.py for tasks to queue
[2023-02-24 10:56:28,828] {logging_mixin.py:115} INFO - [2023-02-24 10:56:28,828] {dagbag.py:507} INFO - Filling up the DagBag from /home/alura/Documents/Medalhas/venv/lib/python3.9/site-packages/airflow/example_dags/example_kubernetes_executor.py
[2023-02-24 10:56:28,835] {logging_mixin.py:115} INFO - [2023-02-24 10:56:28,835] {example_kubernetes_executor.py:39} WARNING - The example_kubernetes_executor example DAG requires the kubernetes provider. Please install it with: pip install apache-airflow[cncf.kubernetes]
[2023-02-24 10:56:28,835] {processor.py:653} WARNING - No viable dags retrieved from /home/alura/Documents/Medalhas/venv/lib/python3.9/site-packages/airflow/example_dags/example_kubernetes_executor.py
[2023-02-24 10:56:28,840] {processor.py:161} INFO - Processing /home/alura/Documents/Medalhas/venv/lib/python3.9/site-packages/airflow/example_dags/example_kubernetes_executor.py took 0.014 seconds
[2023-02-24 10:57:02,718] {processor.py:153} INFO - Started process (PID=9782) to work on /home/alura/Documents/Medalhas/venv/lib/python3.9/site-packages/airflow/example_dags/example_kubernetes_executor.py
[2023-02-24 10:57:02,718] {processor.py:641} INFO - Processing file /home/alura/Documents/Medalhas/venv/lib/python3.9/site-packages/airflow/example_dags/example_kubernetes_executor.py for tasks to queue
[2023-02-24 10:57:02,719] {logging_mixin.py:115} INFO - [2023-02-24 10:57:02,719] {dagbag.py:507} INFO - Filling up the DagBag from /home/alura/Documents/Medalhas/venv/lib/python3.9/site-packages/airflow/example_dags/example_kubernetes_executor.py
[2023-02-24 10:57:02,726] {logging_mixin.py:115} INFO - [2023-02-24 10:57:02,726] {example_kubernetes_executor.py:39} WARNING - The example_kubernetes_executor example DAG requires the kubernetes provider. Please install it with: pip install apache-airflow[cncf.kubernetes]
[2023-02-24 10:57:02,726] {processor.py:653} WARNING - No viable dags retrieved from /home/alura/Documents/Medalhas/venv/lib/python3.9/site-packages/airflow/example_dags/example_kubernetes_executor.py
[2023-02-24 10:57:02,731] {processor.py:161} INFO - Processing /home/alura/Documents/Medalhas/venv/lib/python3.9/site-packages/airflow/example_dags/example_kubernetes_executor.py took 0.015 seconds
[2023-02-24 10:57:35,546] {processor.py:153} INFO - Started process (PID=9952) to work on /home/alura/Documents/Medalhas/venv/lib/python3.9/site-packages/airflow/example_dags/example_kubernetes_executor.py
[2023-02-24 10:57:35,546] {processor.py:641} INFO - Processing file /home/alura/Documents/Medalhas/venv/lib/python3.9/site-packages/airflow/example_dags/example_kubernetes_executor.py for tasks to queue
[2023-02-24 10:57:35,547] {logging_mixin.py:115} INFO - [2023-02-24 10:57:35,547] {dagbag.py:507} INFO - Filling up the DagBag from /home/alura/Documents/Medalhas/venv/lib/python3.9/site-packages/airflow/example_dags/example_kubernetes_executor.py
[2023-02-24 10:57:35,555] {logging_mixin.py:115} INFO - [2023-02-24 10:57:35,555] {example_kubernetes_executor.py:39} WARNING - The example_kubernetes_executor example DAG requires the kubernetes provider. Please install it with: pip install apache-airflow[cncf.kubernetes]
[2023-02-24 10:57:35,555] {processor.py:653} WARNING - No viable dags retrieved from /home/alura/Documents/Medalhas/venv/lib/python3.9/site-packages/airflow/example_dags/example_kubernetes_executor.py
[2023-02-24 10:57:35,560] {processor.py:161} INFO - Processing /home/alura/Documents/Medalhas/venv/lib/python3.9/site-packages/airflow/example_dags/example_kubernetes_executor.py took 0.015 seconds
[2023-02-24 10:58:09,859] {processor.py:153} INFO - Started process (PID=10133) to work on /home/alura/Documents/Medalhas/venv/lib/python3.9/site-packages/airflow/example_dags/example_kubernetes_executor.py
[2023-02-24 10:58:09,859] {processor.py:641} INFO - Processing file /home/alura/Documents/Medalhas/venv/lib/python3.9/site-packages/airflow/example_dags/example_kubernetes_executor.py for tasks to queue
[2023-02-24 10:58:09,860] {logging_mixin.py:115} INFO - [2023-02-24 10:58:09,860] {dagbag.py:507} INFO - Filling up the DagBag from /home/alura/Documents/Medalhas/venv/lib/python3.9/site-packages/airflow/example_dags/example_kubernetes_executor.py
[2023-02-24 10:58:09,867] {logging_mixin.py:115} INFO - [2023-02-24 10:58:09,867] {example_kubernetes_executor.py:39} WARNING - The example_kubernetes_executor example DAG requires the kubernetes provider. Please install it with: pip install apache-airflow[cncf.kubernetes]
[2023-02-24 10:58:09,868] {processor.py:653} WARNING - No viable dags retrieved from /home/alura/Documents/Medalhas/venv/lib/python3.9/site-packages/airflow/example_dags/example_kubernetes_executor.py
[2023-02-24 10:58:09,873] {processor.py:161} INFO - Processing /home/alura/Documents/Medalhas/venv/lib/python3.9/site-packages/airflow/example_dags/example_kubernetes_executor.py took 0.015 seconds
[2023-02-24 10:58:43,946] {processor.py:153} INFO - Started process (PID=10309) to work on /home/alura/Documents/Medalhas/venv/lib/python3.9/site-packages/airflow/example_dags/example_kubernetes_executor.py
[2023-02-24 10:58:43,946] {processor.py:641} INFO - Processing file /home/alura/Documents/Medalhas/venv/lib/python3.9/site-packages/airflow/example_dags/example_kubernetes_executor.py for tasks to queue
[2023-02-24 10:58:43,947] {logging_mixin.py:115} INFO - [2023-02-24 10:58:43,947] {dagbag.py:507} INFO - Filling up the DagBag from /home/alura/Documents/Medalhas/venv/lib/python3.9/site-packages/airflow/example_dags/example_kubernetes_executor.py
[2023-02-24 10:58:43,954] {logging_mixin.py:115} INFO - [2023-02-24 10:58:43,954] {example_kubernetes_executor.py:39} WARNING - The example_kubernetes_executor example DAG requires the kubernetes provider. Please install it with: pip install apache-airflow[cncf.kubernetes]
[2023-02-24 10:58:43,954] {processor.py:653} WARNING - No viable dags retrieved from /home/alura/Documents/Medalhas/venv/lib/python3.9/site-packages/airflow/example_dags/example_kubernetes_executor.py
[2023-02-24 10:58:43,959] {processor.py:161} INFO - Processing /home/alura/Documents/Medalhas/venv/lib/python3.9/site-packages/airflow/example_dags/example_kubernetes_executor.py took 0.015 seconds
[2023-02-24 10:59:16,982] {processor.py:153} INFO - Started process (PID=10484) to work on /home/alura/Documents/Medalhas/venv/lib/python3.9/site-packages/airflow/example_dags/example_kubernetes_executor.py
[2023-02-24 10:59:16,982] {processor.py:641} INFO - Processing file /home/alura/Documents/Medalhas/venv/lib/python3.9/site-packages/airflow/example_dags/example_kubernetes_executor.py for tasks to queue
[2023-02-24 10:59:16,982] {logging_mixin.py:115} INFO - [2023-02-24 10:59:16,982] {dagbag.py:507} INFO - Filling up the DagBag from /home/alura/Documents/Medalhas/venv/lib/python3.9/site-packages/airflow/example_dags/example_kubernetes_executor.py
[2023-02-24 10:59:16,990] {logging_mixin.py:115} INFO - [2023-02-24 10:59:16,990] {example_kubernetes_executor.py:39} WARNING - The example_kubernetes_executor example DAG requires the kubernetes provider. Please install it with: pip install apache-airflow[cncf.kubernetes]
[2023-02-24 10:59:16,990] {processor.py:653} WARNING - No viable dags retrieved from /home/alura/Documents/Medalhas/venv/lib/python3.9/site-packages/airflow/example_dags/example_kubernetes_executor.py
[2023-02-24 10:59:16,995] {processor.py:161} INFO - Processing /home/alura/Documents/Medalhas/venv/lib/python3.9/site-packages/airflow/example_dags/example_kubernetes_executor.py took 0.015 seconds
[2023-02-24 10:59:51,143] {processor.py:153} INFO - Started process (PID=10659) to work on /home/alura/Documents/Medalhas/venv/lib/python3.9/site-packages/airflow/example_dags/example_kubernetes_executor.py
[2023-02-24 10:59:51,143] {processor.py:641} INFO - Processing file /home/alura/Documents/Medalhas/venv/lib/python3.9/site-packages/airflow/example_dags/example_kubernetes_executor.py for tasks to queue
[2023-02-24 10:59:51,143] {logging_mixin.py:115} INFO - [2023-02-24 10:59:51,143] {dagbag.py:507} INFO - Filling up the DagBag from /home/alura/Documents/Medalhas/venv/lib/python3.9/site-packages/airflow/example_dags/example_kubernetes_executor.py
[2023-02-24 10:59:51,151] {logging_mixin.py:115} INFO - [2023-02-24 10:59:51,151] {example_kubernetes_executor.py:39} WARNING - The example_kubernetes_executor example DAG requires the kubernetes provider. Please install it with: pip install apache-airflow[cncf.kubernetes]
[2023-02-24 10:59:51,151] {processor.py:653} WARNING - No viable dags retrieved from /home/alura/Documents/Medalhas/venv/lib/python3.9/site-packages/airflow/example_dags/example_kubernetes_executor.py
[2023-02-24 10:59:51,156] {processor.py:161} INFO - Processing /home/alura/Documents/Medalhas/venv/lib/python3.9/site-packages/airflow/example_dags/example_kubernetes_executor.py took 0.015 seconds
[2023-02-24 11:00:24,735] {processor.py:153} INFO - Started process (PID=10835) to work on /home/alura/Documents/Medalhas/venv/lib/python3.9/site-packages/airflow/example_dags/example_kubernetes_executor.py
[2023-02-24 11:00:24,736] {processor.py:641} INFO - Processing file /home/alura/Documents/Medalhas/venv/lib/python3.9/site-packages/airflow/example_dags/example_kubernetes_executor.py for tasks to queue
[2023-02-24 11:00:24,736] {logging_mixin.py:115} INFO - [2023-02-24 11:00:24,736] {dagbag.py:507} INFO - Filling up the DagBag from /home/alura/Documents/Medalhas/venv/lib/python3.9/site-packages/airflow/example_dags/example_kubernetes_executor.py
[2023-02-24 11:00:24,743] {logging_mixin.py:115} INFO - [2023-02-24 11:00:24,743] {example_kubernetes_executor.py:39} WARNING - The example_kubernetes_executor example DAG requires the kubernetes provider. Please install it with: pip install apache-airflow[cncf.kubernetes]
[2023-02-24 11:00:24,743] {processor.py:653} WARNING - No viable dags retrieved from /home/alura/Documents/Medalhas/venv/lib/python3.9/site-packages/airflow/example_dags/example_kubernetes_executor.py
[2023-02-24 11:00:24,749] {processor.py:161} INFO - Processing /home/alura/Documents/Medalhas/venv/lib/python3.9/site-packages/airflow/example_dags/example_kubernetes_executor.py took 0.015 seconds
[2023-02-24 11:01:02,869] {processor.py:153} INFO - Started process (PID=11049) to work on /home/alura/Documents/Medalhas/venv/lib/python3.9/site-packages/airflow/example_dags/example_kubernetes_executor.py
[2023-02-24 11:01:02,870] {processor.py:641} INFO - Processing file /home/alura/Documents/Medalhas/venv/lib/python3.9/site-packages/airflow/example_dags/example_kubernetes_executor.py for tasks to queue
[2023-02-24 11:01:02,870] {logging_mixin.py:115} INFO - [2023-02-24 11:01:02,870] {dagbag.py:507} INFO - Filling up the DagBag from /home/alura/Documents/Medalhas/venv/lib/python3.9/site-packages/airflow/example_dags/example_kubernetes_executor.py
[2023-02-24 11:01:02,877] {logging_mixin.py:115} INFO - [2023-02-24 11:01:02,877] {example_kubernetes_executor.py:39} WARNING - The example_kubernetes_executor example DAG requires the kubernetes provider. Please install it with: pip install apache-airflow[cncf.kubernetes]
[2023-02-24 11:01:02,877] {processor.py:653} WARNING - No viable dags retrieved from /home/alura/Documents/Medalhas/venv/lib/python3.9/site-packages/airflow/example_dags/example_kubernetes_executor.py
[2023-02-24 11:01:02,883] {processor.py:161} INFO - Processing /home/alura/Documents/Medalhas/venv/lib/python3.9/site-packages/airflow/example_dags/example_kubernetes_executor.py took 0.015 seconds
[2023-02-24 11:01:34,868] {processor.py:153} INFO - Started process (PID=11217) to work on /home/alura/Documents/Medalhas/venv/lib/python3.9/site-packages/airflow/example_dags/example_kubernetes_executor.py
[2023-02-24 11:01:34,869] {processor.py:641} INFO - Processing file /home/alura/Documents/Medalhas/venv/lib/python3.9/site-packages/airflow/example_dags/example_kubernetes_executor.py for tasks to queue
[2023-02-24 11:01:34,869] {logging_mixin.py:115} INFO - [2023-02-24 11:01:34,869] {dagbag.py:507} INFO - Filling up the DagBag from /home/alura/Documents/Medalhas/venv/lib/python3.9/site-packages/airflow/example_dags/example_kubernetes_executor.py
[2023-02-24 11:01:34,877] {logging_mixin.py:115} INFO - [2023-02-24 11:01:34,877] {example_kubernetes_executor.py:39} WARNING - The example_kubernetes_executor example DAG requires the kubernetes provider. Please install it with: pip install apache-airflow[cncf.kubernetes]
[2023-02-24 11:01:34,877] {processor.py:653} WARNING - No viable dags retrieved from /home/alura/Documents/Medalhas/venv/lib/python3.9/site-packages/airflow/example_dags/example_kubernetes_executor.py
[2023-02-24 11:01:34,882] {processor.py:161} INFO - Processing /home/alura/Documents/Medalhas/venv/lib/python3.9/site-packages/airflow/example_dags/example_kubernetes_executor.py took 0.015 seconds
[2023-02-24 11:02:07,152] {processor.py:153} INFO - Started process (PID=11387) to work on /home/alura/Documents/Medalhas/venv/lib/python3.9/site-packages/airflow/example_dags/example_kubernetes_executor.py
[2023-02-24 11:02:07,152] {processor.py:641} INFO - Processing file /home/alura/Documents/Medalhas/venv/lib/python3.9/site-packages/airflow/example_dags/example_kubernetes_executor.py for tasks to queue
[2023-02-24 11:02:07,153] {logging_mixin.py:115} INFO - [2023-02-24 11:02:07,153] {dagbag.py:507} INFO - Filling up the DagBag from /home/alura/Documents/Medalhas/venv/lib/python3.9/site-packages/airflow/example_dags/example_kubernetes_executor.py
[2023-02-24 11:02:07,160] {logging_mixin.py:115} INFO - [2023-02-24 11:02:07,160] {example_kubernetes_executor.py:39} WARNING - The example_kubernetes_executor example DAG requires the kubernetes provider. Please install it with: pip install apache-airflow[cncf.kubernetes]
[2023-02-24 11:02:07,160] {processor.py:653} WARNING - No viable dags retrieved from /home/alura/Documents/Medalhas/venv/lib/python3.9/site-packages/airflow/example_dags/example_kubernetes_executor.py
[2023-02-24 11:02:07,166] {processor.py:161} INFO - Processing /home/alura/Documents/Medalhas/venv/lib/python3.9/site-packages/airflow/example_dags/example_kubernetes_executor.py took 0.015 seconds
[2023-02-24 11:02:41,908] {processor.py:153} INFO - Started process (PID=11565) to work on /home/alura/Documents/Medalhas/venv/lib/python3.9/site-packages/airflow/example_dags/example_kubernetes_executor.py
[2023-02-24 11:02:41,909] {processor.py:641} INFO - Processing file /home/alura/Documents/Medalhas/venv/lib/python3.9/site-packages/airflow/example_dags/example_kubernetes_executor.py for tasks to queue
[2023-02-24 11:02:41,909] {logging_mixin.py:115} INFO - [2023-02-24 11:02:41,909] {dagbag.py:507} INFO - Filling up the DagBag from /home/alura/Documents/Medalhas/venv/lib/python3.9/site-packages/airflow/example_dags/example_kubernetes_executor.py
[2023-02-24 11:02:41,916] {logging_mixin.py:115} INFO - [2023-02-24 11:02:41,916] {example_kubernetes_executor.py:39} WARNING - The example_kubernetes_executor example DAG requires the kubernetes provider. Please install it with: pip install apache-airflow[cncf.kubernetes]
[2023-02-24 11:02:41,917] {processor.py:653} WARNING - No viable dags retrieved from /home/alura/Documents/Medalhas/venv/lib/python3.9/site-packages/airflow/example_dags/example_kubernetes_executor.py
[2023-02-24 11:02:41,922] {processor.py:161} INFO - Processing /home/alura/Documents/Medalhas/venv/lib/python3.9/site-packages/airflow/example_dags/example_kubernetes_executor.py took 0.015 seconds
[2023-02-24 11:03:14,685] {processor.py:153} INFO - Started process (PID=11738) to work on /home/alura/Documents/Medalhas/venv/lib/python3.9/site-packages/airflow/example_dags/example_kubernetes_executor.py
[2023-02-24 11:03:14,687] {processor.py:641} INFO - Processing file /home/alura/Documents/Medalhas/venv/lib/python3.9/site-packages/airflow/example_dags/example_kubernetes_executor.py for tasks to queue
[2023-02-24 11:03:14,687] {logging_mixin.py:115} INFO - [2023-02-24 11:03:14,687] {dagbag.py:507} INFO - Filling up the DagBag from /home/alura/Documents/Medalhas/venv/lib/python3.9/site-packages/airflow/example_dags/example_kubernetes_executor.py
[2023-02-24 11:03:14,694] {logging_mixin.py:115} INFO - [2023-02-24 11:03:14,694] {example_kubernetes_executor.py:39} WARNING - The example_kubernetes_executor example DAG requires the kubernetes provider. Please install it with: pip install apache-airflow[cncf.kubernetes]
[2023-02-24 11:03:14,694] {processor.py:653} WARNING - No viable dags retrieved from /home/alura/Documents/Medalhas/venv/lib/python3.9/site-packages/airflow/example_dags/example_kubernetes_executor.py
[2023-02-24 11:03:14,699] {processor.py:161} INFO - Processing /home/alura/Documents/Medalhas/venv/lib/python3.9/site-packages/airflow/example_dags/example_kubernetes_executor.py took 0.015 seconds
[2023-02-24 11:03:49,710] {processor.py:153} INFO - Started process (PID=11987) to work on /home/alura/Documents/Medalhas/venv/lib/python3.9/site-packages/airflow/example_dags/example_kubernetes_executor.py
[2023-02-24 11:03:49,710] {processor.py:641} INFO - Processing file /home/alura/Documents/Medalhas/venv/lib/python3.9/site-packages/airflow/example_dags/example_kubernetes_executor.py for tasks to queue
[2023-02-24 11:03:49,710] {logging_mixin.py:115} INFO - [2023-02-24 11:03:49,710] {dagbag.py:507} INFO - Filling up the DagBag from /home/alura/Documents/Medalhas/venv/lib/python3.9/site-packages/airflow/example_dags/example_kubernetes_executor.py
[2023-02-24 11:03:49,718] {logging_mixin.py:115} INFO - [2023-02-24 11:03:49,718] {example_kubernetes_executor.py:39} WARNING - The example_kubernetes_executor example DAG requires the kubernetes provider. Please install it with: pip install apache-airflow[cncf.kubernetes]
[2023-02-24 11:03:49,718] {processor.py:653} WARNING - No viable dags retrieved from /home/alura/Documents/Medalhas/venv/lib/python3.9/site-packages/airflow/example_dags/example_kubernetes_executor.py
[2023-02-24 11:03:49,723] {processor.py:161} INFO - Processing /home/alura/Documents/Medalhas/venv/lib/python3.9/site-packages/airflow/example_dags/example_kubernetes_executor.py took 0.018 seconds
[2023-02-24 11:04:22,776] {processor.py:153} INFO - Started process (PID=12185) to work on /home/alura/Documents/Medalhas/venv/lib/python3.9/site-packages/airflow/example_dags/example_kubernetes_executor.py
[2023-02-24 11:04:22,777] {processor.py:641} INFO - Processing file /home/alura/Documents/Medalhas/venv/lib/python3.9/site-packages/airflow/example_dags/example_kubernetes_executor.py for tasks to queue
[2023-02-24 11:04:22,778] {logging_mixin.py:115} INFO - [2023-02-24 11:04:22,778] {dagbag.py:507} INFO - Filling up the DagBag from /home/alura/Documents/Medalhas/venv/lib/python3.9/site-packages/airflow/example_dags/example_kubernetes_executor.py
[2023-02-24 11:04:22,785] {logging_mixin.py:115} INFO - [2023-02-24 11:04:22,785] {example_kubernetes_executor.py:39} WARNING - The example_kubernetes_executor example DAG requires the kubernetes provider. Please install it with: pip install apache-airflow[cncf.kubernetes]
[2023-02-24 11:04:22,785] {processor.py:653} WARNING - No viable dags retrieved from /home/alura/Documents/Medalhas/venv/lib/python3.9/site-packages/airflow/example_dags/example_kubernetes_executor.py
[2023-02-24 11:04:22,791] {processor.py:161} INFO - Processing /home/alura/Documents/Medalhas/venv/lib/python3.9/site-packages/airflow/example_dags/example_kubernetes_executor.py took 0.016 seconds
[2023-02-24 11:04:59,030] {processor.py:153} INFO - Started process (PID=12399) to work on /home/alura/Documents/Medalhas/venv/lib/python3.9/site-packages/airflow/example_dags/example_kubernetes_executor.py
[2023-02-24 11:04:59,031] {processor.py:641} INFO - Processing file /home/alura/Documents/Medalhas/venv/lib/python3.9/site-packages/airflow/example_dags/example_kubernetes_executor.py for tasks to queue
[2023-02-24 11:04:59,031] {logging_mixin.py:115} INFO - [2023-02-24 11:04:59,031] {dagbag.py:507} INFO - Filling up the DagBag from /home/alura/Documents/Medalhas/venv/lib/python3.9/site-packages/airflow/example_dags/example_kubernetes_executor.py
[2023-02-24 11:04:59,039] {logging_mixin.py:115} INFO - [2023-02-24 11:04:59,039] {example_kubernetes_executor.py:39} WARNING - The example_kubernetes_executor example DAG requires the kubernetes provider. Please install it with: pip install apache-airflow[cncf.kubernetes]
[2023-02-24 11:04:59,040] {processor.py:653} WARNING - No viable dags retrieved from /home/alura/Documents/Medalhas/venv/lib/python3.9/site-packages/airflow/example_dags/example_kubernetes_executor.py
[2023-02-24 11:04:59,045] {processor.py:161} INFO - Processing /home/alura/Documents/Medalhas/venv/lib/python3.9/site-packages/airflow/example_dags/example_kubernetes_executor.py took 0.017 seconds
