[2023-02-24 10:47:18,907] {processor.py:153} INFO - Started process (PID=5810) to work on /home/alura/Documents/Medalhas/venv/lib/python3.9/site-packages/airflow/example_dags/example_xcomargs.py
[2023-02-24 10:47:18,907] {processor.py:641} INFO - Processing file /home/alura/Documents/Medalhas/venv/lib/python3.9/site-packages/airflow/example_dags/example_xcomargs.py for tasks to queue
[2023-02-24 10:47:18,907] {logging_mixin.py:115} INFO - [2023-02-24 10:47:18,907] {dagbag.py:507} INFO - Filling up the DagBag from /home/alura/Documents/Medalhas/venv/lib/python3.9/site-packages/airflow/example_dags/example_xcomargs.py
[2023-02-24 10:47:18,918] {processor.py:651} INFO - DAG(s) dict_keys(['example_xcom_args', 'example_xcom_args_with_operators']) retrieved from /home/alura/Documents/Medalhas/venv/lib/python3.9/site-packages/airflow/example_dags/example_xcomargs.py
[2023-02-24 10:47:18,953] {logging_mixin.py:115} INFO - [2023-02-24 10:47:18,953] {manager.py:508} INFO - Created Permission View: can delete on DAG:example_xcom_args
[2023-02-24 10:47:18,959] {logging_mixin.py:115} INFO - [2023-02-24 10:47:18,959] {manager.py:508} INFO - Created Permission View: can edit on DAG:example_xcom_args
[2023-02-24 10:47:18,963] {logging_mixin.py:115} INFO - [2023-02-24 10:47:18,962] {manager.py:508} INFO - Created Permission View: can read on DAG:example_xcom_args
[2023-02-24 10:47:18,973] {logging_mixin.py:115} INFO - [2023-02-24 10:47:18,973] {manager.py:508} INFO - Created Permission View: can delete on DAG:example_xcom_args_with_operators
[2023-02-24 10:47:18,977] {logging_mixin.py:115} INFO - [2023-02-24 10:47:18,977] {manager.py:508} INFO - Created Permission View: can edit on DAG:example_xcom_args_with_operators
[2023-02-24 10:47:18,981] {logging_mixin.py:115} INFO - [2023-02-24 10:47:18,981] {manager.py:508} INFO - Created Permission View: can read on DAG:example_xcom_args_with_operators
[2023-02-24 10:47:18,981] {logging_mixin.py:115} INFO - [2023-02-24 10:47:18,981] {dag.py:2379} INFO - Sync 2 DAGs
[2023-02-24 10:47:18,986] {logging_mixin.py:115} INFO - [2023-02-24 10:47:18,986] {dag.py:2398} INFO - Creating ORM DAG for example_xcom_args
[2023-02-24 10:47:18,987] {logging_mixin.py:115} INFO - [2023-02-24 10:47:18,987] {dag.py:2398} INFO - Creating ORM DAG for example_xcom_args_with_operators
[2023-02-24 10:47:18,992] {logging_mixin.py:115} INFO - [2023-02-24 10:47:18,992] {dag.py:2927} INFO - Setting next_dagrun for example_xcom_args to None, run_after=None
[2023-02-24 10:47:18,992] {logging_mixin.py:115} INFO - [2023-02-24 10:47:18,992] {dag.py:2927} INFO - Setting next_dagrun for example_xcom_args_with_operators to None, run_after=None
[2023-02-24 10:47:19,001] {processor.py:161} INFO - Processing /home/alura/Documents/Medalhas/venv/lib/python3.9/site-packages/airflow/example_dags/example_xcomargs.py took 0.096 seconds
[2023-02-24 10:47:54,919] {processor.py:153} INFO - Started process (PID=6263) to work on /home/alura/Documents/Medalhas/venv/lib/python3.9/site-packages/airflow/example_dags/example_xcomargs.py
[2023-02-24 10:47:54,920] {processor.py:641} INFO - Processing file /home/alura/Documents/Medalhas/venv/lib/python3.9/site-packages/airflow/example_dags/example_xcomargs.py for tasks to queue
[2023-02-24 10:47:54,920] {logging_mixin.py:115} INFO - [2023-02-24 10:47:54,920] {dagbag.py:507} INFO - Filling up the DagBag from /home/alura/Documents/Medalhas/venv/lib/python3.9/site-packages/airflow/example_dags/example_xcomargs.py
[2023-02-24 10:47:54,930] {processor.py:651} INFO - DAG(s) dict_keys(['example_xcom_args', 'example_xcom_args_with_operators']) retrieved from /home/alura/Documents/Medalhas/venv/lib/python3.9/site-packages/airflow/example_dags/example_xcomargs.py
[2023-02-24 10:47:54,959] {logging_mixin.py:115} INFO - [2023-02-24 10:47:54,959] {dag.py:2379} INFO - Sync 2 DAGs
[2023-02-24 10:47:54,968] {logging_mixin.py:115} INFO - [2023-02-24 10:47:54,968] {dag.py:2927} INFO - Setting next_dagrun for example_xcom_args to None, run_after=None
[2023-02-24 10:47:54,968] {logging_mixin.py:115} INFO - [2023-02-24 10:47:54,968] {dag.py:2927} INFO - Setting next_dagrun for example_xcom_args_with_operators to None, run_after=None
[2023-02-24 10:47:54,975] {processor.py:161} INFO - Processing /home/alura/Documents/Medalhas/venv/lib/python3.9/site-packages/airflow/example_dags/example_xcomargs.py took 0.057 seconds
[2023-02-24 10:48:29,040] {processor.py:153} INFO - Started process (PID=6592) to work on /home/alura/Documents/Medalhas/venv/lib/python3.9/site-packages/airflow/example_dags/example_xcomargs.py
[2023-02-24 10:48:29,040] {processor.py:641} INFO - Processing file /home/alura/Documents/Medalhas/venv/lib/python3.9/site-packages/airflow/example_dags/example_xcomargs.py for tasks to queue
[2023-02-24 10:48:29,040] {logging_mixin.py:115} INFO - [2023-02-24 10:48:29,040] {dagbag.py:507} INFO - Filling up the DagBag from /home/alura/Documents/Medalhas/venv/lib/python3.9/site-packages/airflow/example_dags/example_xcomargs.py
[2023-02-24 10:48:29,050] {processor.py:651} INFO - DAG(s) dict_keys(['example_xcom_args', 'example_xcom_args_with_operators']) retrieved from /home/alura/Documents/Medalhas/venv/lib/python3.9/site-packages/airflow/example_dags/example_xcomargs.py
[2023-02-24 10:48:29,075] {logging_mixin.py:115} INFO - [2023-02-24 10:48:29,075] {dag.py:2379} INFO - Sync 2 DAGs
[2023-02-24 10:48:29,084] {logging_mixin.py:115} INFO - [2023-02-24 10:48:29,084] {dag.py:2927} INFO - Setting next_dagrun for example_xcom_args to None, run_after=None
[2023-02-24 10:48:29,084] {logging_mixin.py:115} INFO - [2023-02-24 10:48:29,084] {dag.py:2927} INFO - Setting next_dagrun for example_xcom_args_with_operators to None, run_after=None
[2023-02-24 10:48:29,091] {processor.py:161} INFO - Processing /home/alura/Documents/Medalhas/venv/lib/python3.9/site-packages/airflow/example_dags/example_xcomargs.py took 0.054 seconds
[2023-02-24 10:49:01,571] {processor.py:153} INFO - Started process (PID=6950) to work on /home/alura/Documents/Medalhas/venv/lib/python3.9/site-packages/airflow/example_dags/example_xcomargs.py
[2023-02-24 10:49:01,572] {processor.py:641} INFO - Processing file /home/alura/Documents/Medalhas/venv/lib/python3.9/site-packages/airflow/example_dags/example_xcomargs.py for tasks to queue
[2023-02-24 10:49:01,572] {logging_mixin.py:115} INFO - [2023-02-24 10:49:01,572] {dagbag.py:507} INFO - Filling up the DagBag from /home/alura/Documents/Medalhas/venv/lib/python3.9/site-packages/airflow/example_dags/example_xcomargs.py
[2023-02-24 10:49:01,582] {processor.py:651} INFO - DAG(s) dict_keys(['example_xcom_args', 'example_xcom_args_with_operators']) retrieved from /home/alura/Documents/Medalhas/venv/lib/python3.9/site-packages/airflow/example_dags/example_xcomargs.py
[2023-02-24 10:49:01,592] {logging_mixin.py:115} INFO - [2023-02-24 10:49:01,592] {dag.py:2379} INFO - Sync 2 DAGs
[2023-02-24 10:49:01,601] {logging_mixin.py:115} INFO - [2023-02-24 10:49:01,601] {dag.py:2927} INFO - Setting next_dagrun for example_xcom_args to None, run_after=None
[2023-02-24 10:49:01,601] {logging_mixin.py:115} INFO - [2023-02-24 10:49:01,601] {dag.py:2927} INFO - Setting next_dagrun for example_xcom_args_with_operators to None, run_after=None
[2023-02-24 10:49:01,609] {processor.py:161} INFO - Processing /home/alura/Documents/Medalhas/venv/lib/python3.9/site-packages/airflow/example_dags/example_xcomargs.py took 0.039 seconds
[2023-02-24 10:49:35,419] {processor.py:153} INFO - Started process (PID=7394) to work on /home/alura/Documents/Medalhas/venv/lib/python3.9/site-packages/airflow/example_dags/example_xcomargs.py
[2023-02-24 10:49:35,420] {processor.py:641} INFO - Processing file /home/alura/Documents/Medalhas/venv/lib/python3.9/site-packages/airflow/example_dags/example_xcomargs.py for tasks to queue
[2023-02-24 10:49:35,420] {logging_mixin.py:115} INFO - [2023-02-24 10:49:35,420] {dagbag.py:507} INFO - Filling up the DagBag from /home/alura/Documents/Medalhas/venv/lib/python3.9/site-packages/airflow/example_dags/example_xcomargs.py
[2023-02-24 10:49:35,429] {processor.py:651} INFO - DAG(s) dict_keys(['example_xcom_args', 'example_xcom_args_with_operators']) retrieved from /home/alura/Documents/Medalhas/venv/lib/python3.9/site-packages/airflow/example_dags/example_xcomargs.py
[2023-02-24 10:49:35,453] {logging_mixin.py:115} INFO - [2023-02-24 10:49:35,453] {dag.py:2379} INFO - Sync 2 DAGs
[2023-02-24 10:49:35,461] {logging_mixin.py:115} INFO - [2023-02-24 10:49:35,461] {dag.py:2927} INFO - Setting next_dagrun for example_xcom_args to None, run_after=None
[2023-02-24 10:49:35,462] {logging_mixin.py:115} INFO - [2023-02-24 10:49:35,462] {dag.py:2927} INFO - Setting next_dagrun for example_xcom_args_with_operators to None, run_after=None
[2023-02-24 10:49:35,469] {processor.py:161} INFO - Processing /home/alura/Documents/Medalhas/venv/lib/python3.9/site-packages/airflow/example_dags/example_xcomargs.py took 0.051 seconds
[2023-02-24 10:50:10,436] {processor.py:153} INFO - Started process (PID=7576) to work on /home/alura/Documents/Medalhas/venv/lib/python3.9/site-packages/airflow/example_dags/example_xcomargs.py
[2023-02-24 10:50:10,437] {processor.py:641} INFO - Processing file /home/alura/Documents/Medalhas/venv/lib/python3.9/site-packages/airflow/example_dags/example_xcomargs.py for tasks to queue
[2023-02-24 10:50:10,437] {logging_mixin.py:115} INFO - [2023-02-24 10:50:10,437] {dagbag.py:507} INFO - Filling up the DagBag from /home/alura/Documents/Medalhas/venv/lib/python3.9/site-packages/airflow/example_dags/example_xcomargs.py
[2023-02-24 10:50:10,447] {processor.py:651} INFO - DAG(s) dict_keys(['example_xcom_args', 'example_xcom_args_with_operators']) retrieved from /home/alura/Documents/Medalhas/venv/lib/python3.9/site-packages/airflow/example_dags/example_xcomargs.py
[2023-02-24 10:50:10,469] {logging_mixin.py:115} INFO - [2023-02-24 10:50:10,469] {dag.py:2379} INFO - Sync 2 DAGs
[2023-02-24 10:50:10,479] {logging_mixin.py:115} INFO - [2023-02-24 10:50:10,478] {dag.py:2927} INFO - Setting next_dagrun for example_xcom_args to None, run_after=None
[2023-02-24 10:50:10,479] {logging_mixin.py:115} INFO - [2023-02-24 10:50:10,479] {dag.py:2927} INFO - Setting next_dagrun for example_xcom_args_with_operators to None, run_after=None
[2023-02-24 10:50:10,486] {processor.py:161} INFO - Processing /home/alura/Documents/Medalhas/venv/lib/python3.9/site-packages/airflow/example_dags/example_xcomargs.py took 0.051 seconds
[2023-02-24 10:50:42,346] {processor.py:153} INFO - Started process (PID=7747) to work on /home/alura/Documents/Medalhas/venv/lib/python3.9/site-packages/airflow/example_dags/example_xcomargs.py
[2023-02-24 10:50:42,346] {processor.py:641} INFO - Processing file /home/alura/Documents/Medalhas/venv/lib/python3.9/site-packages/airflow/example_dags/example_xcomargs.py for tasks to queue
[2023-02-24 10:50:42,347] {logging_mixin.py:115} INFO - [2023-02-24 10:50:42,347] {dagbag.py:507} INFO - Filling up the DagBag from /home/alura/Documents/Medalhas/venv/lib/python3.9/site-packages/airflow/example_dags/example_xcomargs.py
[2023-02-24 10:50:42,356] {processor.py:651} INFO - DAG(s) dict_keys(['example_xcom_args', 'example_xcom_args_with_operators']) retrieved from /home/alura/Documents/Medalhas/venv/lib/python3.9/site-packages/airflow/example_dags/example_xcomargs.py
[2023-02-24 10:50:42,378] {logging_mixin.py:115} INFO - [2023-02-24 10:50:42,378] {dag.py:2379} INFO - Sync 2 DAGs
[2023-02-24 10:50:42,386] {logging_mixin.py:115} INFO - [2023-02-24 10:50:42,386] {dag.py:2927} INFO - Setting next_dagrun for example_xcom_args to None, run_after=None
[2023-02-24 10:50:42,387] {logging_mixin.py:115} INFO - [2023-02-24 10:50:42,387] {dag.py:2927} INFO - Setting next_dagrun for example_xcom_args_with_operators to None, run_after=None
[2023-02-24 10:50:42,396] {processor.py:161} INFO - Processing /home/alura/Documents/Medalhas/venv/lib/python3.9/site-packages/airflow/example_dags/example_xcomargs.py took 0.052 seconds
[2023-02-24 10:51:17,763] {processor.py:153} INFO - Started process (PID=7930) to work on /home/alura/Documents/Medalhas/venv/lib/python3.9/site-packages/airflow/example_dags/example_xcomargs.py
[2023-02-24 10:51:17,764] {processor.py:641} INFO - Processing file /home/alura/Documents/Medalhas/venv/lib/python3.9/site-packages/airflow/example_dags/example_xcomargs.py for tasks to queue
[2023-02-24 10:51:17,764] {logging_mixin.py:115} INFO - [2023-02-24 10:51:17,764] {dagbag.py:507} INFO - Filling up the DagBag from /home/alura/Documents/Medalhas/venv/lib/python3.9/site-packages/airflow/example_dags/example_xcomargs.py
[2023-02-24 10:51:17,774] {processor.py:651} INFO - DAG(s) dict_keys(['example_xcom_args', 'example_xcom_args_with_operators']) retrieved from /home/alura/Documents/Medalhas/venv/lib/python3.9/site-packages/airflow/example_dags/example_xcomargs.py
[2023-02-24 10:51:17,783] {logging_mixin.py:115} INFO - [2023-02-24 10:51:17,783] {dag.py:2379} INFO - Sync 2 DAGs
[2023-02-24 10:51:17,792] {logging_mixin.py:115} INFO - [2023-02-24 10:51:17,791] {dag.py:2927} INFO - Setting next_dagrun for example_xcom_args to None, run_after=None
[2023-02-24 10:51:17,792] {logging_mixin.py:115} INFO - [2023-02-24 10:51:17,792] {dag.py:2927} INFO - Setting next_dagrun for example_xcom_args_with_operators to None, run_after=None
[2023-02-24 10:51:17,798] {processor.py:161} INFO - Processing /home/alura/Documents/Medalhas/venv/lib/python3.9/site-packages/airflow/example_dags/example_xcomargs.py took 0.037 seconds
[2023-02-24 10:51:49,266] {processor.py:153} INFO - Started process (PID=8099) to work on /home/alura/Documents/Medalhas/venv/lib/python3.9/site-packages/airflow/example_dags/example_xcomargs.py
[2023-02-24 10:51:49,266] {processor.py:641} INFO - Processing file /home/alura/Documents/Medalhas/venv/lib/python3.9/site-packages/airflow/example_dags/example_xcomargs.py for tasks to queue
[2023-02-24 10:51:49,267] {logging_mixin.py:115} INFO - [2023-02-24 10:51:49,267] {dagbag.py:507} INFO - Filling up the DagBag from /home/alura/Documents/Medalhas/venv/lib/python3.9/site-packages/airflow/example_dags/example_xcomargs.py
[2023-02-24 10:51:49,276] {processor.py:651} INFO - DAG(s) dict_keys(['example_xcom_args', 'example_xcom_args_with_operators']) retrieved from /home/alura/Documents/Medalhas/venv/lib/python3.9/site-packages/airflow/example_dags/example_xcomargs.py
[2023-02-24 10:51:49,286] {logging_mixin.py:115} INFO - [2023-02-24 10:51:49,285] {dag.py:2379} INFO - Sync 2 DAGs
[2023-02-24 10:51:49,295] {logging_mixin.py:115} INFO - [2023-02-24 10:51:49,295] {dag.py:2927} INFO - Setting next_dagrun for example_xcom_args to None, run_after=None
[2023-02-24 10:51:49,295] {logging_mixin.py:115} INFO - [2023-02-24 10:51:49,295] {dag.py:2927} INFO - Setting next_dagrun for example_xcom_args_with_operators to None, run_after=None
[2023-02-24 10:51:49,302] {processor.py:161} INFO - Processing /home/alura/Documents/Medalhas/venv/lib/python3.9/site-packages/airflow/example_dags/example_xcomargs.py took 0.038 seconds
[2023-02-24 10:52:22,676] {processor.py:153} INFO - Started process (PID=8267) to work on /home/alura/Documents/Medalhas/venv/lib/python3.9/site-packages/airflow/example_dags/example_xcomargs.py
[2023-02-24 10:52:22,677] {processor.py:641} INFO - Processing file /home/alura/Documents/Medalhas/venv/lib/python3.9/site-packages/airflow/example_dags/example_xcomargs.py for tasks to queue
[2023-02-24 10:52:22,677] {logging_mixin.py:115} INFO - [2023-02-24 10:52:22,677] {dagbag.py:507} INFO - Filling up the DagBag from /home/alura/Documents/Medalhas/venv/lib/python3.9/site-packages/airflow/example_dags/example_xcomargs.py
[2023-02-24 10:52:22,686] {processor.py:651} INFO - DAG(s) dict_keys(['example_xcom_args', 'example_xcom_args_with_operators']) retrieved from /home/alura/Documents/Medalhas/venv/lib/python3.9/site-packages/airflow/example_dags/example_xcomargs.py
[2023-02-24 10:52:22,711] {logging_mixin.py:115} INFO - [2023-02-24 10:52:22,711] {dag.py:2379} INFO - Sync 2 DAGs
[2023-02-24 10:52:22,719] {logging_mixin.py:115} INFO - [2023-02-24 10:52:22,719] {dag.py:2927} INFO - Setting next_dagrun for example_xcom_args to None, run_after=None
[2023-02-24 10:52:22,719] {logging_mixin.py:115} INFO - [2023-02-24 10:52:22,719] {dag.py:2927} INFO - Setting next_dagrun for example_xcom_args_with_operators to None, run_after=None
[2023-02-24 10:52:22,726] {processor.py:161} INFO - Processing /home/alura/Documents/Medalhas/venv/lib/python3.9/site-packages/airflow/example_dags/example_xcomargs.py took 0.052 seconds
[2023-02-24 10:52:56,797] {processor.py:153} INFO - Started process (PID=8441) to work on /home/alura/Documents/Medalhas/venv/lib/python3.9/site-packages/airflow/example_dags/example_xcomargs.py
[2023-02-24 10:52:56,797] {processor.py:641} INFO - Processing file /home/alura/Documents/Medalhas/venv/lib/python3.9/site-packages/airflow/example_dags/example_xcomargs.py for tasks to queue
[2023-02-24 10:52:56,798] {logging_mixin.py:115} INFO - [2023-02-24 10:52:56,798] {dagbag.py:507} INFO - Filling up the DagBag from /home/alura/Documents/Medalhas/venv/lib/python3.9/site-packages/airflow/example_dags/example_xcomargs.py
[2023-02-24 10:52:56,807] {processor.py:651} INFO - DAG(s) dict_keys(['example_xcom_args', 'example_xcom_args_with_operators']) retrieved from /home/alura/Documents/Medalhas/venv/lib/python3.9/site-packages/airflow/example_dags/example_xcomargs.py
[2023-02-24 10:52:56,816] {logging_mixin.py:115} INFO - [2023-02-24 10:52:56,816] {dag.py:2379} INFO - Sync 2 DAGs
[2023-02-24 10:52:56,825] {logging_mixin.py:115} INFO - [2023-02-24 10:52:56,825] {dag.py:2927} INFO - Setting next_dagrun for example_xcom_args to None, run_after=None
[2023-02-24 10:52:56,825] {logging_mixin.py:115} INFO - [2023-02-24 10:52:56,825] {dag.py:2927} INFO - Setting next_dagrun for example_xcom_args_with_operators to None, run_after=None
[2023-02-24 10:52:56,831] {processor.py:161} INFO - Processing /home/alura/Documents/Medalhas/venv/lib/python3.9/site-packages/airflow/example_dags/example_xcomargs.py took 0.036 seconds
[2023-02-24 10:53:28,073] {processor.py:153} INFO - Started process (PID=8596) to work on /home/alura/Documents/Medalhas/venv/lib/python3.9/site-packages/airflow/example_dags/example_xcomargs.py
[2023-02-24 10:53:28,073] {processor.py:641} INFO - Processing file /home/alura/Documents/Medalhas/venv/lib/python3.9/site-packages/airflow/example_dags/example_xcomargs.py for tasks to queue
[2023-02-24 10:53:28,074] {logging_mixin.py:115} INFO - [2023-02-24 10:53:28,074] {dagbag.py:507} INFO - Filling up the DagBag from /home/alura/Documents/Medalhas/venv/lib/python3.9/site-packages/airflow/example_dags/example_xcomargs.py
[2023-02-24 10:53:28,083] {processor.py:651} INFO - DAG(s) dict_keys(['example_xcom_args', 'example_xcom_args_with_operators']) retrieved from /home/alura/Documents/Medalhas/venv/lib/python3.9/site-packages/airflow/example_dags/example_xcomargs.py
[2023-02-24 10:53:28,092] {logging_mixin.py:115} INFO - [2023-02-24 10:53:28,092] {dag.py:2379} INFO - Sync 2 DAGs
[2023-02-24 10:53:28,101] {logging_mixin.py:115} INFO - [2023-02-24 10:53:28,101] {dag.py:2927} INFO - Setting next_dagrun for example_xcom_args to None, run_after=None
[2023-02-24 10:53:28,101] {logging_mixin.py:115} INFO - [2023-02-24 10:53:28,101] {dag.py:2927} INFO - Setting next_dagrun for example_xcom_args_with_operators to None, run_after=None
[2023-02-24 10:53:28,107] {processor.py:161} INFO - Processing /home/alura/Documents/Medalhas/venv/lib/python3.9/site-packages/airflow/example_dags/example_xcomargs.py took 0.036 seconds
[2023-02-24 10:54:00,112] {processor.py:153} INFO - Started process (PID=8760) to work on /home/alura/Documents/Medalhas/venv/lib/python3.9/site-packages/airflow/example_dags/example_xcomargs.py
[2023-02-24 10:54:00,113] {processor.py:641} INFO - Processing file /home/alura/Documents/Medalhas/venv/lib/python3.9/site-packages/airflow/example_dags/example_xcomargs.py for tasks to queue
[2023-02-24 10:54:00,113] {logging_mixin.py:115} INFO - [2023-02-24 10:54:00,113] {dagbag.py:507} INFO - Filling up the DagBag from /home/alura/Documents/Medalhas/venv/lib/python3.9/site-packages/airflow/example_dags/example_xcomargs.py
[2023-02-24 10:54:00,123] {processor.py:651} INFO - DAG(s) dict_keys(['example_xcom_args', 'example_xcom_args_with_operators']) retrieved from /home/alura/Documents/Medalhas/venv/lib/python3.9/site-packages/airflow/example_dags/example_xcomargs.py
[2023-02-24 10:54:00,146] {logging_mixin.py:115} INFO - [2023-02-24 10:54:00,146] {dag.py:2379} INFO - Sync 2 DAGs
[2023-02-24 10:54:00,153] {logging_mixin.py:115} INFO - [2023-02-24 10:54:00,153] {dag.py:2927} INFO - Setting next_dagrun for example_xcom_args to None, run_after=None
[2023-02-24 10:54:00,153] {logging_mixin.py:115} INFO - [2023-02-24 10:54:00,153] {dag.py:2927} INFO - Setting next_dagrun for example_xcom_args_with_operators to None, run_after=None
[2023-02-24 10:54:00,161] {processor.py:161} INFO - Processing /home/alura/Documents/Medalhas/venv/lib/python3.9/site-packages/airflow/example_dags/example_xcomargs.py took 0.050 seconds
[2023-02-24 10:54:34,267] {processor.py:153} INFO - Started process (PID=9017) to work on /home/alura/Documents/Medalhas/venv/lib/python3.9/site-packages/airflow/example_dags/example_xcomargs.py
[2023-02-24 10:54:34,267] {processor.py:641} INFO - Processing file /home/alura/Documents/Medalhas/venv/lib/python3.9/site-packages/airflow/example_dags/example_xcomargs.py for tasks to queue
[2023-02-24 10:54:34,268] {logging_mixin.py:115} INFO - [2023-02-24 10:54:34,267] {dagbag.py:507} INFO - Filling up the DagBag from /home/alura/Documents/Medalhas/venv/lib/python3.9/site-packages/airflow/example_dags/example_xcomargs.py
[2023-02-24 10:54:34,277] {processor.py:651} INFO - DAG(s) dict_keys(['example_xcom_args', 'example_xcom_args_with_operators']) retrieved from /home/alura/Documents/Medalhas/venv/lib/python3.9/site-packages/airflow/example_dags/example_xcomargs.py
[2023-02-24 10:54:34,302] {logging_mixin.py:115} INFO - [2023-02-24 10:54:34,302] {dag.py:2379} INFO - Sync 2 DAGs
[2023-02-24 10:54:34,310] {logging_mixin.py:115} INFO - [2023-02-24 10:54:34,309] {dag.py:2927} INFO - Setting next_dagrun for example_xcom_args to None, run_after=None
[2023-02-24 10:54:34,310] {logging_mixin.py:115} INFO - [2023-02-24 10:54:34,310] {dag.py:2927} INFO - Setting next_dagrun for example_xcom_args_with_operators to None, run_after=None
[2023-02-24 10:54:34,317] {processor.py:161} INFO - Processing /home/alura/Documents/Medalhas/venv/lib/python3.9/site-packages/airflow/example_dags/example_xcomargs.py took 0.051 seconds
[2023-02-24 10:55:06,773] {processor.py:153} INFO - Started process (PID=9186) to work on /home/alura/Documents/Medalhas/venv/lib/python3.9/site-packages/airflow/example_dags/example_xcomargs.py
[2023-02-24 10:55:06,774] {processor.py:641} INFO - Processing file /home/alura/Documents/Medalhas/venv/lib/python3.9/site-packages/airflow/example_dags/example_xcomargs.py for tasks to queue
[2023-02-24 10:55:06,774] {logging_mixin.py:115} INFO - [2023-02-24 10:55:06,774] {dagbag.py:507} INFO - Filling up the DagBag from /home/alura/Documents/Medalhas/venv/lib/python3.9/site-packages/airflow/example_dags/example_xcomargs.py
[2023-02-24 10:55:06,784] {processor.py:651} INFO - DAG(s) dict_keys(['example_xcom_args', 'example_xcom_args_with_operators']) retrieved from /home/alura/Documents/Medalhas/venv/lib/python3.9/site-packages/airflow/example_dags/example_xcomargs.py
[2023-02-24 10:55:06,807] {logging_mixin.py:115} INFO - [2023-02-24 10:55:06,807] {dag.py:2379} INFO - Sync 2 DAGs
[2023-02-24 10:55:06,815] {logging_mixin.py:115} INFO - [2023-02-24 10:55:06,815] {dag.py:2927} INFO - Setting next_dagrun for example_xcom_args to None, run_after=None
[2023-02-24 10:55:06,815] {logging_mixin.py:115} INFO - [2023-02-24 10:55:06,815] {dag.py:2927} INFO - Setting next_dagrun for example_xcom_args_with_operators to None, run_after=None
[2023-02-24 10:55:06,822] {processor.py:161} INFO - Processing /home/alura/Documents/Medalhas/venv/lib/python3.9/site-packages/airflow/example_dags/example_xcomargs.py took 0.050 seconds
[2023-02-24 10:55:39,541] {processor.py:153} INFO - Started process (PID=9356) to work on /home/alura/Documents/Medalhas/venv/lib/python3.9/site-packages/airflow/example_dags/example_xcomargs.py
[2023-02-24 10:55:39,542] {processor.py:641} INFO - Processing file /home/alura/Documents/Medalhas/venv/lib/python3.9/site-packages/airflow/example_dags/example_xcomargs.py for tasks to queue
[2023-02-24 10:55:39,542] {logging_mixin.py:115} INFO - [2023-02-24 10:55:39,542] {dagbag.py:507} INFO - Filling up the DagBag from /home/alura/Documents/Medalhas/venv/lib/python3.9/site-packages/airflow/example_dags/example_xcomargs.py
[2023-02-24 10:55:39,552] {processor.py:651} INFO - DAG(s) dict_keys(['example_xcom_args', 'example_xcom_args_with_operators']) retrieved from /home/alura/Documents/Medalhas/venv/lib/python3.9/site-packages/airflow/example_dags/example_xcomargs.py
[2023-02-24 10:55:39,575] {logging_mixin.py:115} INFO - [2023-02-24 10:55:39,575] {dag.py:2379} INFO - Sync 2 DAGs
[2023-02-24 10:55:39,583] {logging_mixin.py:115} INFO - [2023-02-24 10:55:39,583] {dag.py:2927} INFO - Setting next_dagrun for example_xcom_args to None, run_after=None
[2023-02-24 10:55:39,583] {logging_mixin.py:115} INFO - [2023-02-24 10:55:39,583] {dag.py:2927} INFO - Setting next_dagrun for example_xcom_args_with_operators to None, run_after=None
[2023-02-24 10:55:39,591] {processor.py:161} INFO - Processing /home/alura/Documents/Medalhas/venv/lib/python3.9/site-packages/airflow/example_dags/example_xcomargs.py took 0.051 seconds
[2023-02-24 10:56:14,561] {processor.py:153} INFO - Started process (PID=9535) to work on /home/alura/Documents/Medalhas/venv/lib/python3.9/site-packages/airflow/example_dags/example_xcomargs.py
[2023-02-24 10:56:14,561] {processor.py:641} INFO - Processing file /home/alura/Documents/Medalhas/venv/lib/python3.9/site-packages/airflow/example_dags/example_xcomargs.py for tasks to queue
[2023-02-24 10:56:14,562] {logging_mixin.py:115} INFO - [2023-02-24 10:56:14,562] {dagbag.py:507} INFO - Filling up the DagBag from /home/alura/Documents/Medalhas/venv/lib/python3.9/site-packages/airflow/example_dags/example_xcomargs.py
[2023-02-24 10:56:14,571] {processor.py:651} INFO - DAG(s) dict_keys(['example_xcom_args', 'example_xcom_args_with_operators']) retrieved from /home/alura/Documents/Medalhas/venv/lib/python3.9/site-packages/airflow/example_dags/example_xcomargs.py
[2023-02-24 10:56:14,580] {logging_mixin.py:115} INFO - [2023-02-24 10:56:14,580] {dag.py:2379} INFO - Sync 2 DAGs
[2023-02-24 10:56:14,588] {logging_mixin.py:115} INFO - [2023-02-24 10:56:14,588] {dag.py:2927} INFO - Setting next_dagrun for example_xcom_args to None, run_after=None
[2023-02-24 10:56:14,588] {logging_mixin.py:115} INFO - [2023-02-24 10:56:14,588] {dag.py:2927} INFO - Setting next_dagrun for example_xcom_args_with_operators to None, run_after=None
[2023-02-24 10:56:14,595] {processor.py:161} INFO - Processing /home/alura/Documents/Medalhas/venv/lib/python3.9/site-packages/airflow/example_dags/example_xcomargs.py took 0.035 seconds
[2023-02-24 10:56:47,601] {processor.py:153} INFO - Started process (PID=9705) to work on /home/alura/Documents/Medalhas/venv/lib/python3.9/site-packages/airflow/example_dags/example_xcomargs.py
[2023-02-24 10:56:47,602] {processor.py:641} INFO - Processing file /home/alura/Documents/Medalhas/venv/lib/python3.9/site-packages/airflow/example_dags/example_xcomargs.py for tasks to queue
[2023-02-24 10:56:47,602] {logging_mixin.py:115} INFO - [2023-02-24 10:56:47,602] {dagbag.py:507} INFO - Filling up the DagBag from /home/alura/Documents/Medalhas/venv/lib/python3.9/site-packages/airflow/example_dags/example_xcomargs.py
[2023-02-24 10:56:47,611] {processor.py:651} INFO - DAG(s) dict_keys(['example_xcom_args', 'example_xcom_args_with_operators']) retrieved from /home/alura/Documents/Medalhas/venv/lib/python3.9/site-packages/airflow/example_dags/example_xcomargs.py
[2023-02-24 10:56:47,620] {logging_mixin.py:115} INFO - [2023-02-24 10:56:47,620] {dag.py:2379} INFO - Sync 2 DAGs
[2023-02-24 10:56:47,628] {logging_mixin.py:115} INFO - [2023-02-24 10:56:47,628] {dag.py:2927} INFO - Setting next_dagrun for example_xcom_args to None, run_after=None
[2023-02-24 10:56:47,628] {logging_mixin.py:115} INFO - [2023-02-24 10:56:47,628] {dag.py:2927} INFO - Setting next_dagrun for example_xcom_args_with_operators to None, run_after=None
[2023-02-24 10:56:47,635] {processor.py:161} INFO - Processing /home/alura/Documents/Medalhas/venv/lib/python3.9/site-packages/airflow/example_dags/example_xcomargs.py took 0.036 seconds
[2023-02-24 10:57:22,977] {processor.py:153} INFO - Started process (PID=9884) to work on /home/alura/Documents/Medalhas/venv/lib/python3.9/site-packages/airflow/example_dags/example_xcomargs.py
[2023-02-24 10:57:22,977] {processor.py:641} INFO - Processing file /home/alura/Documents/Medalhas/venv/lib/python3.9/site-packages/airflow/example_dags/example_xcomargs.py for tasks to queue
[2023-02-24 10:57:22,978] {logging_mixin.py:115} INFO - [2023-02-24 10:57:22,978] {dagbag.py:507} INFO - Filling up the DagBag from /home/alura/Documents/Medalhas/venv/lib/python3.9/site-packages/airflow/example_dags/example_xcomargs.py
[2023-02-24 10:57:22,988] {processor.py:651} INFO - DAG(s) dict_keys(['example_xcom_args', 'example_xcom_args_with_operators']) retrieved from /home/alura/Documents/Medalhas/venv/lib/python3.9/site-packages/airflow/example_dags/example_xcomargs.py
[2023-02-24 10:57:23,011] {logging_mixin.py:115} INFO - [2023-02-24 10:57:23,011] {dag.py:2379} INFO - Sync 2 DAGs
[2023-02-24 10:57:23,019] {logging_mixin.py:115} INFO - [2023-02-24 10:57:23,019] {dag.py:2927} INFO - Setting next_dagrun for example_xcom_args to None, run_after=None
[2023-02-24 10:57:23,019] {logging_mixin.py:115} INFO - [2023-02-24 10:57:23,019] {dag.py:2927} INFO - Setting next_dagrun for example_xcom_args_with_operators to None, run_after=None
[2023-02-24 10:57:23,027] {processor.py:161} INFO - Processing /home/alura/Documents/Medalhas/venv/lib/python3.9/site-packages/airflow/example_dags/example_xcomargs.py took 0.052 seconds
[2023-02-24 10:57:54,734] {processor.py:153} INFO - Started process (PID=10058) to work on /home/alura/Documents/Medalhas/venv/lib/python3.9/site-packages/airflow/example_dags/example_xcomargs.py
[2023-02-24 10:57:54,735] {processor.py:641} INFO - Processing file /home/alura/Documents/Medalhas/venv/lib/python3.9/site-packages/airflow/example_dags/example_xcomargs.py for tasks to queue
[2023-02-24 10:57:54,735] {logging_mixin.py:115} INFO - [2023-02-24 10:57:54,735] {dagbag.py:507} INFO - Filling up the DagBag from /home/alura/Documents/Medalhas/venv/lib/python3.9/site-packages/airflow/example_dags/example_xcomargs.py
[2023-02-24 10:57:54,744] {processor.py:651} INFO - DAG(s) dict_keys(['example_xcom_args', 'example_xcom_args_with_operators']) retrieved from /home/alura/Documents/Medalhas/venv/lib/python3.9/site-packages/airflow/example_dags/example_xcomargs.py
[2023-02-24 10:57:54,753] {logging_mixin.py:115} INFO - [2023-02-24 10:57:54,753] {dag.py:2379} INFO - Sync 2 DAGs
[2023-02-24 10:57:54,761] {logging_mixin.py:115} INFO - [2023-02-24 10:57:54,761] {dag.py:2927} INFO - Setting next_dagrun for example_xcom_args to None, run_after=None
[2023-02-24 10:57:54,761] {logging_mixin.py:115} INFO - [2023-02-24 10:57:54,761] {dag.py:2927} INFO - Setting next_dagrun for example_xcom_args_with_operators to None, run_after=None
[2023-02-24 10:57:54,768] {processor.py:161} INFO - Processing /home/alura/Documents/Medalhas/venv/lib/python3.9/site-packages/airflow/example_dags/example_xcomargs.py took 0.035 seconds
[2023-02-24 10:58:27,972] {processor.py:153} INFO - Started process (PID=10228) to work on /home/alura/Documents/Medalhas/venv/lib/python3.9/site-packages/airflow/example_dags/example_xcomargs.py
[2023-02-24 10:58:27,972] {processor.py:641} INFO - Processing file /home/alura/Documents/Medalhas/venv/lib/python3.9/site-packages/airflow/example_dags/example_xcomargs.py for tasks to queue
[2023-02-24 10:58:27,973] {logging_mixin.py:115} INFO - [2023-02-24 10:58:27,973] {dagbag.py:507} INFO - Filling up the DagBag from /home/alura/Documents/Medalhas/venv/lib/python3.9/site-packages/airflow/example_dags/example_xcomargs.py
[2023-02-24 10:58:27,982] {processor.py:651} INFO - DAG(s) dict_keys(['example_xcom_args', 'example_xcom_args_with_operators']) retrieved from /home/alura/Documents/Medalhas/venv/lib/python3.9/site-packages/airflow/example_dags/example_xcomargs.py
[2023-02-24 10:58:27,991] {logging_mixin.py:115} INFO - [2023-02-24 10:58:27,991] {dag.py:2379} INFO - Sync 2 DAGs
[2023-02-24 10:58:27,999] {logging_mixin.py:115} INFO - [2023-02-24 10:58:27,999] {dag.py:2927} INFO - Setting next_dagrun for example_xcom_args to None, run_after=None
[2023-02-24 10:58:27,999] {logging_mixin.py:115} INFO - [2023-02-24 10:58:27,999] {dag.py:2927} INFO - Setting next_dagrun for example_xcom_args_with_operators to None, run_after=None
[2023-02-24 10:58:28,006] {processor.py:161} INFO - Processing /home/alura/Documents/Medalhas/venv/lib/python3.9/site-packages/airflow/example_dags/example_xcomargs.py took 0.035 seconds
[2023-02-24 10:59:03,070] {processor.py:153} INFO - Started process (PID=10409) to work on /home/alura/Documents/Medalhas/venv/lib/python3.9/site-packages/airflow/example_dags/example_xcomargs.py
[2023-02-24 10:59:03,070] {processor.py:641} INFO - Processing file /home/alura/Documents/Medalhas/venv/lib/python3.9/site-packages/airflow/example_dags/example_xcomargs.py for tasks to queue
[2023-02-24 10:59:03,071] {logging_mixin.py:115} INFO - [2023-02-24 10:59:03,071] {dagbag.py:507} INFO - Filling up the DagBag from /home/alura/Documents/Medalhas/venv/lib/python3.9/site-packages/airflow/example_dags/example_xcomargs.py
[2023-02-24 10:59:03,080] {processor.py:651} INFO - DAG(s) dict_keys(['example_xcom_args', 'example_xcom_args_with_operators']) retrieved from /home/alura/Documents/Medalhas/venv/lib/python3.9/site-packages/airflow/example_dags/example_xcomargs.py
[2023-02-24 10:59:03,089] {logging_mixin.py:115} INFO - [2023-02-24 10:59:03,089] {dag.py:2379} INFO - Sync 2 DAGs
[2023-02-24 10:59:03,098] {logging_mixin.py:115} INFO - [2023-02-24 10:59:03,098] {dag.py:2927} INFO - Setting next_dagrun for example_xcom_args to None, run_after=None
[2023-02-24 10:59:03,098] {logging_mixin.py:115} INFO - [2023-02-24 10:59:03,098] {dag.py:2927} INFO - Setting next_dagrun for example_xcom_args_with_operators to None, run_after=None
[2023-02-24 10:59:03,105] {processor.py:161} INFO - Processing /home/alura/Documents/Medalhas/venv/lib/python3.9/site-packages/airflow/example_dags/example_xcomargs.py took 0.036 seconds
[2023-02-24 10:59:35,749] {processor.py:153} INFO - Started process (PID=10576) to work on /home/alura/Documents/Medalhas/venv/lib/python3.9/site-packages/airflow/example_dags/example_xcomargs.py
[2023-02-24 10:59:35,749] {processor.py:641} INFO - Processing file /home/alura/Documents/Medalhas/venv/lib/python3.9/site-packages/airflow/example_dags/example_xcomargs.py for tasks to queue
[2023-02-24 10:59:35,750] {logging_mixin.py:115} INFO - [2023-02-24 10:59:35,750] {dagbag.py:507} INFO - Filling up the DagBag from /home/alura/Documents/Medalhas/venv/lib/python3.9/site-packages/airflow/example_dags/example_xcomargs.py
[2023-02-24 10:59:35,759] {processor.py:651} INFO - DAG(s) dict_keys(['example_xcom_args', 'example_xcom_args_with_operators']) retrieved from /home/alura/Documents/Medalhas/venv/lib/python3.9/site-packages/airflow/example_dags/example_xcomargs.py
[2023-02-24 10:59:35,768] {logging_mixin.py:115} INFO - [2023-02-24 10:59:35,768] {dag.py:2379} INFO - Sync 2 DAGs
[2023-02-24 10:59:35,777] {logging_mixin.py:115} INFO - [2023-02-24 10:59:35,777] {dag.py:2927} INFO - Setting next_dagrun for example_xcom_args to None, run_after=None
[2023-02-24 10:59:35,777] {logging_mixin.py:115} INFO - [2023-02-24 10:59:35,777] {dag.py:2927} INFO - Setting next_dagrun for example_xcom_args_with_operators to None, run_after=None
[2023-02-24 10:59:35,783] {processor.py:161} INFO - Processing /home/alura/Documents/Medalhas/venv/lib/python3.9/site-packages/airflow/example_dags/example_xcomargs.py took 0.036 seconds
[2023-02-24 11:00:08,212] {processor.py:153} INFO - Started process (PID=10746) to work on /home/alura/Documents/Medalhas/venv/lib/python3.9/site-packages/airflow/example_dags/example_xcomargs.py
[2023-02-24 11:00:08,213] {processor.py:641} INFO - Processing file /home/alura/Documents/Medalhas/venv/lib/python3.9/site-packages/airflow/example_dags/example_xcomargs.py for tasks to queue
[2023-02-24 11:00:08,213] {logging_mixin.py:115} INFO - [2023-02-24 11:00:08,213] {dagbag.py:507} INFO - Filling up the DagBag from /home/alura/Documents/Medalhas/venv/lib/python3.9/site-packages/airflow/example_dags/example_xcomargs.py
[2023-02-24 11:00:08,222] {processor.py:651} INFO - DAG(s) dict_keys(['example_xcom_args', 'example_xcom_args_with_operators']) retrieved from /home/alura/Documents/Medalhas/venv/lib/python3.9/site-packages/airflow/example_dags/example_xcomargs.py
[2023-02-24 11:00:08,231] {logging_mixin.py:115} INFO - [2023-02-24 11:00:08,231] {dag.py:2379} INFO - Sync 2 DAGs
[2023-02-24 11:00:08,240] {logging_mixin.py:115} INFO - [2023-02-24 11:00:08,240] {dag.py:2927} INFO - Setting next_dagrun for example_xcom_args to None, run_after=None
[2023-02-24 11:00:08,240] {logging_mixin.py:115} INFO - [2023-02-24 11:00:08,240] {dag.py:2927} INFO - Setting next_dagrun for example_xcom_args_with_operators to None, run_after=None
[2023-02-24 11:00:08,247] {processor.py:161} INFO - Processing /home/alura/Documents/Medalhas/venv/lib/python3.9/site-packages/airflow/example_dags/example_xcomargs.py took 0.036 seconds
[2023-02-24 11:00:43,130] {processor.py:153} INFO - Started process (PID=10939) to work on /home/alura/Documents/Medalhas/venv/lib/python3.9/site-packages/airflow/example_dags/example_xcomargs.py
[2023-02-24 11:00:43,131] {processor.py:641} INFO - Processing file /home/alura/Documents/Medalhas/venv/lib/python3.9/site-packages/airflow/example_dags/example_xcomargs.py for tasks to queue
[2023-02-24 11:00:43,131] {logging_mixin.py:115} INFO - [2023-02-24 11:00:43,131] {dagbag.py:507} INFO - Filling up the DagBag from /home/alura/Documents/Medalhas/venv/lib/python3.9/site-packages/airflow/example_dags/example_xcomargs.py
[2023-02-24 11:00:43,141] {processor.py:651} INFO - DAG(s) dict_keys(['example_xcom_args', 'example_xcom_args_with_operators']) retrieved from /home/alura/Documents/Medalhas/venv/lib/python3.9/site-packages/airflow/example_dags/example_xcomargs.py
[2023-02-24 11:00:43,149] {logging_mixin.py:115} INFO - [2023-02-24 11:00:43,149] {dag.py:2379} INFO - Sync 2 DAGs
[2023-02-24 11:00:43,158] {logging_mixin.py:115} INFO - [2023-02-24 11:00:43,158] {dag.py:2927} INFO - Setting next_dagrun for example_xcom_args to None, run_after=None
[2023-02-24 11:00:43,158] {logging_mixin.py:115} INFO - [2023-02-24 11:00:43,158] {dag.py:2927} INFO - Setting next_dagrun for example_xcom_args_with_operators to None, run_after=None
[2023-02-24 11:00:43,164] {processor.py:161} INFO - Processing /home/alura/Documents/Medalhas/venv/lib/python3.9/site-packages/airflow/example_dags/example_xcomargs.py took 0.036 seconds
[2023-02-24 11:01:18,152] {processor.py:153} INFO - Started process (PID=11127) to work on /home/alura/Documents/Medalhas/venv/lib/python3.9/site-packages/airflow/example_dags/example_xcomargs.py
[2023-02-24 11:01:18,152] {processor.py:641} INFO - Processing file /home/alura/Documents/Medalhas/venv/lib/python3.9/site-packages/airflow/example_dags/example_xcomargs.py for tasks to queue
[2023-02-24 11:01:18,152] {logging_mixin.py:115} INFO - [2023-02-24 11:01:18,152] {dagbag.py:507} INFO - Filling up the DagBag from /home/alura/Documents/Medalhas/venv/lib/python3.9/site-packages/airflow/example_dags/example_xcomargs.py
[2023-02-24 11:01:18,161] {processor.py:651} INFO - DAG(s) dict_keys(['example_xcom_args', 'example_xcom_args_with_operators']) retrieved from /home/alura/Documents/Medalhas/venv/lib/python3.9/site-packages/airflow/example_dags/example_xcomargs.py
[2023-02-24 11:01:18,171] {logging_mixin.py:115} INFO - [2023-02-24 11:01:18,171] {dag.py:2379} INFO - Sync 2 DAGs
[2023-02-24 11:01:18,179] {logging_mixin.py:115} INFO - [2023-02-24 11:01:18,179] {dag.py:2927} INFO - Setting next_dagrun for example_xcom_args to None, run_after=None
[2023-02-24 11:01:18,179] {logging_mixin.py:115} INFO - [2023-02-24 11:01:18,179] {dag.py:2927} INFO - Setting next_dagrun for example_xcom_args_with_operators to None, run_after=None
[2023-02-24 11:01:18,186] {processor.py:161} INFO - Processing /home/alura/Documents/Medalhas/venv/lib/python3.9/site-packages/airflow/example_dags/example_xcomargs.py took 0.036 seconds
[2023-02-24 11:01:50,633] {processor.py:153} INFO - Started process (PID=11300) to work on /home/alura/Documents/Medalhas/venv/lib/python3.9/site-packages/airflow/example_dags/example_xcomargs.py
[2023-02-24 11:01:50,634] {processor.py:641} INFO - Processing file /home/alura/Documents/Medalhas/venv/lib/python3.9/site-packages/airflow/example_dags/example_xcomargs.py for tasks to queue
[2023-02-24 11:01:50,634] {logging_mixin.py:115} INFO - [2023-02-24 11:01:50,634] {dagbag.py:507} INFO - Filling up the DagBag from /home/alura/Documents/Medalhas/venv/lib/python3.9/site-packages/airflow/example_dags/example_xcomargs.py
[2023-02-24 11:01:50,643] {processor.py:651} INFO - DAG(s) dict_keys(['example_xcom_args', 'example_xcom_args_with_operators']) retrieved from /home/alura/Documents/Medalhas/venv/lib/python3.9/site-packages/airflow/example_dags/example_xcomargs.py
[2023-02-24 11:01:50,652] {logging_mixin.py:115} INFO - [2023-02-24 11:01:50,652] {dag.py:2379} INFO - Sync 2 DAGs
[2023-02-24 11:01:50,660] {logging_mixin.py:115} INFO - [2023-02-24 11:01:50,660] {dag.py:2927} INFO - Setting next_dagrun for example_xcom_args to None, run_after=None
[2023-02-24 11:01:50,660] {logging_mixin.py:115} INFO - [2023-02-24 11:01:50,660] {dag.py:2927} INFO - Setting next_dagrun for example_xcom_args_with_operators to None, run_after=None
[2023-02-24 11:01:50,667] {processor.py:161} INFO - Processing /home/alura/Documents/Medalhas/venv/lib/python3.9/site-packages/airflow/example_dags/example_xcomargs.py took 0.035 seconds
[2023-02-24 11:02:23,671] {processor.py:153} INFO - Started process (PID=11470) to work on /home/alura/Documents/Medalhas/venv/lib/python3.9/site-packages/airflow/example_dags/example_xcomargs.py
[2023-02-24 11:02:23,672] {processor.py:641} INFO - Processing file /home/alura/Documents/Medalhas/venv/lib/python3.9/site-packages/airflow/example_dags/example_xcomargs.py for tasks to queue
[2023-02-24 11:02:23,672] {logging_mixin.py:115} INFO - [2023-02-24 11:02:23,672] {dagbag.py:507} INFO - Filling up the DagBag from /home/alura/Documents/Medalhas/venv/lib/python3.9/site-packages/airflow/example_dags/example_xcomargs.py
[2023-02-24 11:02:23,682] {processor.py:651} INFO - DAG(s) dict_keys(['example_xcom_args', 'example_xcom_args_with_operators']) retrieved from /home/alura/Documents/Medalhas/venv/lib/python3.9/site-packages/airflow/example_dags/example_xcomargs.py
[2023-02-24 11:02:23,705] {logging_mixin.py:115} INFO - [2023-02-24 11:02:23,705] {dag.py:2379} INFO - Sync 2 DAGs
[2023-02-24 11:02:23,712] {logging_mixin.py:115} INFO - [2023-02-24 11:02:23,712] {dag.py:2927} INFO - Setting next_dagrun for example_xcom_args to None, run_after=None
[2023-02-24 11:02:23,712] {logging_mixin.py:115} INFO - [2023-02-24 11:02:23,712] {dag.py:2927} INFO - Setting next_dagrun for example_xcom_args_with_operators to None, run_after=None
[2023-02-24 11:02:23,719] {processor.py:161} INFO - Processing /home/alura/Documents/Medalhas/venv/lib/python3.9/site-packages/airflow/example_dags/example_xcomargs.py took 0.050 seconds
[2023-02-24 11:02:55,908] {processor.py:153} INFO - Started process (PID=11640) to work on /home/alura/Documents/Medalhas/venv/lib/python3.9/site-packages/airflow/example_dags/example_xcomargs.py
[2023-02-24 11:02:55,908] {processor.py:641} INFO - Processing file /home/alura/Documents/Medalhas/venv/lib/python3.9/site-packages/airflow/example_dags/example_xcomargs.py for tasks to queue
[2023-02-24 11:02:55,908] {logging_mixin.py:115} INFO - [2023-02-24 11:02:55,908] {dagbag.py:507} INFO - Filling up the DagBag from /home/alura/Documents/Medalhas/venv/lib/python3.9/site-packages/airflow/example_dags/example_xcomargs.py
[2023-02-24 11:02:55,918] {processor.py:651} INFO - DAG(s) dict_keys(['example_xcom_args', 'example_xcom_args_with_operators']) retrieved from /home/alura/Documents/Medalhas/venv/lib/python3.9/site-packages/airflow/example_dags/example_xcomargs.py
[2023-02-24 11:02:55,941] {logging_mixin.py:115} INFO - [2023-02-24 11:02:55,941] {dag.py:2379} INFO - Sync 2 DAGs
[2023-02-24 11:02:55,949] {logging_mixin.py:115} INFO - [2023-02-24 11:02:55,948] {dag.py:2927} INFO - Setting next_dagrun for example_xcom_args to None, run_after=None
[2023-02-24 11:02:55,949] {logging_mixin.py:115} INFO - [2023-02-24 11:02:55,949] {dag.py:2927} INFO - Setting next_dagrun for example_xcom_args_with_operators to None, run_after=None
[2023-02-24 11:02:55,956] {processor.py:161} INFO - Processing /home/alura/Documents/Medalhas/venv/lib/python3.9/site-packages/airflow/example_dags/example_xcomargs.py took 0.050 seconds
[2023-02-24 11:03:28,089] {processor.py:153} INFO - Started process (PID=11807) to work on /home/alura/Documents/Medalhas/venv/lib/python3.9/site-packages/airflow/example_dags/example_xcomargs.py
[2023-02-24 11:03:28,090] {processor.py:641} INFO - Processing file /home/alura/Documents/Medalhas/venv/lib/python3.9/site-packages/airflow/example_dags/example_xcomargs.py for tasks to queue
[2023-02-24 11:03:28,090] {logging_mixin.py:115} INFO - [2023-02-24 11:03:28,090] {dagbag.py:507} INFO - Filling up the DagBag from /home/alura/Documents/Medalhas/venv/lib/python3.9/site-packages/airflow/example_dags/example_xcomargs.py
[2023-02-24 11:03:28,099] {processor.py:651} INFO - DAG(s) dict_keys(['example_xcom_args', 'example_xcom_args_with_operators']) retrieved from /home/alura/Documents/Medalhas/venv/lib/python3.9/site-packages/airflow/example_dags/example_xcomargs.py
[2023-02-24 11:03:28,122] {logging_mixin.py:115} INFO - [2023-02-24 11:03:28,122] {dag.py:2379} INFO - Sync 2 DAGs
[2023-02-24 11:03:28,130] {logging_mixin.py:115} INFO - [2023-02-24 11:03:28,130] {dag.py:2927} INFO - Setting next_dagrun for example_xcom_args to None, run_after=None
[2023-02-24 11:03:28,130] {logging_mixin.py:115} INFO - [2023-02-24 11:03:28,130] {dag.py:2927} INFO - Setting next_dagrun for example_xcom_args_with_operators to None, run_after=None
[2023-02-24 11:03:28,137] {processor.py:161} INFO - Processing /home/alura/Documents/Medalhas/venv/lib/python3.9/site-packages/airflow/example_dags/example_xcomargs.py took 0.050 seconds
[2023-02-24 11:04:02,254] {processor.py:153} INFO - Started process (PID=12061) to work on /home/alura/Documents/Medalhas/venv/lib/python3.9/site-packages/airflow/example_dags/example_xcomargs.py
[2023-02-24 11:04:02,255] {processor.py:641} INFO - Processing file /home/alura/Documents/Medalhas/venv/lib/python3.9/site-packages/airflow/example_dags/example_xcomargs.py for tasks to queue
[2023-02-24 11:04:02,255] {logging_mixin.py:115} INFO - [2023-02-24 11:04:02,255] {dagbag.py:507} INFO - Filling up the DagBag from /home/alura/Documents/Medalhas/venv/lib/python3.9/site-packages/airflow/example_dags/example_xcomargs.py
[2023-02-24 11:04:02,264] {processor.py:651} INFO - DAG(s) dict_keys(['example_xcom_args', 'example_xcom_args_with_operators']) retrieved from /home/alura/Documents/Medalhas/venv/lib/python3.9/site-packages/airflow/example_dags/example_xcomargs.py
[2023-02-24 11:04:02,274] {logging_mixin.py:115} INFO - [2023-02-24 11:04:02,273] {dag.py:2379} INFO - Sync 2 DAGs
[2023-02-24 11:04:02,282] {logging_mixin.py:115} INFO - [2023-02-24 11:04:02,282] {dag.py:2927} INFO - Setting next_dagrun for example_xcom_args to None, run_after=None
[2023-02-24 11:04:02,282] {logging_mixin.py:115} INFO - [2023-02-24 11:04:02,282] {dag.py:2927} INFO - Setting next_dagrun for example_xcom_args_with_operators to None, run_after=None
[2023-02-24 11:04:02,290] {processor.py:161} INFO - Processing /home/alura/Documents/Medalhas/venv/lib/python3.9/site-packages/airflow/example_dags/example_xcomargs.py took 0.038 seconds
[2023-02-24 11:04:35,649] {processor.py:153} INFO - Started process (PID=12265) to work on /home/alura/Documents/Medalhas/venv/lib/python3.9/site-packages/airflow/example_dags/example_xcomargs.py
[2023-02-24 11:04:35,650] {processor.py:641} INFO - Processing file /home/alura/Documents/Medalhas/venv/lib/python3.9/site-packages/airflow/example_dags/example_xcomargs.py for tasks to queue
[2023-02-24 11:04:35,650] {logging_mixin.py:115} INFO - [2023-02-24 11:04:35,650] {dagbag.py:507} INFO - Filling up the DagBag from /home/alura/Documents/Medalhas/venv/lib/python3.9/site-packages/airflow/example_dags/example_xcomargs.py
[2023-02-24 11:04:35,660] {processor.py:651} INFO - DAG(s) dict_keys(['example_xcom_args', 'example_xcom_args_with_operators']) retrieved from /home/alura/Documents/Medalhas/venv/lib/python3.9/site-packages/airflow/example_dags/example_xcomargs.py
[2023-02-24 11:04:35,670] {logging_mixin.py:115} INFO - [2023-02-24 11:04:35,670] {dag.py:2379} INFO - Sync 2 DAGs
[2023-02-24 11:04:35,679] {logging_mixin.py:115} INFO - [2023-02-24 11:04:35,679] {dag.py:2927} INFO - Setting next_dagrun for example_xcom_args to None, run_after=None
[2023-02-24 11:04:35,679] {logging_mixin.py:115} INFO - [2023-02-24 11:04:35,679] {dag.py:2927} INFO - Setting next_dagrun for example_xcom_args_with_operators to None, run_after=None
[2023-02-24 11:04:35,687] {processor.py:161} INFO - Processing /home/alura/Documents/Medalhas/venv/lib/python3.9/site-packages/airflow/example_dags/example_xcomargs.py took 0.040 seconds
[2023-02-24 11:05:10,533] {processor.py:153} INFO - Started process (PID=12471) to work on /home/alura/Documents/Medalhas/venv/lib/python3.9/site-packages/airflow/example_dags/example_xcomargs.py
[2023-02-24 11:05:10,534] {processor.py:641} INFO - Processing file /home/alura/Documents/Medalhas/venv/lib/python3.9/site-packages/airflow/example_dags/example_xcomargs.py for tasks to queue
[2023-02-24 11:05:10,534] {logging_mixin.py:115} INFO - [2023-02-24 11:05:10,534] {dagbag.py:507} INFO - Filling up the DagBag from /home/alura/Documents/Medalhas/venv/lib/python3.9/site-packages/airflow/example_dags/example_xcomargs.py
[2023-02-24 11:05:10,544] {processor.py:651} INFO - DAG(s) dict_keys(['example_xcom_args', 'example_xcom_args_with_operators']) retrieved from /home/alura/Documents/Medalhas/venv/lib/python3.9/site-packages/airflow/example_dags/example_xcomargs.py
[2023-02-24 11:05:10,553] {logging_mixin.py:115} INFO - [2023-02-24 11:05:10,553] {dag.py:2379} INFO - Sync 2 DAGs
[2023-02-24 11:05:10,562] {logging_mixin.py:115} INFO - [2023-02-24 11:05:10,562] {dag.py:2927} INFO - Setting next_dagrun for example_xcom_args to None, run_after=None
[2023-02-24 11:05:10,562] {logging_mixin.py:115} INFO - [2023-02-24 11:05:10,562] {dag.py:2927} INFO - Setting next_dagrun for example_xcom_args_with_operators to None, run_after=None
[2023-02-24 11:05:10,569] {processor.py:161} INFO - Processing /home/alura/Documents/Medalhas/venv/lib/python3.9/site-packages/airflow/example_dags/example_xcomargs.py took 0.037 seconds
