[2023-02-24 10:47:18,437] {processor.py:153} INFO - Started process (PID=5808) to work on /home/alura/Documents/Medalhas/venv/lib/python3.9/site-packages/airflow/example_dags/example_skip_dag.py
[2023-02-24 10:47:18,437] {processor.py:641} INFO - Processing file /home/alura/Documents/Medalhas/venv/lib/python3.9/site-packages/airflow/example_dags/example_skip_dag.py for tasks to queue
[2023-02-24 10:47:18,437] {logging_mixin.py:115} INFO - [2023-02-24 10:47:18,437] {dagbag.py:507} INFO - Filling up the DagBag from /home/alura/Documents/Medalhas/venv/lib/python3.9/site-packages/airflow/example_dags/example_skip_dag.py
[2023-02-24 10:47:18,440] {processor.py:651} INFO - DAG(s) dict_keys(['example_skip_dag']) retrieved from /home/alura/Documents/Medalhas/venv/lib/python3.9/site-packages/airflow/example_dags/example_skip_dag.py
[2023-02-24 10:47:18,480] {logging_mixin.py:115} INFO - [2023-02-24 10:47:18,480] {manager.py:508} INFO - Created Permission View: can delete on DAG:example_skip_dag
[2023-02-24 10:47:18,487] {logging_mixin.py:115} INFO - [2023-02-24 10:47:18,487] {manager.py:508} INFO - Created Permission View: can edit on DAG:example_skip_dag
[2023-02-24 10:47:18,493] {logging_mixin.py:115} INFO - [2023-02-24 10:47:18,493] {manager.py:508} INFO - Created Permission View: can read on DAG:example_skip_dag
[2023-02-24 10:47:18,493] {logging_mixin.py:115} INFO - [2023-02-24 10:47:18,493] {dag.py:2379} INFO - Sync 1 DAGs
[2023-02-24 10:47:18,497] {logging_mixin.py:115} INFO - [2023-02-24 10:47:18,497] {dag.py:2398} INFO - Creating ORM DAG for example_skip_dag
[2023-02-24 10:47:18,502] {logging_mixin.py:115} INFO - [2023-02-24 10:47:18,502] {dag.py:2927} INFO - Setting next_dagrun for example_skip_dag to 2023-02-23T18:47:18.502163+00:00, run_after=2023-02-24T18:47:18.502163+00:00
[2023-02-24 10:47:18,511] {processor.py:161} INFO - Processing /home/alura/Documents/Medalhas/venv/lib/python3.9/site-packages/airflow/example_dags/example_skip_dag.py took 0.076 seconds
[2023-02-24 10:47:53,168] {processor.py:153} INFO - Started process (PID=6245) to work on /home/alura/Documents/Medalhas/venv/lib/python3.9/site-packages/airflow/example_dags/example_skip_dag.py
[2023-02-24 10:47:53,168] {processor.py:641} INFO - Processing file /home/alura/Documents/Medalhas/venv/lib/python3.9/site-packages/airflow/example_dags/example_skip_dag.py for tasks to queue
[2023-02-24 10:47:53,168] {logging_mixin.py:115} INFO - [2023-02-24 10:47:53,168] {dagbag.py:507} INFO - Filling up the DagBag from /home/alura/Documents/Medalhas/venv/lib/python3.9/site-packages/airflow/example_dags/example_skip_dag.py
[2023-02-24 10:47:53,171] {processor.py:651} INFO - DAG(s) dict_keys(['example_skip_dag']) retrieved from /home/alura/Documents/Medalhas/venv/lib/python3.9/site-packages/airflow/example_dags/example_skip_dag.py
[2023-02-24 10:47:53,181] {logging_mixin.py:115} INFO - [2023-02-24 10:47:53,181] {dag.py:2379} INFO - Sync 1 DAGs
[2023-02-24 10:47:53,190] {logging_mixin.py:115} INFO - [2023-02-24 10:47:53,190] {dag.py:2927} INFO - Setting next_dagrun for example_skip_dag to 2023-02-23T18:47:53.190300+00:00, run_after=2023-02-24T18:47:53.190300+00:00
[2023-02-24 10:47:53,197] {processor.py:161} INFO - Processing /home/alura/Documents/Medalhas/venv/lib/python3.9/site-packages/airflow/example_dags/example_skip_dag.py took 0.031 seconds
[2023-02-24 10:48:26,790] {processor.py:153} INFO - Started process (PID=6568) to work on /home/alura/Documents/Medalhas/venv/lib/python3.9/site-packages/airflow/example_dags/example_skip_dag.py
[2023-02-24 10:48:26,790] {processor.py:641} INFO - Processing file /home/alura/Documents/Medalhas/venv/lib/python3.9/site-packages/airflow/example_dags/example_skip_dag.py for tasks to queue
[2023-02-24 10:48:26,791] {logging_mixin.py:115} INFO - [2023-02-24 10:48:26,791] {dagbag.py:507} INFO - Filling up the DagBag from /home/alura/Documents/Medalhas/venv/lib/python3.9/site-packages/airflow/example_dags/example_skip_dag.py
[2023-02-24 10:48:26,793] {processor.py:651} INFO - DAG(s) dict_keys(['example_skip_dag']) retrieved from /home/alura/Documents/Medalhas/venv/lib/python3.9/site-packages/airflow/example_dags/example_skip_dag.py
[2023-02-24 10:48:26,802] {logging_mixin.py:115} INFO - [2023-02-24 10:48:26,802] {dag.py:2379} INFO - Sync 1 DAGs
[2023-02-24 10:48:26,811] {logging_mixin.py:115} INFO - [2023-02-24 10:48:26,811] {dag.py:2927} INFO - Setting next_dagrun for example_skip_dag to 2023-02-23T18:48:26.811485+00:00, run_after=2023-02-24T18:48:26.811485+00:00
[2023-02-24 10:48:26,818] {processor.py:161} INFO - Processing /home/alura/Documents/Medalhas/venv/lib/python3.9/site-packages/airflow/example_dags/example_skip_dag.py took 0.030 seconds
[2023-02-24 10:48:59,820] {processor.py:153} INFO - Started process (PID=6931) to work on /home/alura/Documents/Medalhas/venv/lib/python3.9/site-packages/airflow/example_dags/example_skip_dag.py
[2023-02-24 10:48:59,821] {processor.py:641} INFO - Processing file /home/alura/Documents/Medalhas/venv/lib/python3.9/site-packages/airflow/example_dags/example_skip_dag.py for tasks to queue
[2023-02-24 10:48:59,821] {logging_mixin.py:115} INFO - [2023-02-24 10:48:59,821] {dagbag.py:507} INFO - Filling up the DagBag from /home/alura/Documents/Medalhas/venv/lib/python3.9/site-packages/airflow/example_dags/example_skip_dag.py
[2023-02-24 10:48:59,823] {processor.py:651} INFO - DAG(s) dict_keys(['example_skip_dag']) retrieved from /home/alura/Documents/Medalhas/venv/lib/python3.9/site-packages/airflow/example_dags/example_skip_dag.py
[2023-02-24 10:48:59,832] {logging_mixin.py:115} INFO - [2023-02-24 10:48:59,831] {dag.py:2379} INFO - Sync 1 DAGs
[2023-02-24 10:48:59,841] {logging_mixin.py:115} INFO - [2023-02-24 10:48:59,841] {dag.py:2927} INFO - Setting next_dagrun for example_skip_dag to 2023-02-23T18:48:59.841182+00:00, run_after=2023-02-24T18:48:59.841182+00:00
[2023-02-24 10:48:59,848] {processor.py:161} INFO - Processing /home/alura/Documents/Medalhas/venv/lib/python3.9/site-packages/airflow/example_dags/example_skip_dag.py took 0.029 seconds
[2023-02-24 10:49:33,482] {processor.py:153} INFO - Started process (PID=7382) to work on /home/alura/Documents/Medalhas/venv/lib/python3.9/site-packages/airflow/example_dags/example_skip_dag.py
[2023-02-24 10:49:33,483] {processor.py:641} INFO - Processing file /home/alura/Documents/Medalhas/venv/lib/python3.9/site-packages/airflow/example_dags/example_skip_dag.py for tasks to queue
[2023-02-24 10:49:33,483] {logging_mixin.py:115} INFO - [2023-02-24 10:49:33,483] {dagbag.py:507} INFO - Filling up the DagBag from /home/alura/Documents/Medalhas/venv/lib/python3.9/site-packages/airflow/example_dags/example_skip_dag.py
[2023-02-24 10:49:33,486] {processor.py:651} INFO - DAG(s) dict_keys(['example_skip_dag']) retrieved from /home/alura/Documents/Medalhas/venv/lib/python3.9/site-packages/airflow/example_dags/example_skip_dag.py
[2023-02-24 10:49:33,495] {logging_mixin.py:115} INFO - [2023-02-24 10:49:33,495] {dag.py:2379} INFO - Sync 1 DAGs
[2023-02-24 10:49:33,505] {logging_mixin.py:115} INFO - [2023-02-24 10:49:33,505] {dag.py:2927} INFO - Setting next_dagrun for example_skip_dag to 2023-02-23T18:49:33.504918+00:00, run_after=2023-02-24T18:49:33.504918+00:00
[2023-02-24 10:49:33,511] {processor.py:161} INFO - Processing /home/alura/Documents/Medalhas/venv/lib/python3.9/site-packages/airflow/example_dags/example_skip_dag.py took 0.030 seconds
[2023-02-24 10:50:08,183] {processor.py:153} INFO - Started process (PID=7563) to work on /home/alura/Documents/Medalhas/venv/lib/python3.9/site-packages/airflow/example_dags/example_skip_dag.py
[2023-02-24 10:50:08,184] {processor.py:641} INFO - Processing file /home/alura/Documents/Medalhas/venv/lib/python3.9/site-packages/airflow/example_dags/example_skip_dag.py for tasks to queue
[2023-02-24 10:50:08,184] {logging_mixin.py:115} INFO - [2023-02-24 10:50:08,184] {dagbag.py:507} INFO - Filling up the DagBag from /home/alura/Documents/Medalhas/venv/lib/python3.9/site-packages/airflow/example_dags/example_skip_dag.py
[2023-02-24 10:50:08,187] {processor.py:651} INFO - DAG(s) dict_keys(['example_skip_dag']) retrieved from /home/alura/Documents/Medalhas/venv/lib/python3.9/site-packages/airflow/example_dags/example_skip_dag.py
[2023-02-24 10:50:08,197] {logging_mixin.py:115} INFO - [2023-02-24 10:50:08,197] {dag.py:2379} INFO - Sync 1 DAGs
[2023-02-24 10:50:08,206] {logging_mixin.py:115} INFO - [2023-02-24 10:50:08,206] {dag.py:2927} INFO - Setting next_dagrun for example_skip_dag to 2023-02-23T18:50:08.206324+00:00, run_after=2023-02-24T18:50:08.206324+00:00
[2023-02-24 10:50:08,214] {processor.py:161} INFO - Processing /home/alura/Documents/Medalhas/venv/lib/python3.9/site-packages/airflow/example_dags/example_skip_dag.py took 0.033 seconds
[2023-02-24 10:50:40,095] {processor.py:153} INFO - Started process (PID=7736) to work on /home/alura/Documents/Medalhas/venv/lib/python3.9/site-packages/airflow/example_dags/example_skip_dag.py
[2023-02-24 10:50:40,096] {processor.py:641} INFO - Processing file /home/alura/Documents/Medalhas/venv/lib/python3.9/site-packages/airflow/example_dags/example_skip_dag.py for tasks to queue
[2023-02-24 10:50:40,096] {logging_mixin.py:115} INFO - [2023-02-24 10:50:40,096] {dagbag.py:507} INFO - Filling up the DagBag from /home/alura/Documents/Medalhas/venv/lib/python3.9/site-packages/airflow/example_dags/example_skip_dag.py
[2023-02-24 10:50:40,099] {processor.py:651} INFO - DAG(s) dict_keys(['example_skip_dag']) retrieved from /home/alura/Documents/Medalhas/venv/lib/python3.9/site-packages/airflow/example_dags/example_skip_dag.py
[2023-02-24 10:50:40,108] {logging_mixin.py:115} INFO - [2023-02-24 10:50:40,108] {dag.py:2379} INFO - Sync 1 DAGs
[2023-02-24 10:50:40,116] {logging_mixin.py:115} INFO - [2023-02-24 10:50:40,116] {dag.py:2927} INFO - Setting next_dagrun for example_skip_dag to 2023-02-23T18:50:40.116677+00:00, run_after=2023-02-24T18:50:40.116677+00:00
[2023-02-24 10:50:40,123] {processor.py:161} INFO - Processing /home/alura/Documents/Medalhas/venv/lib/python3.9/site-packages/airflow/example_dags/example_skip_dag.py took 0.030 seconds
[2023-02-24 10:51:16,013] {processor.py:153} INFO - Started process (PID=7922) to work on /home/alura/Documents/Medalhas/venv/lib/python3.9/site-packages/airflow/example_dags/example_skip_dag.py
[2023-02-24 10:51:16,014] {processor.py:641} INFO - Processing file /home/alura/Documents/Medalhas/venv/lib/python3.9/site-packages/airflow/example_dags/example_skip_dag.py for tasks to queue
[2023-02-24 10:51:16,014] {logging_mixin.py:115} INFO - [2023-02-24 10:51:16,014] {dagbag.py:507} INFO - Filling up the DagBag from /home/alura/Documents/Medalhas/venv/lib/python3.9/site-packages/airflow/example_dags/example_skip_dag.py
[2023-02-24 10:51:16,016] {processor.py:651} INFO - DAG(s) dict_keys(['example_skip_dag']) retrieved from /home/alura/Documents/Medalhas/venv/lib/python3.9/site-packages/airflow/example_dags/example_skip_dag.py
[2023-02-24 10:51:16,025] {logging_mixin.py:115} INFO - [2023-02-24 10:51:16,025] {dag.py:2379} INFO - Sync 1 DAGs
[2023-02-24 10:51:16,035] {logging_mixin.py:115} INFO - [2023-02-24 10:51:16,035] {dag.py:2927} INFO - Setting next_dagrun for example_skip_dag to 2023-02-23T18:51:16.034843+00:00, run_after=2023-02-24T18:51:16.034843+00:00
[2023-02-24 10:51:16,042] {processor.py:161} INFO - Processing /home/alura/Documents/Medalhas/venv/lib/python3.9/site-packages/airflow/example_dags/example_skip_dag.py took 0.030 seconds
[2023-02-24 10:51:47,016] {processor.py:153} INFO - Started process (PID=8091) to work on /home/alura/Documents/Medalhas/venv/lib/python3.9/site-packages/airflow/example_dags/example_skip_dag.py
[2023-02-24 10:51:47,016] {processor.py:641} INFO - Processing file /home/alura/Documents/Medalhas/venv/lib/python3.9/site-packages/airflow/example_dags/example_skip_dag.py for tasks to queue
[2023-02-24 10:51:47,016] {logging_mixin.py:115} INFO - [2023-02-24 10:51:47,016] {dagbag.py:507} INFO - Filling up the DagBag from /home/alura/Documents/Medalhas/venv/lib/python3.9/site-packages/airflow/example_dags/example_skip_dag.py
[2023-02-24 10:51:47,019] {processor.py:651} INFO - DAG(s) dict_keys(['example_skip_dag']) retrieved from /home/alura/Documents/Medalhas/venv/lib/python3.9/site-packages/airflow/example_dags/example_skip_dag.py
[2023-02-24 10:51:47,029] {logging_mixin.py:115} INFO - [2023-02-24 10:51:47,029] {dag.py:2379} INFO - Sync 1 DAGs
[2023-02-24 10:51:47,039] {logging_mixin.py:115} INFO - [2023-02-24 10:51:47,039] {dag.py:2927} INFO - Setting next_dagrun for example_skip_dag to 2023-02-23T18:51:47.039374+00:00, run_after=2023-02-24T18:51:47.039374+00:00
[2023-02-24 10:51:47,046] {processor.py:161} INFO - Processing /home/alura/Documents/Medalhas/venv/lib/python3.9/site-packages/airflow/example_dags/example_skip_dag.py took 0.032 seconds
[2023-02-24 10:52:20,645] {processor.py:153} INFO - Started process (PID=8256) to work on /home/alura/Documents/Medalhas/venv/lib/python3.9/site-packages/airflow/example_dags/example_skip_dag.py
[2023-02-24 10:52:20,645] {processor.py:641} INFO - Processing file /home/alura/Documents/Medalhas/venv/lib/python3.9/site-packages/airflow/example_dags/example_skip_dag.py for tasks to queue
[2023-02-24 10:52:20,645] {logging_mixin.py:115} INFO - [2023-02-24 10:52:20,645] {dagbag.py:507} INFO - Filling up the DagBag from /home/alura/Documents/Medalhas/venv/lib/python3.9/site-packages/airflow/example_dags/example_skip_dag.py
[2023-02-24 10:52:20,648] {processor.py:651} INFO - DAG(s) dict_keys(['example_skip_dag']) retrieved from /home/alura/Documents/Medalhas/venv/lib/python3.9/site-packages/airflow/example_dags/example_skip_dag.py
[2023-02-24 10:52:20,658] {logging_mixin.py:115} INFO - [2023-02-24 10:52:20,658] {dag.py:2379} INFO - Sync 1 DAGs
[2023-02-24 10:52:20,669] {logging_mixin.py:115} INFO - [2023-02-24 10:52:20,669] {dag.py:2927} INFO - Setting next_dagrun for example_skip_dag to 2023-02-23T18:52:20.669084+00:00, run_after=2023-02-24T18:52:20.669084+00:00
[2023-02-24 10:52:20,677] {processor.py:161} INFO - Processing /home/alura/Documents/Medalhas/venv/lib/python3.9/site-packages/airflow/example_dags/example_skip_dag.py took 0.033 seconds
[2023-02-24 10:52:54,547] {processor.py:153} INFO - Started process (PID=8429) to work on /home/alura/Documents/Medalhas/venv/lib/python3.9/site-packages/airflow/example_dags/example_skip_dag.py
[2023-02-24 10:52:54,547] {processor.py:641} INFO - Processing file /home/alura/Documents/Medalhas/venv/lib/python3.9/site-packages/airflow/example_dags/example_skip_dag.py for tasks to queue
[2023-02-24 10:52:54,548] {logging_mixin.py:115} INFO - [2023-02-24 10:52:54,548] {dagbag.py:507} INFO - Filling up the DagBag from /home/alura/Documents/Medalhas/venv/lib/python3.9/site-packages/airflow/example_dags/example_skip_dag.py
[2023-02-24 10:52:54,550] {processor.py:651} INFO - DAG(s) dict_keys(['example_skip_dag']) retrieved from /home/alura/Documents/Medalhas/venv/lib/python3.9/site-packages/airflow/example_dags/example_skip_dag.py
[2023-02-24 10:52:54,559] {logging_mixin.py:115} INFO - [2023-02-24 10:52:54,559] {dag.py:2379} INFO - Sync 1 DAGs
[2023-02-24 10:52:54,568] {logging_mixin.py:115} INFO - [2023-02-24 10:52:54,568] {dag.py:2927} INFO - Setting next_dagrun for example_skip_dag to 2023-02-23T18:52:54.568049+00:00, run_after=2023-02-24T18:52:54.568049+00:00
[2023-02-24 10:52:54,574] {processor.py:161} INFO - Processing /home/alura/Documents/Medalhas/venv/lib/python3.9/site-packages/airflow/example_dags/example_skip_dag.py took 0.029 seconds
[2023-02-24 10:53:25,327] {processor.py:153} INFO - Started process (PID=8581) to work on /home/alura/Documents/Medalhas/venv/lib/python3.9/site-packages/airflow/example_dags/example_skip_dag.py
[2023-02-24 10:53:25,328] {processor.py:641} INFO - Processing file /home/alura/Documents/Medalhas/venv/lib/python3.9/site-packages/airflow/example_dags/example_skip_dag.py for tasks to queue
[2023-02-24 10:53:25,328] {logging_mixin.py:115} INFO - [2023-02-24 10:53:25,328] {dagbag.py:507} INFO - Filling up the DagBag from /home/alura/Documents/Medalhas/venv/lib/python3.9/site-packages/airflow/example_dags/example_skip_dag.py
[2023-02-24 10:53:25,331] {processor.py:651} INFO - DAG(s) dict_keys(['example_skip_dag']) retrieved from /home/alura/Documents/Medalhas/venv/lib/python3.9/site-packages/airflow/example_dags/example_skip_dag.py
[2023-02-24 10:53:25,340] {logging_mixin.py:115} INFO - [2023-02-24 10:53:25,339] {dag.py:2379} INFO - Sync 1 DAGs
[2023-02-24 10:53:25,349] {logging_mixin.py:115} INFO - [2023-02-24 10:53:25,349] {dag.py:2927} INFO - Setting next_dagrun for example_skip_dag to 2023-02-23T18:53:25.349283+00:00, run_after=2023-02-24T18:53:25.349283+00:00
[2023-02-24 10:53:25,356] {processor.py:161} INFO - Processing /home/alura/Documents/Medalhas/venv/lib/python3.9/site-packages/airflow/example_dags/example_skip_dag.py took 0.031 seconds
[2023-02-24 10:53:58,355] {processor.py:153} INFO - Started process (PID=8748) to work on /home/alura/Documents/Medalhas/venv/lib/python3.9/site-packages/airflow/example_dags/example_skip_dag.py
[2023-02-24 10:53:58,356] {processor.py:641} INFO - Processing file /home/alura/Documents/Medalhas/venv/lib/python3.9/site-packages/airflow/example_dags/example_skip_dag.py for tasks to queue
[2023-02-24 10:53:58,356] {logging_mixin.py:115} INFO - [2023-02-24 10:53:58,356] {dagbag.py:507} INFO - Filling up the DagBag from /home/alura/Documents/Medalhas/venv/lib/python3.9/site-packages/airflow/example_dags/example_skip_dag.py
[2023-02-24 10:53:58,359] {processor.py:651} INFO - DAG(s) dict_keys(['example_skip_dag']) retrieved from /home/alura/Documents/Medalhas/venv/lib/python3.9/site-packages/airflow/example_dags/example_skip_dag.py
[2023-02-24 10:53:58,367] {logging_mixin.py:115} INFO - [2023-02-24 10:53:58,367] {dag.py:2379} INFO - Sync 1 DAGs
[2023-02-24 10:53:58,376] {logging_mixin.py:115} INFO - [2023-02-24 10:53:58,376] {dag.py:2927} INFO - Setting next_dagrun for example_skip_dag to 2023-02-23T18:53:58.376230+00:00, run_after=2023-02-24T18:53:58.376230+00:00
[2023-02-24 10:53:58,383] {processor.py:161} INFO - Processing /home/alura/Documents/Medalhas/venv/lib/python3.9/site-packages/airflow/example_dags/example_skip_dag.py took 0.029 seconds
[2023-02-24 10:54:30,895] {processor.py:153} INFO - Started process (PID=8999) to work on /home/alura/Documents/Medalhas/venv/lib/python3.9/site-packages/airflow/example_dags/example_skip_dag.py
[2023-02-24 10:54:30,896] {processor.py:641} INFO - Processing file /home/alura/Documents/Medalhas/venv/lib/python3.9/site-packages/airflow/example_dags/example_skip_dag.py for tasks to queue
[2023-02-24 10:54:30,896] {logging_mixin.py:115} INFO - [2023-02-24 10:54:30,896] {dagbag.py:507} INFO - Filling up the DagBag from /home/alura/Documents/Medalhas/venv/lib/python3.9/site-packages/airflow/example_dags/example_skip_dag.py
[2023-02-24 10:54:30,899] {processor.py:651} INFO - DAG(s) dict_keys(['example_skip_dag']) retrieved from /home/alura/Documents/Medalhas/venv/lib/python3.9/site-packages/airflow/example_dags/example_skip_dag.py
[2023-02-24 10:54:30,908] {logging_mixin.py:115} INFO - [2023-02-24 10:54:30,908] {dag.py:2379} INFO - Sync 1 DAGs
[2023-02-24 10:54:30,916] {logging_mixin.py:115} INFO - [2023-02-24 10:54:30,916] {dag.py:2927} INFO - Setting next_dagrun for example_skip_dag to 2023-02-23T18:54:30.916734+00:00, run_after=2023-02-24T18:54:30.916734+00:00
[2023-02-24 10:54:30,923] {processor.py:161} INFO - Processing /home/alura/Documents/Medalhas/venv/lib/python3.9/site-packages/airflow/example_dags/example_skip_dag.py took 0.029 seconds
[2023-02-24 10:55:05,013] {processor.py:153} INFO - Started process (PID=9175) to work on /home/alura/Documents/Medalhas/venv/lib/python3.9/site-packages/airflow/example_dags/example_skip_dag.py
[2023-02-24 10:55:05,014] {processor.py:641} INFO - Processing file /home/alura/Documents/Medalhas/venv/lib/python3.9/site-packages/airflow/example_dags/example_skip_dag.py for tasks to queue
[2023-02-24 10:55:05,014] {logging_mixin.py:115} INFO - [2023-02-24 10:55:05,014] {dagbag.py:507} INFO - Filling up the DagBag from /home/alura/Documents/Medalhas/venv/lib/python3.9/site-packages/airflow/example_dags/example_skip_dag.py
[2023-02-24 10:55:05,017] {processor.py:651} INFO - DAG(s) dict_keys(['example_skip_dag']) retrieved from /home/alura/Documents/Medalhas/venv/lib/python3.9/site-packages/airflow/example_dags/example_skip_dag.py
[2023-02-24 10:55:05,025] {logging_mixin.py:115} INFO - [2023-02-24 10:55:05,025] {dag.py:2379} INFO - Sync 1 DAGs
[2023-02-24 10:55:05,034] {logging_mixin.py:115} INFO - [2023-02-24 10:55:05,034] {dag.py:2927} INFO - Setting next_dagrun for example_skip_dag to 2023-02-23T18:55:05.034091+00:00, run_after=2023-02-24T18:55:05.034091+00:00
[2023-02-24 10:55:05,040] {processor.py:161} INFO - Processing /home/alura/Documents/Medalhas/venv/lib/python3.9/site-packages/airflow/example_dags/example_skip_dag.py took 0.029 seconds
[2023-02-24 10:55:37,556] {processor.py:153} INFO - Started process (PID=9345) to work on /home/alura/Documents/Medalhas/venv/lib/python3.9/site-packages/airflow/example_dags/example_skip_dag.py
[2023-02-24 10:55:37,557] {processor.py:641} INFO - Processing file /home/alura/Documents/Medalhas/venv/lib/python3.9/site-packages/airflow/example_dags/example_skip_dag.py for tasks to queue
[2023-02-24 10:55:37,557] {logging_mixin.py:115} INFO - [2023-02-24 10:55:37,557] {dagbag.py:507} INFO - Filling up the DagBag from /home/alura/Documents/Medalhas/venv/lib/python3.9/site-packages/airflow/example_dags/example_skip_dag.py
[2023-02-24 10:55:37,560] {processor.py:651} INFO - DAG(s) dict_keys(['example_skip_dag']) retrieved from /home/alura/Documents/Medalhas/venv/lib/python3.9/site-packages/airflow/example_dags/example_skip_dag.py
[2023-02-24 10:55:37,568] {logging_mixin.py:115} INFO - [2023-02-24 10:55:37,568] {dag.py:2379} INFO - Sync 1 DAGs
[2023-02-24 10:55:37,577] {logging_mixin.py:115} INFO - [2023-02-24 10:55:37,577] {dag.py:2927} INFO - Setting next_dagrun for example_skip_dag to 2023-02-23T18:55:37.577245+00:00, run_after=2023-02-24T18:55:37.577245+00:00
[2023-02-24 10:55:37,584] {processor.py:161} INFO - Processing /home/alura/Documents/Medalhas/venv/lib/python3.9/site-packages/airflow/example_dags/example_skip_dag.py took 0.029 seconds
[2023-02-24 10:56:12,307] {processor.py:153} INFO - Started process (PID=9523) to work on /home/alura/Documents/Medalhas/venv/lib/python3.9/site-packages/airflow/example_dags/example_skip_dag.py
[2023-02-24 10:56:12,308] {processor.py:641} INFO - Processing file /home/alura/Documents/Medalhas/venv/lib/python3.9/site-packages/airflow/example_dags/example_skip_dag.py for tasks to queue
[2023-02-24 10:56:12,308] {logging_mixin.py:115} INFO - [2023-02-24 10:56:12,308] {dagbag.py:507} INFO - Filling up the DagBag from /home/alura/Documents/Medalhas/venv/lib/python3.9/site-packages/airflow/example_dags/example_skip_dag.py
[2023-02-24 10:56:12,311] {processor.py:651} INFO - DAG(s) dict_keys(['example_skip_dag']) retrieved from /home/alura/Documents/Medalhas/venv/lib/python3.9/site-packages/airflow/example_dags/example_skip_dag.py
[2023-02-24 10:56:12,321] {logging_mixin.py:115} INFO - [2023-02-24 10:56:12,320] {dag.py:2379} INFO - Sync 1 DAGs
[2023-02-24 10:56:12,330] {logging_mixin.py:115} INFO - [2023-02-24 10:56:12,330] {dag.py:2927} INFO - Setting next_dagrun for example_skip_dag to 2023-02-23T18:56:12.330307+00:00, run_after=2023-02-24T18:56:12.330307+00:00
[2023-02-24 10:56:12,337] {processor.py:161} INFO - Processing /home/alura/Documents/Medalhas/venv/lib/python3.9/site-packages/airflow/example_dags/example_skip_dag.py took 0.031 seconds
[2023-02-24 10:56:45,354] {processor.py:153} INFO - Started process (PID=9695) to work on /home/alura/Documents/Medalhas/venv/lib/python3.9/site-packages/airflow/example_dags/example_skip_dag.py
[2023-02-24 10:56:45,355] {processor.py:641} INFO - Processing file /home/alura/Documents/Medalhas/venv/lib/python3.9/site-packages/airflow/example_dags/example_skip_dag.py for tasks to queue
[2023-02-24 10:56:45,355] {logging_mixin.py:115} INFO - [2023-02-24 10:56:45,355] {dagbag.py:507} INFO - Filling up the DagBag from /home/alura/Documents/Medalhas/venv/lib/python3.9/site-packages/airflow/example_dags/example_skip_dag.py
[2023-02-24 10:56:45,357] {processor.py:651} INFO - DAG(s) dict_keys(['example_skip_dag']) retrieved from /home/alura/Documents/Medalhas/venv/lib/python3.9/site-packages/airflow/example_dags/example_skip_dag.py
[2023-02-24 10:56:45,366] {logging_mixin.py:115} INFO - [2023-02-24 10:56:45,366] {dag.py:2379} INFO - Sync 1 DAGs
[2023-02-24 10:56:45,375] {logging_mixin.py:115} INFO - [2023-02-24 10:56:45,375] {dag.py:2927} INFO - Setting next_dagrun for example_skip_dag to 2023-02-23T18:56:45.375090+00:00, run_after=2023-02-24T18:56:45.375090+00:00
[2023-02-24 10:56:45,381] {processor.py:161} INFO - Processing /home/alura/Documents/Medalhas/venv/lib/python3.9/site-packages/airflow/example_dags/example_skip_dag.py took 0.029 seconds
[2023-02-24 10:57:19,013] {processor.py:153} INFO - Started process (PID=9865) to work on /home/alura/Documents/Medalhas/venv/lib/python3.9/site-packages/airflow/example_dags/example_skip_dag.py
[2023-02-24 10:57:19,013] {processor.py:641} INFO - Processing file /home/alura/Documents/Medalhas/venv/lib/python3.9/site-packages/airflow/example_dags/example_skip_dag.py for tasks to queue
[2023-02-24 10:57:19,014] {logging_mixin.py:115} INFO - [2023-02-24 10:57:19,014] {dagbag.py:507} INFO - Filling up the DagBag from /home/alura/Documents/Medalhas/venv/lib/python3.9/site-packages/airflow/example_dags/example_skip_dag.py
[2023-02-24 10:57:19,016] {processor.py:651} INFO - DAG(s) dict_keys(['example_skip_dag']) retrieved from /home/alura/Documents/Medalhas/venv/lib/python3.9/site-packages/airflow/example_dags/example_skip_dag.py
[2023-02-24 10:57:19,025] {logging_mixin.py:115} INFO - [2023-02-24 10:57:19,025] {dag.py:2379} INFO - Sync 1 DAGs
[2023-02-24 10:57:19,034] {logging_mixin.py:115} INFO - [2023-02-24 10:57:19,034] {dag.py:2927} INFO - Setting next_dagrun for example_skip_dag to 2023-02-23T18:57:19.034438+00:00, run_after=2023-02-24T18:57:19.034438+00:00
[2023-02-24 10:57:19,041] {processor.py:161} INFO - Processing /home/alura/Documents/Medalhas/venv/lib/python3.9/site-packages/airflow/example_dags/example_skip_dag.py took 0.029 seconds
[2023-02-24 10:57:52,222] {processor.py:153} INFO - Started process (PID=10044) to work on /home/alura/Documents/Medalhas/venv/lib/python3.9/site-packages/airflow/example_dags/example_skip_dag.py
[2023-02-24 10:57:52,223] {processor.py:641} INFO - Processing file /home/alura/Documents/Medalhas/venv/lib/python3.9/site-packages/airflow/example_dags/example_skip_dag.py for tasks to queue
[2023-02-24 10:57:52,223] {logging_mixin.py:115} INFO - [2023-02-24 10:57:52,223] {dagbag.py:507} INFO - Filling up the DagBag from /home/alura/Documents/Medalhas/venv/lib/python3.9/site-packages/airflow/example_dags/example_skip_dag.py
[2023-02-24 10:57:52,226] {processor.py:651} INFO - DAG(s) dict_keys(['example_skip_dag']) retrieved from /home/alura/Documents/Medalhas/venv/lib/python3.9/site-packages/airflow/example_dags/example_skip_dag.py
[2023-02-24 10:57:52,235] {logging_mixin.py:115} INFO - [2023-02-24 10:57:52,235] {dag.py:2379} INFO - Sync 1 DAGs
[2023-02-24 10:57:52,244] {logging_mixin.py:115} INFO - [2023-02-24 10:57:52,244] {dag.py:2927} INFO - Setting next_dagrun for example_skip_dag to 2023-02-23T18:57:52.243961+00:00, run_after=2023-02-24T18:57:52.243961+00:00
[2023-02-24 10:57:52,250] {processor.py:161} INFO - Processing /home/alura/Documents/Medalhas/venv/lib/python3.9/site-packages/airflow/example_dags/example_skip_dag.py took 0.030 seconds
[2023-02-24 10:58:25,714] {processor.py:153} INFO - Started process (PID=10217) to work on /home/alura/Documents/Medalhas/venv/lib/python3.9/site-packages/airflow/example_dags/example_skip_dag.py
[2023-02-24 10:58:25,714] {processor.py:641} INFO - Processing file /home/alura/Documents/Medalhas/venv/lib/python3.9/site-packages/airflow/example_dags/example_skip_dag.py for tasks to queue
[2023-02-24 10:58:25,715] {logging_mixin.py:115} INFO - [2023-02-24 10:58:25,715] {dagbag.py:507} INFO - Filling up the DagBag from /home/alura/Documents/Medalhas/venv/lib/python3.9/site-packages/airflow/example_dags/example_skip_dag.py
[2023-02-24 10:58:25,717] {processor.py:651} INFO - DAG(s) dict_keys(['example_skip_dag']) retrieved from /home/alura/Documents/Medalhas/venv/lib/python3.9/site-packages/airflow/example_dags/example_skip_dag.py
[2023-02-24 10:58:25,726] {logging_mixin.py:115} INFO - [2023-02-24 10:58:25,726] {dag.py:2379} INFO - Sync 1 DAGs
[2023-02-24 10:58:25,734] {logging_mixin.py:115} INFO - [2023-02-24 10:58:25,734] {dag.py:2927} INFO - Setting next_dagrun for example_skip_dag to 2023-02-23T18:58:25.734467+00:00, run_after=2023-02-24T18:58:25.734467+00:00
[2023-02-24 10:58:25,741] {processor.py:161} INFO - Processing /home/alura/Documents/Medalhas/venv/lib/python3.9/site-packages/airflow/example_dags/example_skip_dag.py took 0.029 seconds
[2023-02-24 10:58:58,709] {processor.py:153} INFO - Started process (PID=10385) to work on /home/alura/Documents/Medalhas/venv/lib/python3.9/site-packages/airflow/example_dags/example_skip_dag.py
[2023-02-24 10:58:58,710] {processor.py:641} INFO - Processing file /home/alura/Documents/Medalhas/venv/lib/python3.9/site-packages/airflow/example_dags/example_skip_dag.py for tasks to queue
[2023-02-24 10:58:58,710] {logging_mixin.py:115} INFO - [2023-02-24 10:58:58,710] {dagbag.py:507} INFO - Filling up the DagBag from /home/alura/Documents/Medalhas/venv/lib/python3.9/site-packages/airflow/example_dags/example_skip_dag.py
[2023-02-24 10:58:58,712] {processor.py:651} INFO - DAG(s) dict_keys(['example_skip_dag']) retrieved from /home/alura/Documents/Medalhas/venv/lib/python3.9/site-packages/airflow/example_dags/example_skip_dag.py
[2023-02-24 10:58:58,721] {logging_mixin.py:115} INFO - [2023-02-24 10:58:58,721] {dag.py:2379} INFO - Sync 1 DAGs
[2023-02-24 10:58:58,729] {logging_mixin.py:115} INFO - [2023-02-24 10:58:58,729] {dag.py:2927} INFO - Setting next_dagrun for example_skip_dag to 2023-02-23T18:58:58.729519+00:00, run_after=2023-02-24T18:58:58.729519+00:00
[2023-02-24 10:58:58,736] {processor.py:161} INFO - Processing /home/alura/Documents/Medalhas/venv/lib/python3.9/site-packages/airflow/example_dags/example_skip_dag.py took 0.029 seconds
[2023-02-24 10:59:31,745] {processor.py:153} INFO - Started process (PID=10555) to work on /home/alura/Documents/Medalhas/venv/lib/python3.9/site-packages/airflow/example_dags/example_skip_dag.py
[2023-02-24 10:59:31,746] {processor.py:641} INFO - Processing file /home/alura/Documents/Medalhas/venv/lib/python3.9/site-packages/airflow/example_dags/example_skip_dag.py for tasks to queue
[2023-02-24 10:59:31,746] {logging_mixin.py:115} INFO - [2023-02-24 10:59:31,746] {dagbag.py:507} INFO - Filling up the DagBag from /home/alura/Documents/Medalhas/venv/lib/python3.9/site-packages/airflow/example_dags/example_skip_dag.py
[2023-02-24 10:59:31,748] {processor.py:651} INFO - DAG(s) dict_keys(['example_skip_dag']) retrieved from /home/alura/Documents/Medalhas/venv/lib/python3.9/site-packages/airflow/example_dags/example_skip_dag.py
[2023-02-24 10:59:31,757] {logging_mixin.py:115} INFO - [2023-02-24 10:59:31,757] {dag.py:2379} INFO - Sync 1 DAGs
[2023-02-24 10:59:31,766] {logging_mixin.py:115} INFO - [2023-02-24 10:59:31,766] {dag.py:2927} INFO - Setting next_dagrun for example_skip_dag to 2023-02-23T18:59:31.766295+00:00, run_after=2023-02-24T18:59:31.766295+00:00
[2023-02-24 10:59:31,772] {processor.py:161} INFO - Processing /home/alura/Documents/Medalhas/venv/lib/python3.9/site-packages/airflow/example_dags/example_skip_dag.py took 0.028 seconds
[2023-02-24 11:00:02,618] {processor.py:153} INFO - Started process (PID=10717) to work on /home/alura/Documents/Medalhas/venv/lib/python3.9/site-packages/airflow/example_dags/example_skip_dag.py
[2023-02-24 11:00:02,619] {processor.py:641} INFO - Processing file /home/alura/Documents/Medalhas/venv/lib/python3.9/site-packages/airflow/example_dags/example_skip_dag.py for tasks to queue
[2023-02-24 11:00:02,619] {logging_mixin.py:115} INFO - [2023-02-24 11:00:02,619] {dagbag.py:507} INFO - Filling up the DagBag from /home/alura/Documents/Medalhas/venv/lib/python3.9/site-packages/airflow/example_dags/example_skip_dag.py
[2023-02-24 11:00:02,622] {processor.py:651} INFO - DAG(s) dict_keys(['example_skip_dag']) retrieved from /home/alura/Documents/Medalhas/venv/lib/python3.9/site-packages/airflow/example_dags/example_skip_dag.py
[2023-02-24 11:00:02,631] {logging_mixin.py:115} INFO - [2023-02-24 11:00:02,631] {dag.py:2379} INFO - Sync 1 DAGs
[2023-02-24 11:00:02,641] {logging_mixin.py:115} INFO - [2023-02-24 11:00:02,641] {dag.py:2927} INFO - Setting next_dagrun for example_skip_dag to 2023-02-23T19:00:02.641466+00:00, run_after=2023-02-24T19:00:02.641466+00:00
[2023-02-24 11:00:02,648] {processor.py:161} INFO - Processing /home/alura/Documents/Medalhas/venv/lib/python3.9/site-packages/airflow/example_dags/example_skip_dag.py took 0.031 seconds
[2023-02-24 11:00:38,374] {processor.py:153} INFO - Started process (PID=10910) to work on /home/alura/Documents/Medalhas/venv/lib/python3.9/site-packages/airflow/example_dags/example_skip_dag.py
[2023-02-24 11:00:38,374] {processor.py:641} INFO - Processing file /home/alura/Documents/Medalhas/venv/lib/python3.9/site-packages/airflow/example_dags/example_skip_dag.py for tasks to queue
[2023-02-24 11:00:38,375] {logging_mixin.py:115} INFO - [2023-02-24 11:00:38,374] {dagbag.py:507} INFO - Filling up the DagBag from /home/alura/Documents/Medalhas/venv/lib/python3.9/site-packages/airflow/example_dags/example_skip_dag.py
[2023-02-24 11:00:38,377] {processor.py:651} INFO - DAG(s) dict_keys(['example_skip_dag']) retrieved from /home/alura/Documents/Medalhas/venv/lib/python3.9/site-packages/airflow/example_dags/example_skip_dag.py
[2023-02-24 11:00:38,386] {logging_mixin.py:115} INFO - [2023-02-24 11:00:38,386] {dag.py:2379} INFO - Sync 1 DAGs
[2023-02-24 11:00:38,395] {logging_mixin.py:115} INFO - [2023-02-24 11:00:38,395] {dag.py:2927} INFO - Setting next_dagrun for example_skip_dag to 2023-02-23T19:00:38.395174+00:00, run_after=2023-02-24T19:00:38.395174+00:00
[2023-02-24 11:00:38,402] {processor.py:161} INFO - Processing /home/alura/Documents/Medalhas/venv/lib/python3.9/site-packages/airflow/example_dags/example_skip_dag.py took 0.029 seconds
[2023-02-24 11:01:14,620] {processor.py:153} INFO - Started process (PID=11109) to work on /home/alura/Documents/Medalhas/venv/lib/python3.9/site-packages/airflow/example_dags/example_skip_dag.py
[2023-02-24 11:01:14,621] {processor.py:641} INFO - Processing file /home/alura/Documents/Medalhas/venv/lib/python3.9/site-packages/airflow/example_dags/example_skip_dag.py for tasks to queue
[2023-02-24 11:01:14,621] {logging_mixin.py:115} INFO - [2023-02-24 11:01:14,621] {dagbag.py:507} INFO - Filling up the DagBag from /home/alura/Documents/Medalhas/venv/lib/python3.9/site-packages/airflow/example_dags/example_skip_dag.py
[2023-02-24 11:01:14,624] {processor.py:651} INFO - DAG(s) dict_keys(['example_skip_dag']) retrieved from /home/alura/Documents/Medalhas/venv/lib/python3.9/site-packages/airflow/example_dags/example_skip_dag.py
[2023-02-24 11:01:14,632] {logging_mixin.py:115} INFO - [2023-02-24 11:01:14,632] {dag.py:2379} INFO - Sync 1 DAGs
[2023-02-24 11:01:14,649] {logging_mixin.py:115} INFO - [2023-02-24 11:01:14,649] {dag.py:2927} INFO - Setting next_dagrun for example_skip_dag to 2023-02-23T19:01:14.649004+00:00, run_after=2023-02-24T19:01:14.649004+00:00
[2023-02-24 11:01:14,658] {processor.py:161} INFO - Processing /home/alura/Documents/Medalhas/venv/lib/python3.9/site-packages/airflow/example_dags/example_skip_dag.py took 0.039 seconds
[2023-02-24 11:01:46,633] {processor.py:153} INFO - Started process (PID=11280) to work on /home/alura/Documents/Medalhas/venv/lib/python3.9/site-packages/airflow/example_dags/example_skip_dag.py
[2023-02-24 11:01:46,634] {processor.py:641} INFO - Processing file /home/alura/Documents/Medalhas/venv/lib/python3.9/site-packages/airflow/example_dags/example_skip_dag.py for tasks to queue
[2023-02-24 11:01:46,634] {logging_mixin.py:115} INFO - [2023-02-24 11:01:46,634] {dagbag.py:507} INFO - Filling up the DagBag from /home/alura/Documents/Medalhas/venv/lib/python3.9/site-packages/airflow/example_dags/example_skip_dag.py
[2023-02-24 11:01:46,636] {processor.py:651} INFO - DAG(s) dict_keys(['example_skip_dag']) retrieved from /home/alura/Documents/Medalhas/venv/lib/python3.9/site-packages/airflow/example_dags/example_skip_dag.py
[2023-02-24 11:01:46,646] {logging_mixin.py:115} INFO - [2023-02-24 11:01:46,646] {dag.py:2379} INFO - Sync 1 DAGs
[2023-02-24 11:01:46,655] {logging_mixin.py:115} INFO - [2023-02-24 11:01:46,655] {dag.py:2927} INFO - Setting next_dagrun for example_skip_dag to 2023-02-23T19:01:46.654979+00:00, run_after=2023-02-24T19:01:46.654979+00:00
[2023-02-24 11:01:46,663] {processor.py:161} INFO - Processing /home/alura/Documents/Medalhas/venv/lib/python3.9/site-packages/airflow/example_dags/example_skip_dag.py took 0.030 seconds
[2023-02-24 11:02:21,414] {processor.py:153} INFO - Started process (PID=11460) to work on /home/alura/Documents/Medalhas/venv/lib/python3.9/site-packages/airflow/example_dags/example_skip_dag.py
[2023-02-24 11:02:21,415] {processor.py:641} INFO - Processing file /home/alura/Documents/Medalhas/venv/lib/python3.9/site-packages/airflow/example_dags/example_skip_dag.py for tasks to queue
[2023-02-24 11:02:21,415] {logging_mixin.py:115} INFO - [2023-02-24 11:02:21,415] {dagbag.py:507} INFO - Filling up the DagBag from /home/alura/Documents/Medalhas/venv/lib/python3.9/site-packages/airflow/example_dags/example_skip_dag.py
[2023-02-24 11:02:21,418] {processor.py:651} INFO - DAG(s) dict_keys(['example_skip_dag']) retrieved from /home/alura/Documents/Medalhas/venv/lib/python3.9/site-packages/airflow/example_dags/example_skip_dag.py
[2023-02-24 11:02:21,427] {logging_mixin.py:115} INFO - [2023-02-24 11:02:21,427] {dag.py:2379} INFO - Sync 1 DAGs
[2023-02-24 11:02:21,436] {logging_mixin.py:115} INFO - [2023-02-24 11:02:21,436] {dag.py:2927} INFO - Setting next_dagrun for example_skip_dag to 2023-02-23T19:02:21.436561+00:00, run_after=2023-02-24T19:02:21.436561+00:00
[2023-02-24 11:02:21,445] {processor.py:161} INFO - Processing /home/alura/Documents/Medalhas/venv/lib/python3.9/site-packages/airflow/example_dags/example_skip_dag.py took 0.032 seconds
[2023-02-24 11:02:52,167] {processor.py:153} INFO - Started process (PID=11618) to work on /home/alura/Documents/Medalhas/venv/lib/python3.9/site-packages/airflow/example_dags/example_skip_dag.py
[2023-02-24 11:02:52,168] {processor.py:641} INFO - Processing file /home/alura/Documents/Medalhas/venv/lib/python3.9/site-packages/airflow/example_dags/example_skip_dag.py for tasks to queue
[2023-02-24 11:02:52,168] {logging_mixin.py:115} INFO - [2023-02-24 11:02:52,168] {dagbag.py:507} INFO - Filling up the DagBag from /home/alura/Documents/Medalhas/venv/lib/python3.9/site-packages/airflow/example_dags/example_skip_dag.py
[2023-02-24 11:02:52,171] {processor.py:651} INFO - DAG(s) dict_keys(['example_skip_dag']) retrieved from /home/alura/Documents/Medalhas/venv/lib/python3.9/site-packages/airflow/example_dags/example_skip_dag.py
[2023-02-24 11:02:52,180] {logging_mixin.py:115} INFO - [2023-02-24 11:02:52,180] {dag.py:2379} INFO - Sync 1 DAGs
[2023-02-24 11:02:52,190] {logging_mixin.py:115} INFO - [2023-02-24 11:02:52,189] {dag.py:2927} INFO - Setting next_dagrun for example_skip_dag to 2023-02-23T19:02:52.189824+00:00, run_after=2023-02-24T19:02:52.189824+00:00
[2023-02-24 11:02:52,197] {processor.py:161} INFO - Processing /home/alura/Documents/Medalhas/venv/lib/python3.9/site-packages/airflow/example_dags/example_skip_dag.py took 0.031 seconds
[2023-02-24 11:03:25,935] {processor.py:153} INFO - Started process (PID=11794) to work on /home/alura/Documents/Medalhas/venv/lib/python3.9/site-packages/airflow/example_dags/example_skip_dag.py
[2023-02-24 11:03:25,936] {processor.py:641} INFO - Processing file /home/alura/Documents/Medalhas/venv/lib/python3.9/site-packages/airflow/example_dags/example_skip_dag.py for tasks to queue
[2023-02-24 11:03:25,936] {logging_mixin.py:115} INFO - [2023-02-24 11:03:25,936] {dagbag.py:507} INFO - Filling up the DagBag from /home/alura/Documents/Medalhas/venv/lib/python3.9/site-packages/airflow/example_dags/example_skip_dag.py
[2023-02-24 11:03:25,939] {processor.py:651} INFO - DAG(s) dict_keys(['example_skip_dag']) retrieved from /home/alura/Documents/Medalhas/venv/lib/python3.9/site-packages/airflow/example_dags/example_skip_dag.py
[2023-02-24 11:03:25,947] {logging_mixin.py:115} INFO - [2023-02-24 11:03:25,947] {dag.py:2379} INFO - Sync 1 DAGs
[2023-02-24 11:03:25,956] {logging_mixin.py:115} INFO - [2023-02-24 11:03:25,956] {dag.py:2927} INFO - Setting next_dagrun for example_skip_dag to 2023-02-23T19:03:25.956092+00:00, run_after=2023-02-24T19:03:25.956092+00:00
[2023-02-24 11:03:25,963] {processor.py:161} INFO - Processing /home/alura/Documents/Medalhas/venv/lib/python3.9/site-packages/airflow/example_dags/example_skip_dag.py took 0.029 seconds
[2023-02-24 11:03:58,839] {processor.py:153} INFO - Started process (PID=12041) to work on /home/alura/Documents/Medalhas/venv/lib/python3.9/site-packages/airflow/example_dags/example_skip_dag.py
[2023-02-24 11:03:58,839] {processor.py:641} INFO - Processing file /home/alura/Documents/Medalhas/venv/lib/python3.9/site-packages/airflow/example_dags/example_skip_dag.py for tasks to queue
[2023-02-24 11:03:58,840] {logging_mixin.py:115} INFO - [2023-02-24 11:03:58,840] {dagbag.py:507} INFO - Filling up the DagBag from /home/alura/Documents/Medalhas/venv/lib/python3.9/site-packages/airflow/example_dags/example_skip_dag.py
[2023-02-24 11:03:58,842] {processor.py:651} INFO - DAG(s) dict_keys(['example_skip_dag']) retrieved from /home/alura/Documents/Medalhas/venv/lib/python3.9/site-packages/airflow/example_dags/example_skip_dag.py
[2023-02-24 11:03:58,851] {logging_mixin.py:115} INFO - [2023-02-24 11:03:58,850] {dag.py:2379} INFO - Sync 1 DAGs
[2023-02-24 11:03:58,860] {logging_mixin.py:115} INFO - [2023-02-24 11:03:58,859] {dag.py:2927} INFO - Setting next_dagrun for example_skip_dag to 2023-02-23T19:03:58.859723+00:00, run_after=2023-02-24T19:03:58.859723+00:00
[2023-02-24 11:03:58,866] {processor.py:161} INFO - Processing /home/alura/Documents/Medalhas/venv/lib/python3.9/site-packages/airflow/example_dags/example_skip_dag.py took 0.028 seconds
[2023-02-24 11:04:34,163] {processor.py:153} INFO - Started process (PID=12254) to work on /home/alura/Documents/Medalhas/venv/lib/python3.9/site-packages/airflow/example_dags/example_skip_dag.py
[2023-02-24 11:04:34,164] {processor.py:641} INFO - Processing file /home/alura/Documents/Medalhas/venv/lib/python3.9/site-packages/airflow/example_dags/example_skip_dag.py for tasks to queue
[2023-02-24 11:04:34,164] {logging_mixin.py:115} INFO - [2023-02-24 11:04:34,164] {dagbag.py:507} INFO - Filling up the DagBag from /home/alura/Documents/Medalhas/venv/lib/python3.9/site-packages/airflow/example_dags/example_skip_dag.py
[2023-02-24 11:04:34,167] {processor.py:651} INFO - DAG(s) dict_keys(['example_skip_dag']) retrieved from /home/alura/Documents/Medalhas/venv/lib/python3.9/site-packages/airflow/example_dags/example_skip_dag.py
[2023-02-24 11:04:34,176] {logging_mixin.py:115} INFO - [2023-02-24 11:04:34,176] {dag.py:2379} INFO - Sync 1 DAGs
[2023-02-24 11:04:34,187] {logging_mixin.py:115} INFO - [2023-02-24 11:04:34,187] {dag.py:2927} INFO - Setting next_dagrun for example_skip_dag to 2023-02-23T19:04:34.187222+00:00, run_after=2023-02-24T19:04:34.187222+00:00
[2023-02-24 11:04:34,195] {processor.py:161} INFO - Processing /home/alura/Documents/Medalhas/venv/lib/python3.9/site-packages/airflow/example_dags/example_skip_dag.py took 0.033 seconds
[2023-02-24 11:05:08,283] {processor.py:153} INFO - Started process (PID=12457) to work on /home/alura/Documents/Medalhas/venv/lib/python3.9/site-packages/airflow/example_dags/example_skip_dag.py
[2023-02-24 11:05:08,284] {processor.py:641} INFO - Processing file /home/alura/Documents/Medalhas/venv/lib/python3.9/site-packages/airflow/example_dags/example_skip_dag.py for tasks to queue
[2023-02-24 11:05:08,284] {logging_mixin.py:115} INFO - [2023-02-24 11:05:08,284] {dagbag.py:507} INFO - Filling up the DagBag from /home/alura/Documents/Medalhas/venv/lib/python3.9/site-packages/airflow/example_dags/example_skip_dag.py
[2023-02-24 11:05:08,287] {processor.py:651} INFO - DAG(s) dict_keys(['example_skip_dag']) retrieved from /home/alura/Documents/Medalhas/venv/lib/python3.9/site-packages/airflow/example_dags/example_skip_dag.py
[2023-02-24 11:05:08,296] {logging_mixin.py:115} INFO - [2023-02-24 11:05:08,296] {dag.py:2379} INFO - Sync 1 DAGs
[2023-02-24 11:05:08,305] {logging_mixin.py:115} INFO - [2023-02-24 11:05:08,305] {dag.py:2927} INFO - Setting next_dagrun for example_skip_dag to 2023-02-23T19:05:08.305197+00:00, run_after=2023-02-24T19:05:08.305197+00:00
[2023-02-24 11:05:08,312] {processor.py:161} INFO - Processing /home/alura/Documents/Medalhas/venv/lib/python3.9/site-packages/airflow/example_dags/example_skip_dag.py took 0.030 seconds
