[2023-02-24 10:47:17,311] {processor.py:153} INFO - Started process (PID=5807) to work on /home/alura/Documents/Medalhas/venv/lib/python3.9/site-packages/airflow/example_dags/example_trigger_controller_dag.py
[2023-02-24 10:47:17,312] {processor.py:641} INFO - Processing file /home/alura/Documents/Medalhas/venv/lib/python3.9/site-packages/airflow/example_dags/example_trigger_controller_dag.py for tasks to queue
[2023-02-24 10:47:17,312] {logging_mixin.py:115} INFO - [2023-02-24 10:47:17,312] {dagbag.py:507} INFO - Filling up the DagBag from /home/alura/Documents/Medalhas/venv/lib/python3.9/site-packages/airflow/example_dags/example_trigger_controller_dag.py
[2023-02-24 10:47:17,313] {processor.py:651} INFO - DAG(s) dict_keys(['example_trigger_controller_dag']) retrieved from /home/alura/Documents/Medalhas/venv/lib/python3.9/site-packages/airflow/example_dags/example_trigger_controller_dag.py
[2023-02-24 10:47:17,349] {logging_mixin.py:115} INFO - [2023-02-24 10:47:17,349] {manager.py:508} INFO - Created Permission View: can delete on DAG:example_trigger_controller_dag
[2023-02-24 10:47:17,355] {logging_mixin.py:115} INFO - [2023-02-24 10:47:17,355] {manager.py:508} INFO - Created Permission View: can edit on DAG:example_trigger_controller_dag
[2023-02-24 10:47:17,361] {logging_mixin.py:115} INFO - [2023-02-24 10:47:17,361] {manager.py:508} INFO - Created Permission View: can read on DAG:example_trigger_controller_dag
[2023-02-24 10:47:17,361] {logging_mixin.py:115} INFO - [2023-02-24 10:47:17,361] {dag.py:2379} INFO - Sync 1 DAGs
[2023-02-24 10:47:17,365] {logging_mixin.py:115} INFO - [2023-02-24 10:47:17,365] {dag.py:2398} INFO - Creating ORM DAG for example_trigger_controller_dag
[2023-02-24 10:47:17,370] {logging_mixin.py:115} INFO - [2023-02-24 10:47:17,370] {dag.py:2927} INFO - Setting next_dagrun for example_trigger_controller_dag to 2021-01-01T00:00:00+00:00, run_after=2021-01-01T00:00:00+00:00
[2023-02-24 10:47:17,379] {processor.py:161} INFO - Processing /home/alura/Documents/Medalhas/venv/lib/python3.9/site-packages/airflow/example_dags/example_trigger_controller_dag.py took 0.069 seconds
[2023-02-24 10:47:52,043] {processor.py:153} INFO - Started process (PID=6233) to work on /home/alura/Documents/Medalhas/venv/lib/python3.9/site-packages/airflow/example_dags/example_trigger_controller_dag.py
[2023-02-24 10:47:52,044] {processor.py:641} INFO - Processing file /home/alura/Documents/Medalhas/venv/lib/python3.9/site-packages/airflow/example_dags/example_trigger_controller_dag.py for tasks to queue
[2023-02-24 10:47:52,044] {logging_mixin.py:115} INFO - [2023-02-24 10:47:52,044] {dagbag.py:507} INFO - Filling up the DagBag from /home/alura/Documents/Medalhas/venv/lib/python3.9/site-packages/airflow/example_dags/example_trigger_controller_dag.py
[2023-02-24 10:47:52,046] {processor.py:651} INFO - DAG(s) dict_keys(['example_trigger_controller_dag']) retrieved from /home/alura/Documents/Medalhas/venv/lib/python3.9/site-packages/airflow/example_dags/example_trigger_controller_dag.py
[2023-02-24 10:47:52,054] {logging_mixin.py:115} INFO - [2023-02-24 10:47:52,054] {dag.py:2379} INFO - Sync 1 DAGs
[2023-02-24 10:47:52,063] {logging_mixin.py:115} INFO - [2023-02-24 10:47:52,063] {dag.py:2927} INFO - Setting next_dagrun for example_trigger_controller_dag to 2021-01-01T00:00:00+00:00, run_after=2021-01-01T00:00:00+00:00
[2023-02-24 10:47:52,070] {processor.py:161} INFO - Processing /home/alura/Documents/Medalhas/venv/lib/python3.9/site-packages/airflow/example_dags/example_trigger_controller_dag.py took 0.028 seconds
[2023-02-24 10:48:25,659] {processor.py:153} INFO - Started process (PID=6553) to work on /home/alura/Documents/Medalhas/venv/lib/python3.9/site-packages/airflow/example_dags/example_trigger_controller_dag.py
[2023-02-24 10:48:25,659] {processor.py:641} INFO - Processing file /home/alura/Documents/Medalhas/venv/lib/python3.9/site-packages/airflow/example_dags/example_trigger_controller_dag.py for tasks to queue
[2023-02-24 10:48:25,659] {logging_mixin.py:115} INFO - [2023-02-24 10:48:25,659] {dagbag.py:507} INFO - Filling up the DagBag from /home/alura/Documents/Medalhas/venv/lib/python3.9/site-packages/airflow/example_dags/example_trigger_controller_dag.py
[2023-02-24 10:48:25,661] {processor.py:651} INFO - DAG(s) dict_keys(['example_trigger_controller_dag']) retrieved from /home/alura/Documents/Medalhas/venv/lib/python3.9/site-packages/airflow/example_dags/example_trigger_controller_dag.py
[2023-02-24 10:48:25,670] {logging_mixin.py:115} INFO - [2023-02-24 10:48:25,670] {dag.py:2379} INFO - Sync 1 DAGs
[2023-02-24 10:48:25,679] {logging_mixin.py:115} INFO - [2023-02-24 10:48:25,679] {dag.py:2927} INFO - Setting next_dagrun for example_trigger_controller_dag to 2021-01-01T00:00:00+00:00, run_after=2021-01-01T00:00:00+00:00
[2023-02-24 10:48:25,686] {processor.py:161} INFO - Processing /home/alura/Documents/Medalhas/venv/lib/python3.9/site-packages/airflow/example_dags/example_trigger_controller_dag.py took 0.029 seconds
[2023-02-24 10:48:58,695] {processor.py:153} INFO - Started process (PID=6922) to work on /home/alura/Documents/Medalhas/venv/lib/python3.9/site-packages/airflow/example_dags/example_trigger_controller_dag.py
[2023-02-24 10:48:58,695] {processor.py:641} INFO - Processing file /home/alura/Documents/Medalhas/venv/lib/python3.9/site-packages/airflow/example_dags/example_trigger_controller_dag.py for tasks to queue
[2023-02-24 10:48:58,696] {logging_mixin.py:115} INFO - [2023-02-24 10:48:58,696] {dagbag.py:507} INFO - Filling up the DagBag from /home/alura/Documents/Medalhas/venv/lib/python3.9/site-packages/airflow/example_dags/example_trigger_controller_dag.py
[2023-02-24 10:48:58,697] {processor.py:651} INFO - DAG(s) dict_keys(['example_trigger_controller_dag']) retrieved from /home/alura/Documents/Medalhas/venv/lib/python3.9/site-packages/airflow/example_dags/example_trigger_controller_dag.py
[2023-02-24 10:48:58,706] {logging_mixin.py:115} INFO - [2023-02-24 10:48:58,706] {dag.py:2379} INFO - Sync 1 DAGs
[2023-02-24 10:48:58,714] {logging_mixin.py:115} INFO - [2023-02-24 10:48:58,714] {dag.py:2927} INFO - Setting next_dagrun for example_trigger_controller_dag to 2021-01-01T00:00:00+00:00, run_after=2021-01-01T00:00:00+00:00
[2023-02-24 10:48:58,722] {processor.py:161} INFO - Processing /home/alura/Documents/Medalhas/venv/lib/python3.9/site-packages/airflow/example_dags/example_trigger_controller_dag.py took 0.028 seconds
[2023-02-24 10:49:32,352] {processor.py:153} INFO - Started process (PID=7376) to work on /home/alura/Documents/Medalhas/venv/lib/python3.9/site-packages/airflow/example_dags/example_trigger_controller_dag.py
[2023-02-24 10:49:32,352] {processor.py:641} INFO - Processing file /home/alura/Documents/Medalhas/venv/lib/python3.9/site-packages/airflow/example_dags/example_trigger_controller_dag.py for tasks to queue
[2023-02-24 10:49:32,352] {logging_mixin.py:115} INFO - [2023-02-24 10:49:32,352] {dagbag.py:507} INFO - Filling up the DagBag from /home/alura/Documents/Medalhas/venv/lib/python3.9/site-packages/airflow/example_dags/example_trigger_controller_dag.py
[2023-02-24 10:49:32,354] {processor.py:651} INFO - DAG(s) dict_keys(['example_trigger_controller_dag']) retrieved from /home/alura/Documents/Medalhas/venv/lib/python3.9/site-packages/airflow/example_dags/example_trigger_controller_dag.py
[2023-02-24 10:49:32,363] {logging_mixin.py:115} INFO - [2023-02-24 10:49:32,362] {dag.py:2379} INFO - Sync 1 DAGs
[2023-02-24 10:49:32,372] {logging_mixin.py:115} INFO - [2023-02-24 10:49:32,372] {dag.py:2927} INFO - Setting next_dagrun for example_trigger_controller_dag to 2021-01-01T00:00:00+00:00, run_after=2021-01-01T00:00:00+00:00
[2023-02-24 10:49:32,380] {processor.py:161} INFO - Processing /home/alura/Documents/Medalhas/venv/lib/python3.9/site-packages/airflow/example_dags/example_trigger_controller_dag.py took 0.029 seconds
[2023-02-24 10:50:08,048] {processor.py:153} INFO - Started process (PID=7561) to work on /home/alura/Documents/Medalhas/venv/lib/python3.9/site-packages/airflow/example_dags/example_trigger_controller_dag.py
[2023-02-24 10:50:08,049] {processor.py:641} INFO - Processing file /home/alura/Documents/Medalhas/venv/lib/python3.9/site-packages/airflow/example_dags/example_trigger_controller_dag.py for tasks to queue
[2023-02-24 10:50:08,049] {logging_mixin.py:115} INFO - [2023-02-24 10:50:08,049] {dagbag.py:507} INFO - Filling up the DagBag from /home/alura/Documents/Medalhas/venv/lib/python3.9/site-packages/airflow/example_dags/example_trigger_controller_dag.py
[2023-02-24 10:50:08,050] {processor.py:651} INFO - DAG(s) dict_keys(['example_trigger_controller_dag']) retrieved from /home/alura/Documents/Medalhas/venv/lib/python3.9/site-packages/airflow/example_dags/example_trigger_controller_dag.py
[2023-02-24 10:50:08,059] {logging_mixin.py:115} INFO - [2023-02-24 10:50:08,059] {dag.py:2379} INFO - Sync 1 DAGs
[2023-02-24 10:50:08,067] {logging_mixin.py:115} INFO - [2023-02-24 10:50:08,067] {dag.py:2927} INFO - Setting next_dagrun for example_trigger_controller_dag to 2021-01-01T00:00:00+00:00, run_after=2021-01-01T00:00:00+00:00
[2023-02-24 10:50:08,074] {processor.py:161} INFO - Processing /home/alura/Documents/Medalhas/venv/lib/python3.9/site-packages/airflow/example_dags/example_trigger_controller_dag.py took 0.027 seconds
[2023-02-24 10:50:38,965] {processor.py:153} INFO - Started process (PID=7731) to work on /home/alura/Documents/Medalhas/venv/lib/python3.9/site-packages/airflow/example_dags/example_trigger_controller_dag.py
[2023-02-24 10:50:38,966] {processor.py:641} INFO - Processing file /home/alura/Documents/Medalhas/venv/lib/python3.9/site-packages/airflow/example_dags/example_trigger_controller_dag.py for tasks to queue
[2023-02-24 10:50:38,966] {logging_mixin.py:115} INFO - [2023-02-24 10:50:38,966] {dagbag.py:507} INFO - Filling up the DagBag from /home/alura/Documents/Medalhas/venv/lib/python3.9/site-packages/airflow/example_dags/example_trigger_controller_dag.py
[2023-02-24 10:50:38,968] {processor.py:651} INFO - DAG(s) dict_keys(['example_trigger_controller_dag']) retrieved from /home/alura/Documents/Medalhas/venv/lib/python3.9/site-packages/airflow/example_dags/example_trigger_controller_dag.py
[2023-02-24 10:50:38,976] {logging_mixin.py:115} INFO - [2023-02-24 10:50:38,976] {dag.py:2379} INFO - Sync 1 DAGs
[2023-02-24 10:50:38,985] {logging_mixin.py:115} INFO - [2023-02-24 10:50:38,984] {dag.py:2927} INFO - Setting next_dagrun for example_trigger_controller_dag to 2021-01-01T00:00:00+00:00, run_after=2021-01-01T00:00:00+00:00
[2023-02-24 10:50:38,992] {processor.py:161} INFO - Processing /home/alura/Documents/Medalhas/venv/lib/python3.9/site-packages/airflow/example_dags/example_trigger_controller_dag.py took 0.028 seconds
[2023-02-24 10:51:14,883] {processor.py:153} INFO - Started process (PID=7915) to work on /home/alura/Documents/Medalhas/venv/lib/python3.9/site-packages/airflow/example_dags/example_trigger_controller_dag.py
[2023-02-24 10:51:14,884] {processor.py:641} INFO - Processing file /home/alura/Documents/Medalhas/venv/lib/python3.9/site-packages/airflow/example_dags/example_trigger_controller_dag.py for tasks to queue
[2023-02-24 10:51:14,884] {logging_mixin.py:115} INFO - [2023-02-24 10:51:14,884] {dagbag.py:507} INFO - Filling up the DagBag from /home/alura/Documents/Medalhas/venv/lib/python3.9/site-packages/airflow/example_dags/example_trigger_controller_dag.py
[2023-02-24 10:51:14,886] {processor.py:651} INFO - DAG(s) dict_keys(['example_trigger_controller_dag']) retrieved from /home/alura/Documents/Medalhas/venv/lib/python3.9/site-packages/airflow/example_dags/example_trigger_controller_dag.py
[2023-02-24 10:51:14,895] {logging_mixin.py:115} INFO - [2023-02-24 10:51:14,895] {dag.py:2379} INFO - Sync 1 DAGs
[2023-02-24 10:51:14,904] {logging_mixin.py:115} INFO - [2023-02-24 10:51:14,904] {dag.py:2927} INFO - Setting next_dagrun for example_trigger_controller_dag to 2021-01-01T00:00:00+00:00, run_after=2021-01-01T00:00:00+00:00
[2023-02-24 10:51:14,911] {processor.py:161} INFO - Processing /home/alura/Documents/Medalhas/venv/lib/python3.9/site-packages/airflow/example_dags/example_trigger_controller_dag.py took 0.029 seconds
[2023-02-24 10:51:46,798] {processor.py:153} INFO - Started process (PID=8087) to work on /home/alura/Documents/Medalhas/venv/lib/python3.9/site-packages/airflow/example_dags/example_trigger_controller_dag.py
[2023-02-24 10:51:46,799] {processor.py:641} INFO - Processing file /home/alura/Documents/Medalhas/venv/lib/python3.9/site-packages/airflow/example_dags/example_trigger_controller_dag.py for tasks to queue
[2023-02-24 10:51:46,799] {logging_mixin.py:115} INFO - [2023-02-24 10:51:46,799] {dagbag.py:507} INFO - Filling up the DagBag from /home/alura/Documents/Medalhas/venv/lib/python3.9/site-packages/airflow/example_dags/example_trigger_controller_dag.py
[2023-02-24 10:51:46,800] {processor.py:651} INFO - DAG(s) dict_keys(['example_trigger_controller_dag']) retrieved from /home/alura/Documents/Medalhas/venv/lib/python3.9/site-packages/airflow/example_dags/example_trigger_controller_dag.py
[2023-02-24 10:51:46,808] {logging_mixin.py:115} INFO - [2023-02-24 10:51:46,808] {dag.py:2379} INFO - Sync 1 DAGs
[2023-02-24 10:51:46,820] {logging_mixin.py:115} INFO - [2023-02-24 10:51:46,820] {dag.py:2927} INFO - Setting next_dagrun for example_trigger_controller_dag to 2021-01-01T00:00:00+00:00, run_after=2021-01-01T00:00:00+00:00
[2023-02-24 10:51:46,827] {processor.py:161} INFO - Processing /home/alura/Documents/Medalhas/venv/lib/python3.9/site-packages/airflow/example_dags/example_trigger_controller_dag.py took 0.030 seconds
[2023-02-24 10:52:19,522] {processor.py:153} INFO - Started process (PID=8250) to work on /home/alura/Documents/Medalhas/venv/lib/python3.9/site-packages/airflow/example_dags/example_trigger_controller_dag.py
[2023-02-24 10:52:19,522] {processor.py:641} INFO - Processing file /home/alura/Documents/Medalhas/venv/lib/python3.9/site-packages/airflow/example_dags/example_trigger_controller_dag.py for tasks to queue
[2023-02-24 10:52:19,523] {logging_mixin.py:115} INFO - [2023-02-24 10:52:19,523] {dagbag.py:507} INFO - Filling up the DagBag from /home/alura/Documents/Medalhas/venv/lib/python3.9/site-packages/airflow/example_dags/example_trigger_controller_dag.py
[2023-02-24 10:52:19,524] {processor.py:651} INFO - DAG(s) dict_keys(['example_trigger_controller_dag']) retrieved from /home/alura/Documents/Medalhas/venv/lib/python3.9/site-packages/airflow/example_dags/example_trigger_controller_dag.py
[2023-02-24 10:52:19,532] {logging_mixin.py:115} INFO - [2023-02-24 10:52:19,532] {dag.py:2379} INFO - Sync 1 DAGs
[2023-02-24 10:52:19,541] {logging_mixin.py:115} INFO - [2023-02-24 10:52:19,541] {dag.py:2927} INFO - Setting next_dagrun for example_trigger_controller_dag to 2021-01-01T00:00:00+00:00, run_after=2021-01-01T00:00:00+00:00
[2023-02-24 10:52:19,547] {processor.py:161} INFO - Processing /home/alura/Documents/Medalhas/venv/lib/python3.9/site-packages/airflow/example_dags/example_trigger_controller_dag.py took 0.027 seconds
[2023-02-24 10:52:52,288] {processor.py:153} INFO - Started process (PID=8417) to work on /home/alura/Documents/Medalhas/venv/lib/python3.9/site-packages/airflow/example_dags/example_trigger_controller_dag.py
[2023-02-24 10:52:52,289] {processor.py:641} INFO - Processing file /home/alura/Documents/Medalhas/venv/lib/python3.9/site-packages/airflow/example_dags/example_trigger_controller_dag.py for tasks to queue
[2023-02-24 10:52:52,289] {logging_mixin.py:115} INFO - [2023-02-24 10:52:52,289] {dagbag.py:507} INFO - Filling up the DagBag from /home/alura/Documents/Medalhas/venv/lib/python3.9/site-packages/airflow/example_dags/example_trigger_controller_dag.py
[2023-02-24 10:52:52,291] {processor.py:651} INFO - DAG(s) dict_keys(['example_trigger_controller_dag']) retrieved from /home/alura/Documents/Medalhas/venv/lib/python3.9/site-packages/airflow/example_dags/example_trigger_controller_dag.py
[2023-02-24 10:52:52,300] {logging_mixin.py:115} INFO - [2023-02-24 10:52:52,300] {dag.py:2379} INFO - Sync 1 DAGs
[2023-02-24 10:52:52,308] {logging_mixin.py:115} INFO - [2023-02-24 10:52:52,308] {dag.py:2927} INFO - Setting next_dagrun for example_trigger_controller_dag to 2021-01-01T00:00:00+00:00, run_after=2021-01-01T00:00:00+00:00
[2023-02-24 10:52:52,314] {processor.py:161} INFO - Processing /home/alura/Documents/Medalhas/venv/lib/python3.9/site-packages/airflow/example_dags/example_trigger_controller_dag.py took 0.028 seconds
[2023-02-24 10:53:24,203] {processor.py:153} INFO - Started process (PID=8576) to work on /home/alura/Documents/Medalhas/venv/lib/python3.9/site-packages/airflow/example_dags/example_trigger_controller_dag.py
[2023-02-24 10:53:24,203] {processor.py:641} INFO - Processing file /home/alura/Documents/Medalhas/venv/lib/python3.9/site-packages/airflow/example_dags/example_trigger_controller_dag.py for tasks to queue
[2023-02-24 10:53:24,204] {logging_mixin.py:115} INFO - [2023-02-24 10:53:24,203] {dagbag.py:507} INFO - Filling up the DagBag from /home/alura/Documents/Medalhas/venv/lib/python3.9/site-packages/airflow/example_dags/example_trigger_controller_dag.py
[2023-02-24 10:53:24,205] {processor.py:651} INFO - DAG(s) dict_keys(['example_trigger_controller_dag']) retrieved from /home/alura/Documents/Medalhas/venv/lib/python3.9/site-packages/airflow/example_dags/example_trigger_controller_dag.py
[2023-02-24 10:53:24,214] {logging_mixin.py:115} INFO - [2023-02-24 10:53:24,214] {dag.py:2379} INFO - Sync 1 DAGs
[2023-02-24 10:53:24,223] {logging_mixin.py:115} INFO - [2023-02-24 10:53:24,223] {dag.py:2927} INFO - Setting next_dagrun for example_trigger_controller_dag to 2021-01-01T00:00:00+00:00, run_after=2021-01-01T00:00:00+00:00
[2023-02-24 10:53:24,230] {processor.py:161} INFO - Processing /home/alura/Documents/Medalhas/venv/lib/python3.9/site-packages/airflow/example_dags/example_trigger_controller_dag.py took 0.029 seconds
[2023-02-24 10:53:57,233] {processor.py:153} INFO - Started process (PID=8745) to work on /home/alura/Documents/Medalhas/venv/lib/python3.9/site-packages/airflow/example_dags/example_trigger_controller_dag.py
[2023-02-24 10:53:57,233] {processor.py:641} INFO - Processing file /home/alura/Documents/Medalhas/venv/lib/python3.9/site-packages/airflow/example_dags/example_trigger_controller_dag.py for tasks to queue
[2023-02-24 10:53:57,234] {logging_mixin.py:115} INFO - [2023-02-24 10:53:57,234] {dagbag.py:507} INFO - Filling up the DagBag from /home/alura/Documents/Medalhas/venv/lib/python3.9/site-packages/airflow/example_dags/example_trigger_controller_dag.py
[2023-02-24 10:53:57,235] {processor.py:651} INFO - DAG(s) dict_keys(['example_trigger_controller_dag']) retrieved from /home/alura/Documents/Medalhas/venv/lib/python3.9/site-packages/airflow/example_dags/example_trigger_controller_dag.py
[2023-02-24 10:53:57,244] {logging_mixin.py:115} INFO - [2023-02-24 10:53:57,244] {dag.py:2379} INFO - Sync 1 DAGs
[2023-02-24 10:53:57,252] {logging_mixin.py:115} INFO - [2023-02-24 10:53:57,252] {dag.py:2927} INFO - Setting next_dagrun for example_trigger_controller_dag to 2021-01-01T00:00:00+00:00, run_after=2021-01-01T00:00:00+00:00
[2023-02-24 10:53:57,259] {processor.py:161} INFO - Processing /home/alura/Documents/Medalhas/venv/lib/python3.9/site-packages/airflow/example_dags/example_trigger_controller_dag.py took 0.028 seconds
[2023-02-24 10:54:29,764] {processor.py:153} INFO - Started process (PID=8994) to work on /home/alura/Documents/Medalhas/venv/lib/python3.9/site-packages/airflow/example_dags/example_trigger_controller_dag.py
[2023-02-24 10:54:29,764] {processor.py:641} INFO - Processing file /home/alura/Documents/Medalhas/venv/lib/python3.9/site-packages/airflow/example_dags/example_trigger_controller_dag.py for tasks to queue
[2023-02-24 10:54:29,765] {logging_mixin.py:115} INFO - [2023-02-24 10:54:29,765] {dagbag.py:507} INFO - Filling up the DagBag from /home/alura/Documents/Medalhas/venv/lib/python3.9/site-packages/airflow/example_dags/example_trigger_controller_dag.py
[2023-02-24 10:54:29,767] {processor.py:651} INFO - DAG(s) dict_keys(['example_trigger_controller_dag']) retrieved from /home/alura/Documents/Medalhas/venv/lib/python3.9/site-packages/airflow/example_dags/example_trigger_controller_dag.py
[2023-02-24 10:54:29,776] {logging_mixin.py:115} INFO - [2023-02-24 10:54:29,776] {dag.py:2379} INFO - Sync 1 DAGs
[2023-02-24 10:54:29,784] {logging_mixin.py:115} INFO - [2023-02-24 10:54:29,784] {dag.py:2927} INFO - Setting next_dagrun for example_trigger_controller_dag to 2021-01-01T00:00:00+00:00, run_after=2021-01-01T00:00:00+00:00
[2023-02-24 10:54:29,791] {processor.py:161} INFO - Processing /home/alura/Documents/Medalhas/venv/lib/python3.9/site-packages/airflow/example_dags/example_trigger_controller_dag.py took 0.028 seconds
[2023-02-24 10:55:02,763] {processor.py:153} INFO - Started process (PID=9166) to work on /home/alura/Documents/Medalhas/venv/lib/python3.9/site-packages/airflow/example_dags/example_trigger_controller_dag.py
[2023-02-24 10:55:02,763] {processor.py:641} INFO - Processing file /home/alura/Documents/Medalhas/venv/lib/python3.9/site-packages/airflow/example_dags/example_trigger_controller_dag.py for tasks to queue
[2023-02-24 10:55:02,764] {logging_mixin.py:115} INFO - [2023-02-24 10:55:02,764] {dagbag.py:507} INFO - Filling up the DagBag from /home/alura/Documents/Medalhas/venv/lib/python3.9/site-packages/airflow/example_dags/example_trigger_controller_dag.py
[2023-02-24 10:55:02,765] {processor.py:651} INFO - DAG(s) dict_keys(['example_trigger_controller_dag']) retrieved from /home/alura/Documents/Medalhas/venv/lib/python3.9/site-packages/airflow/example_dags/example_trigger_controller_dag.py
[2023-02-24 10:55:02,773] {logging_mixin.py:115} INFO - [2023-02-24 10:55:02,773] {dag.py:2379} INFO - Sync 1 DAGs
[2023-02-24 10:55:02,782] {logging_mixin.py:115} INFO - [2023-02-24 10:55:02,781] {dag.py:2927} INFO - Setting next_dagrun for example_trigger_controller_dag to 2021-01-01T00:00:00+00:00, run_after=2021-01-01T00:00:00+00:00
[2023-02-24 10:55:02,788] {processor.py:161} INFO - Processing /home/alura/Documents/Medalhas/venv/lib/python3.9/site-packages/airflow/example_dags/example_trigger_controller_dag.py took 0.026 seconds
[2023-02-24 10:55:36,424] {processor.py:153} INFO - Started process (PID=9339) to work on /home/alura/Documents/Medalhas/venv/lib/python3.9/site-packages/airflow/example_dags/example_trigger_controller_dag.py
[2023-02-24 10:55:36,425] {processor.py:641} INFO - Processing file /home/alura/Documents/Medalhas/venv/lib/python3.9/site-packages/airflow/example_dags/example_trigger_controller_dag.py for tasks to queue
[2023-02-24 10:55:36,425] {logging_mixin.py:115} INFO - [2023-02-24 10:55:36,425] {dagbag.py:507} INFO - Filling up the DagBag from /home/alura/Documents/Medalhas/venv/lib/python3.9/site-packages/airflow/example_dags/example_trigger_controller_dag.py
[2023-02-24 10:55:36,426] {processor.py:651} INFO - DAG(s) dict_keys(['example_trigger_controller_dag']) retrieved from /home/alura/Documents/Medalhas/venv/lib/python3.9/site-packages/airflow/example_dags/example_trigger_controller_dag.py
[2023-02-24 10:55:36,435] {logging_mixin.py:115} INFO - [2023-02-24 10:55:36,435] {dag.py:2379} INFO - Sync 1 DAGs
[2023-02-24 10:55:36,444] {logging_mixin.py:115} INFO - [2023-02-24 10:55:36,444] {dag.py:2927} INFO - Setting next_dagrun for example_trigger_controller_dag to 2021-01-01T00:00:00+00:00, run_after=2021-01-01T00:00:00+00:00
[2023-02-24 10:55:36,450] {processor.py:161} INFO - Processing /home/alura/Documents/Medalhas/venv/lib/python3.9/site-packages/airflow/example_dags/example_trigger_controller_dag.py took 0.028 seconds
[2023-02-24 10:56:12,172] {processor.py:153} INFO - Started process (PID=9521) to work on /home/alura/Documents/Medalhas/venv/lib/python3.9/site-packages/airflow/example_dags/example_trigger_controller_dag.py
[2023-02-24 10:56:12,173] {processor.py:641} INFO - Processing file /home/alura/Documents/Medalhas/venv/lib/python3.9/site-packages/airflow/example_dags/example_trigger_controller_dag.py for tasks to queue
[2023-02-24 10:56:12,173] {logging_mixin.py:115} INFO - [2023-02-24 10:56:12,173] {dagbag.py:507} INFO - Filling up the DagBag from /home/alura/Documents/Medalhas/venv/lib/python3.9/site-packages/airflow/example_dags/example_trigger_controller_dag.py
[2023-02-24 10:56:12,175] {processor.py:651} INFO - DAG(s) dict_keys(['example_trigger_controller_dag']) retrieved from /home/alura/Documents/Medalhas/venv/lib/python3.9/site-packages/airflow/example_dags/example_trigger_controller_dag.py
[2023-02-24 10:56:12,182] {logging_mixin.py:115} INFO - [2023-02-24 10:56:12,182] {dag.py:2379} INFO - Sync 1 DAGs
[2023-02-24 10:56:12,191] {logging_mixin.py:115} INFO - [2023-02-24 10:56:12,191] {dag.py:2927} INFO - Setting next_dagrun for example_trigger_controller_dag to 2021-01-01T00:00:00+00:00, run_after=2021-01-01T00:00:00+00:00
[2023-02-24 10:56:12,197] {processor.py:161} INFO - Processing /home/alura/Documents/Medalhas/venv/lib/python3.9/site-packages/airflow/example_dags/example_trigger_controller_dag.py took 0.026 seconds
[2023-02-24 10:56:44,229] {processor.py:153} INFO - Started process (PID=9691) to work on /home/alura/Documents/Medalhas/venv/lib/python3.9/site-packages/airflow/example_dags/example_trigger_controller_dag.py
[2023-02-24 10:56:44,231] {processor.py:641} INFO - Processing file /home/alura/Documents/Medalhas/venv/lib/python3.9/site-packages/airflow/example_dags/example_trigger_controller_dag.py for tasks to queue
[2023-02-24 10:56:44,231] {logging_mixin.py:115} INFO - [2023-02-24 10:56:44,231] {dagbag.py:507} INFO - Filling up the DagBag from /home/alura/Documents/Medalhas/venv/lib/python3.9/site-packages/airflow/example_dags/example_trigger_controller_dag.py
[2023-02-24 10:56:44,233] {processor.py:651} INFO - DAG(s) dict_keys(['example_trigger_controller_dag']) retrieved from /home/alura/Documents/Medalhas/venv/lib/python3.9/site-packages/airflow/example_dags/example_trigger_controller_dag.py
[2023-02-24 10:56:44,241] {logging_mixin.py:115} INFO - [2023-02-24 10:56:44,241] {dag.py:2379} INFO - Sync 1 DAGs
[2023-02-24 10:56:44,250] {logging_mixin.py:115} INFO - [2023-02-24 10:56:44,249] {dag.py:2927} INFO - Setting next_dagrun for example_trigger_controller_dag to 2021-01-01T00:00:00+00:00, run_after=2021-01-01T00:00:00+00:00
[2023-02-24 10:56:44,256] {processor.py:161} INFO - Processing /home/alura/Documents/Medalhas/venv/lib/python3.9/site-packages/airflow/example_dags/example_trigger_controller_dag.py took 0.028 seconds
[2023-02-24 10:57:18,385] {processor.py:153} INFO - Started process (PID=9860) to work on /home/alura/Documents/Medalhas/venv/lib/python3.9/site-packages/airflow/example_dags/example_trigger_controller_dag.py
[2023-02-24 10:57:18,386] {processor.py:641} INFO - Processing file /home/alura/Documents/Medalhas/venv/lib/python3.9/site-packages/airflow/example_dags/example_trigger_controller_dag.py for tasks to queue
[2023-02-24 10:57:18,386] {logging_mixin.py:115} INFO - [2023-02-24 10:57:18,386] {dagbag.py:507} INFO - Filling up the DagBag from /home/alura/Documents/Medalhas/venv/lib/python3.9/site-packages/airflow/example_dags/example_trigger_controller_dag.py
[2023-02-24 10:57:18,387] {processor.py:651} INFO - DAG(s) dict_keys(['example_trigger_controller_dag']) retrieved from /home/alura/Documents/Medalhas/venv/lib/python3.9/site-packages/airflow/example_dags/example_trigger_controller_dag.py
[2023-02-24 10:57:18,398] {logging_mixin.py:115} INFO - [2023-02-24 10:57:18,398] {dag.py:2379} INFO - Sync 1 DAGs
[2023-02-24 10:57:18,406] {logging_mixin.py:115} INFO - [2023-02-24 10:57:18,406] {dag.py:2927} INFO - Setting next_dagrun for example_trigger_controller_dag to 2021-01-01T00:00:00+00:00, run_after=2021-01-01T00:00:00+00:00
[2023-02-24 10:57:18,413] {processor.py:161} INFO - Processing /home/alura/Documents/Medalhas/venv/lib/python3.9/site-packages/airflow/example_dags/example_trigger_controller_dag.py took 0.029 seconds
[2023-02-24 10:57:51,095] {processor.py:153} INFO - Started process (PID=10040) to work on /home/alura/Documents/Medalhas/venv/lib/python3.9/site-packages/airflow/example_dags/example_trigger_controller_dag.py
[2023-02-24 10:57:51,096] {processor.py:641} INFO - Processing file /home/alura/Documents/Medalhas/venv/lib/python3.9/site-packages/airflow/example_dags/example_trigger_controller_dag.py for tasks to queue
[2023-02-24 10:57:51,096] {logging_mixin.py:115} INFO - [2023-02-24 10:57:51,096] {dagbag.py:507} INFO - Filling up the DagBag from /home/alura/Documents/Medalhas/venv/lib/python3.9/site-packages/airflow/example_dags/example_trigger_controller_dag.py
[2023-02-24 10:57:51,098] {processor.py:651} INFO - DAG(s) dict_keys(['example_trigger_controller_dag']) retrieved from /home/alura/Documents/Medalhas/venv/lib/python3.9/site-packages/airflow/example_dags/example_trigger_controller_dag.py
[2023-02-24 10:57:51,106] {logging_mixin.py:115} INFO - [2023-02-24 10:57:51,106] {dag.py:2379} INFO - Sync 1 DAGs
[2023-02-24 10:57:51,114] {logging_mixin.py:115} INFO - [2023-02-24 10:57:51,114] {dag.py:2927} INFO - Setting next_dagrun for example_trigger_controller_dag to 2021-01-01T00:00:00+00:00, run_after=2021-01-01T00:00:00+00:00
[2023-02-24 10:57:51,121] {processor.py:161} INFO - Processing /home/alura/Documents/Medalhas/venv/lib/python3.9/site-packages/airflow/example_dags/example_trigger_controller_dag.py took 0.027 seconds
[2023-02-24 10:58:22,568] {processor.py:153} INFO - Started process (PID=10199) to work on /home/alura/Documents/Medalhas/venv/lib/python3.9/site-packages/airflow/example_dags/example_trigger_controller_dag.py
[2023-02-24 10:58:22,568] {processor.py:641} INFO - Processing file /home/alura/Documents/Medalhas/venv/lib/python3.9/site-packages/airflow/example_dags/example_trigger_controller_dag.py for tasks to queue
[2023-02-24 10:58:22,569] {logging_mixin.py:115} INFO - [2023-02-24 10:58:22,568] {dagbag.py:507} INFO - Filling up the DagBag from /home/alura/Documents/Medalhas/venv/lib/python3.9/site-packages/airflow/example_dags/example_trigger_controller_dag.py
[2023-02-24 10:58:22,570] {processor.py:651} INFO - DAG(s) dict_keys(['example_trigger_controller_dag']) retrieved from /home/alura/Documents/Medalhas/venv/lib/python3.9/site-packages/airflow/example_dags/example_trigger_controller_dag.py
[2023-02-24 10:58:22,578] {logging_mixin.py:115} INFO - [2023-02-24 10:58:22,578] {dag.py:2379} INFO - Sync 1 DAGs
[2023-02-24 10:58:22,587] {logging_mixin.py:115} INFO - [2023-02-24 10:58:22,587] {dag.py:2927} INFO - Setting next_dagrun for example_trigger_controller_dag to 2021-01-01T00:00:00+00:00, run_after=2021-01-01T00:00:00+00:00
[2023-02-24 10:58:22,594] {processor.py:161} INFO - Processing /home/alura/Documents/Medalhas/venv/lib/python3.9/site-packages/airflow/example_dags/example_trigger_controller_dag.py took 0.028 seconds
[2023-02-24 10:58:57,583] {processor.py:153} INFO - Started process (PID=10380) to work on /home/alura/Documents/Medalhas/venv/lib/python3.9/site-packages/airflow/example_dags/example_trigger_controller_dag.py
[2023-02-24 10:58:57,584] {processor.py:641} INFO - Processing file /home/alura/Documents/Medalhas/venv/lib/python3.9/site-packages/airflow/example_dags/example_trigger_controller_dag.py for tasks to queue
[2023-02-24 10:58:57,584] {logging_mixin.py:115} INFO - [2023-02-24 10:58:57,584] {dagbag.py:507} INFO - Filling up the DagBag from /home/alura/Documents/Medalhas/venv/lib/python3.9/site-packages/airflow/example_dags/example_trigger_controller_dag.py
[2023-02-24 10:58:57,586] {processor.py:651} INFO - DAG(s) dict_keys(['example_trigger_controller_dag']) retrieved from /home/alura/Documents/Medalhas/venv/lib/python3.9/site-packages/airflow/example_dags/example_trigger_controller_dag.py
[2023-02-24 10:58:57,594] {logging_mixin.py:115} INFO - [2023-02-24 10:58:57,594] {dag.py:2379} INFO - Sync 1 DAGs
[2023-02-24 10:58:57,603] {logging_mixin.py:115} INFO - [2023-02-24 10:58:57,603] {dag.py:2927} INFO - Setting next_dagrun for example_trigger_controller_dag to 2021-01-01T00:00:00+00:00, run_after=2021-01-01T00:00:00+00:00
[2023-02-24 10:58:57,609] {processor.py:161} INFO - Processing /home/alura/Documents/Medalhas/venv/lib/python3.9/site-packages/airflow/example_dags/example_trigger_controller_dag.py took 0.027 seconds
[2023-02-24 10:59:30,620] {processor.py:153} INFO - Started process (PID=10549) to work on /home/alura/Documents/Medalhas/venv/lib/python3.9/site-packages/airflow/example_dags/example_trigger_controller_dag.py
[2023-02-24 10:59:30,621] {processor.py:641} INFO - Processing file /home/alura/Documents/Medalhas/venv/lib/python3.9/site-packages/airflow/example_dags/example_trigger_controller_dag.py for tasks to queue
[2023-02-24 10:59:30,621] {logging_mixin.py:115} INFO - [2023-02-24 10:59:30,621] {dagbag.py:507} INFO - Filling up the DagBag from /home/alura/Documents/Medalhas/venv/lib/python3.9/site-packages/airflow/example_dags/example_trigger_controller_dag.py
[2023-02-24 10:59:30,623] {processor.py:651} INFO - DAG(s) dict_keys(['example_trigger_controller_dag']) retrieved from /home/alura/Documents/Medalhas/venv/lib/python3.9/site-packages/airflow/example_dags/example_trigger_controller_dag.py
[2023-02-24 10:59:30,632] {logging_mixin.py:115} INFO - [2023-02-24 10:59:30,632] {dag.py:2379} INFO - Sync 1 DAGs
[2023-02-24 10:59:30,641] {logging_mixin.py:115} INFO - [2023-02-24 10:59:30,641] {dag.py:2927} INFO - Setting next_dagrun for example_trigger_controller_dag to 2021-01-01T00:00:00+00:00, run_after=2021-01-01T00:00:00+00:00
[2023-02-24 10:59:30,648] {processor.py:161} INFO - Processing /home/alura/Documents/Medalhas/venv/lib/python3.9/site-packages/airflow/example_dags/example_trigger_controller_dag.py took 0.029 seconds
[2023-02-24 11:00:02,461] {processor.py:153} INFO - Started process (PID=10715) to work on /home/alura/Documents/Medalhas/venv/lib/python3.9/site-packages/airflow/example_dags/example_trigger_controller_dag.py
[2023-02-24 11:00:02,462] {processor.py:641} INFO - Processing file /home/alura/Documents/Medalhas/venv/lib/python3.9/site-packages/airflow/example_dags/example_trigger_controller_dag.py for tasks to queue
[2023-02-24 11:00:02,462] {logging_mixin.py:115} INFO - [2023-02-24 11:00:02,462] {dagbag.py:507} INFO - Filling up the DagBag from /home/alura/Documents/Medalhas/venv/lib/python3.9/site-packages/airflow/example_dags/example_trigger_controller_dag.py
[2023-02-24 11:00:02,463] {processor.py:651} INFO - DAG(s) dict_keys(['example_trigger_controller_dag']) retrieved from /home/alura/Documents/Medalhas/venv/lib/python3.9/site-packages/airflow/example_dags/example_trigger_controller_dag.py
[2023-02-24 11:00:02,472] {logging_mixin.py:115} INFO - [2023-02-24 11:00:02,472] {dag.py:2379} INFO - Sync 1 DAGs
[2023-02-24 11:00:02,480] {logging_mixin.py:115} INFO - [2023-02-24 11:00:02,480] {dag.py:2927} INFO - Setting next_dagrun for example_trigger_controller_dag to 2021-01-01T00:00:00+00:00, run_after=2021-01-01T00:00:00+00:00
[2023-02-24 11:00:02,487] {processor.py:161} INFO - Processing /home/alura/Documents/Medalhas/venv/lib/python3.9/site-packages/airflow/example_dags/example_trigger_controller_dag.py took 0.028 seconds
[2023-02-24 11:00:37,249] {processor.py:153} INFO - Started process (PID=10906) to work on /home/alura/Documents/Medalhas/venv/lib/python3.9/site-packages/airflow/example_dags/example_trigger_controller_dag.py
[2023-02-24 11:00:37,250] {processor.py:641} INFO - Processing file /home/alura/Documents/Medalhas/venv/lib/python3.9/site-packages/airflow/example_dags/example_trigger_controller_dag.py for tasks to queue
[2023-02-24 11:00:37,250] {logging_mixin.py:115} INFO - [2023-02-24 11:00:37,250] {dagbag.py:507} INFO - Filling up the DagBag from /home/alura/Documents/Medalhas/venv/lib/python3.9/site-packages/airflow/example_dags/example_trigger_controller_dag.py
[2023-02-24 11:00:37,252] {processor.py:651} INFO - DAG(s) dict_keys(['example_trigger_controller_dag']) retrieved from /home/alura/Documents/Medalhas/venv/lib/python3.9/site-packages/airflow/example_dags/example_trigger_controller_dag.py
[2023-02-24 11:00:37,260] {logging_mixin.py:115} INFO - [2023-02-24 11:00:37,260] {dag.py:2379} INFO - Sync 1 DAGs
[2023-02-24 11:00:37,269] {logging_mixin.py:115} INFO - [2023-02-24 11:00:37,269] {dag.py:2927} INFO - Setting next_dagrun for example_trigger_controller_dag to 2021-01-01T00:00:00+00:00, run_after=2021-01-01T00:00:00+00:00
[2023-02-24 11:00:37,275] {processor.py:161} INFO - Processing /home/alura/Documents/Medalhas/venv/lib/python3.9/site-packages/airflow/example_dags/example_trigger_controller_dag.py took 0.028 seconds
[2023-02-24 11:01:13,494] {processor.py:153} INFO - Started process (PID=11102) to work on /home/alura/Documents/Medalhas/venv/lib/python3.9/site-packages/airflow/example_dags/example_trigger_controller_dag.py
[2023-02-24 11:01:13,494] {processor.py:641} INFO - Processing file /home/alura/Documents/Medalhas/venv/lib/python3.9/site-packages/airflow/example_dags/example_trigger_controller_dag.py for tasks to queue
[2023-02-24 11:01:13,494] {logging_mixin.py:115} INFO - [2023-02-24 11:01:13,494] {dagbag.py:507} INFO - Filling up the DagBag from /home/alura/Documents/Medalhas/venv/lib/python3.9/site-packages/airflow/example_dags/example_trigger_controller_dag.py
[2023-02-24 11:01:13,496] {processor.py:651} INFO - DAG(s) dict_keys(['example_trigger_controller_dag']) retrieved from /home/alura/Documents/Medalhas/venv/lib/python3.9/site-packages/airflow/example_dags/example_trigger_controller_dag.py
[2023-02-24 11:01:13,504] {logging_mixin.py:115} INFO - [2023-02-24 11:01:13,504] {dag.py:2379} INFO - Sync 1 DAGs
[2023-02-24 11:01:13,512] {logging_mixin.py:115} INFO - [2023-02-24 11:01:13,512] {dag.py:2927} INFO - Setting next_dagrun for example_trigger_controller_dag to 2021-01-01T00:00:00+00:00, run_after=2021-01-01T00:00:00+00:00
[2023-02-24 11:01:13,519] {processor.py:161} INFO - Processing /home/alura/Documents/Medalhas/venv/lib/python3.9/site-packages/airflow/example_dags/example_trigger_controller_dag.py took 0.027 seconds
[2023-02-24 11:01:45,503] {processor.py:153} INFO - Started process (PID=11274) to work on /home/alura/Documents/Medalhas/venv/lib/python3.9/site-packages/airflow/example_dags/example_trigger_controller_dag.py
[2023-02-24 11:01:45,504] {processor.py:641} INFO - Processing file /home/alura/Documents/Medalhas/venv/lib/python3.9/site-packages/airflow/example_dags/example_trigger_controller_dag.py for tasks to queue
[2023-02-24 11:01:45,504] {logging_mixin.py:115} INFO - [2023-02-24 11:01:45,504] {dagbag.py:507} INFO - Filling up the DagBag from /home/alura/Documents/Medalhas/venv/lib/python3.9/site-packages/airflow/example_dags/example_trigger_controller_dag.py
[2023-02-24 11:01:45,506] {processor.py:651} INFO - DAG(s) dict_keys(['example_trigger_controller_dag']) retrieved from /home/alura/Documents/Medalhas/venv/lib/python3.9/site-packages/airflow/example_dags/example_trigger_controller_dag.py
[2023-02-24 11:01:45,514] {logging_mixin.py:115} INFO - [2023-02-24 11:01:45,514] {dag.py:2379} INFO - Sync 1 DAGs
[2023-02-24 11:01:45,523] {logging_mixin.py:115} INFO - [2023-02-24 11:01:45,523] {dag.py:2927} INFO - Setting next_dagrun for example_trigger_controller_dag to 2021-01-01T00:00:00+00:00, run_after=2021-01-01T00:00:00+00:00
[2023-02-24 11:01:45,530] {processor.py:161} INFO - Processing /home/alura/Documents/Medalhas/venv/lib/python3.9/site-packages/airflow/example_dags/example_trigger_controller_dag.py took 0.028 seconds
[2023-02-24 11:02:18,539] {processor.py:153} INFO - Started process (PID=11443) to work on /home/alura/Documents/Medalhas/venv/lib/python3.9/site-packages/airflow/example_dags/example_trigger_controller_dag.py
[2023-02-24 11:02:18,540] {processor.py:641} INFO - Processing file /home/alura/Documents/Medalhas/venv/lib/python3.9/site-packages/airflow/example_dags/example_trigger_controller_dag.py for tasks to queue
[2023-02-24 11:02:18,540] {logging_mixin.py:115} INFO - [2023-02-24 11:02:18,540] {dagbag.py:507} INFO - Filling up the DagBag from /home/alura/Documents/Medalhas/venv/lib/python3.9/site-packages/airflow/example_dags/example_trigger_controller_dag.py
[2023-02-24 11:02:18,542] {processor.py:651} INFO - DAG(s) dict_keys(['example_trigger_controller_dag']) retrieved from /home/alura/Documents/Medalhas/venv/lib/python3.9/site-packages/airflow/example_dags/example_trigger_controller_dag.py
[2023-02-24 11:02:18,550] {logging_mixin.py:115} INFO - [2023-02-24 11:02:18,550] {dag.py:2379} INFO - Sync 1 DAGs
[2023-02-24 11:02:18,559] {logging_mixin.py:115} INFO - [2023-02-24 11:02:18,559] {dag.py:2927} INFO - Setting next_dagrun for example_trigger_controller_dag to 2021-01-01T00:00:00+00:00, run_after=2021-01-01T00:00:00+00:00
[2023-02-24 11:02:18,566] {processor.py:161} INFO - Processing /home/alura/Documents/Medalhas/venv/lib/python3.9/site-packages/airflow/example_dags/example_trigger_controller_dag.py took 0.027 seconds
[2023-02-24 11:02:51,542] {processor.py:153} INFO - Started process (PID=11615) to work on /home/alura/Documents/Medalhas/venv/lib/python3.9/site-packages/airflow/example_dags/example_trigger_controller_dag.py
[2023-02-24 11:02:51,543] {processor.py:641} INFO - Processing file /home/alura/Documents/Medalhas/venv/lib/python3.9/site-packages/airflow/example_dags/example_trigger_controller_dag.py for tasks to queue
[2023-02-24 11:02:51,543] {logging_mixin.py:115} INFO - [2023-02-24 11:02:51,543] {dagbag.py:507} INFO - Filling up the DagBag from /home/alura/Documents/Medalhas/venv/lib/python3.9/site-packages/airflow/example_dags/example_trigger_controller_dag.py
[2023-02-24 11:02:51,544] {processor.py:651} INFO - DAG(s) dict_keys(['example_trigger_controller_dag']) retrieved from /home/alura/Documents/Medalhas/venv/lib/python3.9/site-packages/airflow/example_dags/example_trigger_controller_dag.py
[2023-02-24 11:02:51,553] {logging_mixin.py:115} INFO - [2023-02-24 11:02:51,553] {dag.py:2379} INFO - Sync 1 DAGs
[2023-02-24 11:02:51,561] {logging_mixin.py:115} INFO - [2023-02-24 11:02:51,561] {dag.py:2927} INFO - Setting next_dagrun for example_trigger_controller_dag to 2021-01-01T00:00:00+00:00, run_after=2021-01-01T00:00:00+00:00
[2023-02-24 11:02:51,568] {processor.py:161} INFO - Processing /home/alura/Documents/Medalhas/venv/lib/python3.9/site-packages/airflow/example_dags/example_trigger_controller_dag.py took 0.028 seconds
[2023-02-24 11:03:24,810] {processor.py:153} INFO - Started process (PID=11789) to work on /home/alura/Documents/Medalhas/venv/lib/python3.9/site-packages/airflow/example_dags/example_trigger_controller_dag.py
[2023-02-24 11:03:24,811] {processor.py:641} INFO - Processing file /home/alura/Documents/Medalhas/venv/lib/python3.9/site-packages/airflow/example_dags/example_trigger_controller_dag.py for tasks to queue
[2023-02-24 11:03:24,811] {logging_mixin.py:115} INFO - [2023-02-24 11:03:24,811] {dagbag.py:507} INFO - Filling up the DagBag from /home/alura/Documents/Medalhas/venv/lib/python3.9/site-packages/airflow/example_dags/example_trigger_controller_dag.py
[2023-02-24 11:03:24,813] {processor.py:651} INFO - DAG(s) dict_keys(['example_trigger_controller_dag']) retrieved from /home/alura/Documents/Medalhas/venv/lib/python3.9/site-packages/airflow/example_dags/example_trigger_controller_dag.py
[2023-02-24 11:03:24,821] {logging_mixin.py:115} INFO - [2023-02-24 11:03:24,821] {dag.py:2379} INFO - Sync 1 DAGs
[2023-02-24 11:03:24,830] {logging_mixin.py:115} INFO - [2023-02-24 11:03:24,830] {dag.py:2927} INFO - Setting next_dagrun for example_trigger_controller_dag to 2021-01-01T00:00:00+00:00, run_after=2021-01-01T00:00:00+00:00
[2023-02-24 11:03:24,837] {processor.py:161} INFO - Processing /home/alura/Documents/Medalhas/venv/lib/python3.9/site-packages/airflow/example_dags/example_trigger_controller_dag.py took 0.028 seconds
[2023-02-24 11:03:58,563] {processor.py:153} INFO - Started process (PID=12037) to work on /home/alura/Documents/Medalhas/venv/lib/python3.9/site-packages/airflow/example_dags/example_trigger_controller_dag.py
[2023-02-24 11:03:58,563] {processor.py:641} INFO - Processing file /home/alura/Documents/Medalhas/venv/lib/python3.9/site-packages/airflow/example_dags/example_trigger_controller_dag.py for tasks to queue
[2023-02-24 11:03:58,564] {logging_mixin.py:115} INFO - [2023-02-24 11:03:58,564] {dagbag.py:507} INFO - Filling up the DagBag from /home/alura/Documents/Medalhas/venv/lib/python3.9/site-packages/airflow/example_dags/example_trigger_controller_dag.py
[2023-02-24 11:03:58,565] {processor.py:651} INFO - DAG(s) dict_keys(['example_trigger_controller_dag']) retrieved from /home/alura/Documents/Medalhas/venv/lib/python3.9/site-packages/airflow/example_dags/example_trigger_controller_dag.py
[2023-02-24 11:03:58,574] {logging_mixin.py:115} INFO - [2023-02-24 11:03:58,574] {dag.py:2379} INFO - Sync 1 DAGs
[2023-02-24 11:03:58,582] {logging_mixin.py:115} INFO - [2023-02-24 11:03:58,582] {dag.py:2927} INFO - Setting next_dagrun for example_trigger_controller_dag to 2021-01-01T00:00:00+00:00, run_after=2021-01-01T00:00:00+00:00
[2023-02-24 11:03:58,589] {processor.py:161} INFO - Processing /home/alura/Documents/Medalhas/venv/lib/python3.9/site-packages/airflow/example_dags/example_trigger_controller_dag.py took 0.028 seconds
[2023-02-24 11:04:29,656] {processor.py:153} INFO - Started process (PID=12227) to work on /home/alura/Documents/Medalhas/venv/lib/python3.9/site-packages/airflow/example_dags/example_trigger_controller_dag.py
[2023-02-24 11:04:29,656] {processor.py:641} INFO - Processing file /home/alura/Documents/Medalhas/venv/lib/python3.9/site-packages/airflow/example_dags/example_trigger_controller_dag.py for tasks to queue
[2023-02-24 11:04:29,657] {logging_mixin.py:115} INFO - [2023-02-24 11:04:29,657] {dagbag.py:507} INFO - Filling up the DagBag from /home/alura/Documents/Medalhas/venv/lib/python3.9/site-packages/airflow/example_dags/example_trigger_controller_dag.py
[2023-02-24 11:04:29,658] {processor.py:651} INFO - DAG(s) dict_keys(['example_trigger_controller_dag']) retrieved from /home/alura/Documents/Medalhas/venv/lib/python3.9/site-packages/airflow/example_dags/example_trigger_controller_dag.py
[2023-02-24 11:04:29,667] {logging_mixin.py:115} INFO - [2023-02-24 11:04:29,667] {dag.py:2379} INFO - Sync 1 DAGs
[2023-02-24 11:04:29,675] {logging_mixin.py:115} INFO - [2023-02-24 11:04:29,675] {dag.py:2927} INFO - Setting next_dagrun for example_trigger_controller_dag to 2021-01-01T00:00:00+00:00, run_after=2021-01-01T00:00:00+00:00
[2023-02-24 11:04:29,682] {processor.py:161} INFO - Processing /home/alura/Documents/Medalhas/venv/lib/python3.9/site-packages/airflow/example_dags/example_trigger_controller_dag.py took 0.028 seconds
[2023-02-24 11:05:04,935] {processor.py:153} INFO - Started process (PID=12437) to work on /home/alura/Documents/Medalhas/venv/lib/python3.9/site-packages/airflow/example_dags/example_trigger_controller_dag.py
[2023-02-24 11:05:04,936] {processor.py:641} INFO - Processing file /home/alura/Documents/Medalhas/venv/lib/python3.9/site-packages/airflow/example_dags/example_trigger_controller_dag.py for tasks to queue
[2023-02-24 11:05:04,936] {logging_mixin.py:115} INFO - [2023-02-24 11:05:04,936] {dagbag.py:507} INFO - Filling up the DagBag from /home/alura/Documents/Medalhas/venv/lib/python3.9/site-packages/airflow/example_dags/example_trigger_controller_dag.py
[2023-02-24 11:05:04,938] {processor.py:651} INFO - DAG(s) dict_keys(['example_trigger_controller_dag']) retrieved from /home/alura/Documents/Medalhas/venv/lib/python3.9/site-packages/airflow/example_dags/example_trigger_controller_dag.py
[2023-02-24 11:05:04,947] {logging_mixin.py:115} INFO - [2023-02-24 11:05:04,947] {dag.py:2379} INFO - Sync 1 DAGs
[2023-02-24 11:05:04,956] {logging_mixin.py:115} INFO - [2023-02-24 11:05:04,956] {dag.py:2927} INFO - Setting next_dagrun for example_trigger_controller_dag to 2021-01-01T00:00:00+00:00, run_after=2021-01-01T00:00:00+00:00
[2023-02-24 11:05:04,964] {processor.py:161} INFO - Processing /home/alura/Documents/Medalhas/venv/lib/python3.9/site-packages/airflow/example_dags/example_trigger_controller_dag.py took 0.030 seconds
