[2023-02-24 10:47:35,523] {processor.py:153} INFO - Started process (PID=6114) to work on /home/alura/Documents/Medalhas/venv/lib/python3.9/site-packages/airflow/example_dags/example_bash_operator.py
[2023-02-24 10:47:35,524] {processor.py:641} INFO - Processing file /home/alura/Documents/Medalhas/venv/lib/python3.9/site-packages/airflow/example_dags/example_bash_operator.py for tasks to queue
[2023-02-24 10:47:35,524] {logging_mixin.py:115} INFO - [2023-02-24 10:47:35,524] {dagbag.py:507} INFO - Filling up the DagBag from /home/alura/Documents/Medalhas/venv/lib/python3.9/site-packages/airflow/example_dags/example_bash_operator.py
[2023-02-24 10:47:35,530] {processor.py:651} INFO - DAG(s) dict_keys(['example_bash_operator']) retrieved from /home/alura/Documents/Medalhas/venv/lib/python3.9/site-packages/airflow/example_dags/example_bash_operator.py
[2023-02-24 10:47:35,565] {logging_mixin.py:115} INFO - [2023-02-24 10:47:35,565] {manager.py:508} INFO - Created Permission View: can delete on DAG:example_bash_operator
[2023-02-24 10:47:35,570] {logging_mixin.py:115} INFO - [2023-02-24 10:47:35,570] {manager.py:508} INFO - Created Permission View: can edit on DAG:example_bash_operator
[2023-02-24 10:47:35,575] {logging_mixin.py:115} INFO - [2023-02-24 10:47:35,575] {manager.py:508} INFO - Created Permission View: can read on DAG:example_bash_operator
[2023-02-24 10:47:35,575] {logging_mixin.py:115} INFO - [2023-02-24 10:47:35,575] {dag.py:2379} INFO - Sync 1 DAGs
[2023-02-24 10:47:35,579] {logging_mixin.py:115} INFO - [2023-02-24 10:47:35,579] {dag.py:2398} INFO - Creating ORM DAG for example_bash_operator
[2023-02-24 10:47:35,584] {logging_mixin.py:115} INFO - [2023-02-24 10:47:35,584] {dag.py:2927} INFO - Setting next_dagrun for example_bash_operator to 2023-02-23T00:00:00+00:00, run_after=2023-02-24T00:00:00+00:00
[2023-02-24 10:47:35,592] {processor.py:161} INFO - Processing /home/alura/Documents/Medalhas/venv/lib/python3.9/site-packages/airflow/example_dags/example_bash_operator.py took 0.070 seconds
[2023-02-24 10:48:10,307] {processor.py:153} INFO - Started process (PID=6383) to work on /home/alura/Documents/Medalhas/venv/lib/python3.9/site-packages/airflow/example_dags/example_bash_operator.py
[2023-02-24 10:48:10,309] {processor.py:641} INFO - Processing file /home/alura/Documents/Medalhas/venv/lib/python3.9/site-packages/airflow/example_dags/example_bash_operator.py for tasks to queue
[2023-02-24 10:48:10,309] {logging_mixin.py:115} INFO - [2023-02-24 10:48:10,309] {dagbag.py:507} INFO - Filling up the DagBag from /home/alura/Documents/Medalhas/venv/lib/python3.9/site-packages/airflow/example_dags/example_bash_operator.py
[2023-02-24 10:48:10,315] {processor.py:651} INFO - DAG(s) dict_keys(['example_bash_operator']) retrieved from /home/alura/Documents/Medalhas/venv/lib/python3.9/site-packages/airflow/example_dags/example_bash_operator.py
[2023-02-24 10:48:10,324] {logging_mixin.py:115} INFO - [2023-02-24 10:48:10,324] {dag.py:2379} INFO - Sync 1 DAGs
[2023-02-24 10:48:10,334] {logging_mixin.py:115} INFO - [2023-02-24 10:48:10,334] {dag.py:2927} INFO - Setting next_dagrun for example_bash_operator to 2023-02-23T00:00:00+00:00, run_after=2023-02-24T00:00:00+00:00
[2023-02-24 10:48:10,342] {processor.py:161} INFO - Processing /home/alura/Documents/Medalhas/venv/lib/python3.9/site-packages/airflow/example_dags/example_bash_operator.py took 0.036 seconds
[2023-02-24 10:48:44,427] {processor.py:153} INFO - Started process (PID=6735) to work on /home/alura/Documents/Medalhas/venv/lib/python3.9/site-packages/airflow/example_dags/example_bash_operator.py
[2023-02-24 10:48:44,428] {processor.py:641} INFO - Processing file /home/alura/Documents/Medalhas/venv/lib/python3.9/site-packages/airflow/example_dags/example_bash_operator.py for tasks to queue
[2023-02-24 10:48:44,428] {logging_mixin.py:115} INFO - [2023-02-24 10:48:44,428] {dagbag.py:507} INFO - Filling up the DagBag from /home/alura/Documents/Medalhas/venv/lib/python3.9/site-packages/airflow/example_dags/example_bash_operator.py
[2023-02-24 10:48:44,435] {processor.py:651} INFO - DAG(s) dict_keys(['example_bash_operator']) retrieved from /home/alura/Documents/Medalhas/venv/lib/python3.9/site-packages/airflow/example_dags/example_bash_operator.py
[2023-02-24 10:48:44,447] {logging_mixin.py:115} INFO - [2023-02-24 10:48:44,447] {dag.py:2379} INFO - Sync 1 DAGs
[2023-02-24 10:48:44,464] {logging_mixin.py:115} INFO - [2023-02-24 10:48:44,464] {dag.py:2927} INFO - Setting next_dagrun for example_bash_operator to 2023-02-23T00:00:00+00:00, run_after=2023-02-24T00:00:00+00:00
[2023-02-24 10:48:44,473] {processor.py:161} INFO - Processing /home/alura/Documents/Medalhas/venv/lib/python3.9/site-packages/airflow/example_dags/example_bash_operator.py took 0.047 seconds
[2023-02-24 10:49:19,555] {processor.py:153} INFO - Started process (PID=7306) to work on /home/alura/Documents/Medalhas/venv/lib/python3.9/site-packages/airflow/example_dags/example_bash_operator.py
[2023-02-24 10:49:19,556] {processor.py:641} INFO - Processing file /home/alura/Documents/Medalhas/venv/lib/python3.9/site-packages/airflow/example_dags/example_bash_operator.py for tasks to queue
[2023-02-24 10:49:19,556] {logging_mixin.py:115} INFO - [2023-02-24 10:49:19,556] {dagbag.py:507} INFO - Filling up the DagBag from /home/alura/Documents/Medalhas/venv/lib/python3.9/site-packages/airflow/example_dags/example_bash_operator.py
[2023-02-24 10:49:19,562] {processor.py:651} INFO - DAG(s) dict_keys(['example_bash_operator']) retrieved from /home/alura/Documents/Medalhas/venv/lib/python3.9/site-packages/airflow/example_dags/example_bash_operator.py
[2023-02-24 10:49:19,570] {logging_mixin.py:115} INFO - [2023-02-24 10:49:19,570] {dag.py:2379} INFO - Sync 1 DAGs
[2023-02-24 10:49:19,580] {logging_mixin.py:115} INFO - [2023-02-24 10:49:19,579] {dag.py:2927} INFO - Setting next_dagrun for example_bash_operator to 2023-02-23T00:00:00+00:00, run_after=2023-02-24T00:00:00+00:00
[2023-02-24 10:49:19,587] {processor.py:161} INFO - Processing /home/alura/Documents/Medalhas/venv/lib/python3.9/site-packages/airflow/example_dags/example_bash_operator.py took 0.034 seconds
[2023-02-24 10:49:56,796] {processor.py:153} INFO - Started process (PID=7503) to work on /home/alura/Documents/Medalhas/venv/lib/python3.9/site-packages/airflow/example_dags/example_bash_operator.py
[2023-02-24 10:49:56,796] {processor.py:641} INFO - Processing file /home/alura/Documents/Medalhas/venv/lib/python3.9/site-packages/airflow/example_dags/example_bash_operator.py for tasks to queue
[2023-02-24 10:49:56,796] {logging_mixin.py:115} INFO - [2023-02-24 10:49:56,796] {dagbag.py:507} INFO - Filling up the DagBag from /home/alura/Documents/Medalhas/venv/lib/python3.9/site-packages/airflow/example_dags/example_bash_operator.py
[2023-02-24 10:49:56,802] {processor.py:651} INFO - DAG(s) dict_keys(['example_bash_operator']) retrieved from /home/alura/Documents/Medalhas/venv/lib/python3.9/site-packages/airflow/example_dags/example_bash_operator.py
[2023-02-24 10:49:56,811] {logging_mixin.py:115} INFO - [2023-02-24 10:49:56,811] {dag.py:2379} INFO - Sync 1 DAGs
[2023-02-24 10:49:56,820] {logging_mixin.py:115} INFO - [2023-02-24 10:49:56,820] {dag.py:2927} INFO - Setting next_dagrun for example_bash_operator to 2023-02-23T00:00:00+00:00, run_after=2023-02-24T00:00:00+00:00
[2023-02-24 10:49:56,827] {processor.py:161} INFO - Processing /home/alura/Documents/Medalhas/venv/lib/python3.9/site-packages/airflow/example_dags/example_bash_operator.py took 0.033 seconds
[2023-02-24 10:50:28,701] {processor.py:153} INFO - Started process (PID=7673) to work on /home/alura/Documents/Medalhas/venv/lib/python3.9/site-packages/airflow/example_dags/example_bash_operator.py
[2023-02-24 10:50:28,702] {processor.py:641} INFO - Processing file /home/alura/Documents/Medalhas/venv/lib/python3.9/site-packages/airflow/example_dags/example_bash_operator.py for tasks to queue
[2023-02-24 10:50:28,702] {logging_mixin.py:115} INFO - [2023-02-24 10:50:28,702] {dagbag.py:507} INFO - Filling up the DagBag from /home/alura/Documents/Medalhas/venv/lib/python3.9/site-packages/airflow/example_dags/example_bash_operator.py
[2023-02-24 10:50:28,707] {processor.py:651} INFO - DAG(s) dict_keys(['example_bash_operator']) retrieved from /home/alura/Documents/Medalhas/venv/lib/python3.9/site-packages/airflow/example_dags/example_bash_operator.py
[2023-02-24 10:50:28,716] {logging_mixin.py:115} INFO - [2023-02-24 10:50:28,716] {dag.py:2379} INFO - Sync 1 DAGs
[2023-02-24 10:50:28,725] {logging_mixin.py:115} INFO - [2023-02-24 10:50:28,725] {dag.py:2927} INFO - Setting next_dagrun for example_bash_operator to 2023-02-23T00:00:00+00:00, run_after=2023-02-24T00:00:00+00:00
[2023-02-24 10:50:28,732] {processor.py:161} INFO - Processing /home/alura/Documents/Medalhas/venv/lib/python3.9/site-packages/airflow/example_dags/example_bash_operator.py took 0.032 seconds
[2023-02-24 10:51:04,624] {processor.py:153} INFO - Started process (PID=7860) to work on /home/alura/Documents/Medalhas/venv/lib/python3.9/site-packages/airflow/example_dags/example_bash_operator.py
[2023-02-24 10:51:04,624] {processor.py:641} INFO - Processing file /home/alura/Documents/Medalhas/venv/lib/python3.9/site-packages/airflow/example_dags/example_bash_operator.py for tasks to queue
[2023-02-24 10:51:04,624] {logging_mixin.py:115} INFO - [2023-02-24 10:51:04,624] {dagbag.py:507} INFO - Filling up the DagBag from /home/alura/Documents/Medalhas/venv/lib/python3.9/site-packages/airflow/example_dags/example_bash_operator.py
[2023-02-24 10:51:04,630] {processor.py:651} INFO - DAG(s) dict_keys(['example_bash_operator']) retrieved from /home/alura/Documents/Medalhas/venv/lib/python3.9/site-packages/airflow/example_dags/example_bash_operator.py
[2023-02-24 10:51:04,639] {logging_mixin.py:115} INFO - [2023-02-24 10:51:04,639] {dag.py:2379} INFO - Sync 1 DAGs
[2023-02-24 10:51:04,648] {logging_mixin.py:115} INFO - [2023-02-24 10:51:04,648] {dag.py:2927} INFO - Setting next_dagrun for example_bash_operator to 2023-02-23T00:00:00+00:00, run_after=2023-02-24T00:00:00+00:00
[2023-02-24 10:51:04,655] {processor.py:161} INFO - Processing /home/alura/Documents/Medalhas/venv/lib/python3.9/site-packages/airflow/example_dags/example_bash_operator.py took 0.033 seconds
[2023-02-24 10:51:36,892] {processor.py:153} INFO - Started process (PID=8035) to work on /home/alura/Documents/Medalhas/venv/lib/python3.9/site-packages/airflow/example_dags/example_bash_operator.py
[2023-02-24 10:51:36,892] {processor.py:641} INFO - Processing file /home/alura/Documents/Medalhas/venv/lib/python3.9/site-packages/airflow/example_dags/example_bash_operator.py for tasks to queue
[2023-02-24 10:51:36,893] {logging_mixin.py:115} INFO - [2023-02-24 10:51:36,893] {dagbag.py:507} INFO - Filling up the DagBag from /home/alura/Documents/Medalhas/venv/lib/python3.9/site-packages/airflow/example_dags/example_bash_operator.py
[2023-02-24 10:51:36,899] {processor.py:651} INFO - DAG(s) dict_keys(['example_bash_operator']) retrieved from /home/alura/Documents/Medalhas/venv/lib/python3.9/site-packages/airflow/example_dags/example_bash_operator.py
[2023-02-24 10:51:36,909] {logging_mixin.py:115} INFO - [2023-02-24 10:51:36,909] {dag.py:2379} INFO - Sync 1 DAGs
[2023-02-24 10:51:36,919] {logging_mixin.py:115} INFO - [2023-02-24 10:51:36,919] {dag.py:2927} INFO - Setting next_dagrun for example_bash_operator to 2023-02-23T00:00:00+00:00, run_after=2023-02-24T00:00:00+00:00
[2023-02-24 10:51:36,926] {processor.py:161} INFO - Processing /home/alura/Documents/Medalhas/venv/lib/python3.9/site-packages/airflow/example_dags/example_bash_operator.py took 0.036 seconds
[2023-02-24 10:52:12,413] {processor.py:153} INFO - Started process (PID=8214) to work on /home/alura/Documents/Medalhas/venv/lib/python3.9/site-packages/airflow/example_dags/example_bash_operator.py
[2023-02-24 10:52:12,414] {processor.py:641} INFO - Processing file /home/alura/Documents/Medalhas/venv/lib/python3.9/site-packages/airflow/example_dags/example_bash_operator.py for tasks to queue
[2023-02-24 10:52:12,414] {logging_mixin.py:115} INFO - [2023-02-24 10:52:12,414] {dagbag.py:507} INFO - Filling up the DagBag from /home/alura/Documents/Medalhas/venv/lib/python3.9/site-packages/airflow/example_dags/example_bash_operator.py
[2023-02-24 10:52:12,420] {processor.py:651} INFO - DAG(s) dict_keys(['example_bash_operator']) retrieved from /home/alura/Documents/Medalhas/venv/lib/python3.9/site-packages/airflow/example_dags/example_bash_operator.py
[2023-02-24 10:52:12,429] {logging_mixin.py:115} INFO - [2023-02-24 10:52:12,429] {dag.py:2379} INFO - Sync 1 DAGs
[2023-02-24 10:52:12,439] {logging_mixin.py:115} INFO - [2023-02-24 10:52:12,438] {dag.py:2927} INFO - Setting next_dagrun for example_bash_operator to 2023-02-23T00:00:00+00:00, run_after=2023-02-24T00:00:00+00:00
[2023-02-24 10:52:12,445] {processor.py:161} INFO - Processing /home/alura/Documents/Medalhas/venv/lib/python3.9/site-packages/airflow/example_dags/example_bash_operator.py took 0.033 seconds
[2023-02-24 10:52:48,771] {processor.py:153} INFO - Started process (PID=8401) to work on /home/alura/Documents/Medalhas/venv/lib/python3.9/site-packages/airflow/example_dags/example_bash_operator.py
[2023-02-24 10:52:48,772] {processor.py:641} INFO - Processing file /home/alura/Documents/Medalhas/venv/lib/python3.9/site-packages/airflow/example_dags/example_bash_operator.py for tasks to queue
[2023-02-24 10:52:48,772] {logging_mixin.py:115} INFO - [2023-02-24 10:52:48,772] {dagbag.py:507} INFO - Filling up the DagBag from /home/alura/Documents/Medalhas/venv/lib/python3.9/site-packages/airflow/example_dags/example_bash_operator.py
[2023-02-24 10:52:48,778] {processor.py:651} INFO - DAG(s) dict_keys(['example_bash_operator']) retrieved from /home/alura/Documents/Medalhas/venv/lib/python3.9/site-packages/airflow/example_dags/example_bash_operator.py
[2023-02-24 10:52:48,786] {logging_mixin.py:115} INFO - [2023-02-24 10:52:48,786] {dag.py:2379} INFO - Sync 1 DAGs
[2023-02-24 10:52:48,795] {logging_mixin.py:115} INFO - [2023-02-24 10:52:48,795] {dag.py:2927} INFO - Setting next_dagrun for example_bash_operator to 2023-02-23T00:00:00+00:00, run_after=2023-02-24T00:00:00+00:00
[2023-02-24 10:52:48,802] {processor.py:161} INFO - Processing /home/alura/Documents/Medalhas/venv/lib/python3.9/site-packages/airflow/example_dags/example_bash_operator.py took 0.032 seconds
[2023-02-24 10:53:21,543] {processor.py:153} INFO - Started process (PID=8564) to work on /home/alura/Documents/Medalhas/venv/lib/python3.9/site-packages/airflow/example_dags/example_bash_operator.py
[2023-02-24 10:53:21,543] {processor.py:641} INFO - Processing file /home/alura/Documents/Medalhas/venv/lib/python3.9/site-packages/airflow/example_dags/example_bash_operator.py for tasks to queue
[2023-02-24 10:53:21,543] {logging_mixin.py:115} INFO - [2023-02-24 10:53:21,543] {dagbag.py:507} INFO - Filling up the DagBag from /home/alura/Documents/Medalhas/venv/lib/python3.9/site-packages/airflow/example_dags/example_bash_operator.py
[2023-02-24 10:53:21,549] {processor.py:651} INFO - DAG(s) dict_keys(['example_bash_operator']) retrieved from /home/alura/Documents/Medalhas/venv/lib/python3.9/site-packages/airflow/example_dags/example_bash_operator.py
[2023-02-24 10:53:21,557] {logging_mixin.py:115} INFO - [2023-02-24 10:53:21,557] {dag.py:2379} INFO - Sync 1 DAGs
[2023-02-24 10:53:21,566] {logging_mixin.py:115} INFO - [2023-02-24 10:53:21,566] {dag.py:2927} INFO - Setting next_dagrun for example_bash_operator to 2023-02-23T00:00:00+00:00, run_after=2023-02-24T00:00:00+00:00
[2023-02-24 10:53:21,577] {processor.py:161} INFO - Processing /home/alura/Documents/Medalhas/venv/lib/python3.9/site-packages/airflow/example_dags/example_bash_operator.py took 0.036 seconds
[2023-02-24 10:53:54,982] {processor.py:153} INFO - Started process (PID=8733) to work on /home/alura/Documents/Medalhas/venv/lib/python3.9/site-packages/airflow/example_dags/example_bash_operator.py
[2023-02-24 10:53:54,983] {processor.py:641} INFO - Processing file /home/alura/Documents/Medalhas/venv/lib/python3.9/site-packages/airflow/example_dags/example_bash_operator.py for tasks to queue
[2023-02-24 10:53:54,983] {logging_mixin.py:115} INFO - [2023-02-24 10:53:54,983] {dagbag.py:507} INFO - Filling up the DagBag from /home/alura/Documents/Medalhas/venv/lib/python3.9/site-packages/airflow/example_dags/example_bash_operator.py
[2023-02-24 10:53:54,989] {processor.py:651} INFO - DAG(s) dict_keys(['example_bash_operator']) retrieved from /home/alura/Documents/Medalhas/venv/lib/python3.9/site-packages/airflow/example_dags/example_bash_operator.py
[2023-02-24 10:53:54,997] {logging_mixin.py:115} INFO - [2023-02-24 10:53:54,997] {dag.py:2379} INFO - Sync 1 DAGs
[2023-02-24 10:53:55,006] {logging_mixin.py:115} INFO - [2023-02-24 10:53:55,006] {dag.py:2927} INFO - Setting next_dagrun for example_bash_operator to 2023-02-23T00:00:00+00:00, run_after=2023-02-24T00:00:00+00:00
[2023-02-24 10:53:55,013] {processor.py:161} INFO - Processing /home/alura/Documents/Medalhas/venv/lib/python3.9/site-packages/airflow/example_dags/example_bash_operator.py took 0.033 seconds
[2023-02-24 10:54:32,019] {processor.py:153} INFO - Started process (PID=9005) to work on /home/alura/Documents/Medalhas/venv/lib/python3.9/site-packages/airflow/example_dags/example_bash_operator.py
[2023-02-24 10:54:32,019] {processor.py:641} INFO - Processing file /home/alura/Documents/Medalhas/venv/lib/python3.9/site-packages/airflow/example_dags/example_bash_operator.py for tasks to queue
[2023-02-24 10:54:32,019] {logging_mixin.py:115} INFO - [2023-02-24 10:54:32,019] {dagbag.py:507} INFO - Filling up the DagBag from /home/alura/Documents/Medalhas/venv/lib/python3.9/site-packages/airflow/example_dags/example_bash_operator.py
[2023-02-24 10:54:32,025] {processor.py:651} INFO - DAG(s) dict_keys(['example_bash_operator']) retrieved from /home/alura/Documents/Medalhas/venv/lib/python3.9/site-packages/airflow/example_dags/example_bash_operator.py
[2023-02-24 10:54:32,033] {logging_mixin.py:115} INFO - [2023-02-24 10:54:32,033] {dag.py:2379} INFO - Sync 1 DAGs
[2023-02-24 10:54:32,043] {logging_mixin.py:115} INFO - [2023-02-24 10:54:32,043] {dag.py:2927} INFO - Setting next_dagrun for example_bash_operator to 2023-02-23T00:00:00+00:00, run_after=2023-02-24T00:00:00+00:00
[2023-02-24 10:54:32,049] {processor.py:161} INFO - Processing /home/alura/Documents/Medalhas/venv/lib/python3.9/site-packages/airflow/example_dags/example_bash_operator.py took 0.032 seconds
[2023-02-24 10:55:08,536] {processor.py:153} INFO - Started process (PID=9195) to work on /home/alura/Documents/Medalhas/venv/lib/python3.9/site-packages/airflow/example_dags/example_bash_operator.py
[2023-02-24 10:55:08,537] {processor.py:641} INFO - Processing file /home/alura/Documents/Medalhas/venv/lib/python3.9/site-packages/airflow/example_dags/example_bash_operator.py for tasks to queue
[2023-02-24 10:55:08,537] {logging_mixin.py:115} INFO - [2023-02-24 10:55:08,537] {dagbag.py:507} INFO - Filling up the DagBag from /home/alura/Documents/Medalhas/venv/lib/python3.9/site-packages/airflow/example_dags/example_bash_operator.py
[2023-02-24 10:55:08,542] {processor.py:651} INFO - DAG(s) dict_keys(['example_bash_operator']) retrieved from /home/alura/Documents/Medalhas/venv/lib/python3.9/site-packages/airflow/example_dags/example_bash_operator.py
[2023-02-24 10:55:08,551] {logging_mixin.py:115} INFO - [2023-02-24 10:55:08,551] {dag.py:2379} INFO - Sync 1 DAGs
[2023-02-24 10:55:08,560] {logging_mixin.py:115} INFO - [2023-02-24 10:55:08,560] {dag.py:2927} INFO - Setting next_dagrun for example_bash_operator to 2023-02-23T00:00:00+00:00, run_after=2023-02-24T00:00:00+00:00
[2023-02-24 10:55:08,567] {processor.py:161} INFO - Processing /home/alura/Documents/Medalhas/venv/lib/python3.9/site-packages/airflow/example_dags/example_bash_operator.py took 0.032 seconds
[2023-02-24 10:55:46,059] {processor.py:153} INFO - Started process (PID=9387) to work on /home/alura/Documents/Medalhas/venv/lib/python3.9/site-packages/airflow/example_dags/example_bash_operator.py
[2023-02-24 10:55:46,060] {processor.py:641} INFO - Processing file /home/alura/Documents/Medalhas/venv/lib/python3.9/site-packages/airflow/example_dags/example_bash_operator.py for tasks to queue
[2023-02-24 10:55:46,060] {logging_mixin.py:115} INFO - [2023-02-24 10:55:46,060] {dagbag.py:507} INFO - Filling up the DagBag from /home/alura/Documents/Medalhas/venv/lib/python3.9/site-packages/airflow/example_dags/example_bash_operator.py
[2023-02-24 10:55:46,066] {processor.py:651} INFO - DAG(s) dict_keys(['example_bash_operator']) retrieved from /home/alura/Documents/Medalhas/venv/lib/python3.9/site-packages/airflow/example_dags/example_bash_operator.py
[2023-02-24 10:55:46,074] {logging_mixin.py:115} INFO - [2023-02-24 10:55:46,074] {dag.py:2379} INFO - Sync 1 DAGs
[2023-02-24 10:55:46,084] {logging_mixin.py:115} INFO - [2023-02-24 10:55:46,084] {dag.py:2927} INFO - Setting next_dagrun for example_bash_operator to 2023-02-23T00:00:00+00:00, run_after=2023-02-24T00:00:00+00:00
[2023-02-24 10:55:46,090] {processor.py:161} INFO - Processing /home/alura/Documents/Medalhas/venv/lib/python3.9/site-packages/airflow/example_dags/example_bash_operator.py took 0.033 seconds
[2023-02-24 10:56:20,046] {processor.py:153} INFO - Started process (PID=9564) to work on /home/alura/Documents/Medalhas/venv/lib/python3.9/site-packages/airflow/example_dags/example_bash_operator.py
[2023-02-24 10:56:20,046] {processor.py:641} INFO - Processing file /home/alura/Documents/Medalhas/venv/lib/python3.9/site-packages/airflow/example_dags/example_bash_operator.py for tasks to queue
[2023-02-24 10:56:20,046] {logging_mixin.py:115} INFO - [2023-02-24 10:56:20,046] {dagbag.py:507} INFO - Filling up the DagBag from /home/alura/Documents/Medalhas/venv/lib/python3.9/site-packages/airflow/example_dags/example_bash_operator.py
[2023-02-24 10:56:20,052] {processor.py:651} INFO - DAG(s) dict_keys(['example_bash_operator']) retrieved from /home/alura/Documents/Medalhas/venv/lib/python3.9/site-packages/airflow/example_dags/example_bash_operator.py
[2023-02-24 10:56:20,060] {logging_mixin.py:115} INFO - [2023-02-24 10:56:20,060] {dag.py:2379} INFO - Sync 1 DAGs
[2023-02-24 10:56:20,069] {logging_mixin.py:115} INFO - [2023-02-24 10:56:20,069] {dag.py:2927} INFO - Setting next_dagrun for example_bash_operator to 2023-02-23T00:00:00+00:00, run_after=2023-02-24T00:00:00+00:00
[2023-02-24 10:56:20,077] {processor.py:161} INFO - Processing /home/alura/Documents/Medalhas/venv/lib/python3.9/site-packages/airflow/example_dags/example_bash_operator.py took 0.032 seconds
[2023-02-24 10:56:53,360] {processor.py:153} INFO - Started process (PID=9738) to work on /home/alura/Documents/Medalhas/venv/lib/python3.9/site-packages/airflow/example_dags/example_bash_operator.py
[2023-02-24 10:56:53,361] {processor.py:641} INFO - Processing file /home/alura/Documents/Medalhas/venv/lib/python3.9/site-packages/airflow/example_dags/example_bash_operator.py for tasks to queue
[2023-02-24 10:56:53,361] {logging_mixin.py:115} INFO - [2023-02-24 10:56:53,361] {dagbag.py:507} INFO - Filling up the DagBag from /home/alura/Documents/Medalhas/venv/lib/python3.9/site-packages/airflow/example_dags/example_bash_operator.py
[2023-02-24 10:56:53,367] {processor.py:651} INFO - DAG(s) dict_keys(['example_bash_operator']) retrieved from /home/alura/Documents/Medalhas/venv/lib/python3.9/site-packages/airflow/example_dags/example_bash_operator.py
[2023-02-24 10:56:53,375] {logging_mixin.py:115} INFO - [2023-02-24 10:56:53,375] {dag.py:2379} INFO - Sync 1 DAGs
[2023-02-24 10:56:53,384] {logging_mixin.py:115} INFO - [2023-02-24 10:56:53,384] {dag.py:2927} INFO - Setting next_dagrun for example_bash_operator to 2023-02-23T00:00:00+00:00, run_after=2023-02-24T00:00:00+00:00
[2023-02-24 10:56:53,391] {processor.py:161} INFO - Processing /home/alura/Documents/Medalhas/venv/lib/python3.9/site-packages/airflow/example_dags/example_bash_operator.py took 0.032 seconds
[2023-02-24 10:57:27,537] {processor.py:153} INFO - Started process (PID=9908) to work on /home/alura/Documents/Medalhas/venv/lib/python3.9/site-packages/airflow/example_dags/example_bash_operator.py
[2023-02-24 10:57:27,537] {processor.py:641} INFO - Processing file /home/alura/Documents/Medalhas/venv/lib/python3.9/site-packages/airflow/example_dags/example_bash_operator.py for tasks to queue
[2023-02-24 10:57:27,537] {logging_mixin.py:115} INFO - [2023-02-24 10:57:27,537] {dagbag.py:507} INFO - Filling up the DagBag from /home/alura/Documents/Medalhas/venv/lib/python3.9/site-packages/airflow/example_dags/example_bash_operator.py
[2023-02-24 10:57:27,543] {processor.py:651} INFO - DAG(s) dict_keys(['example_bash_operator']) retrieved from /home/alura/Documents/Medalhas/venv/lib/python3.9/site-packages/airflow/example_dags/example_bash_operator.py
[2023-02-24 10:57:27,552] {logging_mixin.py:115} INFO - [2023-02-24 10:57:27,552] {dag.py:2379} INFO - Sync 1 DAGs
[2023-02-24 10:57:27,561] {logging_mixin.py:115} INFO - [2023-02-24 10:57:27,561] {dag.py:2927} INFO - Setting next_dagrun for example_bash_operator to 2023-02-23T00:00:00+00:00, run_after=2023-02-24T00:00:00+00:00
[2023-02-24 10:57:27,568] {processor.py:161} INFO - Processing /home/alura/Documents/Medalhas/venv/lib/python3.9/site-packages/airflow/example_dags/example_bash_operator.py took 0.033 seconds
[2023-02-24 10:57:59,436] {processor.py:153} INFO - Started process (PID=10081) to work on /home/alura/Documents/Medalhas/venv/lib/python3.9/site-packages/airflow/example_dags/example_bash_operator.py
[2023-02-24 10:57:59,436] {processor.py:641} INFO - Processing file /home/alura/Documents/Medalhas/venv/lib/python3.9/site-packages/airflow/example_dags/example_bash_operator.py for tasks to queue
[2023-02-24 10:57:59,437] {logging_mixin.py:115} INFO - [2023-02-24 10:57:59,437] {dagbag.py:507} INFO - Filling up the DagBag from /home/alura/Documents/Medalhas/venv/lib/python3.9/site-packages/airflow/example_dags/example_bash_operator.py
[2023-02-24 10:57:59,443] {processor.py:651} INFO - DAG(s) dict_keys(['example_bash_operator']) retrieved from /home/alura/Documents/Medalhas/venv/lib/python3.9/site-packages/airflow/example_dags/example_bash_operator.py
[2023-02-24 10:57:59,451] {logging_mixin.py:115} INFO - [2023-02-24 10:57:59,451] {dag.py:2379} INFO - Sync 1 DAGs
[2023-02-24 10:57:59,460] {logging_mixin.py:115} INFO - [2023-02-24 10:57:59,460] {dag.py:2927} INFO - Setting next_dagrun for example_bash_operator to 2023-02-23T00:00:00+00:00, run_after=2023-02-24T00:00:00+00:00
[2023-02-24 10:57:59,467] {processor.py:161} INFO - Processing /home/alura/Documents/Medalhas/venv/lib/python3.9/site-packages/airflow/example_dags/example_bash_operator.py took 0.033 seconds
[2023-02-24 10:58:35,979] {processor.py:153} INFO - Started process (PID=10269) to work on /home/alura/Documents/Medalhas/venv/lib/python3.9/site-packages/airflow/example_dags/example_bash_operator.py
[2023-02-24 10:58:35,980] {processor.py:641} INFO - Processing file /home/alura/Documents/Medalhas/venv/lib/python3.9/site-packages/airflow/example_dags/example_bash_operator.py for tasks to queue
[2023-02-24 10:58:35,980] {logging_mixin.py:115} INFO - [2023-02-24 10:58:35,980] {dagbag.py:507} INFO - Filling up the DagBag from /home/alura/Documents/Medalhas/venv/lib/python3.9/site-packages/airflow/example_dags/example_bash_operator.py
[2023-02-24 10:58:35,986] {processor.py:651} INFO - DAG(s) dict_keys(['example_bash_operator']) retrieved from /home/alura/Documents/Medalhas/venv/lib/python3.9/site-packages/airflow/example_dags/example_bash_operator.py
[2023-02-24 10:58:35,994] {logging_mixin.py:115} INFO - [2023-02-24 10:58:35,994] {dag.py:2379} INFO - Sync 1 DAGs
[2023-02-24 10:58:36,003] {logging_mixin.py:115} INFO - [2023-02-24 10:58:36,003] {dag.py:2927} INFO - Setting next_dagrun for example_bash_operator to 2023-02-23T00:00:00+00:00, run_after=2023-02-24T00:00:00+00:00
[2023-02-24 10:58:36,010] {processor.py:161} INFO - Processing /home/alura/Documents/Medalhas/venv/lib/python3.9/site-packages/airflow/example_dags/example_bash_operator.py took 0.032 seconds
[2023-02-24 10:59:09,194] {processor.py:153} INFO - Started process (PID=10442) to work on /home/alura/Documents/Medalhas/venv/lib/python3.9/site-packages/airflow/example_dags/example_bash_operator.py
[2023-02-24 10:59:09,195] {processor.py:641} INFO - Processing file /home/alura/Documents/Medalhas/venv/lib/python3.9/site-packages/airflow/example_dags/example_bash_operator.py for tasks to queue
[2023-02-24 10:59:09,195] {logging_mixin.py:115} INFO - [2023-02-24 10:59:09,195] {dagbag.py:507} INFO - Filling up the DagBag from /home/alura/Documents/Medalhas/venv/lib/python3.9/site-packages/airflow/example_dags/example_bash_operator.py
[2023-02-24 10:59:09,201] {processor.py:651} INFO - DAG(s) dict_keys(['example_bash_operator']) retrieved from /home/alura/Documents/Medalhas/venv/lib/python3.9/site-packages/airflow/example_dags/example_bash_operator.py
[2023-02-24 10:59:09,209] {logging_mixin.py:115} INFO - [2023-02-24 10:59:09,209] {dag.py:2379} INFO - Sync 1 DAGs
[2023-02-24 10:59:09,218] {logging_mixin.py:115} INFO - [2023-02-24 10:59:09,218] {dag.py:2927} INFO - Setting next_dagrun for example_bash_operator to 2023-02-23T00:00:00+00:00, run_after=2023-02-24T00:00:00+00:00
[2023-02-24 10:59:09,225] {processor.py:161} INFO - Processing /home/alura/Documents/Medalhas/venv/lib/python3.9/site-packages/airflow/example_dags/example_bash_operator.py took 0.032 seconds
[2023-02-24 10:59:43,766] {processor.py:153} INFO - Started process (PID=10621) to work on /home/alura/Documents/Medalhas/venv/lib/python3.9/site-packages/airflow/example_dags/example_bash_operator.py
[2023-02-24 10:59:43,766] {processor.py:641} INFO - Processing file /home/alura/Documents/Medalhas/venv/lib/python3.9/site-packages/airflow/example_dags/example_bash_operator.py for tasks to queue
[2023-02-24 10:59:43,767] {logging_mixin.py:115} INFO - [2023-02-24 10:59:43,767] {dagbag.py:507} INFO - Filling up the DagBag from /home/alura/Documents/Medalhas/venv/lib/python3.9/site-packages/airflow/example_dags/example_bash_operator.py
[2023-02-24 10:59:43,772] {processor.py:651} INFO - DAG(s) dict_keys(['example_bash_operator']) retrieved from /home/alura/Documents/Medalhas/venv/lib/python3.9/site-packages/airflow/example_dags/example_bash_operator.py
[2023-02-24 10:59:43,781] {logging_mixin.py:115} INFO - [2023-02-24 10:59:43,781] {dag.py:2379} INFO - Sync 1 DAGs
[2023-02-24 10:59:43,790] {logging_mixin.py:115} INFO - [2023-02-24 10:59:43,790] {dag.py:2927} INFO - Setting next_dagrun for example_bash_operator to 2023-02-23T00:00:00+00:00, run_after=2023-02-24T00:00:00+00:00
[2023-02-24 10:59:43,797] {processor.py:161} INFO - Processing /home/alura/Documents/Medalhas/venv/lib/python3.9/site-packages/airflow/example_dags/example_bash_operator.py took 0.032 seconds
[2023-02-24 11:00:18,471] {processor.py:153} INFO - Started process (PID=10804) to work on /home/alura/Documents/Medalhas/venv/lib/python3.9/site-packages/airflow/example_dags/example_bash_operator.py
[2023-02-24 11:00:18,472] {processor.py:641} INFO - Processing file /home/alura/Documents/Medalhas/venv/lib/python3.9/site-packages/airflow/example_dags/example_bash_operator.py for tasks to queue
[2023-02-24 11:00:18,472] {logging_mixin.py:115} INFO - [2023-02-24 11:00:18,472] {dagbag.py:507} INFO - Filling up the DagBag from /home/alura/Documents/Medalhas/venv/lib/python3.9/site-packages/airflow/example_dags/example_bash_operator.py
[2023-02-24 11:00:18,478] {processor.py:651} INFO - DAG(s) dict_keys(['example_bash_operator']) retrieved from /home/alura/Documents/Medalhas/venv/lib/python3.9/site-packages/airflow/example_dags/example_bash_operator.py
[2023-02-24 11:00:18,486] {logging_mixin.py:115} INFO - [2023-02-24 11:00:18,486] {dag.py:2379} INFO - Sync 1 DAGs
[2023-02-24 11:00:18,496] {logging_mixin.py:115} INFO - [2023-02-24 11:00:18,495] {dag.py:2927} INFO - Setting next_dagrun for example_bash_operator to 2023-02-23T00:00:00+00:00, run_after=2023-02-24T00:00:00+00:00
[2023-02-24 11:00:18,503] {processor.py:161} INFO - Processing /home/alura/Documents/Medalhas/venv/lib/python3.9/site-packages/airflow/example_dags/example_bash_operator.py took 0.033 seconds
[2023-02-24 11:00:56,116] {processor.py:153} INFO - Started process (PID=11018) to work on /home/alura/Documents/Medalhas/venv/lib/python3.9/site-packages/airflow/example_dags/example_bash_operator.py
[2023-02-24 11:00:56,117] {processor.py:641} INFO - Processing file /home/alura/Documents/Medalhas/venv/lib/python3.9/site-packages/airflow/example_dags/example_bash_operator.py for tasks to queue
[2023-02-24 11:00:56,117] {logging_mixin.py:115} INFO - [2023-02-24 11:00:56,117] {dagbag.py:507} INFO - Filling up the DagBag from /home/alura/Documents/Medalhas/venv/lib/python3.9/site-packages/airflow/example_dags/example_bash_operator.py
[2023-02-24 11:00:56,123] {processor.py:651} INFO - DAG(s) dict_keys(['example_bash_operator']) retrieved from /home/alura/Documents/Medalhas/venv/lib/python3.9/site-packages/airflow/example_dags/example_bash_operator.py
[2023-02-24 11:00:56,131] {logging_mixin.py:115} INFO - [2023-02-24 11:00:56,131] {dag.py:2379} INFO - Sync 1 DAGs
[2023-02-24 11:00:56,139] {logging_mixin.py:115} INFO - [2023-02-24 11:00:56,139] {dag.py:2927} INFO - Setting next_dagrun for example_bash_operator to 2023-02-23T00:00:00+00:00, run_after=2023-02-24T00:00:00+00:00
[2023-02-24 11:00:56,146] {processor.py:161} INFO - Processing /home/alura/Documents/Medalhas/venv/lib/python3.9/site-packages/airflow/example_dags/example_bash_operator.py took 0.031 seconds
[2023-02-24 11:01:30,165] {processor.py:153} INFO - Started process (PID=11193) to work on /home/alura/Documents/Medalhas/venv/lib/python3.9/site-packages/airflow/example_dags/example_bash_operator.py
[2023-02-24 11:01:30,166] {processor.py:641} INFO - Processing file /home/alura/Documents/Medalhas/venv/lib/python3.9/site-packages/airflow/example_dags/example_bash_operator.py for tasks to queue
[2023-02-24 11:01:30,166] {logging_mixin.py:115} INFO - [2023-02-24 11:01:30,166] {dagbag.py:507} INFO - Filling up the DagBag from /home/alura/Documents/Medalhas/venv/lib/python3.9/site-packages/airflow/example_dags/example_bash_operator.py
[2023-02-24 11:01:30,172] {processor.py:651} INFO - DAG(s) dict_keys(['example_bash_operator']) retrieved from /home/alura/Documents/Medalhas/venv/lib/python3.9/site-packages/airflow/example_dags/example_bash_operator.py
[2023-02-24 11:01:30,180] {logging_mixin.py:115} INFO - [2023-02-24 11:01:30,180] {dag.py:2379} INFO - Sync 1 DAGs
[2023-02-24 11:01:30,189] {logging_mixin.py:115} INFO - [2023-02-24 11:01:30,189] {dag.py:2927} INFO - Setting next_dagrun for example_bash_operator to 2023-02-23T00:00:00+00:00, run_after=2023-02-24T00:00:00+00:00
[2023-02-24 11:01:30,197] {processor.py:161} INFO - Processing /home/alura/Documents/Medalhas/venv/lib/python3.9/site-packages/airflow/example_dags/example_bash_operator.py took 0.033 seconds
[2023-02-24 11:02:03,926] {processor.py:153} INFO - Started process (PID=11369) to work on /home/alura/Documents/Medalhas/venv/lib/python3.9/site-packages/airflow/example_dags/example_bash_operator.py
[2023-02-24 11:02:03,926] {processor.py:641} INFO - Processing file /home/alura/Documents/Medalhas/venv/lib/python3.9/site-packages/airflow/example_dags/example_bash_operator.py for tasks to queue
[2023-02-24 11:02:03,927] {logging_mixin.py:115} INFO - [2023-02-24 11:02:03,927] {dagbag.py:507} INFO - Filling up the DagBag from /home/alura/Documents/Medalhas/venv/lib/python3.9/site-packages/airflow/example_dags/example_bash_operator.py
[2023-02-24 11:02:03,932] {processor.py:651} INFO - DAG(s) dict_keys(['example_bash_operator']) retrieved from /home/alura/Documents/Medalhas/venv/lib/python3.9/site-packages/airflow/example_dags/example_bash_operator.py
[2023-02-24 11:02:03,940] {logging_mixin.py:115} INFO - [2023-02-24 11:02:03,940] {dag.py:2379} INFO - Sync 1 DAGs
[2023-02-24 11:02:03,949] {logging_mixin.py:115} INFO - [2023-02-24 11:02:03,949] {dag.py:2927} INFO - Setting next_dagrun for example_bash_operator to 2023-02-23T00:00:00+00:00, run_after=2023-02-24T00:00:00+00:00
[2023-02-24 11:02:03,956] {processor.py:161} INFO - Processing /home/alura/Documents/Medalhas/venv/lib/python3.9/site-packages/airflow/example_dags/example_bash_operator.py took 0.031 seconds
[2023-02-24 11:02:40,197] {processor.py:153} INFO - Started process (PID=11556) to work on /home/alura/Documents/Medalhas/venv/lib/python3.9/site-packages/airflow/example_dags/example_bash_operator.py
[2023-02-24 11:02:40,198] {processor.py:641} INFO - Processing file /home/alura/Documents/Medalhas/venv/lib/python3.9/site-packages/airflow/example_dags/example_bash_operator.py for tasks to queue
[2023-02-24 11:02:40,198] {logging_mixin.py:115} INFO - [2023-02-24 11:02:40,198] {dagbag.py:507} INFO - Filling up the DagBag from /home/alura/Documents/Medalhas/venv/lib/python3.9/site-packages/airflow/example_dags/example_bash_operator.py
[2023-02-24 11:02:40,203] {processor.py:651} INFO - DAG(s) dict_keys(['example_bash_operator']) retrieved from /home/alura/Documents/Medalhas/venv/lib/python3.9/site-packages/airflow/example_dags/example_bash_operator.py
[2023-02-24 11:02:40,212] {logging_mixin.py:115} INFO - [2023-02-24 11:02:40,212] {dag.py:2379} INFO - Sync 1 DAGs
[2023-02-24 11:02:40,221] {logging_mixin.py:115} INFO - [2023-02-24 11:02:40,220] {dag.py:2927} INFO - Setting next_dagrun for example_bash_operator to 2023-02-23T00:00:00+00:00, run_after=2023-02-24T00:00:00+00:00
[2023-02-24 11:02:40,228] {processor.py:161} INFO - Processing /home/alura/Documents/Medalhas/venv/lib/python3.9/site-packages/airflow/example_dags/example_bash_operator.py took 0.032 seconds
[2023-02-24 11:03:15,811] {processor.py:153} INFO - Started process (PID=11742) to work on /home/alura/Documents/Medalhas/venv/lib/python3.9/site-packages/airflow/example_dags/example_bash_operator.py
[2023-02-24 11:03:15,811] {processor.py:641} INFO - Processing file /home/alura/Documents/Medalhas/venv/lib/python3.9/site-packages/airflow/example_dags/example_bash_operator.py for tasks to queue
[2023-02-24 11:03:15,811] {logging_mixin.py:115} INFO - [2023-02-24 11:03:15,811] {dagbag.py:507} INFO - Filling up the DagBag from /home/alura/Documents/Medalhas/venv/lib/python3.9/site-packages/airflow/example_dags/example_bash_operator.py
[2023-02-24 11:03:15,817] {processor.py:651} INFO - DAG(s) dict_keys(['example_bash_operator']) retrieved from /home/alura/Documents/Medalhas/venv/lib/python3.9/site-packages/airflow/example_dags/example_bash_operator.py
[2023-02-24 11:03:15,825] {logging_mixin.py:115} INFO - [2023-02-24 11:03:15,825] {dag.py:2379} INFO - Sync 1 DAGs
[2023-02-24 11:03:15,834] {logging_mixin.py:115} INFO - [2023-02-24 11:03:15,834] {dag.py:2927} INFO - Setting next_dagrun for example_bash_operator to 2023-02-23T00:00:00+00:00, run_after=2023-02-24T00:00:00+00:00
[2023-02-24 11:03:15,841] {processor.py:161} INFO - Processing /home/alura/Documents/Medalhas/venv/lib/python3.9/site-packages/airflow/example_dags/example_bash_operator.py took 0.032 seconds
[2023-02-24 11:03:50,833] {processor.py:153} INFO - Started process (PID=11991) to work on /home/alura/Documents/Medalhas/venv/lib/python3.9/site-packages/airflow/example_dags/example_bash_operator.py
[2023-02-24 11:03:50,834] {processor.py:641} INFO - Processing file /home/alura/Documents/Medalhas/venv/lib/python3.9/site-packages/airflow/example_dags/example_bash_operator.py for tasks to queue
[2023-02-24 11:03:50,834] {logging_mixin.py:115} INFO - [2023-02-24 11:03:50,834] {dagbag.py:507} INFO - Filling up the DagBag from /home/alura/Documents/Medalhas/venv/lib/python3.9/site-packages/airflow/example_dags/example_bash_operator.py
[2023-02-24 11:03:50,840] {processor.py:651} INFO - DAG(s) dict_keys(['example_bash_operator']) retrieved from /home/alura/Documents/Medalhas/venv/lib/python3.9/site-packages/airflow/example_dags/example_bash_operator.py
[2023-02-24 11:03:50,848] {logging_mixin.py:115} INFO - [2023-02-24 11:03:50,848] {dag.py:2379} INFO - Sync 1 DAGs
[2023-02-24 11:03:50,857] {logging_mixin.py:115} INFO - [2023-02-24 11:03:50,857] {dag.py:2927} INFO - Setting next_dagrun for example_bash_operator to 2023-02-23T00:00:00+00:00, run_after=2023-02-24T00:00:00+00:00
[2023-02-24 11:03:50,864] {processor.py:161} INFO - Processing /home/alura/Documents/Medalhas/venv/lib/python3.9/site-packages/airflow/example_dags/example_bash_operator.py took 0.032 seconds
[2023-02-24 11:04:26,526] {processor.py:153} INFO - Started process (PID=12208) to work on /home/alura/Documents/Medalhas/venv/lib/python3.9/site-packages/airflow/example_dags/example_bash_operator.py
[2023-02-24 11:04:26,527] {processor.py:641} INFO - Processing file /home/alura/Documents/Medalhas/venv/lib/python3.9/site-packages/airflow/example_dags/example_bash_operator.py for tasks to queue
[2023-02-24 11:04:26,527] {logging_mixin.py:115} INFO - [2023-02-24 11:04:26,527] {dagbag.py:507} INFO - Filling up the DagBag from /home/alura/Documents/Medalhas/venv/lib/python3.9/site-packages/airflow/example_dags/example_bash_operator.py
[2023-02-24 11:04:26,533] {processor.py:651} INFO - DAG(s) dict_keys(['example_bash_operator']) retrieved from /home/alura/Documents/Medalhas/venv/lib/python3.9/site-packages/airflow/example_dags/example_bash_operator.py
[2023-02-24 11:04:26,541] {logging_mixin.py:115} INFO - [2023-02-24 11:04:26,541] {dag.py:2379} INFO - Sync 1 DAGs
[2023-02-24 11:04:26,551] {logging_mixin.py:115} INFO - [2023-02-24 11:04:26,550] {dag.py:2927} INFO - Setting next_dagrun for example_bash_operator to 2023-02-23T00:00:00+00:00, run_after=2023-02-24T00:00:00+00:00
[2023-02-24 11:04:26,558] {processor.py:161} INFO - Processing /home/alura/Documents/Medalhas/venv/lib/python3.9/site-packages/airflow/example_dags/example_bash_operator.py took 0.033 seconds
[2023-02-24 11:05:01,555] {processor.py:153} INFO - Started process (PID=12416) to work on /home/alura/Documents/Medalhas/venv/lib/python3.9/site-packages/airflow/example_dags/example_bash_operator.py
[2023-02-24 11:05:01,556] {processor.py:641} INFO - Processing file /home/alura/Documents/Medalhas/venv/lib/python3.9/site-packages/airflow/example_dags/example_bash_operator.py for tasks to queue
[2023-02-24 11:05:01,556] {logging_mixin.py:115} INFO - [2023-02-24 11:05:01,556] {dagbag.py:507} INFO - Filling up the DagBag from /home/alura/Documents/Medalhas/venv/lib/python3.9/site-packages/airflow/example_dags/example_bash_operator.py
[2023-02-24 11:05:01,562] {processor.py:651} INFO - DAG(s) dict_keys(['example_bash_operator']) retrieved from /home/alura/Documents/Medalhas/venv/lib/python3.9/site-packages/airflow/example_dags/example_bash_operator.py
[2023-02-24 11:05:01,581] {logging_mixin.py:115} INFO - [2023-02-24 11:05:01,581] {dag.py:2379} INFO - Sync 1 DAGs
[2023-02-24 11:05:01,595] {logging_mixin.py:115} INFO - [2023-02-24 11:05:01,595] {dag.py:2927} INFO - Setting next_dagrun for example_bash_operator to 2023-02-23T00:00:00+00:00, run_after=2023-02-24T00:00:00+00:00
[2023-02-24 11:05:01,613] {processor.py:161} INFO - Processing /home/alura/Documents/Medalhas/venv/lib/python3.9/site-packages/airflow/example_dags/example_bash_operator.py took 0.059 seconds
