[2023-02-24 10:47:28,981] {processor.py:153} INFO - Started process (PID=6067) to work on /home/alura/Documents/Medalhas/venv/lib/python3.9/site-packages/airflow/example_dags/example_trigger_target_dag.py
[2023-02-24 10:47:28,985] {processor.py:641} INFO - Processing file /home/alura/Documents/Medalhas/venv/lib/python3.9/site-packages/airflow/example_dags/example_trigger_target_dag.py for tasks to queue
[2023-02-24 10:47:28,987] {logging_mixin.py:115} INFO - [2023-02-24 10:47:28,987] {dagbag.py:507} INFO - Filling up the DagBag from /home/alura/Documents/Medalhas/venv/lib/python3.9/site-packages/airflow/example_dags/example_trigger_target_dag.py
[2023-02-24 10:47:29,058] {processor.py:651} INFO - DAG(s) dict_keys(['example_trigger_target_dag']) retrieved from /home/alura/Documents/Medalhas/venv/lib/python3.9/site-packages/airflow/example_dags/example_trigger_target_dag.py
[2023-02-24 10:47:29,223] {logging_mixin.py:115} INFO - [2023-02-24 10:47:29,223] {manager.py:508} INFO - Created Permission View: can delete on DAG:example_trigger_target_dag
[2023-02-24 10:47:29,233] {logging_mixin.py:115} INFO - [2023-02-24 10:47:29,233] {manager.py:508} INFO - Created Permission View: can edit on DAG:example_trigger_target_dag
[2023-02-24 10:47:29,242] {logging_mixin.py:115} INFO - [2023-02-24 10:47:29,242] {manager.py:508} INFO - Created Permission View: can read on DAG:example_trigger_target_dag
[2023-02-24 10:47:29,242] {logging_mixin.py:115} INFO - [2023-02-24 10:47:29,242] {dag.py:2379} INFO - Sync 1 DAGs
[2023-02-24 10:47:29,262] {logging_mixin.py:115} INFO - [2023-02-24 10:47:29,262] {dag.py:2398} INFO - Creating ORM DAG for example_trigger_target_dag
[2023-02-24 10:47:29,280] {logging_mixin.py:115} INFO - [2023-02-24 10:47:29,280] {dag.py:2927} INFO - Setting next_dagrun for example_trigger_target_dag to None, run_after=None
[2023-02-24 10:47:29,303] {processor.py:161} INFO - Processing /home/alura/Documents/Medalhas/venv/lib/python3.9/site-packages/airflow/example_dags/example_trigger_target_dag.py took 0.338 seconds
[2023-02-24 10:48:04,016] {processor.py:153} INFO - Started process (PID=6306) to work on /home/alura/Documents/Medalhas/venv/lib/python3.9/site-packages/airflow/example_dags/example_trigger_target_dag.py
[2023-02-24 10:48:04,016] {processor.py:641} INFO - Processing file /home/alura/Documents/Medalhas/venv/lib/python3.9/site-packages/airflow/example_dags/example_trigger_target_dag.py for tasks to queue
[2023-02-24 10:48:04,017] {logging_mixin.py:115} INFO - [2023-02-24 10:48:04,017] {dagbag.py:507} INFO - Filling up the DagBag from /home/alura/Documents/Medalhas/venv/lib/python3.9/site-packages/airflow/example_dags/example_trigger_target_dag.py
[2023-02-24 10:48:04,025] {processor.py:651} INFO - DAG(s) dict_keys(['example_trigger_target_dag']) retrieved from /home/alura/Documents/Medalhas/venv/lib/python3.9/site-packages/airflow/example_dags/example_trigger_target_dag.py
[2023-02-24 10:48:04,032] {logging_mixin.py:115} INFO - [2023-02-24 10:48:04,032] {dag.py:2379} INFO - Sync 1 DAGs
[2023-02-24 10:48:04,042] {logging_mixin.py:115} INFO - [2023-02-24 10:48:04,042] {dag.py:2927} INFO - Setting next_dagrun for example_trigger_target_dag to None, run_after=None
[2023-02-24 10:48:04,049] {processor.py:161} INFO - Processing /home/alura/Documents/Medalhas/venv/lib/python3.9/site-packages/airflow/example_dags/example_trigger_target_dag.py took 0.035 seconds
[2023-02-24 10:48:37,049] {processor.py:153} INFO - Started process (PID=6674) to work on /home/alura/Documents/Medalhas/venv/lib/python3.9/site-packages/airflow/example_dags/example_trigger_target_dag.py
[2023-02-24 10:48:37,050] {processor.py:641} INFO - Processing file /home/alura/Documents/Medalhas/venv/lib/python3.9/site-packages/airflow/example_dags/example_trigger_target_dag.py for tasks to queue
[2023-02-24 10:48:37,050] {logging_mixin.py:115} INFO - [2023-02-24 10:48:37,050] {dagbag.py:507} INFO - Filling up the DagBag from /home/alura/Documents/Medalhas/venv/lib/python3.9/site-packages/airflow/example_dags/example_trigger_target_dag.py
[2023-02-24 10:48:37,058] {processor.py:651} INFO - DAG(s) dict_keys(['example_trigger_target_dag']) retrieved from /home/alura/Documents/Medalhas/venv/lib/python3.9/site-packages/airflow/example_dags/example_trigger_target_dag.py
[2023-02-24 10:48:37,066] {logging_mixin.py:115} INFO - [2023-02-24 10:48:37,066] {dag.py:2379} INFO - Sync 1 DAGs
[2023-02-24 10:48:37,076] {logging_mixin.py:115} INFO - [2023-02-24 10:48:37,076] {dag.py:2927} INFO - Setting next_dagrun for example_trigger_target_dag to None, run_after=None
[2023-02-24 10:48:37,082] {processor.py:161} INFO - Processing /home/alura/Documents/Medalhas/venv/lib/python3.9/site-packages/airflow/example_dags/example_trigger_target_dag.py took 0.034 seconds
[2023-02-24 10:49:10,079] {processor.py:153} INFO - Started process (PID=7075) to work on /home/alura/Documents/Medalhas/venv/lib/python3.9/site-packages/airflow/example_dags/example_trigger_target_dag.py
[2023-02-24 10:49:10,080] {processor.py:641} INFO - Processing file /home/alura/Documents/Medalhas/venv/lib/python3.9/site-packages/airflow/example_dags/example_trigger_target_dag.py for tasks to queue
[2023-02-24 10:49:10,080] {logging_mixin.py:115} INFO - [2023-02-24 10:49:10,080] {dagbag.py:507} INFO - Filling up the DagBag from /home/alura/Documents/Medalhas/venv/lib/python3.9/site-packages/airflow/example_dags/example_trigger_target_dag.py
[2023-02-24 10:49:10,089] {processor.py:651} INFO - DAG(s) dict_keys(['example_trigger_target_dag']) retrieved from /home/alura/Documents/Medalhas/venv/lib/python3.9/site-packages/airflow/example_dags/example_trigger_target_dag.py
[2023-02-24 10:49:10,097] {logging_mixin.py:115} INFO - [2023-02-24 10:49:10,097] {dag.py:2379} INFO - Sync 1 DAGs
[2023-02-24 10:49:10,106] {logging_mixin.py:115} INFO - [2023-02-24 10:49:10,106] {dag.py:2927} INFO - Setting next_dagrun for example_trigger_target_dag to None, run_after=None
[2023-02-24 10:49:10,113] {processor.py:161} INFO - Processing /home/alura/Documents/Medalhas/venv/lib/python3.9/site-packages/airflow/example_dags/example_trigger_target_dag.py took 0.034 seconds
[2023-02-24 10:49:44,868] {processor.py:153} INFO - Started process (PID=7441) to work on /home/alura/Documents/Medalhas/venv/lib/python3.9/site-packages/airflow/example_dags/example_trigger_target_dag.py
[2023-02-24 10:49:44,869] {processor.py:641} INFO - Processing file /home/alura/Documents/Medalhas/venv/lib/python3.9/site-packages/airflow/example_dags/example_trigger_target_dag.py for tasks to queue
[2023-02-24 10:49:44,869] {logging_mixin.py:115} INFO - [2023-02-24 10:49:44,869] {dagbag.py:507} INFO - Filling up the DagBag from /home/alura/Documents/Medalhas/venv/lib/python3.9/site-packages/airflow/example_dags/example_trigger_target_dag.py
[2023-02-24 10:49:44,877] {processor.py:651} INFO - DAG(s) dict_keys(['example_trigger_target_dag']) retrieved from /home/alura/Documents/Medalhas/venv/lib/python3.9/site-packages/airflow/example_dags/example_trigger_target_dag.py
[2023-02-24 10:49:44,886] {logging_mixin.py:115} INFO - [2023-02-24 10:49:44,886] {dag.py:2379} INFO - Sync 1 DAGs
[2023-02-24 10:49:44,895] {logging_mixin.py:115} INFO - [2023-02-24 10:49:44,895] {dag.py:2927} INFO - Setting next_dagrun for example_trigger_target_dag to None, run_after=None
[2023-02-24 10:49:44,901] {processor.py:161} INFO - Processing /home/alura/Documents/Medalhas/venv/lib/python3.9/site-packages/airflow/example_dags/example_trigger_target_dag.py took 0.034 seconds
[2023-02-24 10:50:18,443] {processor.py:153} INFO - Started process (PID=7619) to work on /home/alura/Documents/Medalhas/venv/lib/python3.9/site-packages/airflow/example_dags/example_trigger_target_dag.py
[2023-02-24 10:50:18,443] {processor.py:641} INFO - Processing file /home/alura/Documents/Medalhas/venv/lib/python3.9/site-packages/airflow/example_dags/example_trigger_target_dag.py for tasks to queue
[2023-02-24 10:50:18,443] {logging_mixin.py:115} INFO - [2023-02-24 10:50:18,443] {dagbag.py:507} INFO - Filling up the DagBag from /home/alura/Documents/Medalhas/venv/lib/python3.9/site-packages/airflow/example_dags/example_trigger_target_dag.py
[2023-02-24 10:50:18,452] {processor.py:651} INFO - DAG(s) dict_keys(['example_trigger_target_dag']) retrieved from /home/alura/Documents/Medalhas/venv/lib/python3.9/site-packages/airflow/example_dags/example_trigger_target_dag.py
[2023-02-24 10:50:18,460] {logging_mixin.py:115} INFO - [2023-02-24 10:50:18,460] {dag.py:2379} INFO - Sync 1 DAGs
[2023-02-24 10:50:18,469] {logging_mixin.py:115} INFO - [2023-02-24 10:50:18,469] {dag.py:2927} INFO - Setting next_dagrun for example_trigger_target_dag to None, run_after=None
[2023-02-24 10:50:18,475] {processor.py:161} INFO - Processing /home/alura/Documents/Medalhas/venv/lib/python3.9/site-packages/airflow/example_dags/example_trigger_target_dag.py took 0.034 seconds
[2023-02-24 10:50:51,377] {processor.py:153} INFO - Started process (PID=7794) to work on /home/alura/Documents/Medalhas/venv/lib/python3.9/site-packages/airflow/example_dags/example_trigger_target_dag.py
[2023-02-24 10:50:51,378] {processor.py:641} INFO - Processing file /home/alura/Documents/Medalhas/venv/lib/python3.9/site-packages/airflow/example_dags/example_trigger_target_dag.py for tasks to queue
[2023-02-24 10:50:51,378] {logging_mixin.py:115} INFO - [2023-02-24 10:50:51,378] {dagbag.py:507} INFO - Filling up the DagBag from /home/alura/Documents/Medalhas/venv/lib/python3.9/site-packages/airflow/example_dags/example_trigger_target_dag.py
[2023-02-24 10:50:51,386] {processor.py:651} INFO - DAG(s) dict_keys(['example_trigger_target_dag']) retrieved from /home/alura/Documents/Medalhas/venv/lib/python3.9/site-packages/airflow/example_dags/example_trigger_target_dag.py
[2023-02-24 10:50:51,395] {logging_mixin.py:115} INFO - [2023-02-24 10:50:51,395] {dag.py:2379} INFO - Sync 1 DAGs
[2023-02-24 10:50:51,403] {logging_mixin.py:115} INFO - [2023-02-24 10:50:51,403] {dag.py:2927} INFO - Setting next_dagrun for example_trigger_target_dag to None, run_after=None
[2023-02-24 10:50:51,410] {processor.py:161} INFO - Processing /home/alura/Documents/Medalhas/venv/lib/python3.9/site-packages/airflow/example_dags/example_trigger_target_dag.py took 0.034 seconds
[2023-02-24 10:51:27,891] {processor.py:153} INFO - Started process (PID=7984) to work on /home/alura/Documents/Medalhas/venv/lib/python3.9/site-packages/airflow/example_dags/example_trigger_target_dag.py
[2023-02-24 10:51:27,892] {processor.py:641} INFO - Processing file /home/alura/Documents/Medalhas/venv/lib/python3.9/site-packages/airflow/example_dags/example_trigger_target_dag.py for tasks to queue
[2023-02-24 10:51:27,892] {logging_mixin.py:115} INFO - [2023-02-24 10:51:27,892] {dagbag.py:507} INFO - Filling up the DagBag from /home/alura/Documents/Medalhas/venv/lib/python3.9/site-packages/airflow/example_dags/example_trigger_target_dag.py
[2023-02-24 10:51:27,900] {processor.py:651} INFO - DAG(s) dict_keys(['example_trigger_target_dag']) retrieved from /home/alura/Documents/Medalhas/venv/lib/python3.9/site-packages/airflow/example_dags/example_trigger_target_dag.py
[2023-02-24 10:51:27,908] {logging_mixin.py:115} INFO - [2023-02-24 10:51:27,908] {dag.py:2379} INFO - Sync 1 DAGs
[2023-02-24 10:51:27,917] {logging_mixin.py:115} INFO - [2023-02-24 10:51:27,917] {dag.py:2927} INFO - Setting next_dagrun for example_trigger_target_dag to None, run_after=None
[2023-02-24 10:51:27,924] {processor.py:161} INFO - Processing /home/alura/Documents/Medalhas/venv/lib/python3.9/site-packages/airflow/example_dags/example_trigger_target_dag.py took 0.034 seconds
[2023-02-24 10:52:00,396] {processor.py:153} INFO - Started process (PID=8152) to work on /home/alura/Documents/Medalhas/venv/lib/python3.9/site-packages/airflow/example_dags/example_trigger_target_dag.py
[2023-02-24 10:52:00,396] {processor.py:641} INFO - Processing file /home/alura/Documents/Medalhas/venv/lib/python3.9/site-packages/airflow/example_dags/example_trigger_target_dag.py for tasks to queue
[2023-02-24 10:52:00,397] {logging_mixin.py:115} INFO - [2023-02-24 10:52:00,397] {dagbag.py:507} INFO - Filling up the DagBag from /home/alura/Documents/Medalhas/venv/lib/python3.9/site-packages/airflow/example_dags/example_trigger_target_dag.py
[2023-02-24 10:52:00,407] {processor.py:651} INFO - DAG(s) dict_keys(['example_trigger_target_dag']) retrieved from /home/alura/Documents/Medalhas/venv/lib/python3.9/site-packages/airflow/example_dags/example_trigger_target_dag.py
[2023-02-24 10:52:00,414] {logging_mixin.py:115} INFO - [2023-02-24 10:52:00,414] {dag.py:2379} INFO - Sync 1 DAGs
[2023-02-24 10:52:00,423] {logging_mixin.py:115} INFO - [2023-02-24 10:52:00,423] {dag.py:2927} INFO - Setting next_dagrun for example_trigger_target_dag to None, run_after=None
[2023-02-24 10:52:00,430] {processor.py:161} INFO - Processing /home/alura/Documents/Medalhas/venv/lib/python3.9/site-packages/airflow/example_dags/example_trigger_target_dag.py took 0.036 seconds
[2023-02-24 10:52:34,077] {processor.py:153} INFO - Started process (PID=8324) to work on /home/alura/Documents/Medalhas/venv/lib/python3.9/site-packages/airflow/example_dags/example_trigger_target_dag.py
[2023-02-24 10:52:34,077] {processor.py:641} INFO - Processing file /home/alura/Documents/Medalhas/venv/lib/python3.9/site-packages/airflow/example_dags/example_trigger_target_dag.py for tasks to queue
[2023-02-24 10:52:34,078] {logging_mixin.py:115} INFO - [2023-02-24 10:52:34,078] {dagbag.py:507} INFO - Filling up the DagBag from /home/alura/Documents/Medalhas/venv/lib/python3.9/site-packages/airflow/example_dags/example_trigger_target_dag.py
[2023-02-24 10:52:34,086] {processor.py:651} INFO - DAG(s) dict_keys(['example_trigger_target_dag']) retrieved from /home/alura/Documents/Medalhas/venv/lib/python3.9/site-packages/airflow/example_dags/example_trigger_target_dag.py
[2023-02-24 10:52:34,094] {logging_mixin.py:115} INFO - [2023-02-24 10:52:34,094] {dag.py:2379} INFO - Sync 1 DAGs
[2023-02-24 10:52:34,104] {logging_mixin.py:115} INFO - [2023-02-24 10:52:34,104] {dag.py:2927} INFO - Setting next_dagrun for example_trigger_target_dag to None, run_after=None
[2023-02-24 10:52:34,112] {processor.py:161} INFO - Processing /home/alura/Documents/Medalhas/venv/lib/python3.9/site-packages/airflow/example_dags/example_trigger_target_dag.py took 0.037 seconds
[2023-02-24 10:53:07,895] {processor.py:153} INFO - Started process (PID=8497) to work on /home/alura/Documents/Medalhas/venv/lib/python3.9/site-packages/airflow/example_dags/example_trigger_target_dag.py
[2023-02-24 10:53:07,896] {processor.py:641} INFO - Processing file /home/alura/Documents/Medalhas/venv/lib/python3.9/site-packages/airflow/example_dags/example_trigger_target_dag.py for tasks to queue
[2023-02-24 10:53:07,896] {logging_mixin.py:115} INFO - [2023-02-24 10:53:07,896] {dagbag.py:507} INFO - Filling up the DagBag from /home/alura/Documents/Medalhas/venv/lib/python3.9/site-packages/airflow/example_dags/example_trigger_target_dag.py
[2023-02-24 10:53:07,905] {processor.py:651} INFO - DAG(s) dict_keys(['example_trigger_target_dag']) retrieved from /home/alura/Documents/Medalhas/venv/lib/python3.9/site-packages/airflow/example_dags/example_trigger_target_dag.py
[2023-02-24 10:53:07,913] {logging_mixin.py:115} INFO - [2023-02-24 10:53:07,913] {dag.py:2379} INFO - Sync 1 DAGs
[2023-02-24 10:53:07,921] {logging_mixin.py:115} INFO - [2023-02-24 10:53:07,921] {dag.py:2927} INFO - Setting next_dagrun for example_trigger_target_dag to None, run_after=None
[2023-02-24 10:53:07,928] {processor.py:161} INFO - Processing /home/alura/Documents/Medalhas/venv/lib/python3.9/site-packages/airflow/example_dags/example_trigger_target_dag.py took 0.034 seconds
[2023-02-24 10:53:41,842] {processor.py:153} INFO - Started process (PID=8664) to work on /home/alura/Documents/Medalhas/venv/lib/python3.9/site-packages/airflow/example_dags/example_trigger_target_dag.py
[2023-02-24 10:53:41,842] {processor.py:641} INFO - Processing file /home/alura/Documents/Medalhas/venv/lib/python3.9/site-packages/airflow/example_dags/example_trigger_target_dag.py for tasks to queue
[2023-02-24 10:53:41,843] {logging_mixin.py:115} INFO - [2023-02-24 10:53:41,842] {dagbag.py:507} INFO - Filling up the DagBag from /home/alura/Documents/Medalhas/venv/lib/python3.9/site-packages/airflow/example_dags/example_trigger_target_dag.py
[2023-02-24 10:53:41,851] {processor.py:651} INFO - DAG(s) dict_keys(['example_trigger_target_dag']) retrieved from /home/alura/Documents/Medalhas/venv/lib/python3.9/site-packages/airflow/example_dags/example_trigger_target_dag.py
[2023-02-24 10:53:41,859] {logging_mixin.py:115} INFO - [2023-02-24 10:53:41,859] {dag.py:2379} INFO - Sync 1 DAGs
[2023-02-24 10:53:41,867] {logging_mixin.py:115} INFO - [2023-02-24 10:53:41,867] {dag.py:2927} INFO - Setting next_dagrun for example_trigger_target_dag to None, run_after=None
[2023-02-24 10:53:41,874] {processor.py:161} INFO - Processing /home/alura/Documents/Medalhas/venv/lib/python3.9/site-packages/airflow/example_dags/example_trigger_target_dag.py took 0.034 seconds
[2023-02-24 10:54:16,627] {processor.py:153} INFO - Started process (PID=8926) to work on /home/alura/Documents/Medalhas/venv/lib/python3.9/site-packages/airflow/example_dags/example_trigger_target_dag.py
[2023-02-24 10:54:16,627] {processor.py:641} INFO - Processing file /home/alura/Documents/Medalhas/venv/lib/python3.9/site-packages/airflow/example_dags/example_trigger_target_dag.py for tasks to queue
[2023-02-24 10:54:16,628] {logging_mixin.py:115} INFO - [2023-02-24 10:54:16,628] {dagbag.py:507} INFO - Filling up the DagBag from /home/alura/Documents/Medalhas/venv/lib/python3.9/site-packages/airflow/example_dags/example_trigger_target_dag.py
[2023-02-24 10:54:16,636] {processor.py:651} INFO - DAG(s) dict_keys(['example_trigger_target_dag']) retrieved from /home/alura/Documents/Medalhas/venv/lib/python3.9/site-packages/airflow/example_dags/example_trigger_target_dag.py
[2023-02-24 10:54:16,643] {logging_mixin.py:115} INFO - [2023-02-24 10:54:16,643] {dag.py:2379} INFO - Sync 1 DAGs
[2023-02-24 10:54:16,652] {logging_mixin.py:115} INFO - [2023-02-24 10:54:16,652] {dag.py:2927} INFO - Setting next_dagrun for example_trigger_target_dag to None, run_after=None
[2023-02-24 10:54:16,658] {processor.py:161} INFO - Processing /home/alura/Documents/Medalhas/venv/lib/python3.9/site-packages/airflow/example_dags/example_trigger_target_dag.py took 0.033 seconds
[2023-02-24 10:54:50,246] {processor.py:153} INFO - Started process (PID=9096) to work on /home/alura/Documents/Medalhas/venv/lib/python3.9/site-packages/airflow/example_dags/example_trigger_target_dag.py
[2023-02-24 10:54:50,247] {processor.py:641} INFO - Processing file /home/alura/Documents/Medalhas/venv/lib/python3.9/site-packages/airflow/example_dags/example_trigger_target_dag.py for tasks to queue
[2023-02-24 10:54:50,247] {logging_mixin.py:115} INFO - [2023-02-24 10:54:50,247] {dagbag.py:507} INFO - Filling up the DagBag from /home/alura/Documents/Medalhas/venv/lib/python3.9/site-packages/airflow/example_dags/example_trigger_target_dag.py
[2023-02-24 10:54:50,256] {processor.py:651} INFO - DAG(s) dict_keys(['example_trigger_target_dag']) retrieved from /home/alura/Documents/Medalhas/venv/lib/python3.9/site-packages/airflow/example_dags/example_trigger_target_dag.py
[2023-02-24 10:54:50,265] {logging_mixin.py:115} INFO - [2023-02-24 10:54:50,265] {dag.py:2379} INFO - Sync 1 DAGs
[2023-02-24 10:54:50,274] {logging_mixin.py:115} INFO - [2023-02-24 10:54:50,274] {dag.py:2927} INFO - Setting next_dagrun for example_trigger_target_dag to None, run_after=None
[2023-02-24 10:54:50,282] {processor.py:161} INFO - Processing /home/alura/Documents/Medalhas/venv/lib/python3.9/site-packages/airflow/example_dags/example_trigger_target_dag.py took 0.037 seconds
[2023-02-24 10:55:25,911] {processor.py:153} INFO - Started process (PID=9282) to work on /home/alura/Documents/Medalhas/venv/lib/python3.9/site-packages/airflow/example_dags/example_trigger_target_dag.py
[2023-02-24 10:55:25,911] {processor.py:641} INFO - Processing file /home/alura/Documents/Medalhas/venv/lib/python3.9/site-packages/airflow/example_dags/example_trigger_target_dag.py for tasks to queue
[2023-02-24 10:55:25,912] {logging_mixin.py:115} INFO - [2023-02-24 10:55:25,912] {dagbag.py:507} INFO - Filling up the DagBag from /home/alura/Documents/Medalhas/venv/lib/python3.9/site-packages/airflow/example_dags/example_trigger_target_dag.py
[2023-02-24 10:55:25,920] {processor.py:651} INFO - DAG(s) dict_keys(['example_trigger_target_dag']) retrieved from /home/alura/Documents/Medalhas/venv/lib/python3.9/site-packages/airflow/example_dags/example_trigger_target_dag.py
[2023-02-24 10:55:25,928] {logging_mixin.py:115} INFO - [2023-02-24 10:55:25,928] {dag.py:2379} INFO - Sync 1 DAGs
[2023-02-24 10:55:25,937] {logging_mixin.py:115} INFO - [2023-02-24 10:55:25,936] {dag.py:2927} INFO - Setting next_dagrun for example_trigger_target_dag to None, run_after=None
[2023-02-24 10:55:25,947] {processor.py:161} INFO - Processing /home/alura/Documents/Medalhas/venv/lib/python3.9/site-packages/airflow/example_dags/example_trigger_target_dag.py took 0.038 seconds
[2023-02-24 10:56:02,045] {processor.py:153} INFO - Started process (PID=9468) to work on /home/alura/Documents/Medalhas/venv/lib/python3.9/site-packages/airflow/example_dags/example_trigger_target_dag.py
[2023-02-24 10:56:02,045] {processor.py:641} INFO - Processing file /home/alura/Documents/Medalhas/venv/lib/python3.9/site-packages/airflow/example_dags/example_trigger_target_dag.py for tasks to queue
[2023-02-24 10:56:02,046] {logging_mixin.py:115} INFO - [2023-02-24 10:56:02,045] {dagbag.py:507} INFO - Filling up the DagBag from /home/alura/Documents/Medalhas/venv/lib/python3.9/site-packages/airflow/example_dags/example_trigger_target_dag.py
[2023-02-24 10:56:02,054] {processor.py:651} INFO - DAG(s) dict_keys(['example_trigger_target_dag']) retrieved from /home/alura/Documents/Medalhas/venv/lib/python3.9/site-packages/airflow/example_dags/example_trigger_target_dag.py
[2023-02-24 10:56:02,061] {logging_mixin.py:115} INFO - [2023-02-24 10:56:02,061] {dag.py:2379} INFO - Sync 1 DAGs
[2023-02-24 10:56:02,069] {logging_mixin.py:115} INFO - [2023-02-24 10:56:02,069] {dag.py:2927} INFO - Setting next_dagrun for example_trigger_target_dag to None, run_after=None
[2023-02-24 10:56:02,076] {processor.py:161} INFO - Processing /home/alura/Documents/Medalhas/venv/lib/python3.9/site-packages/airflow/example_dags/example_trigger_target_dag.py took 0.033 seconds
[2023-02-24 10:56:33,957] {processor.py:153} INFO - Started process (PID=9635) to work on /home/alura/Documents/Medalhas/venv/lib/python3.9/site-packages/airflow/example_dags/example_trigger_target_dag.py
[2023-02-24 10:56:33,958] {processor.py:641} INFO - Processing file /home/alura/Documents/Medalhas/venv/lib/python3.9/site-packages/airflow/example_dags/example_trigger_target_dag.py for tasks to queue
[2023-02-24 10:56:33,958] {logging_mixin.py:115} INFO - [2023-02-24 10:56:33,958] {dagbag.py:507} INFO - Filling up the DagBag from /home/alura/Documents/Medalhas/venv/lib/python3.9/site-packages/airflow/example_dags/example_trigger_target_dag.py
[2023-02-24 10:56:33,966] {processor.py:651} INFO - DAG(s) dict_keys(['example_trigger_target_dag']) retrieved from /home/alura/Documents/Medalhas/venv/lib/python3.9/site-packages/airflow/example_dags/example_trigger_target_dag.py
[2023-02-24 10:56:33,974] {logging_mixin.py:115} INFO - [2023-02-24 10:56:33,974] {dag.py:2379} INFO - Sync 1 DAGs
[2023-02-24 10:56:33,983] {logging_mixin.py:115} INFO - [2023-02-24 10:56:33,983] {dag.py:2927} INFO - Setting next_dagrun for example_trigger_target_dag to None, run_after=None
[2023-02-24 10:56:33,990] {processor.py:161} INFO - Processing /home/alura/Documents/Medalhas/venv/lib/python3.9/site-packages/airflow/example_dags/example_trigger_target_dag.py took 0.034 seconds
[2023-02-24 10:57:09,883] {processor.py:153} INFO - Started process (PID=9819) to work on /home/alura/Documents/Medalhas/venv/lib/python3.9/site-packages/airflow/example_dags/example_trigger_target_dag.py
[2023-02-24 10:57:09,883] {processor.py:641} INFO - Processing file /home/alura/Documents/Medalhas/venv/lib/python3.9/site-packages/airflow/example_dags/example_trigger_target_dag.py for tasks to queue
[2023-02-24 10:57:09,884] {logging_mixin.py:115} INFO - [2023-02-24 10:57:09,884] {dagbag.py:507} INFO - Filling up the DagBag from /home/alura/Documents/Medalhas/venv/lib/python3.9/site-packages/airflow/example_dags/example_trigger_target_dag.py
[2023-02-24 10:57:09,892] {processor.py:651} INFO - DAG(s) dict_keys(['example_trigger_target_dag']) retrieved from /home/alura/Documents/Medalhas/venv/lib/python3.9/site-packages/airflow/example_dags/example_trigger_target_dag.py
[2023-02-24 10:57:09,899] {logging_mixin.py:115} INFO - [2023-02-24 10:57:09,899] {dag.py:2379} INFO - Sync 1 DAGs
[2023-02-24 10:57:09,907] {logging_mixin.py:115} INFO - [2023-02-24 10:57:09,907] {dag.py:2927} INFO - Setting next_dagrun for example_trigger_target_dag to None, run_after=None
[2023-02-24 10:57:09,914] {processor.py:161} INFO - Processing /home/alura/Documents/Medalhas/venv/lib/python3.9/site-packages/airflow/example_dags/example_trigger_target_dag.py took 0.033 seconds
[2023-02-24 10:57:43,222] {processor.py:153} INFO - Started process (PID=9993) to work on /home/alura/Documents/Medalhas/venv/lib/python3.9/site-packages/airflow/example_dags/example_trigger_target_dag.py
[2023-02-24 10:57:43,223] {processor.py:641} INFO - Processing file /home/alura/Documents/Medalhas/venv/lib/python3.9/site-packages/airflow/example_dags/example_trigger_target_dag.py for tasks to queue
[2023-02-24 10:57:43,223] {logging_mixin.py:115} INFO - [2023-02-24 10:57:43,223] {dagbag.py:507} INFO - Filling up the DagBag from /home/alura/Documents/Medalhas/venv/lib/python3.9/site-packages/airflow/example_dags/example_trigger_target_dag.py
[2023-02-24 10:57:43,231] {processor.py:651} INFO - DAG(s) dict_keys(['example_trigger_target_dag']) retrieved from /home/alura/Documents/Medalhas/venv/lib/python3.9/site-packages/airflow/example_dags/example_trigger_target_dag.py
[2023-02-24 10:57:43,239] {logging_mixin.py:115} INFO - [2023-02-24 10:57:43,239] {dag.py:2379} INFO - Sync 1 DAGs
[2023-02-24 10:57:43,248] {logging_mixin.py:115} INFO - [2023-02-24 10:57:43,248] {dag.py:2927} INFO - Setting next_dagrun for example_trigger_target_dag to None, run_after=None
[2023-02-24 10:57:43,254] {processor.py:161} INFO - Processing /home/alura/Documents/Medalhas/venv/lib/python3.9/site-packages/airflow/example_dags/example_trigger_target_dag.py took 0.034 seconds
[2023-02-24 10:58:16,583] {processor.py:153} INFO - Started process (PID=10168) to work on /home/alura/Documents/Medalhas/venv/lib/python3.9/site-packages/airflow/example_dags/example_trigger_target_dag.py
[2023-02-24 10:58:16,583] {processor.py:641} INFO - Processing file /home/alura/Documents/Medalhas/venv/lib/python3.9/site-packages/airflow/example_dags/example_trigger_target_dag.py for tasks to queue
[2023-02-24 10:58:16,584] {logging_mixin.py:115} INFO - [2023-02-24 10:58:16,584] {dagbag.py:507} INFO - Filling up the DagBag from /home/alura/Documents/Medalhas/venv/lib/python3.9/site-packages/airflow/example_dags/example_trigger_target_dag.py
[2023-02-24 10:58:16,592] {processor.py:651} INFO - DAG(s) dict_keys(['example_trigger_target_dag']) retrieved from /home/alura/Documents/Medalhas/venv/lib/python3.9/site-packages/airflow/example_dags/example_trigger_target_dag.py
[2023-02-24 10:58:16,599] {logging_mixin.py:115} INFO - [2023-02-24 10:58:16,599] {dag.py:2379} INFO - Sync 1 DAGs
[2023-02-24 10:58:16,607] {logging_mixin.py:115} INFO - [2023-02-24 10:58:16,607] {dag.py:2927} INFO - Setting next_dagrun for example_trigger_target_dag to None, run_after=None
[2023-02-24 10:58:16,614] {processor.py:161} INFO - Processing /home/alura/Documents/Medalhas/venv/lib/python3.9/site-packages/airflow/example_dags/example_trigger_target_dag.py took 0.033 seconds
[2023-02-24 10:58:51,820] {processor.py:153} INFO - Started process (PID=10351) to work on /home/alura/Documents/Medalhas/venv/lib/python3.9/site-packages/airflow/example_dags/example_trigger_target_dag.py
[2023-02-24 10:58:51,820] {processor.py:641} INFO - Processing file /home/alura/Documents/Medalhas/venv/lib/python3.9/site-packages/airflow/example_dags/example_trigger_target_dag.py for tasks to queue
[2023-02-24 10:58:51,820] {logging_mixin.py:115} INFO - [2023-02-24 10:58:51,820] {dagbag.py:507} INFO - Filling up the DagBag from /home/alura/Documents/Medalhas/venv/lib/python3.9/site-packages/airflow/example_dags/example_trigger_target_dag.py
[2023-02-24 10:58:51,829] {processor.py:651} INFO - DAG(s) dict_keys(['example_trigger_target_dag']) retrieved from /home/alura/Documents/Medalhas/venv/lib/python3.9/site-packages/airflow/example_dags/example_trigger_target_dag.py
[2023-02-24 10:58:51,836] {logging_mixin.py:115} INFO - [2023-02-24 10:58:51,836] {dag.py:2379} INFO - Sync 1 DAGs
[2023-02-24 10:58:51,845] {logging_mixin.py:115} INFO - [2023-02-24 10:58:51,845] {dag.py:2927} INFO - Setting next_dagrun for example_trigger_target_dag to None, run_after=None
[2023-02-24 10:58:51,851] {processor.py:161} INFO - Processing /home/alura/Documents/Medalhas/venv/lib/python3.9/site-packages/airflow/example_dags/example_trigger_target_dag.py took 0.033 seconds
[2023-02-24 10:59:24,323] {processor.py:153} INFO - Started process (PID=10519) to work on /home/alura/Documents/Medalhas/venv/lib/python3.9/site-packages/airflow/example_dags/example_trigger_target_dag.py
[2023-02-24 10:59:24,323] {processor.py:641} INFO - Processing file /home/alura/Documents/Medalhas/venv/lib/python3.9/site-packages/airflow/example_dags/example_trigger_target_dag.py for tasks to queue
[2023-02-24 10:59:24,323] {logging_mixin.py:115} INFO - [2023-02-24 10:59:24,323] {dagbag.py:507} INFO - Filling up the DagBag from /home/alura/Documents/Medalhas/venv/lib/python3.9/site-packages/airflow/example_dags/example_trigger_target_dag.py
[2023-02-24 10:59:24,332] {processor.py:651} INFO - DAG(s) dict_keys(['example_trigger_target_dag']) retrieved from /home/alura/Documents/Medalhas/venv/lib/python3.9/site-packages/airflow/example_dags/example_trigger_target_dag.py
[2023-02-24 10:59:24,340] {logging_mixin.py:115} INFO - [2023-02-24 10:59:24,340] {dag.py:2379} INFO - Sync 1 DAGs
[2023-02-24 10:59:24,349] {logging_mixin.py:115} INFO - [2023-02-24 10:59:24,349] {dag.py:2927} INFO - Setting next_dagrun for example_trigger_target_dag to None, run_after=None
[2023-02-24 10:59:24,357] {processor.py:161} INFO - Processing /home/alura/Documents/Medalhas/venv/lib/python3.9/site-packages/airflow/example_dags/example_trigger_target_dag.py took 0.036 seconds
[2023-02-24 10:59:56,827] {processor.py:153} INFO - Started process (PID=10689) to work on /home/alura/Documents/Medalhas/venv/lib/python3.9/site-packages/airflow/example_dags/example_trigger_target_dag.py
[2023-02-24 10:59:56,827] {processor.py:641} INFO - Processing file /home/alura/Documents/Medalhas/venv/lib/python3.9/site-packages/airflow/example_dags/example_trigger_target_dag.py for tasks to queue
[2023-02-24 10:59:56,827] {logging_mixin.py:115} INFO - [2023-02-24 10:59:56,827] {dagbag.py:507} INFO - Filling up the DagBag from /home/alura/Documents/Medalhas/venv/lib/python3.9/site-packages/airflow/example_dags/example_trigger_target_dag.py
[2023-02-24 10:59:56,835] {processor.py:651} INFO - DAG(s) dict_keys(['example_trigger_target_dag']) retrieved from /home/alura/Documents/Medalhas/venv/lib/python3.9/site-packages/airflow/example_dags/example_trigger_target_dag.py
[2023-02-24 10:59:56,843] {logging_mixin.py:115} INFO - [2023-02-24 10:59:56,843] {dag.py:2379} INFO - Sync 1 DAGs
[2023-02-24 10:59:56,851] {logging_mixin.py:115} INFO - [2023-02-24 10:59:56,851] {dag.py:2927} INFO - Setting next_dagrun for example_trigger_target_dag to None, run_after=None
[2023-02-24 10:59:56,858] {processor.py:161} INFO - Processing /home/alura/Documents/Medalhas/venv/lib/python3.9/site-packages/airflow/example_dags/example_trigger_target_dag.py took 0.033 seconds
[2023-02-24 11:00:30,992] {processor.py:153} INFO - Started process (PID=10867) to work on /home/alura/Documents/Medalhas/venv/lib/python3.9/site-packages/airflow/example_dags/example_trigger_target_dag.py
[2023-02-24 11:00:30,993] {processor.py:641} INFO - Processing file /home/alura/Documents/Medalhas/venv/lib/python3.9/site-packages/airflow/example_dags/example_trigger_target_dag.py for tasks to queue
[2023-02-24 11:00:30,993] {logging_mixin.py:115} INFO - [2023-02-24 11:00:30,993] {dagbag.py:507} INFO - Filling up the DagBag from /home/alura/Documents/Medalhas/venv/lib/python3.9/site-packages/airflow/example_dags/example_trigger_target_dag.py
[2023-02-24 11:00:31,001] {processor.py:651} INFO - DAG(s) dict_keys(['example_trigger_target_dag']) retrieved from /home/alura/Documents/Medalhas/venv/lib/python3.9/site-packages/airflow/example_dags/example_trigger_target_dag.py
[2023-02-24 11:00:31,009] {logging_mixin.py:115} INFO - [2023-02-24 11:00:31,009] {dag.py:2379} INFO - Sync 1 DAGs
[2023-02-24 11:00:31,017] {logging_mixin.py:115} INFO - [2023-02-24 11:00:31,017] {dag.py:2927} INFO - Setting next_dagrun for example_trigger_target_dag to None, run_after=None
[2023-02-24 11:00:31,024] {processor.py:161} INFO - Processing /home/alura/Documents/Medalhas/venv/lib/python3.9/site-packages/airflow/example_dags/example_trigger_target_dag.py took 0.033 seconds
[2023-02-24 11:01:09,009] {processor.py:153} INFO - Started process (PID=11078) to work on /home/alura/Documents/Medalhas/venv/lib/python3.9/site-packages/airflow/example_dags/example_trigger_target_dag.py
[2023-02-24 11:01:09,009] {processor.py:641} INFO - Processing file /home/alura/Documents/Medalhas/venv/lib/python3.9/site-packages/airflow/example_dags/example_trigger_target_dag.py for tasks to queue
[2023-02-24 11:01:09,010] {logging_mixin.py:115} INFO - [2023-02-24 11:01:09,010] {dagbag.py:507} INFO - Filling up the DagBag from /home/alura/Documents/Medalhas/venv/lib/python3.9/site-packages/airflow/example_dags/example_trigger_target_dag.py
[2023-02-24 11:01:09,018] {processor.py:651} INFO - DAG(s) dict_keys(['example_trigger_target_dag']) retrieved from /home/alura/Documents/Medalhas/venv/lib/python3.9/site-packages/airflow/example_dags/example_trigger_target_dag.py
[2023-02-24 11:01:09,025] {logging_mixin.py:115} INFO - [2023-02-24 11:01:09,025] {dag.py:2379} INFO - Sync 1 DAGs
[2023-02-24 11:01:09,034] {logging_mixin.py:115} INFO - [2023-02-24 11:01:09,034] {dag.py:2927} INFO - Setting next_dagrun for example_trigger_target_dag to None, run_after=None
[2023-02-24 11:01:09,040] {processor.py:161} INFO - Processing /home/alura/Documents/Medalhas/venv/lib/python3.9/site-packages/airflow/example_dags/example_trigger_target_dag.py took 0.033 seconds
[2023-02-24 11:01:40,370] {processor.py:153} INFO - Started process (PID=11246) to work on /home/alura/Documents/Medalhas/venv/lib/python3.9/site-packages/airflow/example_dags/example_trigger_target_dag.py
[2023-02-24 11:01:40,371] {processor.py:641} INFO - Processing file /home/alura/Documents/Medalhas/venv/lib/python3.9/site-packages/airflow/example_dags/example_trigger_target_dag.py for tasks to queue
[2023-02-24 11:01:40,371] {logging_mixin.py:115} INFO - [2023-02-24 11:01:40,371] {dagbag.py:507} INFO - Filling up the DagBag from /home/alura/Documents/Medalhas/venv/lib/python3.9/site-packages/airflow/example_dags/example_trigger_target_dag.py
[2023-02-24 11:01:40,379] {processor.py:651} INFO - DAG(s) dict_keys(['example_trigger_target_dag']) retrieved from /home/alura/Documents/Medalhas/venv/lib/python3.9/site-packages/airflow/example_dags/example_trigger_target_dag.py
[2023-02-24 11:01:40,388] {logging_mixin.py:115} INFO - [2023-02-24 11:01:40,388] {dag.py:2379} INFO - Sync 1 DAGs
[2023-02-24 11:01:40,397] {logging_mixin.py:115} INFO - [2023-02-24 11:01:40,397] {dag.py:2927} INFO - Setting next_dagrun for example_trigger_target_dag to None, run_after=None
[2023-02-24 11:01:40,405] {processor.py:161} INFO - Processing /home/alura/Documents/Medalhas/venv/lib/python3.9/site-packages/airflow/example_dags/example_trigger_target_dag.py took 0.036 seconds
[2023-02-24 11:02:15,181] {processor.py:153} INFO - Started process (PID=11427) to work on /home/alura/Documents/Medalhas/venv/lib/python3.9/site-packages/airflow/example_dags/example_trigger_target_dag.py
[2023-02-24 11:02:15,183] {processor.py:641} INFO - Processing file /home/alura/Documents/Medalhas/venv/lib/python3.9/site-packages/airflow/example_dags/example_trigger_target_dag.py for tasks to queue
[2023-02-24 11:02:15,183] {logging_mixin.py:115} INFO - [2023-02-24 11:02:15,183] {dagbag.py:507} INFO - Filling up the DagBag from /home/alura/Documents/Medalhas/venv/lib/python3.9/site-packages/airflow/example_dags/example_trigger_target_dag.py
[2023-02-24 11:02:15,191] {processor.py:651} INFO - DAG(s) dict_keys(['example_trigger_target_dag']) retrieved from /home/alura/Documents/Medalhas/venv/lib/python3.9/site-packages/airflow/example_dags/example_trigger_target_dag.py
[2023-02-24 11:02:15,198] {logging_mixin.py:115} INFO - [2023-02-24 11:02:15,198] {dag.py:2379} INFO - Sync 1 DAGs
[2023-02-24 11:02:15,207] {logging_mixin.py:115} INFO - [2023-02-24 11:02:15,207] {dag.py:2927} INFO - Setting next_dagrun for example_trigger_target_dag to None, run_after=None
[2023-02-24 11:02:15,213] {processor.py:161} INFO - Processing /home/alura/Documents/Medalhas/venv/lib/python3.9/site-packages/airflow/example_dags/example_trigger_target_dag.py took 0.033 seconds
[2023-02-24 11:02:50,418] {processor.py:153} INFO - Started process (PID=11607) to work on /home/alura/Documents/Medalhas/venv/lib/python3.9/site-packages/airflow/example_dags/example_trigger_target_dag.py
[2023-02-24 11:02:50,418] {processor.py:641} INFO - Processing file /home/alura/Documents/Medalhas/venv/lib/python3.9/site-packages/airflow/example_dags/example_trigger_target_dag.py for tasks to queue
[2023-02-24 11:02:50,418] {logging_mixin.py:115} INFO - [2023-02-24 11:02:50,418] {dagbag.py:507} INFO - Filling up the DagBag from /home/alura/Documents/Medalhas/venv/lib/python3.9/site-packages/airflow/example_dags/example_trigger_target_dag.py
[2023-02-24 11:02:50,426] {processor.py:651} INFO - DAG(s) dict_keys(['example_trigger_target_dag']) retrieved from /home/alura/Documents/Medalhas/venv/lib/python3.9/site-packages/airflow/example_dags/example_trigger_target_dag.py
[2023-02-24 11:02:50,434] {logging_mixin.py:115} INFO - [2023-02-24 11:02:50,434] {dag.py:2379} INFO - Sync 1 DAGs
[2023-02-24 11:02:50,443] {logging_mixin.py:115} INFO - [2023-02-24 11:02:50,442] {dag.py:2927} INFO - Setting next_dagrun for example_trigger_target_dag to None, run_after=None
[2023-02-24 11:02:50,450] {processor.py:161} INFO - Processing /home/alura/Documents/Medalhas/venv/lib/python3.9/site-packages/airflow/example_dags/example_trigger_target_dag.py took 0.034 seconds
[2023-02-24 11:03:26,073] {processor.py:153} INFO - Started process (PID=11796) to work on /home/alura/Documents/Medalhas/venv/lib/python3.9/site-packages/airflow/example_dags/example_trigger_target_dag.py
[2023-02-24 11:03:26,074] {processor.py:641} INFO - Processing file /home/alura/Documents/Medalhas/venv/lib/python3.9/site-packages/airflow/example_dags/example_trigger_target_dag.py for tasks to queue
[2023-02-24 11:03:26,075] {logging_mixin.py:115} INFO - [2023-02-24 11:03:26,075] {dagbag.py:507} INFO - Filling up the DagBag from /home/alura/Documents/Medalhas/venv/lib/python3.9/site-packages/airflow/example_dags/example_trigger_target_dag.py
[2023-02-24 11:03:26,083] {processor.py:651} INFO - DAG(s) dict_keys(['example_trigger_target_dag']) retrieved from /home/alura/Documents/Medalhas/venv/lib/python3.9/site-packages/airflow/example_dags/example_trigger_target_dag.py
[2023-02-24 11:03:26,092] {logging_mixin.py:115} INFO - [2023-02-24 11:03:26,092] {dag.py:2379} INFO - Sync 1 DAGs
[2023-02-24 11:03:26,102] {logging_mixin.py:115} INFO - [2023-02-24 11:03:26,102] {dag.py:2927} INFO - Setting next_dagrun for example_trigger_target_dag to None, run_after=None
[2023-02-24 11:03:26,109] {processor.py:161} INFO - Processing /home/alura/Documents/Medalhas/venv/lib/python3.9/site-packages/airflow/example_dags/example_trigger_target_dag.py took 0.037 seconds
[2023-02-24 11:04:01,131] {processor.py:153} INFO - Started process (PID=12054) to work on /home/alura/Documents/Medalhas/venv/lib/python3.9/site-packages/airflow/example_dags/example_trigger_target_dag.py
[2023-02-24 11:04:01,131] {processor.py:641} INFO - Processing file /home/alura/Documents/Medalhas/venv/lib/python3.9/site-packages/airflow/example_dags/example_trigger_target_dag.py for tasks to queue
[2023-02-24 11:04:01,131] {logging_mixin.py:115} INFO - [2023-02-24 11:04:01,131] {dagbag.py:507} INFO - Filling up the DagBag from /home/alura/Documents/Medalhas/venv/lib/python3.9/site-packages/airflow/example_dags/example_trigger_target_dag.py
[2023-02-24 11:04:01,140] {processor.py:651} INFO - DAG(s) dict_keys(['example_trigger_target_dag']) retrieved from /home/alura/Documents/Medalhas/venv/lib/python3.9/site-packages/airflow/example_dags/example_trigger_target_dag.py
[2023-02-24 11:04:01,149] {logging_mixin.py:115} INFO - [2023-02-24 11:04:01,149] {dag.py:2379} INFO - Sync 1 DAGs
[2023-02-24 11:04:01,159] {logging_mixin.py:115} INFO - [2023-02-24 11:04:01,159] {dag.py:2927} INFO - Setting next_dagrun for example_trigger_target_dag to None, run_after=None
[2023-02-24 11:04:01,166] {processor.py:161} INFO - Processing /home/alura/Documents/Medalhas/venv/lib/python3.9/site-packages/airflow/example_dags/example_trigger_target_dag.py took 0.037 seconds
[2023-02-24 11:04:36,775] {processor.py:153} INFO - Started process (PID=12270) to work on /home/alura/Documents/Medalhas/venv/lib/python3.9/site-packages/airflow/example_dags/example_trigger_target_dag.py
[2023-02-24 11:04:36,776] {processor.py:641} INFO - Processing file /home/alura/Documents/Medalhas/venv/lib/python3.9/site-packages/airflow/example_dags/example_trigger_target_dag.py for tasks to queue
[2023-02-24 11:04:36,776] {logging_mixin.py:115} INFO - [2023-02-24 11:04:36,776] {dagbag.py:507} INFO - Filling up the DagBag from /home/alura/Documents/Medalhas/venv/lib/python3.9/site-packages/airflow/example_dags/example_trigger_target_dag.py
[2023-02-24 11:04:36,788] {processor.py:651} INFO - DAG(s) dict_keys(['example_trigger_target_dag']) retrieved from /home/alura/Documents/Medalhas/venv/lib/python3.9/site-packages/airflow/example_dags/example_trigger_target_dag.py
[2023-02-24 11:04:36,797] {logging_mixin.py:115} INFO - [2023-02-24 11:04:36,797] {dag.py:2379} INFO - Sync 1 DAGs
[2023-02-24 11:04:36,809] {logging_mixin.py:115} INFO - [2023-02-24 11:04:36,808] {dag.py:2927} INFO - Setting next_dagrun for example_trigger_target_dag to None, run_after=None
[2023-02-24 11:04:36,815] {processor.py:161} INFO - Processing /home/alura/Documents/Medalhas/venv/lib/python3.9/site-packages/airflow/example_dags/example_trigger_target_dag.py took 0.041 seconds
[2023-02-24 11:05:10,686] {processor.py:153} INFO - Started process (PID=12473) to work on /home/alura/Documents/Medalhas/venv/lib/python3.9/site-packages/airflow/example_dags/example_trigger_target_dag.py
[2023-02-24 11:05:10,687] {processor.py:641} INFO - Processing file /home/alura/Documents/Medalhas/venv/lib/python3.9/site-packages/airflow/example_dags/example_trigger_target_dag.py for tasks to queue
[2023-02-24 11:05:10,687] {logging_mixin.py:115} INFO - [2023-02-24 11:05:10,687] {dagbag.py:507} INFO - Filling up the DagBag from /home/alura/Documents/Medalhas/venv/lib/python3.9/site-packages/airflow/example_dags/example_trigger_target_dag.py
[2023-02-24 11:05:10,697] {processor.py:651} INFO - DAG(s) dict_keys(['example_trigger_target_dag']) retrieved from /home/alura/Documents/Medalhas/venv/lib/python3.9/site-packages/airflow/example_dags/example_trigger_target_dag.py
[2023-02-24 11:05:10,705] {logging_mixin.py:115} INFO - [2023-02-24 11:05:10,705] {dag.py:2379} INFO - Sync 1 DAGs
[2023-02-24 11:05:10,715] {logging_mixin.py:115} INFO - [2023-02-24 11:05:10,715] {dag.py:2927} INFO - Setting next_dagrun for example_trigger_target_dag to None, run_after=None
[2023-02-24 11:05:10,722] {processor.py:161} INFO - Processing /home/alura/Documents/Medalhas/venv/lib/python3.9/site-packages/airflow/example_dags/example_trigger_target_dag.py took 0.038 seconds
