[2023-02-24 10:47:16,129] {processor.py:153} INFO - Started process (PID=5804) to work on /home/alura/Documents/Medalhas/venv/lib/python3.9/site-packages/airflow/example_dags/example_python_operator.py
[2023-02-24 10:47:16,129] {processor.py:641} INFO - Processing file /home/alura/Documents/Medalhas/venv/lib/python3.9/site-packages/airflow/example_dags/example_python_operator.py for tasks to queue
[2023-02-24 10:47:16,129] {logging_mixin.py:115} INFO - [2023-02-24 10:47:16,129] {dagbag.py:507} INFO - Filling up the DagBag from /home/alura/Documents/Medalhas/venv/lib/python3.9/site-packages/airflow/example_dags/example_python_operator.py
[2023-02-24 10:47:16,139] {logging_mixin.py:115} INFO - [2023-02-24 10:47:16,139] {example_python_operator.py:68} WARNING - The virtalenv_python example task requires virtualenv, please install it.
[2023-02-24 10:47:16,139] {processor.py:651} INFO - DAG(s) dict_keys(['example_python_operator']) retrieved from /home/alura/Documents/Medalhas/venv/lib/python3.9/site-packages/airflow/example_dags/example_python_operator.py
[2023-02-24 10:47:16,176] {logging_mixin.py:115} INFO - [2023-02-24 10:47:16,176] {manager.py:508} INFO - Created Permission View: can delete on DAG:example_python_operator
[2023-02-24 10:47:16,183] {logging_mixin.py:115} INFO - [2023-02-24 10:47:16,183] {manager.py:508} INFO - Created Permission View: can edit on DAG:example_python_operator
[2023-02-24 10:47:16,187] {logging_mixin.py:115} INFO - [2023-02-24 10:47:16,187] {manager.py:508} INFO - Created Permission View: can read on DAG:example_python_operator
[2023-02-24 10:47:16,187] {logging_mixin.py:115} INFO - [2023-02-24 10:47:16,187] {dag.py:2379} INFO - Sync 1 DAGs
[2023-02-24 10:47:16,192] {logging_mixin.py:115} INFO - [2023-02-24 10:47:16,192] {dag.py:2398} INFO - Creating ORM DAG for example_python_operator
[2023-02-24 10:47:16,196] {logging_mixin.py:115} INFO - [2023-02-24 10:47:16,196] {dag.py:2927} INFO - Setting next_dagrun for example_python_operator to None, run_after=None
[2023-02-24 10:47:16,206] {processor.py:161} INFO - Processing /home/alura/Documents/Medalhas/venv/lib/python3.9/site-packages/airflow/example_dags/example_python_operator.py took 0.079 seconds
[2023-02-24 10:47:50,919] {processor.py:153} INFO - Started process (PID=6221) to work on /home/alura/Documents/Medalhas/venv/lib/python3.9/site-packages/airflow/example_dags/example_python_operator.py
[2023-02-24 10:47:50,920] {processor.py:641} INFO - Processing file /home/alura/Documents/Medalhas/venv/lib/python3.9/site-packages/airflow/example_dags/example_python_operator.py for tasks to queue
[2023-02-24 10:47:50,920] {logging_mixin.py:115} INFO - [2023-02-24 10:47:50,920] {dagbag.py:507} INFO - Filling up the DagBag from /home/alura/Documents/Medalhas/venv/lib/python3.9/site-packages/airflow/example_dags/example_python_operator.py
[2023-02-24 10:47:50,929] {logging_mixin.py:115} INFO - [2023-02-24 10:47:50,929] {example_python_operator.py:68} WARNING - The virtalenv_python example task requires virtualenv, please install it.
[2023-02-24 10:47:50,929] {processor.py:651} INFO - DAG(s) dict_keys(['example_python_operator']) retrieved from /home/alura/Documents/Medalhas/venv/lib/python3.9/site-packages/airflow/example_dags/example_python_operator.py
[2023-02-24 10:47:50,937] {logging_mixin.py:115} INFO - [2023-02-24 10:47:50,937] {dag.py:2379} INFO - Sync 1 DAGs
[2023-02-24 10:47:50,946] {logging_mixin.py:115} INFO - [2023-02-24 10:47:50,946] {dag.py:2927} INFO - Setting next_dagrun for example_python_operator to None, run_after=None
[2023-02-24 10:47:50,953] {processor.py:161} INFO - Processing /home/alura/Documents/Medalhas/venv/lib/python3.9/site-packages/airflow/example_dags/example_python_operator.py took 0.035 seconds
[2023-02-24 10:48:24,532] {processor.py:153} INFO - Started process (PID=6544) to work on /home/alura/Documents/Medalhas/venv/lib/python3.9/site-packages/airflow/example_dags/example_python_operator.py
[2023-02-24 10:48:24,533] {processor.py:641} INFO - Processing file /home/alura/Documents/Medalhas/venv/lib/python3.9/site-packages/airflow/example_dags/example_python_operator.py for tasks to queue
[2023-02-24 10:48:24,533] {logging_mixin.py:115} INFO - [2023-02-24 10:48:24,533] {dagbag.py:507} INFO - Filling up the DagBag from /home/alura/Documents/Medalhas/venv/lib/python3.9/site-packages/airflow/example_dags/example_python_operator.py
[2023-02-24 10:48:24,543] {logging_mixin.py:115} INFO - [2023-02-24 10:48:24,543] {example_python_operator.py:68} WARNING - The virtalenv_python example task requires virtualenv, please install it.
[2023-02-24 10:48:24,543] {processor.py:651} INFO - DAG(s) dict_keys(['example_python_operator']) retrieved from /home/alura/Documents/Medalhas/venv/lib/python3.9/site-packages/airflow/example_dags/example_python_operator.py
[2023-02-24 10:48:24,551] {logging_mixin.py:115} INFO - [2023-02-24 10:48:24,551] {dag.py:2379} INFO - Sync 1 DAGs
[2023-02-24 10:48:24,561] {logging_mixin.py:115} INFO - [2023-02-24 10:48:24,561] {dag.py:2927} INFO - Setting next_dagrun for example_python_operator to None, run_after=None
[2023-02-24 10:48:24,567] {processor.py:161} INFO - Processing /home/alura/Documents/Medalhas/venv/lib/python3.9/site-packages/airflow/example_dags/example_python_operator.py took 0.036 seconds
[2023-02-24 10:48:57,571] {processor.py:153} INFO - Started process (PID=6913) to work on /home/alura/Documents/Medalhas/venv/lib/python3.9/site-packages/airflow/example_dags/example_python_operator.py
[2023-02-24 10:48:57,572] {processor.py:641} INFO - Processing file /home/alura/Documents/Medalhas/venv/lib/python3.9/site-packages/airflow/example_dags/example_python_operator.py for tasks to queue
[2023-02-24 10:48:57,572] {logging_mixin.py:115} INFO - [2023-02-24 10:48:57,572] {dagbag.py:507} INFO - Filling up the DagBag from /home/alura/Documents/Medalhas/venv/lib/python3.9/site-packages/airflow/example_dags/example_python_operator.py
[2023-02-24 10:48:57,581] {logging_mixin.py:115} INFO - [2023-02-24 10:48:57,581] {example_python_operator.py:68} WARNING - The virtalenv_python example task requires virtualenv, please install it.
[2023-02-24 10:48:57,581] {processor.py:651} INFO - DAG(s) dict_keys(['example_python_operator']) retrieved from /home/alura/Documents/Medalhas/venv/lib/python3.9/site-packages/airflow/example_dags/example_python_operator.py
[2023-02-24 10:48:57,589] {logging_mixin.py:115} INFO - [2023-02-24 10:48:57,589] {dag.py:2379} INFO - Sync 1 DAGs
[2023-02-24 10:48:57,597] {logging_mixin.py:115} INFO - [2023-02-24 10:48:57,597] {dag.py:2927} INFO - Setting next_dagrun for example_python_operator to None, run_after=None
[2023-02-24 10:48:57,604] {processor.py:161} INFO - Processing /home/alura/Documents/Medalhas/venv/lib/python3.9/site-packages/airflow/example_dags/example_python_operator.py took 0.034 seconds
[2023-02-24 10:49:31,721] {processor.py:153} INFO - Started process (PID=7372) to work on /home/alura/Documents/Medalhas/venv/lib/python3.9/site-packages/airflow/example_dags/example_python_operator.py
[2023-02-24 10:49:31,721] {processor.py:641} INFO - Processing file /home/alura/Documents/Medalhas/venv/lib/python3.9/site-packages/airflow/example_dags/example_python_operator.py for tasks to queue
[2023-02-24 10:49:31,722] {logging_mixin.py:115} INFO - [2023-02-24 10:49:31,722] {dagbag.py:507} INFO - Filling up the DagBag from /home/alura/Documents/Medalhas/venv/lib/python3.9/site-packages/airflow/example_dags/example_python_operator.py
[2023-02-24 10:49:31,731] {logging_mixin.py:115} INFO - [2023-02-24 10:49:31,730] {example_python_operator.py:68} WARNING - The virtalenv_python example task requires virtualenv, please install it.
[2023-02-24 10:49:31,731] {processor.py:651} INFO - DAG(s) dict_keys(['example_python_operator']) retrieved from /home/alura/Documents/Medalhas/venv/lib/python3.9/site-packages/airflow/example_dags/example_python_operator.py
[2023-02-24 10:49:31,739] {logging_mixin.py:115} INFO - [2023-02-24 10:49:31,739] {dag.py:2379} INFO - Sync 1 DAGs
[2023-02-24 10:49:31,747] {logging_mixin.py:115} INFO - [2023-02-24 10:49:31,747] {dag.py:2927} INFO - Setting next_dagrun for example_python_operator to None, run_after=None
[2023-02-24 10:49:31,754] {processor.py:161} INFO - Processing /home/alura/Documents/Medalhas/venv/lib/python3.9/site-packages/airflow/example_dags/example_python_operator.py took 0.035 seconds
[2023-02-24 10:50:06,923] {processor.py:153} INFO - Started process (PID=7555) to work on /home/alura/Documents/Medalhas/venv/lib/python3.9/site-packages/airflow/example_dags/example_python_operator.py
[2023-02-24 10:50:06,924] {processor.py:641} INFO - Processing file /home/alura/Documents/Medalhas/venv/lib/python3.9/site-packages/airflow/example_dags/example_python_operator.py for tasks to queue
[2023-02-24 10:50:06,924] {logging_mixin.py:115} INFO - [2023-02-24 10:50:06,924] {dagbag.py:507} INFO - Filling up the DagBag from /home/alura/Documents/Medalhas/venv/lib/python3.9/site-packages/airflow/example_dags/example_python_operator.py
[2023-02-24 10:50:06,933] {logging_mixin.py:115} INFO - [2023-02-24 10:50:06,933] {example_python_operator.py:68} WARNING - The virtalenv_python example task requires virtualenv, please install it.
[2023-02-24 10:50:06,933] {processor.py:651} INFO - DAG(s) dict_keys(['example_python_operator']) retrieved from /home/alura/Documents/Medalhas/venv/lib/python3.9/site-packages/airflow/example_dags/example_python_operator.py
[2023-02-24 10:50:06,941] {logging_mixin.py:115} INFO - [2023-02-24 10:50:06,941] {dag.py:2379} INFO - Sync 1 DAGs
[2023-02-24 10:50:06,949] {logging_mixin.py:115} INFO - [2023-02-24 10:50:06,949] {dag.py:2927} INFO - Setting next_dagrun for example_python_operator to None, run_after=None
[2023-02-24 10:50:06,955] {processor.py:161} INFO - Processing /home/alura/Documents/Medalhas/venv/lib/python3.9/site-packages/airflow/example_dags/example_python_operator.py took 0.034 seconds
[2023-02-24 10:50:38,427] {processor.py:153} INFO - Started process (PID=7727) to work on /home/alura/Documents/Medalhas/venv/lib/python3.9/site-packages/airflow/example_dags/example_python_operator.py
[2023-02-24 10:50:38,427] {processor.py:641} INFO - Processing file /home/alura/Documents/Medalhas/venv/lib/python3.9/site-packages/airflow/example_dags/example_python_operator.py for tasks to queue
[2023-02-24 10:50:38,428] {logging_mixin.py:115} INFO - [2023-02-24 10:50:38,428] {dagbag.py:507} INFO - Filling up the DagBag from /home/alura/Documents/Medalhas/venv/lib/python3.9/site-packages/airflow/example_dags/example_python_operator.py
[2023-02-24 10:50:38,437] {logging_mixin.py:115} INFO - [2023-02-24 10:50:38,437] {example_python_operator.py:68} WARNING - The virtalenv_python example task requires virtualenv, please install it.
[2023-02-24 10:50:38,438] {processor.py:651} INFO - DAG(s) dict_keys(['example_python_operator']) retrieved from /home/alura/Documents/Medalhas/venv/lib/python3.9/site-packages/airflow/example_dags/example_python_operator.py
[2023-02-24 10:50:38,446] {logging_mixin.py:115} INFO - [2023-02-24 10:50:38,446] {dag.py:2379} INFO - Sync 1 DAGs
[2023-02-24 10:50:38,455] {logging_mixin.py:115} INFO - [2023-02-24 10:50:38,455] {dag.py:2927} INFO - Setting next_dagrun for example_python_operator to None, run_after=None
[2023-02-24 10:50:38,462] {processor.py:161} INFO - Processing /home/alura/Documents/Medalhas/venv/lib/python3.9/site-packages/airflow/example_dags/example_python_operator.py took 0.037 seconds
[2023-02-24 10:51:14,261] {processor.py:153} INFO - Started process (PID=7910) to work on /home/alura/Documents/Medalhas/venv/lib/python3.9/site-packages/airflow/example_dags/example_python_operator.py
[2023-02-24 10:51:14,262] {processor.py:641} INFO - Processing file /home/alura/Documents/Medalhas/venv/lib/python3.9/site-packages/airflow/example_dags/example_python_operator.py for tasks to queue
[2023-02-24 10:51:14,262] {logging_mixin.py:115} INFO - [2023-02-24 10:51:14,262] {dagbag.py:507} INFO - Filling up the DagBag from /home/alura/Documents/Medalhas/venv/lib/python3.9/site-packages/airflow/example_dags/example_python_operator.py
[2023-02-24 10:51:14,271] {logging_mixin.py:115} INFO - [2023-02-24 10:51:14,271] {example_python_operator.py:68} WARNING - The virtalenv_python example task requires virtualenv, please install it.
[2023-02-24 10:51:14,271] {processor.py:651} INFO - DAG(s) dict_keys(['example_python_operator']) retrieved from /home/alura/Documents/Medalhas/venv/lib/python3.9/site-packages/airflow/example_dags/example_python_operator.py
[2023-02-24 10:51:14,279] {logging_mixin.py:115} INFO - [2023-02-24 10:51:14,279] {dag.py:2379} INFO - Sync 1 DAGs
[2023-02-24 10:51:14,287] {logging_mixin.py:115} INFO - [2023-02-24 10:51:14,287] {dag.py:2927} INFO - Setting next_dagrun for example_python_operator to None, run_after=None
[2023-02-24 10:51:14,294] {processor.py:161} INFO - Processing /home/alura/Documents/Medalhas/venv/lib/python3.9/site-packages/airflow/example_dags/example_python_operator.py took 0.034 seconds
[2023-02-24 10:51:45,668] {processor.py:153} INFO - Started process (PID=8079) to work on /home/alura/Documents/Medalhas/venv/lib/python3.9/site-packages/airflow/example_dags/example_python_operator.py
[2023-02-24 10:51:45,669] {processor.py:641} INFO - Processing file /home/alura/Documents/Medalhas/venv/lib/python3.9/site-packages/airflow/example_dags/example_python_operator.py for tasks to queue
[2023-02-24 10:51:45,669] {logging_mixin.py:115} INFO - [2023-02-24 10:51:45,669] {dagbag.py:507} INFO - Filling up the DagBag from /home/alura/Documents/Medalhas/venv/lib/python3.9/site-packages/airflow/example_dags/example_python_operator.py
[2023-02-24 10:51:45,678] {logging_mixin.py:115} INFO - [2023-02-24 10:51:45,678] {example_python_operator.py:68} WARNING - The virtalenv_python example task requires virtualenv, please install it.
[2023-02-24 10:51:45,678] {processor.py:651} INFO - DAG(s) dict_keys(['example_python_operator']) retrieved from /home/alura/Documents/Medalhas/venv/lib/python3.9/site-packages/airflow/example_dags/example_python_operator.py
[2023-02-24 10:51:45,686] {logging_mixin.py:115} INFO - [2023-02-24 10:51:45,686] {dag.py:2379} INFO - Sync 1 DAGs
[2023-02-24 10:51:45,694] {logging_mixin.py:115} INFO - [2023-02-24 10:51:45,694] {dag.py:2927} INFO - Setting next_dagrun for example_python_operator to None, run_after=None
[2023-02-24 10:51:45,700] {processor.py:161} INFO - Processing /home/alura/Documents/Medalhas/venv/lib/python3.9/site-packages/airflow/example_dags/example_python_operator.py took 0.034 seconds
[2023-02-24 10:52:18,399] {processor.py:153} INFO - Started process (PID=8245) to work on /home/alura/Documents/Medalhas/venv/lib/python3.9/site-packages/airflow/example_dags/example_python_operator.py
[2023-02-24 10:52:18,399] {processor.py:641} INFO - Processing file /home/alura/Documents/Medalhas/venv/lib/python3.9/site-packages/airflow/example_dags/example_python_operator.py for tasks to queue
[2023-02-24 10:52:18,399] {logging_mixin.py:115} INFO - [2023-02-24 10:52:18,399] {dagbag.py:507} INFO - Filling up the DagBag from /home/alura/Documents/Medalhas/venv/lib/python3.9/site-packages/airflow/example_dags/example_python_operator.py
[2023-02-24 10:52:18,408] {logging_mixin.py:115} INFO - [2023-02-24 10:52:18,408] {example_python_operator.py:68} WARNING - The virtalenv_python example task requires virtualenv, please install it.
[2023-02-24 10:52:18,409] {processor.py:651} INFO - DAG(s) dict_keys(['example_python_operator']) retrieved from /home/alura/Documents/Medalhas/venv/lib/python3.9/site-packages/airflow/example_dags/example_python_operator.py
[2023-02-24 10:52:18,416] {logging_mixin.py:115} INFO - [2023-02-24 10:52:18,416] {dag.py:2379} INFO - Sync 1 DAGs
[2023-02-24 10:52:18,426] {logging_mixin.py:115} INFO - [2023-02-24 10:52:18,425] {dag.py:2927} INFO - Setting next_dagrun for example_python_operator to None, run_after=None
[2023-02-24 10:52:18,431] {processor.py:161} INFO - Processing /home/alura/Documents/Medalhas/venv/lib/python3.9/site-packages/airflow/example_dags/example_python_operator.py took 0.034 seconds
[2023-02-24 10:52:51,290] {processor.py:153} INFO - Started process (PID=8414) to work on /home/alura/Documents/Medalhas/venv/lib/python3.9/site-packages/airflow/example_dags/example_python_operator.py
[2023-02-24 10:52:51,291] {processor.py:641} INFO - Processing file /home/alura/Documents/Medalhas/venv/lib/python3.9/site-packages/airflow/example_dags/example_python_operator.py for tasks to queue
[2023-02-24 10:52:51,291] {logging_mixin.py:115} INFO - [2023-02-24 10:52:51,291] {dagbag.py:507} INFO - Filling up the DagBag from /home/alura/Documents/Medalhas/venv/lib/python3.9/site-packages/airflow/example_dags/example_python_operator.py
[2023-02-24 10:52:51,301] {logging_mixin.py:115} INFO - [2023-02-24 10:52:51,301] {example_python_operator.py:68} WARNING - The virtalenv_python example task requires virtualenv, please install it.
[2023-02-24 10:52:51,301] {processor.py:651} INFO - DAG(s) dict_keys(['example_python_operator']) retrieved from /home/alura/Documents/Medalhas/venv/lib/python3.9/site-packages/airflow/example_dags/example_python_operator.py
[2023-02-24 10:52:51,309] {logging_mixin.py:115} INFO - [2023-02-24 10:52:51,309] {dag.py:2379} INFO - Sync 1 DAGs
[2023-02-24 10:52:51,318] {logging_mixin.py:115} INFO - [2023-02-24 10:52:51,318] {dag.py:2927} INFO - Setting next_dagrun for example_python_operator to None, run_after=None
[2023-02-24 10:52:51,324] {processor.py:161} INFO - Processing /home/alura/Documents/Medalhas/venv/lib/python3.9/site-packages/airflow/example_dags/example_python_operator.py took 0.035 seconds
[2023-02-24 10:53:23,071] {processor.py:153} INFO - Started process (PID=8572) to work on /home/alura/Documents/Medalhas/venv/lib/python3.9/site-packages/airflow/example_dags/example_python_operator.py
[2023-02-24 10:53:23,071] {processor.py:641} INFO - Processing file /home/alura/Documents/Medalhas/venv/lib/python3.9/site-packages/airflow/example_dags/example_python_operator.py for tasks to queue
[2023-02-24 10:53:23,072] {logging_mixin.py:115} INFO - [2023-02-24 10:53:23,072] {dagbag.py:507} INFO - Filling up the DagBag from /home/alura/Documents/Medalhas/venv/lib/python3.9/site-packages/airflow/example_dags/example_python_operator.py
[2023-02-24 10:53:23,080] {logging_mixin.py:115} INFO - [2023-02-24 10:53:23,080] {example_python_operator.py:68} WARNING - The virtalenv_python example task requires virtualenv, please install it.
[2023-02-24 10:53:23,081] {processor.py:651} INFO - DAG(s) dict_keys(['example_python_operator']) retrieved from /home/alura/Documents/Medalhas/venv/lib/python3.9/site-packages/airflow/example_dags/example_python_operator.py
[2023-02-24 10:53:23,089] {logging_mixin.py:115} INFO - [2023-02-24 10:53:23,089] {dag.py:2379} INFO - Sync 1 DAGs
[2023-02-24 10:53:23,097] {logging_mixin.py:115} INFO - [2023-02-24 10:53:23,097] {dag.py:2927} INFO - Setting next_dagrun for example_python_operator to None, run_after=None
[2023-02-24 10:53:23,103] {processor.py:161} INFO - Processing /home/alura/Documents/Medalhas/venv/lib/python3.9/site-packages/airflow/example_dags/example_python_operator.py took 0.034 seconds
[2023-02-24 10:53:56,106] {processor.py:153} INFO - Started process (PID=8737) to work on /home/alura/Documents/Medalhas/venv/lib/python3.9/site-packages/airflow/example_dags/example_python_operator.py
[2023-02-24 10:53:56,107] {processor.py:641} INFO - Processing file /home/alura/Documents/Medalhas/venv/lib/python3.9/site-packages/airflow/example_dags/example_python_operator.py for tasks to queue
[2023-02-24 10:53:56,107] {logging_mixin.py:115} INFO - [2023-02-24 10:53:56,107] {dagbag.py:507} INFO - Filling up the DagBag from /home/alura/Documents/Medalhas/venv/lib/python3.9/site-packages/airflow/example_dags/example_python_operator.py
[2023-02-24 10:53:56,117] {logging_mixin.py:115} INFO - [2023-02-24 10:53:56,116] {example_python_operator.py:68} WARNING - The virtalenv_python example task requires virtualenv, please install it.
[2023-02-24 10:53:56,117] {processor.py:651} INFO - DAG(s) dict_keys(['example_python_operator']) retrieved from /home/alura/Documents/Medalhas/venv/lib/python3.9/site-packages/airflow/example_dags/example_python_operator.py
[2023-02-24 10:53:56,125] {logging_mixin.py:115} INFO - [2023-02-24 10:53:56,125] {dag.py:2379} INFO - Sync 1 DAGs
[2023-02-24 10:53:56,134] {logging_mixin.py:115} INFO - [2023-02-24 10:53:56,134] {dag.py:2927} INFO - Setting next_dagrun for example_python_operator to None, run_after=None
[2023-02-24 10:53:56,140] {processor.py:161} INFO - Processing /home/alura/Documents/Medalhas/venv/lib/python3.9/site-packages/airflow/example_dags/example_python_operator.py took 0.035 seconds
[2023-02-24 10:54:28,732] {processor.py:153} INFO - Started process (PID=8988) to work on /home/alura/Documents/Medalhas/venv/lib/python3.9/site-packages/airflow/example_dags/example_python_operator.py
[2023-02-24 10:54:28,734] {processor.py:641} INFO - Processing file /home/alura/Documents/Medalhas/venv/lib/python3.9/site-packages/airflow/example_dags/example_python_operator.py for tasks to queue
[2023-02-24 10:54:28,734] {logging_mixin.py:115} INFO - [2023-02-24 10:54:28,734] {dagbag.py:507} INFO - Filling up the DagBag from /home/alura/Documents/Medalhas/venv/lib/python3.9/site-packages/airflow/example_dags/example_python_operator.py
[2023-02-24 10:54:28,743] {logging_mixin.py:115} INFO - [2023-02-24 10:54:28,743] {example_python_operator.py:68} WARNING - The virtalenv_python example task requires virtualenv, please install it.
[2023-02-24 10:54:28,743] {processor.py:651} INFO - DAG(s) dict_keys(['example_python_operator']) retrieved from /home/alura/Documents/Medalhas/venv/lib/python3.9/site-packages/airflow/example_dags/example_python_operator.py
[2023-02-24 10:54:28,751] {logging_mixin.py:115} INFO - [2023-02-24 10:54:28,751] {dag.py:2379} INFO - Sync 1 DAGs
[2023-02-24 10:54:28,760] {logging_mixin.py:115} INFO - [2023-02-24 10:54:28,760] {dag.py:2927} INFO - Setting next_dagrun for example_python_operator to None, run_after=None
[2023-02-24 10:54:28,769] {processor.py:161} INFO - Processing /home/alura/Documents/Medalhas/venv/lib/python3.9/site-packages/airflow/example_dags/example_python_operator.py took 0.038 seconds
[2023-02-24 10:55:01,638] {processor.py:153} INFO - Started process (PID=9156) to work on /home/alura/Documents/Medalhas/venv/lib/python3.9/site-packages/airflow/example_dags/example_python_operator.py
[2023-02-24 10:55:01,639] {processor.py:641} INFO - Processing file /home/alura/Documents/Medalhas/venv/lib/python3.9/site-packages/airflow/example_dags/example_python_operator.py for tasks to queue
[2023-02-24 10:55:01,639] {logging_mixin.py:115} INFO - [2023-02-24 10:55:01,639] {dagbag.py:507} INFO - Filling up the DagBag from /home/alura/Documents/Medalhas/venv/lib/python3.9/site-packages/airflow/example_dags/example_python_operator.py
[2023-02-24 10:55:01,648] {logging_mixin.py:115} INFO - [2023-02-24 10:55:01,648] {example_python_operator.py:68} WARNING - The virtalenv_python example task requires virtualenv, please install it.
[2023-02-24 10:55:01,648] {processor.py:651} INFO - DAG(s) dict_keys(['example_python_operator']) retrieved from /home/alura/Documents/Medalhas/venv/lib/python3.9/site-packages/airflow/example_dags/example_python_operator.py
[2023-02-24 10:55:01,656] {logging_mixin.py:115} INFO - [2023-02-24 10:55:01,656] {dag.py:2379} INFO - Sync 1 DAGs
[2023-02-24 10:55:01,664] {logging_mixin.py:115} INFO - [2023-02-24 10:55:01,664] {dag.py:2927} INFO - Setting next_dagrun for example_python_operator to None, run_after=None
[2023-02-24 10:55:01,670] {processor.py:161} INFO - Processing /home/alura/Documents/Medalhas/venv/lib/python3.9/site-packages/airflow/example_dags/example_python_operator.py took 0.033 seconds
[2023-02-24 10:55:35,795] {processor.py:153} INFO - Started process (PID=9333) to work on /home/alura/Documents/Medalhas/venv/lib/python3.9/site-packages/airflow/example_dags/example_python_operator.py
[2023-02-24 10:55:35,796] {processor.py:641} INFO - Processing file /home/alura/Documents/Medalhas/venv/lib/python3.9/site-packages/airflow/example_dags/example_python_operator.py for tasks to queue
[2023-02-24 10:55:35,796] {logging_mixin.py:115} INFO - [2023-02-24 10:55:35,796] {dagbag.py:507} INFO - Filling up the DagBag from /home/alura/Documents/Medalhas/venv/lib/python3.9/site-packages/airflow/example_dags/example_python_operator.py
[2023-02-24 10:55:35,805] {logging_mixin.py:115} INFO - [2023-02-24 10:55:35,805] {example_python_operator.py:68} WARNING - The virtalenv_python example task requires virtualenv, please install it.
[2023-02-24 10:55:35,805] {processor.py:651} INFO - DAG(s) dict_keys(['example_python_operator']) retrieved from /home/alura/Documents/Medalhas/venv/lib/python3.9/site-packages/airflow/example_dags/example_python_operator.py
[2023-02-24 10:55:35,814] {logging_mixin.py:115} INFO - [2023-02-24 10:55:35,813] {dag.py:2379} INFO - Sync 1 DAGs
[2023-02-24 10:55:35,822] {logging_mixin.py:115} INFO - [2023-02-24 10:55:35,822] {dag.py:2927} INFO - Setting next_dagrun for example_python_operator to None, run_after=None
[2023-02-24 10:55:35,828] {processor.py:161} INFO - Processing /home/alura/Documents/Medalhas/venv/lib/python3.9/site-packages/airflow/example_dags/example_python_operator.py took 0.034 seconds
[2023-02-24 10:56:11,047] {processor.py:153} INFO - Started process (PID=9516) to work on /home/alura/Documents/Medalhas/venv/lib/python3.9/site-packages/airflow/example_dags/example_python_operator.py
[2023-02-24 10:56:11,048] {processor.py:641} INFO - Processing file /home/alura/Documents/Medalhas/venv/lib/python3.9/site-packages/airflow/example_dags/example_python_operator.py for tasks to queue
[2023-02-24 10:56:11,048] {logging_mixin.py:115} INFO - [2023-02-24 10:56:11,048] {dagbag.py:507} INFO - Filling up the DagBag from /home/alura/Documents/Medalhas/venv/lib/python3.9/site-packages/airflow/example_dags/example_python_operator.py
[2023-02-24 10:56:11,057] {logging_mixin.py:115} INFO - [2023-02-24 10:56:11,057] {example_python_operator.py:68} WARNING - The virtalenv_python example task requires virtualenv, please install it.
[2023-02-24 10:56:11,057] {processor.py:651} INFO - DAG(s) dict_keys(['example_python_operator']) retrieved from /home/alura/Documents/Medalhas/venv/lib/python3.9/site-packages/airflow/example_dags/example_python_operator.py
[2023-02-24 10:56:11,065] {logging_mixin.py:115} INFO - [2023-02-24 10:56:11,065] {dag.py:2379} INFO - Sync 1 DAGs
[2023-02-24 10:56:11,074] {logging_mixin.py:115} INFO - [2023-02-24 10:56:11,074] {dag.py:2927} INFO - Setting next_dagrun for example_python_operator to None, run_after=None
[2023-02-24 10:56:11,080] {processor.py:161} INFO - Processing /home/alura/Documents/Medalhas/venv/lib/python3.9/site-packages/airflow/example_dags/example_python_operator.py took 0.035 seconds
[2023-02-24 10:56:43,091] {processor.py:153} INFO - Started process (PID=9681) to work on /home/alura/Documents/Medalhas/venv/lib/python3.9/site-packages/airflow/example_dags/example_python_operator.py
[2023-02-24 10:56:43,092] {processor.py:641} INFO - Processing file /home/alura/Documents/Medalhas/venv/lib/python3.9/site-packages/airflow/example_dags/example_python_operator.py for tasks to queue
[2023-02-24 10:56:43,092] {logging_mixin.py:115} INFO - [2023-02-24 10:56:43,092] {dagbag.py:507} INFO - Filling up the DagBag from /home/alura/Documents/Medalhas/venv/lib/python3.9/site-packages/airflow/example_dags/example_python_operator.py
[2023-02-24 10:56:43,101] {logging_mixin.py:115} INFO - [2023-02-24 10:56:43,101] {example_python_operator.py:68} WARNING - The virtalenv_python example task requires virtualenv, please install it.
[2023-02-24 10:56:43,101] {processor.py:651} INFO - DAG(s) dict_keys(['example_python_operator']) retrieved from /home/alura/Documents/Medalhas/venv/lib/python3.9/site-packages/airflow/example_dags/example_python_operator.py
[2023-02-24 10:56:43,108] {logging_mixin.py:115} INFO - [2023-02-24 10:56:43,108] {dag.py:2379} INFO - Sync 1 DAGs
[2023-02-24 10:56:43,117] {logging_mixin.py:115} INFO - [2023-02-24 10:56:43,117] {dag.py:2927} INFO - Setting next_dagrun for example_python_operator to None, run_after=None
[2023-02-24 10:56:43,123] {processor.py:161} INFO - Processing /home/alura/Documents/Medalhas/venv/lib/python3.9/site-packages/airflow/example_dags/example_python_operator.py took 0.033 seconds
[2023-02-24 10:57:17,262] {processor.py:153} INFO - Started process (PID=9855) to work on /home/alura/Documents/Medalhas/venv/lib/python3.9/site-packages/airflow/example_dags/example_python_operator.py
[2023-02-24 10:57:17,263] {processor.py:641} INFO - Processing file /home/alura/Documents/Medalhas/venv/lib/python3.9/site-packages/airflow/example_dags/example_python_operator.py for tasks to queue
[2023-02-24 10:57:17,263] {logging_mixin.py:115} INFO - [2023-02-24 10:57:17,263] {dagbag.py:507} INFO - Filling up the DagBag from /home/alura/Documents/Medalhas/venv/lib/python3.9/site-packages/airflow/example_dags/example_python_operator.py
[2023-02-24 10:57:17,271] {logging_mixin.py:115} INFO - [2023-02-24 10:57:17,271] {example_python_operator.py:68} WARNING - The virtalenv_python example task requires virtualenv, please install it.
[2023-02-24 10:57:17,271] {processor.py:651} INFO - DAG(s) dict_keys(['example_python_operator']) retrieved from /home/alura/Documents/Medalhas/venv/lib/python3.9/site-packages/airflow/example_dags/example_python_operator.py
[2023-02-24 10:57:17,280] {logging_mixin.py:115} INFO - [2023-02-24 10:57:17,280] {dag.py:2379} INFO - Sync 1 DAGs
[2023-02-24 10:57:17,288] {logging_mixin.py:115} INFO - [2023-02-24 10:57:17,288] {dag.py:2927} INFO - Setting next_dagrun for example_python_operator to None, run_after=None
[2023-02-24 10:57:17,296] {processor.py:161} INFO - Processing /home/alura/Documents/Medalhas/venv/lib/python3.9/site-packages/airflow/example_dags/example_python_operator.py took 0.035 seconds
[2023-02-24 10:57:48,055] {processor.py:153} INFO - Started process (PID=10020) to work on /home/alura/Documents/Medalhas/venv/lib/python3.9/site-packages/airflow/example_dags/example_python_operator.py
[2023-02-24 10:57:48,056] {processor.py:641} INFO - Processing file /home/alura/Documents/Medalhas/venv/lib/python3.9/site-packages/airflow/example_dags/example_python_operator.py for tasks to queue
[2023-02-24 10:57:48,056] {logging_mixin.py:115} INFO - [2023-02-24 10:57:48,056] {dagbag.py:507} INFO - Filling up the DagBag from /home/alura/Documents/Medalhas/venv/lib/python3.9/site-packages/airflow/example_dags/example_python_operator.py
[2023-02-24 10:57:48,065] {logging_mixin.py:115} INFO - [2023-02-24 10:57:48,065] {example_python_operator.py:68} WARNING - The virtalenv_python example task requires virtualenv, please install it.
[2023-02-24 10:57:48,065] {processor.py:651} INFO - DAG(s) dict_keys(['example_python_operator']) retrieved from /home/alura/Documents/Medalhas/venv/lib/python3.9/site-packages/airflow/example_dags/example_python_operator.py
[2023-02-24 10:57:48,073] {logging_mixin.py:115} INFO - [2023-02-24 10:57:48,073] {dag.py:2379} INFO - Sync 1 DAGs
[2023-02-24 10:57:48,082] {logging_mixin.py:115} INFO - [2023-02-24 10:57:48,082] {dag.py:2927} INFO - Setting next_dagrun for example_python_operator to None, run_after=None
[2023-02-24 10:57:48,089] {processor.py:161} INFO - Processing /home/alura/Documents/Medalhas/venv/lib/python3.9/site-packages/airflow/example_dags/example_python_operator.py took 0.035 seconds
[2023-02-24 10:58:18,830] {processor.py:153} INFO - Started process (PID=10178) to work on /home/alura/Documents/Medalhas/venv/lib/python3.9/site-packages/airflow/example_dags/example_python_operator.py
[2023-02-24 10:58:18,830] {processor.py:641} INFO - Processing file /home/alura/Documents/Medalhas/venv/lib/python3.9/site-packages/airflow/example_dags/example_python_operator.py for tasks to queue
[2023-02-24 10:58:18,831] {logging_mixin.py:115} INFO - [2023-02-24 10:58:18,831] {dagbag.py:507} INFO - Filling up the DagBag from /home/alura/Documents/Medalhas/venv/lib/python3.9/site-packages/airflow/example_dags/example_python_operator.py
[2023-02-24 10:58:18,839] {logging_mixin.py:115} INFO - [2023-02-24 10:58:18,839] {example_python_operator.py:68} WARNING - The virtalenv_python example task requires virtualenv, please install it.
[2023-02-24 10:58:18,840] {processor.py:651} INFO - DAG(s) dict_keys(['example_python_operator']) retrieved from /home/alura/Documents/Medalhas/venv/lib/python3.9/site-packages/airflow/example_dags/example_python_operator.py
[2023-02-24 10:58:18,847] {logging_mixin.py:115} INFO - [2023-02-24 10:58:18,847] {dag.py:2379} INFO - Sync 1 DAGs
[2023-02-24 10:58:18,856] {logging_mixin.py:115} INFO - [2023-02-24 10:58:18,856] {dag.py:2927} INFO - Setting next_dagrun for example_python_operator to None, run_after=None
[2023-02-24 10:58:18,863] {processor.py:161} INFO - Processing /home/alura/Documents/Medalhas/venv/lib/python3.9/site-packages/airflow/example_dags/example_python_operator.py took 0.034 seconds
[2023-02-24 10:58:51,323] {processor.py:153} INFO - Started process (PID=10344) to work on /home/alura/Documents/Medalhas/venv/lib/python3.9/site-packages/airflow/example_dags/example_python_operator.py
[2023-02-24 10:58:51,323] {processor.py:641} INFO - Processing file /home/alura/Documents/Medalhas/venv/lib/python3.9/site-packages/airflow/example_dags/example_python_operator.py for tasks to queue
[2023-02-24 10:58:51,323] {logging_mixin.py:115} INFO - [2023-02-24 10:58:51,323] {dagbag.py:507} INFO - Filling up the DagBag from /home/alura/Documents/Medalhas/venv/lib/python3.9/site-packages/airflow/example_dags/example_python_operator.py
[2023-02-24 10:58:51,332] {logging_mixin.py:115} INFO - [2023-02-24 10:58:51,332] {example_python_operator.py:68} WARNING - The virtalenv_python example task requires virtualenv, please install it.
[2023-02-24 10:58:51,332] {processor.py:651} INFO - DAG(s) dict_keys(['example_python_operator']) retrieved from /home/alura/Documents/Medalhas/venv/lib/python3.9/site-packages/airflow/example_dags/example_python_operator.py
[2023-02-24 10:58:51,340] {logging_mixin.py:115} INFO - [2023-02-24 10:58:51,340] {dag.py:2379} INFO - Sync 1 DAGs
[2023-02-24 10:58:51,348] {logging_mixin.py:115} INFO - [2023-02-24 10:58:51,348] {dag.py:2927} INFO - Setting next_dagrun for example_python_operator to None, run_after=None
[2023-02-24 10:58:51,354] {processor.py:161} INFO - Processing /home/alura/Documents/Medalhas/venv/lib/python3.9/site-packages/airflow/example_dags/example_python_operator.py took 0.033 seconds
[2023-02-24 10:59:21,484] {processor.py:153} INFO - Started process (PID=10503) to work on /home/alura/Documents/Medalhas/venv/lib/python3.9/site-packages/airflow/example_dags/example_python_operator.py
[2023-02-24 10:59:21,485] {processor.py:641} INFO - Processing file /home/alura/Documents/Medalhas/venv/lib/python3.9/site-packages/airflow/example_dags/example_python_operator.py for tasks to queue
[2023-02-24 10:59:21,485] {logging_mixin.py:115} INFO - [2023-02-24 10:59:21,485] {dagbag.py:507} INFO - Filling up the DagBag from /home/alura/Documents/Medalhas/venv/lib/python3.9/site-packages/airflow/example_dags/example_python_operator.py
[2023-02-24 10:59:21,494] {logging_mixin.py:115} INFO - [2023-02-24 10:59:21,494] {example_python_operator.py:68} WARNING - The virtalenv_python example task requires virtualenv, please install it.
[2023-02-24 10:59:21,495] {processor.py:651} INFO - DAG(s) dict_keys(['example_python_operator']) retrieved from /home/alura/Documents/Medalhas/venv/lib/python3.9/site-packages/airflow/example_dags/example_python_operator.py
[2023-02-24 10:59:21,503] {logging_mixin.py:115} INFO - [2023-02-24 10:59:21,502] {dag.py:2379} INFO - Sync 1 DAGs
[2023-02-24 10:59:21,512] {logging_mixin.py:115} INFO - [2023-02-24 10:59:21,512] {dag.py:2927} INFO - Setting next_dagrun for example_python_operator to None, run_after=None
[2023-02-24 10:59:21,518] {processor.py:161} INFO - Processing /home/alura/Documents/Medalhas/venv/lib/python3.9/site-packages/airflow/example_dags/example_python_operator.py took 0.035 seconds
[2023-02-24 10:59:54,024] {processor.py:153} INFO - Started process (PID=10674) to work on /home/alura/Documents/Medalhas/venv/lib/python3.9/site-packages/airflow/example_dags/example_python_operator.py
[2023-02-24 10:59:54,025] {processor.py:641} INFO - Processing file /home/alura/Documents/Medalhas/venv/lib/python3.9/site-packages/airflow/example_dags/example_python_operator.py for tasks to queue
[2023-02-24 10:59:54,025] {logging_mixin.py:115} INFO - [2023-02-24 10:59:54,025] {dagbag.py:507} INFO - Filling up the DagBag from /home/alura/Documents/Medalhas/venv/lib/python3.9/site-packages/airflow/example_dags/example_python_operator.py
[2023-02-24 10:59:54,035] {logging_mixin.py:115} INFO - [2023-02-24 10:59:54,035] {example_python_operator.py:68} WARNING - The virtalenv_python example task requires virtualenv, please install it.
[2023-02-24 10:59:54,035] {processor.py:651} INFO - DAG(s) dict_keys(['example_python_operator']) retrieved from /home/alura/Documents/Medalhas/venv/lib/python3.9/site-packages/airflow/example_dags/example_python_operator.py
[2023-02-24 10:59:54,043] {logging_mixin.py:115} INFO - [2023-02-24 10:59:54,043] {dag.py:2379} INFO - Sync 1 DAGs
[2023-02-24 10:59:54,052] {logging_mixin.py:115} INFO - [2023-02-24 10:59:54,051] {dag.py:2927} INFO - Setting next_dagrun for example_python_operator to None, run_after=None
[2023-02-24 10:59:54,058] {processor.py:161} INFO - Processing /home/alura/Documents/Medalhas/venv/lib/python3.9/site-packages/airflow/example_dags/example_python_operator.py took 0.035 seconds
[2023-02-24 11:00:28,113] {processor.py:153} INFO - Started process (PID=10850) to work on /home/alura/Documents/Medalhas/venv/lib/python3.9/site-packages/airflow/example_dags/example_python_operator.py
[2023-02-24 11:00:28,114] {processor.py:641} INFO - Processing file /home/alura/Documents/Medalhas/venv/lib/python3.9/site-packages/airflow/example_dags/example_python_operator.py for tasks to queue
[2023-02-24 11:00:28,114] {logging_mixin.py:115} INFO - [2023-02-24 11:00:28,114] {dagbag.py:507} INFO - Filling up the DagBag from /home/alura/Documents/Medalhas/venv/lib/python3.9/site-packages/airflow/example_dags/example_python_operator.py
[2023-02-24 11:00:28,123] {logging_mixin.py:115} INFO - [2023-02-24 11:00:28,123] {example_python_operator.py:68} WARNING - The virtalenv_python example task requires virtualenv, please install it.
[2023-02-24 11:00:28,123] {processor.py:651} INFO - DAG(s) dict_keys(['example_python_operator']) retrieved from /home/alura/Documents/Medalhas/venv/lib/python3.9/site-packages/airflow/example_dags/example_python_operator.py
[2023-02-24 11:00:28,131] {logging_mixin.py:115} INFO - [2023-02-24 11:00:28,131] {dag.py:2379} INFO - Sync 1 DAGs
[2023-02-24 11:00:28,140] {logging_mixin.py:115} INFO - [2023-02-24 11:00:28,140] {dag.py:2927} INFO - Setting next_dagrun for example_python_operator to None, run_after=None
[2023-02-24 11:00:28,146] {processor.py:161} INFO - Processing /home/alura/Documents/Medalhas/venv/lib/python3.9/site-packages/airflow/example_dags/example_python_operator.py took 0.034 seconds
[2023-02-24 11:01:01,744] {processor.py:153} INFO - Started process (PID=11043) to work on /home/alura/Documents/Medalhas/venv/lib/python3.9/site-packages/airflow/example_dags/example_python_operator.py
[2023-02-24 11:01:01,745] {processor.py:641} INFO - Processing file /home/alura/Documents/Medalhas/venv/lib/python3.9/site-packages/airflow/example_dags/example_python_operator.py for tasks to queue
[2023-02-24 11:01:01,745] {logging_mixin.py:115} INFO - [2023-02-24 11:01:01,745] {dagbag.py:507} INFO - Filling up the DagBag from /home/alura/Documents/Medalhas/venv/lib/python3.9/site-packages/airflow/example_dags/example_python_operator.py
[2023-02-24 11:01:01,753] {logging_mixin.py:115} INFO - [2023-02-24 11:01:01,753] {example_python_operator.py:68} WARNING - The virtalenv_python example task requires virtualenv, please install it.
[2023-02-24 11:01:01,754] {processor.py:651} INFO - DAG(s) dict_keys(['example_python_operator']) retrieved from /home/alura/Documents/Medalhas/venv/lib/python3.9/site-packages/airflow/example_dags/example_python_operator.py
[2023-02-24 11:01:01,762] {logging_mixin.py:115} INFO - [2023-02-24 11:01:01,762] {dag.py:2379} INFO - Sync 1 DAGs
[2023-02-24 11:01:01,770] {logging_mixin.py:115} INFO - [2023-02-24 11:01:01,770] {dag.py:2927} INFO - Setting next_dagrun for example_python_operator to None, run_after=None
[2023-02-24 11:01:01,777] {processor.py:161} INFO - Processing /home/alura/Documents/Medalhas/venv/lib/python3.9/site-packages/airflow/example_dags/example_python_operator.py took 0.034 seconds
[2023-02-24 11:01:33,744] {processor.py:153} INFO - Started process (PID=11214) to work on /home/alura/Documents/Medalhas/venv/lib/python3.9/site-packages/airflow/example_dags/example_python_operator.py
[2023-02-24 11:01:33,744] {processor.py:641} INFO - Processing file /home/alura/Documents/Medalhas/venv/lib/python3.9/site-packages/airflow/example_dags/example_python_operator.py for tasks to queue
[2023-02-24 11:01:33,745] {logging_mixin.py:115} INFO - [2023-02-24 11:01:33,744] {dagbag.py:507} INFO - Filling up the DagBag from /home/alura/Documents/Medalhas/venv/lib/python3.9/site-packages/airflow/example_dags/example_python_operator.py
[2023-02-24 11:01:33,753] {logging_mixin.py:115} INFO - [2023-02-24 11:01:33,753] {example_python_operator.py:68} WARNING - The virtalenv_python example task requires virtualenv, please install it.
[2023-02-24 11:01:33,753] {processor.py:651} INFO - DAG(s) dict_keys(['example_python_operator']) retrieved from /home/alura/Documents/Medalhas/venv/lib/python3.9/site-packages/airflow/example_dags/example_python_operator.py
[2023-02-24 11:01:33,761] {logging_mixin.py:115} INFO - [2023-02-24 11:01:33,761] {dag.py:2379} INFO - Sync 1 DAGs
[2023-02-24 11:01:33,770] {logging_mixin.py:115} INFO - [2023-02-24 11:01:33,770] {dag.py:2927} INFO - Setting next_dagrun for example_python_operator to None, run_after=None
[2023-02-24 11:01:33,780] {processor.py:161} INFO - Processing /home/alura/Documents/Medalhas/venv/lib/python3.9/site-packages/airflow/example_dags/example_python_operator.py took 0.038 seconds
[2023-02-24 11:02:06,024] {processor.py:153} INFO - Started process (PID=11379) to work on /home/alura/Documents/Medalhas/venv/lib/python3.9/site-packages/airflow/example_dags/example_python_operator.py
[2023-02-24 11:02:06,024] {processor.py:641} INFO - Processing file /home/alura/Documents/Medalhas/venv/lib/python3.9/site-packages/airflow/example_dags/example_python_operator.py for tasks to queue
[2023-02-24 11:02:06,025] {logging_mixin.py:115} INFO - [2023-02-24 11:02:06,024] {dagbag.py:507} INFO - Filling up the DagBag from /home/alura/Documents/Medalhas/venv/lib/python3.9/site-packages/airflow/example_dags/example_python_operator.py
[2023-02-24 11:02:06,034] {logging_mixin.py:115} INFO - [2023-02-24 11:02:06,034] {example_python_operator.py:68} WARNING - The virtalenv_python example task requires virtualenv, please install it.
[2023-02-24 11:02:06,034] {processor.py:651} INFO - DAG(s) dict_keys(['example_python_operator']) retrieved from /home/alura/Documents/Medalhas/venv/lib/python3.9/site-packages/airflow/example_dags/example_python_operator.py
[2023-02-24 11:02:06,042] {logging_mixin.py:115} INFO - [2023-02-24 11:02:06,042] {dag.py:2379} INFO - Sync 1 DAGs
[2023-02-24 11:02:06,051] {logging_mixin.py:115} INFO - [2023-02-24 11:02:06,051] {dag.py:2927} INFO - Setting next_dagrun for example_python_operator to None, run_after=None
[2023-02-24 11:02:06,060] {processor.py:161} INFO - Processing /home/alura/Documents/Medalhas/venv/lib/python3.9/site-packages/airflow/example_dags/example_python_operator.py took 0.038 seconds
[2023-02-24 11:02:37,946] {processor.py:153} INFO - Started process (PID=11546) to work on /home/alura/Documents/Medalhas/venv/lib/python3.9/site-packages/airflow/example_dags/example_python_operator.py
[2023-02-24 11:02:37,947] {processor.py:641} INFO - Processing file /home/alura/Documents/Medalhas/venv/lib/python3.9/site-packages/airflow/example_dags/example_python_operator.py for tasks to queue
[2023-02-24 11:02:37,947] {logging_mixin.py:115} INFO - [2023-02-24 11:02:37,947] {dagbag.py:507} INFO - Filling up the DagBag from /home/alura/Documents/Medalhas/venv/lib/python3.9/site-packages/airflow/example_dags/example_python_operator.py
[2023-02-24 11:02:37,956] {logging_mixin.py:115} INFO - [2023-02-24 11:02:37,956] {example_python_operator.py:68} WARNING - The virtalenv_python example task requires virtualenv, please install it.
[2023-02-24 11:02:37,956] {processor.py:651} INFO - DAG(s) dict_keys(['example_python_operator']) retrieved from /home/alura/Documents/Medalhas/venv/lib/python3.9/site-packages/airflow/example_dags/example_python_operator.py
[2023-02-24 11:02:37,964] {logging_mixin.py:115} INFO - [2023-02-24 11:02:37,964] {dag.py:2379} INFO - Sync 1 DAGs
[2023-02-24 11:02:37,972] {logging_mixin.py:115} INFO - [2023-02-24 11:02:37,972] {dag.py:2927} INFO - Setting next_dagrun for example_python_operator to None, run_after=None
[2023-02-24 11:02:37,980] {processor.py:161} INFO - Processing /home/alura/Documents/Medalhas/venv/lib/python3.9/site-packages/airflow/example_dags/example_python_operator.py took 0.035 seconds
[2023-02-24 11:03:12,074] {processor.py:153} INFO - Started process (PID=11720) to work on /home/alura/Documents/Medalhas/venv/lib/python3.9/site-packages/airflow/example_dags/example_python_operator.py
[2023-02-24 11:03:12,075] {processor.py:641} INFO - Processing file /home/alura/Documents/Medalhas/venv/lib/python3.9/site-packages/airflow/example_dags/example_python_operator.py for tasks to queue
[2023-02-24 11:03:12,075] {logging_mixin.py:115} INFO - [2023-02-24 11:03:12,075] {dagbag.py:507} INFO - Filling up the DagBag from /home/alura/Documents/Medalhas/venv/lib/python3.9/site-packages/airflow/example_dags/example_python_operator.py
[2023-02-24 11:03:12,083] {logging_mixin.py:115} INFO - [2023-02-24 11:03:12,083] {example_python_operator.py:68} WARNING - The virtalenv_python example task requires virtualenv, please install it.
[2023-02-24 11:03:12,084] {processor.py:651} INFO - DAG(s) dict_keys(['example_python_operator']) retrieved from /home/alura/Documents/Medalhas/venv/lib/python3.9/site-packages/airflow/example_dags/example_python_operator.py
[2023-02-24 11:03:12,092] {logging_mixin.py:115} INFO - [2023-02-24 11:03:12,092] {dag.py:2379} INFO - Sync 1 DAGs
[2023-02-24 11:03:12,101] {logging_mixin.py:115} INFO - [2023-02-24 11:03:12,101] {dag.py:2927} INFO - Setting next_dagrun for example_python_operator to None, run_after=None
[2023-02-24 11:03:12,108] {processor.py:161} INFO - Processing /home/alura/Documents/Medalhas/venv/lib/python3.9/site-packages/airflow/example_dags/example_python_operator.py took 0.035 seconds
[2023-02-24 11:03:45,060] {processor.py:153} INFO - Started process (PID=11940) to work on /home/alura/Documents/Medalhas/venv/lib/python3.9/site-packages/airflow/example_dags/example_python_operator.py
[2023-02-24 11:03:45,061] {processor.py:641} INFO - Processing file /home/alura/Documents/Medalhas/venv/lib/python3.9/site-packages/airflow/example_dags/example_python_operator.py for tasks to queue
[2023-02-24 11:03:45,061] {logging_mixin.py:115} INFO - [2023-02-24 11:03:45,061] {dagbag.py:507} INFO - Filling up the DagBag from /home/alura/Documents/Medalhas/venv/lib/python3.9/site-packages/airflow/example_dags/example_python_operator.py
[2023-02-24 11:03:45,071] {logging_mixin.py:115} INFO - [2023-02-24 11:03:45,070] {example_python_operator.py:68} WARNING - The virtalenv_python example task requires virtualenv, please install it.
[2023-02-24 11:03:45,071] {processor.py:651} INFO - DAG(s) dict_keys(['example_python_operator']) retrieved from /home/alura/Documents/Medalhas/venv/lib/python3.9/site-packages/airflow/example_dags/example_python_operator.py
[2023-02-24 11:03:45,079] {logging_mixin.py:115} INFO - [2023-02-24 11:03:45,079] {dag.py:2379} INFO - Sync 1 DAGs
[2023-02-24 11:03:45,089] {logging_mixin.py:115} INFO - [2023-02-24 11:03:45,089] {dag.py:2927} INFO - Setting next_dagrun for example_python_operator to None, run_after=None
[2023-02-24 11:03:45,095] {processor.py:161} INFO - Processing /home/alura/Documents/Medalhas/venv/lib/python3.9/site-packages/airflow/example_dags/example_python_operator.py took 0.036 seconds
[2023-02-24 11:04:18,772] {processor.py:153} INFO - Started process (PID=12160) to work on /home/alura/Documents/Medalhas/venv/lib/python3.9/site-packages/airflow/example_dags/example_python_operator.py
[2023-02-24 11:04:18,772] {processor.py:641} INFO - Processing file /home/alura/Documents/Medalhas/venv/lib/python3.9/site-packages/airflow/example_dags/example_python_operator.py for tasks to queue
[2023-02-24 11:04:18,773] {logging_mixin.py:115} INFO - [2023-02-24 11:04:18,773] {dagbag.py:507} INFO - Filling up the DagBag from /home/alura/Documents/Medalhas/venv/lib/python3.9/site-packages/airflow/example_dags/example_python_operator.py
[2023-02-24 11:04:18,781] {logging_mixin.py:115} INFO - [2023-02-24 11:04:18,781] {example_python_operator.py:68} WARNING - The virtalenv_python example task requires virtualenv, please install it.
[2023-02-24 11:04:18,782] {processor.py:651} INFO - DAG(s) dict_keys(['example_python_operator']) retrieved from /home/alura/Documents/Medalhas/venv/lib/python3.9/site-packages/airflow/example_dags/example_python_operator.py
[2023-02-24 11:04:18,791] {logging_mixin.py:115} INFO - [2023-02-24 11:04:18,791] {dag.py:2379} INFO - Sync 1 DAGs
[2023-02-24 11:04:18,800] {logging_mixin.py:115} INFO - [2023-02-24 11:04:18,800] {dag.py:2927} INFO - Setting next_dagrun for example_python_operator to None, run_after=None
[2023-02-24 11:04:18,867] {processor.py:161} INFO - Processing /home/alura/Documents/Medalhas/venv/lib/python3.9/site-packages/airflow/example_dags/example_python_operator.py took 0.096 seconds
[2023-02-24 11:04:55,906] {processor.py:153} INFO - Started process (PID=12382) to work on /home/alura/Documents/Medalhas/venv/lib/python3.9/site-packages/airflow/example_dags/example_python_operator.py
[2023-02-24 11:04:55,907] {processor.py:641} INFO - Processing file /home/alura/Documents/Medalhas/venv/lib/python3.9/site-packages/airflow/example_dags/example_python_operator.py for tasks to queue
[2023-02-24 11:04:55,907] {logging_mixin.py:115} INFO - [2023-02-24 11:04:55,907] {dagbag.py:507} INFO - Filling up the DagBag from /home/alura/Documents/Medalhas/venv/lib/python3.9/site-packages/airflow/example_dags/example_python_operator.py
[2023-02-24 11:04:55,916] {logging_mixin.py:115} INFO - [2023-02-24 11:04:55,916] {example_python_operator.py:68} WARNING - The virtalenv_python example task requires virtualenv, please install it.
[2023-02-24 11:04:55,916] {processor.py:651} INFO - DAG(s) dict_keys(['example_python_operator']) retrieved from /home/alura/Documents/Medalhas/venv/lib/python3.9/site-packages/airflow/example_dags/example_python_operator.py
[2023-02-24 11:04:55,924] {logging_mixin.py:115} INFO - [2023-02-24 11:04:55,924] {dag.py:2379} INFO - Sync 1 DAGs
[2023-02-24 11:04:55,932] {logging_mixin.py:115} INFO - [2023-02-24 11:04:55,932] {dag.py:2927} INFO - Setting next_dagrun for example_python_operator to None, run_after=None
[2023-02-24 11:04:55,939] {processor.py:161} INFO - Processing /home/alura/Documents/Medalhas/venv/lib/python3.9/site-packages/airflow/example_dags/example_python_operator.py took 0.035 seconds
[2023-02-24 11:05:28,074] {processor.py:153} INFO - Started process (PID=12577) to work on /home/alura/Documents/Medalhas/venv/lib/python3.9/site-packages/airflow/example_dags/example_python_operator.py
[2023-02-24 11:05:28,075] {processor.py:641} INFO - Processing file /home/alura/Documents/Medalhas/venv/lib/python3.9/site-packages/airflow/example_dags/example_python_operator.py for tasks to queue
[2023-02-24 11:05:28,075] {logging_mixin.py:115} INFO - [2023-02-24 11:05:28,075] {dagbag.py:507} INFO - Filling up the DagBag from /home/alura/Documents/Medalhas/venv/lib/python3.9/site-packages/airflow/example_dags/example_python_operator.py
[2023-02-24 11:05:28,085] {logging_mixin.py:115} INFO - [2023-02-24 11:05:28,084] {example_python_operator.py:68} WARNING - The virtalenv_python example task requires virtualenv, please install it.
[2023-02-24 11:05:28,085] {processor.py:651} INFO - DAG(s) dict_keys(['example_python_operator']) retrieved from /home/alura/Documents/Medalhas/venv/lib/python3.9/site-packages/airflow/example_dags/example_python_operator.py
[2023-02-24 11:05:28,095] {logging_mixin.py:115} INFO - [2023-02-24 11:05:28,095] {dag.py:2379} INFO - Sync 1 DAGs
[2023-02-24 11:05:28,106] {logging_mixin.py:115} INFO - [2023-02-24 11:05:28,106] {dag.py:2927} INFO - Setting next_dagrun for example_python_operator to None, run_after=None
[2023-02-24 11:05:28,113] {processor.py:161} INFO - Processing /home/alura/Documents/Medalhas/venv/lib/python3.9/site-packages/airflow/example_dags/example_python_operator.py took 0.040 seconds
