[2023-02-24 10:47:12,127] {processor.py:153} INFO - Started process (PID=5789) to work on /home/alura/Documents/Medalhas/venv/lib/python3.9/site-packages/airflow/example_dags/example_short_circuit_operator.py
[2023-02-24 10:47:12,127] {processor.py:641} INFO - Processing file /home/alura/Documents/Medalhas/venv/lib/python3.9/site-packages/airflow/example_dags/example_short_circuit_operator.py for tasks to queue
[2023-02-24 10:47:12,127] {logging_mixin.py:115} INFO - [2023-02-24 10:47:12,127] {dagbag.py:507} INFO - Filling up the DagBag from /home/alura/Documents/Medalhas/venv/lib/python3.9/site-packages/airflow/example_dags/example_short_circuit_operator.py
[2023-02-24 10:47:12,133] {processor.py:651} INFO - DAG(s) dict_keys(['example_short_circuit_operator']) retrieved from /home/alura/Documents/Medalhas/venv/lib/python3.9/site-packages/airflow/example_dags/example_short_circuit_operator.py
[2023-02-24 10:47:12,171] {logging_mixin.py:115} INFO - [2023-02-24 10:47:12,171] {manager.py:508} INFO - Created Permission View: can delete on DAG:example_short_circuit_operator
[2023-02-24 10:47:12,176] {logging_mixin.py:115} INFO - [2023-02-24 10:47:12,176] {manager.py:508} INFO - Created Permission View: can edit on DAG:example_short_circuit_operator
[2023-02-24 10:47:12,182] {logging_mixin.py:115} INFO - [2023-02-24 10:47:12,181] {manager.py:508} INFO - Created Permission View: can read on DAG:example_short_circuit_operator
[2023-02-24 10:47:12,182] {logging_mixin.py:115} INFO - [2023-02-24 10:47:12,182] {dag.py:2379} INFO - Sync 1 DAGs
[2023-02-24 10:47:12,186] {logging_mixin.py:115} INFO - [2023-02-24 10:47:12,186] {dag.py:2398} INFO - Creating ORM DAG for example_short_circuit_operator
[2023-02-24 10:47:12,191] {logging_mixin.py:115} INFO - [2023-02-24 10:47:12,191] {dag.py:2927} INFO - Setting next_dagrun for example_short_circuit_operator to 2023-02-23T18:47:12.191017+00:00, run_after=2023-02-24T18:47:12.191017+00:00
[2023-02-24 10:47:12,203] {processor.py:161} INFO - Processing /home/alura/Documents/Medalhas/venv/lib/python3.9/site-packages/airflow/example_dags/example_short_circuit_operator.py took 0.077 seconds
[2023-02-24 10:47:45,787] {processor.py:153} INFO - Started process (PID=6182) to work on /home/alura/Documents/Medalhas/venv/lib/python3.9/site-packages/airflow/example_dags/example_short_circuit_operator.py
[2023-02-24 10:47:45,788] {processor.py:641} INFO - Processing file /home/alura/Documents/Medalhas/venv/lib/python3.9/site-packages/airflow/example_dags/example_short_circuit_operator.py for tasks to queue
[2023-02-24 10:47:45,788] {logging_mixin.py:115} INFO - [2023-02-24 10:47:45,788] {dagbag.py:507} INFO - Filling up the DagBag from /home/alura/Documents/Medalhas/venv/lib/python3.9/site-packages/airflow/example_dags/example_short_circuit_operator.py
[2023-02-24 10:47:45,793] {processor.py:651} INFO - DAG(s) dict_keys(['example_short_circuit_operator']) retrieved from /home/alura/Documents/Medalhas/venv/lib/python3.9/site-packages/airflow/example_dags/example_short_circuit_operator.py
[2023-02-24 10:47:45,802] {logging_mixin.py:115} INFO - [2023-02-24 10:47:45,802] {dag.py:2379} INFO - Sync 1 DAGs
[2023-02-24 10:47:45,811] {logging_mixin.py:115} INFO - [2023-02-24 10:47:45,811] {dag.py:2927} INFO - Setting next_dagrun for example_short_circuit_operator to 2023-02-23T18:47:45.811433+00:00, run_after=2023-02-24T18:47:45.811433+00:00
[2023-02-24 10:47:45,818] {processor.py:161} INFO - Processing /home/alura/Documents/Medalhas/venv/lib/python3.9/site-packages/airflow/example_dags/example_short_circuit_operator.py took 0.033 seconds
[2023-02-24 10:48:20,269] {processor.py:153} INFO - Started process (PID=6498) to work on /home/alura/Documents/Medalhas/venv/lib/python3.9/site-packages/airflow/example_dags/example_short_circuit_operator.py
[2023-02-24 10:48:20,269] {processor.py:641} INFO - Processing file /home/alura/Documents/Medalhas/venv/lib/python3.9/site-packages/airflow/example_dags/example_short_circuit_operator.py for tasks to queue
[2023-02-24 10:48:20,270] {logging_mixin.py:115} INFO - [2023-02-24 10:48:20,270] {dagbag.py:507} INFO - Filling up the DagBag from /home/alura/Documents/Medalhas/venv/lib/python3.9/site-packages/airflow/example_dags/example_short_circuit_operator.py
[2023-02-24 10:48:20,274] {processor.py:651} INFO - DAG(s) dict_keys(['example_short_circuit_operator']) retrieved from /home/alura/Documents/Medalhas/venv/lib/python3.9/site-packages/airflow/example_dags/example_short_circuit_operator.py
[2023-02-24 10:48:20,283] {logging_mixin.py:115} INFO - [2023-02-24 10:48:20,283] {dag.py:2379} INFO - Sync 1 DAGs
[2023-02-24 10:48:20,293] {logging_mixin.py:115} INFO - [2023-02-24 10:48:20,293] {dag.py:2927} INFO - Setting next_dagrun for example_short_circuit_operator to 2023-02-23T18:48:20.292917+00:00, run_after=2023-02-24T18:48:20.292917+00:00
[2023-02-24 10:48:20,299] {processor.py:161} INFO - Processing /home/alura/Documents/Medalhas/venv/lib/python3.9/site-packages/airflow/example_dags/example_short_circuit_operator.py took 0.032 seconds
[2023-02-24 10:48:53,566] {processor.py:153} INFO - Started process (PID=6855) to work on /home/alura/Documents/Medalhas/venv/lib/python3.9/site-packages/airflow/example_dags/example_short_circuit_operator.py
[2023-02-24 10:48:53,567] {processor.py:641} INFO - Processing file /home/alura/Documents/Medalhas/venv/lib/python3.9/site-packages/airflow/example_dags/example_short_circuit_operator.py for tasks to queue
[2023-02-24 10:48:53,567] {logging_mixin.py:115} INFO - [2023-02-24 10:48:53,567] {dagbag.py:507} INFO - Filling up the DagBag from /home/alura/Documents/Medalhas/venv/lib/python3.9/site-packages/airflow/example_dags/example_short_circuit_operator.py
[2023-02-24 10:48:53,571] {processor.py:651} INFO - DAG(s) dict_keys(['example_short_circuit_operator']) retrieved from /home/alura/Documents/Medalhas/venv/lib/python3.9/site-packages/airflow/example_dags/example_short_circuit_operator.py
[2023-02-24 10:48:53,580] {logging_mixin.py:115} INFO - [2023-02-24 10:48:53,580] {dag.py:2379} INFO - Sync 1 DAGs
[2023-02-24 10:48:53,589] {logging_mixin.py:115} INFO - [2023-02-24 10:48:53,589] {dag.py:2927} INFO - Setting next_dagrun for example_short_circuit_operator to 2023-02-23T18:48:53.589666+00:00, run_after=2023-02-24T18:48:53.589666+00:00
[2023-02-24 10:48:53,596] {processor.py:161} INFO - Processing /home/alura/Documents/Medalhas/venv/lib/python3.9/site-packages/airflow/example_dags/example_short_circuit_operator.py took 0.031 seconds
[2023-02-24 10:49:26,420] {processor.py:153} INFO - Started process (PID=7346) to work on /home/alura/Documents/Medalhas/venv/lib/python3.9/site-packages/airflow/example_dags/example_short_circuit_operator.py
[2023-02-24 10:49:26,420] {processor.py:641} INFO - Processing file /home/alura/Documents/Medalhas/venv/lib/python3.9/site-packages/airflow/example_dags/example_short_circuit_operator.py for tasks to queue
[2023-02-24 10:49:26,420] {logging_mixin.py:115} INFO - [2023-02-24 10:49:26,420] {dagbag.py:507} INFO - Filling up the DagBag from /home/alura/Documents/Medalhas/venv/lib/python3.9/site-packages/airflow/example_dags/example_short_circuit_operator.py
[2023-02-24 10:49:26,426] {processor.py:651} INFO - DAG(s) dict_keys(['example_short_circuit_operator']) retrieved from /home/alura/Documents/Medalhas/venv/lib/python3.9/site-packages/airflow/example_dags/example_short_circuit_operator.py
[2023-02-24 10:49:26,435] {logging_mixin.py:115} INFO - [2023-02-24 10:49:26,435] {dag.py:2379} INFO - Sync 1 DAGs
[2023-02-24 10:49:26,444] {logging_mixin.py:115} INFO - [2023-02-24 10:49:26,444] {dag.py:2927} INFO - Setting next_dagrun for example_short_circuit_operator to 2023-02-23T18:49:26.444325+00:00, run_after=2023-02-24T18:49:26.444325+00:00
[2023-02-24 10:49:26,451] {processor.py:161} INFO - Processing /home/alura/Documents/Medalhas/venv/lib/python3.9/site-packages/airflow/example_dags/example_short_circuit_operator.py took 0.033 seconds
[2023-02-24 10:50:01,300] {processor.py:153} INFO - Started process (PID=7525) to work on /home/alura/Documents/Medalhas/venv/lib/python3.9/site-packages/airflow/example_dags/example_short_circuit_operator.py
[2023-02-24 10:50:01,301] {processor.py:641} INFO - Processing file /home/alura/Documents/Medalhas/venv/lib/python3.9/site-packages/airflow/example_dags/example_short_circuit_operator.py for tasks to queue
[2023-02-24 10:50:01,301] {logging_mixin.py:115} INFO - [2023-02-24 10:50:01,301] {dagbag.py:507} INFO - Filling up the DagBag from /home/alura/Documents/Medalhas/venv/lib/python3.9/site-packages/airflow/example_dags/example_short_circuit_operator.py
[2023-02-24 10:50:01,305] {processor.py:651} INFO - DAG(s) dict_keys(['example_short_circuit_operator']) retrieved from /home/alura/Documents/Medalhas/venv/lib/python3.9/site-packages/airflow/example_dags/example_short_circuit_operator.py
[2023-02-24 10:50:01,314] {logging_mixin.py:115} INFO - [2023-02-24 10:50:01,314] {dag.py:2379} INFO - Sync 1 DAGs
[2023-02-24 10:50:01,323] {logging_mixin.py:115} INFO - [2023-02-24 10:50:01,323] {dag.py:2927} INFO - Setting next_dagrun for example_short_circuit_operator to 2023-02-23T18:50:01.323018+00:00, run_after=2023-02-24T18:50:01.323018+00:00
[2023-02-24 10:50:01,330] {processor.py:161} INFO - Processing /home/alura/Documents/Medalhas/venv/lib/python3.9/site-packages/airflow/example_dags/example_short_circuit_operator.py took 0.031 seconds
[2023-02-24 10:50:33,208] {processor.py:153} INFO - Started process (PID=7696) to work on /home/alura/Documents/Medalhas/venv/lib/python3.9/site-packages/airflow/example_dags/example_short_circuit_operator.py
[2023-02-24 10:50:33,209] {processor.py:641} INFO - Processing file /home/alura/Documents/Medalhas/venv/lib/python3.9/site-packages/airflow/example_dags/example_short_circuit_operator.py for tasks to queue
[2023-02-24 10:50:33,209] {logging_mixin.py:115} INFO - [2023-02-24 10:50:33,209] {dagbag.py:507} INFO - Filling up the DagBag from /home/alura/Documents/Medalhas/venv/lib/python3.9/site-packages/airflow/example_dags/example_short_circuit_operator.py
[2023-02-24 10:50:33,214] {processor.py:651} INFO - DAG(s) dict_keys(['example_short_circuit_operator']) retrieved from /home/alura/Documents/Medalhas/venv/lib/python3.9/site-packages/airflow/example_dags/example_short_circuit_operator.py
[2023-02-24 10:50:33,223] {logging_mixin.py:115} INFO - [2023-02-24 10:50:33,223] {dag.py:2379} INFO - Sync 1 DAGs
[2023-02-24 10:50:33,232] {logging_mixin.py:115} INFO - [2023-02-24 10:50:33,232] {dag.py:2927} INFO - Setting next_dagrun for example_short_circuit_operator to 2023-02-23T18:50:33.231905+00:00, run_after=2023-02-24T18:50:33.231905+00:00
[2023-02-24 10:50:33,239] {processor.py:161} INFO - Processing /home/alura/Documents/Medalhas/venv/lib/python3.9/site-packages/airflow/example_dags/example_short_circuit_operator.py took 0.032 seconds
[2023-02-24 10:51:07,634] {processor.py:153} INFO - Started process (PID=7879) to work on /home/alura/Documents/Medalhas/venv/lib/python3.9/site-packages/airflow/example_dags/example_short_circuit_operator.py
[2023-02-24 10:51:07,635] {processor.py:641} INFO - Processing file /home/alura/Documents/Medalhas/venv/lib/python3.9/site-packages/airflow/example_dags/example_short_circuit_operator.py for tasks to queue
[2023-02-24 10:51:07,635] {logging_mixin.py:115} INFO - [2023-02-24 10:51:07,635] {dagbag.py:507} INFO - Filling up the DagBag from /home/alura/Documents/Medalhas/venv/lib/python3.9/site-packages/airflow/example_dags/example_short_circuit_operator.py
[2023-02-24 10:51:07,639] {processor.py:651} INFO - DAG(s) dict_keys(['example_short_circuit_operator']) retrieved from /home/alura/Documents/Medalhas/venv/lib/python3.9/site-packages/airflow/example_dags/example_short_circuit_operator.py
[2023-02-24 10:51:07,648] {logging_mixin.py:115} INFO - [2023-02-24 10:51:07,648] {dag.py:2379} INFO - Sync 1 DAGs
[2023-02-24 10:51:07,657] {logging_mixin.py:115} INFO - [2023-02-24 10:51:07,657] {dag.py:2927} INFO - Setting next_dagrun for example_short_circuit_operator to 2023-02-23T18:51:07.657133+00:00, run_after=2023-02-24T18:51:07.657133+00:00
[2023-02-24 10:51:07,664] {processor.py:161} INFO - Processing /home/alura/Documents/Medalhas/venv/lib/python3.9/site-packages/airflow/example_dags/example_short_circuit_operator.py took 0.031 seconds
[2023-02-24 10:51:39,140] {processor.py:153} INFO - Started process (PID=8045) to work on /home/alura/Documents/Medalhas/venv/lib/python3.9/site-packages/airflow/example_dags/example_short_circuit_operator.py
[2023-02-24 10:51:39,141] {processor.py:641} INFO - Processing file /home/alura/Documents/Medalhas/venv/lib/python3.9/site-packages/airflow/example_dags/example_short_circuit_operator.py for tasks to queue
[2023-02-24 10:51:39,141] {logging_mixin.py:115} INFO - [2023-02-24 10:51:39,141] {dagbag.py:507} INFO - Filling up the DagBag from /home/alura/Documents/Medalhas/venv/lib/python3.9/site-packages/airflow/example_dags/example_short_circuit_operator.py
[2023-02-24 10:51:39,145] {processor.py:651} INFO - DAG(s) dict_keys(['example_short_circuit_operator']) retrieved from /home/alura/Documents/Medalhas/venv/lib/python3.9/site-packages/airflow/example_dags/example_short_circuit_operator.py
[2023-02-24 10:51:39,154] {logging_mixin.py:115} INFO - [2023-02-24 10:51:39,154] {dag.py:2379} INFO - Sync 1 DAGs
[2023-02-24 10:51:39,163] {logging_mixin.py:115} INFO - [2023-02-24 10:51:39,163] {dag.py:2927} INFO - Setting next_dagrun for example_short_circuit_operator to 2023-02-23T18:51:39.163255+00:00, run_after=2023-02-24T18:51:39.163255+00:00
[2023-02-24 10:51:39,170] {processor.py:161} INFO - Processing /home/alura/Documents/Medalhas/venv/lib/python3.9/site-packages/airflow/example_dags/example_short_circuit_operator.py took 0.031 seconds
[2023-02-24 10:52:10,521] {processor.py:153} INFO - Started process (PID=8204) to work on /home/alura/Documents/Medalhas/venv/lib/python3.9/site-packages/airflow/example_dags/example_short_circuit_operator.py
[2023-02-24 10:52:10,521] {processor.py:641} INFO - Processing file /home/alura/Documents/Medalhas/venv/lib/python3.9/site-packages/airflow/example_dags/example_short_circuit_operator.py for tasks to queue
[2023-02-24 10:52:10,522] {logging_mixin.py:115} INFO - [2023-02-24 10:52:10,522] {dagbag.py:507} INFO - Filling up the DagBag from /home/alura/Documents/Medalhas/venv/lib/python3.9/site-packages/airflow/example_dags/example_short_circuit_operator.py
[2023-02-24 10:52:10,526] {processor.py:651} INFO - DAG(s) dict_keys(['example_short_circuit_operator']) retrieved from /home/alura/Documents/Medalhas/venv/lib/python3.9/site-packages/airflow/example_dags/example_short_circuit_operator.py
[2023-02-24 10:52:10,535] {logging_mixin.py:115} INFO - [2023-02-24 10:52:10,535] {dag.py:2379} INFO - Sync 1 DAGs
[2023-02-24 10:52:10,545] {logging_mixin.py:115} INFO - [2023-02-24 10:52:10,545] {dag.py:2927} INFO - Setting next_dagrun for example_short_circuit_operator to 2023-02-23T18:52:10.545094+00:00, run_after=2023-02-24T18:52:10.545094+00:00
[2023-02-24 10:52:10,552] {processor.py:161} INFO - Processing /home/alura/Documents/Medalhas/venv/lib/python3.9/site-packages/airflow/example_dags/example_short_circuit_operator.py took 0.032 seconds
[2023-02-24 10:52:45,406] {processor.py:153} INFO - Started process (PID=8381) to work on /home/alura/Documents/Medalhas/venv/lib/python3.9/site-packages/airflow/example_dags/example_short_circuit_operator.py
[2023-02-24 10:52:45,406] {processor.py:641} INFO - Processing file /home/alura/Documents/Medalhas/venv/lib/python3.9/site-packages/airflow/example_dags/example_short_circuit_operator.py for tasks to queue
[2023-02-24 10:52:45,407] {logging_mixin.py:115} INFO - [2023-02-24 10:52:45,407] {dagbag.py:507} INFO - Filling up the DagBag from /home/alura/Documents/Medalhas/venv/lib/python3.9/site-packages/airflow/example_dags/example_short_circuit_operator.py
[2023-02-24 10:52:45,411] {processor.py:651} INFO - DAG(s) dict_keys(['example_short_circuit_operator']) retrieved from /home/alura/Documents/Medalhas/venv/lib/python3.9/site-packages/airflow/example_dags/example_short_circuit_operator.py
[2023-02-24 10:52:45,419] {logging_mixin.py:115} INFO - [2023-02-24 10:52:45,419] {dag.py:2379} INFO - Sync 1 DAGs
[2023-02-24 10:52:45,428] {logging_mixin.py:115} INFO - [2023-02-24 10:52:45,428] {dag.py:2927} INFO - Setting next_dagrun for example_short_circuit_operator to 2023-02-23T18:52:45.428341+00:00, run_after=2023-02-24T18:52:45.428341+00:00
[2023-02-24 10:52:45,436] {processor.py:161} INFO - Processing /home/alura/Documents/Medalhas/venv/lib/python3.9/site-packages/airflow/example_dags/example_short_circuit_operator.py took 0.031 seconds
[2023-02-24 10:53:17,315] {processor.py:153} INFO - Started process (PID=8542) to work on /home/alura/Documents/Medalhas/venv/lib/python3.9/site-packages/airflow/example_dags/example_short_circuit_operator.py
[2023-02-24 10:53:17,316] {processor.py:641} INFO - Processing file /home/alura/Documents/Medalhas/venv/lib/python3.9/site-packages/airflow/example_dags/example_short_circuit_operator.py for tasks to queue
[2023-02-24 10:53:17,316] {logging_mixin.py:115} INFO - [2023-02-24 10:53:17,316] {dagbag.py:507} INFO - Filling up the DagBag from /home/alura/Documents/Medalhas/venv/lib/python3.9/site-packages/airflow/example_dags/example_short_circuit_operator.py
[2023-02-24 10:53:17,321] {processor.py:651} INFO - DAG(s) dict_keys(['example_short_circuit_operator']) retrieved from /home/alura/Documents/Medalhas/venv/lib/python3.9/site-packages/airflow/example_dags/example_short_circuit_operator.py
[2023-02-24 10:53:17,330] {logging_mixin.py:115} INFO - [2023-02-24 10:53:17,330] {dag.py:2379} INFO - Sync 1 DAGs
[2023-02-24 10:53:17,338] {logging_mixin.py:115} INFO - [2023-02-24 10:53:17,338] {dag.py:2927} INFO - Setting next_dagrun for example_short_circuit_operator to 2023-02-23T18:53:17.338547+00:00, run_after=2023-02-24T18:53:17.338547+00:00
[2023-02-24 10:53:17,345] {processor.py:161} INFO - Processing /home/alura/Documents/Medalhas/venv/lib/python3.9/site-packages/airflow/example_dags/example_short_circuit_operator.py took 0.031 seconds
[2023-02-24 10:53:48,722] {processor.py:153} INFO - Started process (PID=8702) to work on /home/alura/Documents/Medalhas/venv/lib/python3.9/site-packages/airflow/example_dags/example_short_circuit_operator.py
[2023-02-24 10:53:48,723] {processor.py:641} INFO - Processing file /home/alura/Documents/Medalhas/venv/lib/python3.9/site-packages/airflow/example_dags/example_short_circuit_operator.py for tasks to queue
[2023-02-24 10:53:48,723] {logging_mixin.py:115} INFO - [2023-02-24 10:53:48,723] {dagbag.py:507} INFO - Filling up the DagBag from /home/alura/Documents/Medalhas/venv/lib/python3.9/site-packages/airflow/example_dags/example_short_circuit_operator.py
[2023-02-24 10:53:48,727] {processor.py:651} INFO - DAG(s) dict_keys(['example_short_circuit_operator']) retrieved from /home/alura/Documents/Medalhas/venv/lib/python3.9/site-packages/airflow/example_dags/example_short_circuit_operator.py
[2023-02-24 10:53:48,736] {logging_mixin.py:115} INFO - [2023-02-24 10:53:48,736] {dag.py:2379} INFO - Sync 1 DAGs
[2023-02-24 10:53:48,745] {logging_mixin.py:115} INFO - [2023-02-24 10:53:48,745] {dag.py:2927} INFO - Setting next_dagrun for example_short_circuit_operator to 2023-02-23T18:53:48.745470+00:00, run_after=2023-02-24T18:53:48.745470+00:00
[2023-02-24 10:53:48,753] {processor.py:161} INFO - Processing /home/alura/Documents/Medalhas/venv/lib/python3.9/site-packages/airflow/example_dags/example_short_circuit_operator.py took 0.032 seconds
[2023-02-24 10:54:20,634] {processor.py:153} INFO - Started process (PID=8948) to work on /home/alura/Documents/Medalhas/venv/lib/python3.9/site-packages/airflow/example_dags/example_short_circuit_operator.py
[2023-02-24 10:54:20,635] {processor.py:641} INFO - Processing file /home/alura/Documents/Medalhas/venv/lib/python3.9/site-packages/airflow/example_dags/example_short_circuit_operator.py for tasks to queue
[2023-02-24 10:54:20,635] {logging_mixin.py:115} INFO - [2023-02-24 10:54:20,635] {dagbag.py:507} INFO - Filling up the DagBag from /home/alura/Documents/Medalhas/venv/lib/python3.9/site-packages/airflow/example_dags/example_short_circuit_operator.py
[2023-02-24 10:54:20,640] {processor.py:651} INFO - DAG(s) dict_keys(['example_short_circuit_operator']) retrieved from /home/alura/Documents/Medalhas/venv/lib/python3.9/site-packages/airflow/example_dags/example_short_circuit_operator.py
[2023-02-24 10:54:20,649] {logging_mixin.py:115} INFO - [2023-02-24 10:54:20,648] {dag.py:2379} INFO - Sync 1 DAGs
[2023-02-24 10:54:20,657] {logging_mixin.py:115} INFO - [2023-02-24 10:54:20,657] {dag.py:2927} INFO - Setting next_dagrun for example_short_circuit_operator to 2023-02-23T18:54:20.657494+00:00, run_after=2023-02-24T18:54:20.657494+00:00
[2023-02-24 10:54:20,664] {processor.py:161} INFO - Processing /home/alura/Documents/Medalhas/venv/lib/python3.9/site-packages/airflow/example_dags/example_short_circuit_operator.py took 0.031 seconds
[2023-02-24 10:54:52,281] {processor.py:153} INFO - Started process (PID=9106) to work on /home/alura/Documents/Medalhas/venv/lib/python3.9/site-packages/airflow/example_dags/example_short_circuit_operator.py
[2023-02-24 10:54:52,281] {processor.py:641} INFO - Processing file /home/alura/Documents/Medalhas/venv/lib/python3.9/site-packages/airflow/example_dags/example_short_circuit_operator.py for tasks to queue
[2023-02-24 10:54:52,281] {logging_mixin.py:115} INFO - [2023-02-24 10:54:52,281] {dagbag.py:507} INFO - Filling up the DagBag from /home/alura/Documents/Medalhas/venv/lib/python3.9/site-packages/airflow/example_dags/example_short_circuit_operator.py
[2023-02-24 10:54:52,286] {processor.py:651} INFO - DAG(s) dict_keys(['example_short_circuit_operator']) retrieved from /home/alura/Documents/Medalhas/venv/lib/python3.9/site-packages/airflow/example_dags/example_short_circuit_operator.py
[2023-02-24 10:54:52,294] {logging_mixin.py:115} INFO - [2023-02-24 10:54:52,294] {dag.py:2379} INFO - Sync 1 DAGs
[2023-02-24 10:54:52,303] {logging_mixin.py:115} INFO - [2023-02-24 10:54:52,303] {dag.py:2927} INFO - Setting next_dagrun for example_short_circuit_operator to 2023-02-23T18:54:52.303288+00:00, run_after=2023-02-24T18:54:52.303288+00:00
[2023-02-24 10:54:52,309] {processor.py:161} INFO - Processing /home/alura/Documents/Medalhas/venv/lib/python3.9/site-packages/airflow/example_dags/example_short_circuit_operator.py took 0.030 seconds
[2023-02-24 10:55:23,661] {processor.py:153} INFO - Started process (PID=9272) to work on /home/alura/Documents/Medalhas/venv/lib/python3.9/site-packages/airflow/example_dags/example_short_circuit_operator.py
[2023-02-24 10:55:23,662] {processor.py:641} INFO - Processing file /home/alura/Documents/Medalhas/venv/lib/python3.9/site-packages/airflow/example_dags/example_short_circuit_operator.py for tasks to queue
[2023-02-24 10:55:23,662] {logging_mixin.py:115} INFO - [2023-02-24 10:55:23,662] {dagbag.py:507} INFO - Filling up the DagBag from /home/alura/Documents/Medalhas/venv/lib/python3.9/site-packages/airflow/example_dags/example_short_circuit_operator.py
[2023-02-24 10:55:23,666] {processor.py:651} INFO - DAG(s) dict_keys(['example_short_circuit_operator']) retrieved from /home/alura/Documents/Medalhas/venv/lib/python3.9/site-packages/airflow/example_dags/example_short_circuit_operator.py
[2023-02-24 10:55:23,675] {logging_mixin.py:115} INFO - [2023-02-24 10:55:23,675] {dag.py:2379} INFO - Sync 1 DAGs
[2023-02-24 10:55:23,688] {logging_mixin.py:115} INFO - [2023-02-24 10:55:23,687] {dag.py:2927} INFO - Setting next_dagrun for example_short_circuit_operator to 2023-02-23T18:55:23.687785+00:00, run_after=2023-02-24T18:55:23.687785+00:00
[2023-02-24 10:55:23,695] {processor.py:161} INFO - Processing /home/alura/Documents/Medalhas/venv/lib/python3.9/site-packages/airflow/example_dags/example_short_circuit_operator.py took 0.035 seconds
[2023-02-24 10:55:59,202] {processor.py:153} INFO - Started process (PID=9453) to work on /home/alura/Documents/Medalhas/venv/lib/python3.9/site-packages/airflow/example_dags/example_short_circuit_operator.py
[2023-02-24 10:55:59,203] {processor.py:641} INFO - Processing file /home/alura/Documents/Medalhas/venv/lib/python3.9/site-packages/airflow/example_dags/example_short_circuit_operator.py for tasks to queue
[2023-02-24 10:55:59,203] {logging_mixin.py:115} INFO - [2023-02-24 10:55:59,203] {dagbag.py:507} INFO - Filling up the DagBag from /home/alura/Documents/Medalhas/venv/lib/python3.9/site-packages/airflow/example_dags/example_short_circuit_operator.py
[2023-02-24 10:55:59,207] {processor.py:651} INFO - DAG(s) dict_keys(['example_short_circuit_operator']) retrieved from /home/alura/Documents/Medalhas/venv/lib/python3.9/site-packages/airflow/example_dags/example_short_circuit_operator.py
[2023-02-24 10:55:59,216] {logging_mixin.py:115} INFO - [2023-02-24 10:55:59,216] {dag.py:2379} INFO - Sync 1 DAGs
[2023-02-24 10:55:59,225] {logging_mixin.py:115} INFO - [2023-02-24 10:55:59,225] {dag.py:2927} INFO - Setting next_dagrun for example_short_circuit_operator to 2023-02-23T18:55:59.224983+00:00, run_after=2023-02-24T18:55:59.224983+00:00
[2023-02-24 10:55:59,231] {processor.py:161} INFO - Processing /home/alura/Documents/Medalhas/venv/lib/python3.9/site-packages/airflow/example_dags/example_short_circuit_operator.py took 0.031 seconds
[2023-02-24 10:56:29,951] {processor.py:153} INFO - Started process (PID=9613) to work on /home/alura/Documents/Medalhas/venv/lib/python3.9/site-packages/airflow/example_dags/example_short_circuit_operator.py
[2023-02-24 10:56:29,952] {processor.py:641} INFO - Processing file /home/alura/Documents/Medalhas/venv/lib/python3.9/site-packages/airflow/example_dags/example_short_circuit_operator.py for tasks to queue
[2023-02-24 10:56:29,952] {logging_mixin.py:115} INFO - [2023-02-24 10:56:29,952] {dagbag.py:507} INFO - Filling up the DagBag from /home/alura/Documents/Medalhas/venv/lib/python3.9/site-packages/airflow/example_dags/example_short_circuit_operator.py
[2023-02-24 10:56:29,957] {processor.py:651} INFO - DAG(s) dict_keys(['example_short_circuit_operator']) retrieved from /home/alura/Documents/Medalhas/venv/lib/python3.9/site-packages/airflow/example_dags/example_short_circuit_operator.py
[2023-02-24 10:56:29,966] {logging_mixin.py:115} INFO - [2023-02-24 10:56:29,966] {dag.py:2379} INFO - Sync 1 DAGs
[2023-02-24 10:56:29,974] {logging_mixin.py:115} INFO - [2023-02-24 10:56:29,974] {dag.py:2927} INFO - Setting next_dagrun for example_short_circuit_operator to 2023-02-23T18:56:29.974439+00:00, run_after=2023-02-24T18:56:29.974439+00:00
[2023-02-24 10:56:29,981] {processor.py:161} INFO - Processing /home/alura/Documents/Medalhas/venv/lib/python3.9/site-packages/airflow/example_dags/example_short_circuit_operator.py took 0.031 seconds
[2023-02-24 10:57:03,623] {processor.py:153} INFO - Started process (PID=9788) to work on /home/alura/Documents/Medalhas/venv/lib/python3.9/site-packages/airflow/example_dags/example_short_circuit_operator.py
[2023-02-24 10:57:03,624] {processor.py:641} INFO - Processing file /home/alura/Documents/Medalhas/venv/lib/python3.9/site-packages/airflow/example_dags/example_short_circuit_operator.py for tasks to queue
[2023-02-24 10:57:03,624] {logging_mixin.py:115} INFO - [2023-02-24 10:57:03,624] {dagbag.py:507} INFO - Filling up the DagBag from /home/alura/Documents/Medalhas/venv/lib/python3.9/site-packages/airflow/example_dags/example_short_circuit_operator.py
[2023-02-24 10:57:03,628] {processor.py:651} INFO - DAG(s) dict_keys(['example_short_circuit_operator']) retrieved from /home/alura/Documents/Medalhas/venv/lib/python3.9/site-packages/airflow/example_dags/example_short_circuit_operator.py
[2023-02-24 10:57:03,636] {logging_mixin.py:115} INFO - [2023-02-24 10:57:03,636] {dag.py:2379} INFO - Sync 1 DAGs
[2023-02-24 10:57:03,646] {logging_mixin.py:115} INFO - [2023-02-24 10:57:03,645] {dag.py:2927} INFO - Setting next_dagrun for example_short_circuit_operator to 2023-02-23T18:57:03.645688+00:00, run_after=2023-02-24T18:57:03.645688+00:00
[2023-02-24 10:57:03,652] {processor.py:161} INFO - Processing /home/alura/Documents/Medalhas/venv/lib/python3.9/site-packages/airflow/example_dags/example_short_circuit_operator.py took 0.030 seconds
[2023-02-24 10:57:36,672] {processor.py:153} INFO - Started process (PID=9956) to work on /home/alura/Documents/Medalhas/venv/lib/python3.9/site-packages/airflow/example_dags/example_short_circuit_operator.py
[2023-02-24 10:57:36,673] {processor.py:641} INFO - Processing file /home/alura/Documents/Medalhas/venv/lib/python3.9/site-packages/airflow/example_dags/example_short_circuit_operator.py for tasks to queue
[2023-02-24 10:57:36,673] {logging_mixin.py:115} INFO - [2023-02-24 10:57:36,673] {dagbag.py:507} INFO - Filling up the DagBag from /home/alura/Documents/Medalhas/venv/lib/python3.9/site-packages/airflow/example_dags/example_short_circuit_operator.py
[2023-02-24 10:57:36,677] {processor.py:651} INFO - DAG(s) dict_keys(['example_short_circuit_operator']) retrieved from /home/alura/Documents/Medalhas/venv/lib/python3.9/site-packages/airflow/example_dags/example_short_circuit_operator.py
[2023-02-24 10:57:36,686] {logging_mixin.py:115} INFO - [2023-02-24 10:57:36,686] {dag.py:2379} INFO - Sync 1 DAGs
[2023-02-24 10:57:36,695] {logging_mixin.py:115} INFO - [2023-02-24 10:57:36,695] {dag.py:2927} INFO - Setting next_dagrun for example_short_circuit_operator to 2023-02-23T18:57:36.695081+00:00, run_after=2023-02-24T18:57:36.695081+00:00
[2023-02-24 10:57:36,701] {processor.py:161} INFO - Processing /home/alura/Documents/Medalhas/venv/lib/python3.9/site-packages/airflow/example_dags/example_short_circuit_operator.py took 0.031 seconds
[2023-02-24 10:58:08,576] {processor.py:153} INFO - Started process (PID=10125) to work on /home/alura/Documents/Medalhas/venv/lib/python3.9/site-packages/airflow/example_dags/example_short_circuit_operator.py
[2023-02-24 10:58:08,577] {processor.py:641} INFO - Processing file /home/alura/Documents/Medalhas/venv/lib/python3.9/site-packages/airflow/example_dags/example_short_circuit_operator.py for tasks to queue
[2023-02-24 10:58:08,577] {logging_mixin.py:115} INFO - [2023-02-24 10:58:08,577] {dagbag.py:507} INFO - Filling up the DagBag from /home/alura/Documents/Medalhas/venv/lib/python3.9/site-packages/airflow/example_dags/example_short_circuit_operator.py
[2023-02-24 10:58:08,582] {processor.py:651} INFO - DAG(s) dict_keys(['example_short_circuit_operator']) retrieved from /home/alura/Documents/Medalhas/venv/lib/python3.9/site-packages/airflow/example_dags/example_short_circuit_operator.py
[2023-02-24 10:58:08,591] {logging_mixin.py:115} INFO - [2023-02-24 10:58:08,591] {dag.py:2379} INFO - Sync 1 DAGs
[2023-02-24 10:58:08,600] {logging_mixin.py:115} INFO - [2023-02-24 10:58:08,600] {dag.py:2927} INFO - Setting next_dagrun for example_short_circuit_operator to 2023-02-23T18:58:08.599867+00:00, run_after=2023-02-24T18:58:08.599867+00:00
[2023-02-24 10:58:08,606] {processor.py:161} INFO - Processing /home/alura/Documents/Medalhas/venv/lib/python3.9/site-packages/airflow/example_dags/example_short_circuit_operator.py took 0.031 seconds
[2023-02-24 10:58:41,694] {processor.py:153} INFO - Started process (PID=10301) to work on /home/alura/Documents/Medalhas/venv/lib/python3.9/site-packages/airflow/example_dags/example_short_circuit_operator.py
[2023-02-24 10:58:41,695] {processor.py:641} INFO - Processing file /home/alura/Documents/Medalhas/venv/lib/python3.9/site-packages/airflow/example_dags/example_short_circuit_operator.py for tasks to queue
[2023-02-24 10:58:41,695] {logging_mixin.py:115} INFO - [2023-02-24 10:58:41,695] {dagbag.py:507} INFO - Filling up the DagBag from /home/alura/Documents/Medalhas/venv/lib/python3.9/site-packages/airflow/example_dags/example_short_circuit_operator.py
[2023-02-24 10:58:41,699] {processor.py:651} INFO - DAG(s) dict_keys(['example_short_circuit_operator']) retrieved from /home/alura/Documents/Medalhas/venv/lib/python3.9/site-packages/airflow/example_dags/example_short_circuit_operator.py
[2023-02-24 10:58:41,708] {logging_mixin.py:115} INFO - [2023-02-24 10:58:41,708] {dag.py:2379} INFO - Sync 1 DAGs
[2023-02-24 10:58:41,717] {logging_mixin.py:115} INFO - [2023-02-24 10:58:41,717] {dag.py:2927} INFO - Setting next_dagrun for example_short_circuit_operator to 2023-02-23T18:58:41.717441+00:00, run_after=2023-02-24T18:58:41.717441+00:00
[2023-02-24 10:58:41,724] {processor.py:161} INFO - Processing /home/alura/Documents/Medalhas/venv/lib/python3.9/site-packages/airflow/example_dags/example_short_circuit_operator.py took 0.032 seconds
[2023-02-24 10:59:14,325] {processor.py:153} INFO - Started process (PID=10469) to work on /home/alura/Documents/Medalhas/venv/lib/python3.9/site-packages/airflow/example_dags/example_short_circuit_operator.py
[2023-02-24 10:59:14,326] {processor.py:641} INFO - Processing file /home/alura/Documents/Medalhas/venv/lib/python3.9/site-packages/airflow/example_dags/example_short_circuit_operator.py for tasks to queue
[2023-02-24 10:59:14,326] {logging_mixin.py:115} INFO - [2023-02-24 10:59:14,326] {dagbag.py:507} INFO - Filling up the DagBag from /home/alura/Documents/Medalhas/venv/lib/python3.9/site-packages/airflow/example_dags/example_short_circuit_operator.py
[2023-02-24 10:59:14,330] {processor.py:651} INFO - DAG(s) dict_keys(['example_short_circuit_operator']) retrieved from /home/alura/Documents/Medalhas/venv/lib/python3.9/site-packages/airflow/example_dags/example_short_circuit_operator.py
[2023-02-24 10:59:14,339] {logging_mixin.py:115} INFO - [2023-02-24 10:59:14,339] {dag.py:2379} INFO - Sync 1 DAGs
[2023-02-24 10:59:14,347] {logging_mixin.py:115} INFO - [2023-02-24 10:59:14,347] {dag.py:2927} INFO - Setting next_dagrun for example_short_circuit_operator to 2023-02-23T18:59:14.347692+00:00, run_after=2023-02-24T18:59:14.347692+00:00
[2023-02-24 10:59:14,354] {processor.py:161} INFO - Processing /home/alura/Documents/Medalhas/venv/lib/python3.9/site-packages/airflow/example_dags/example_short_circuit_operator.py took 0.031 seconds
[2023-02-24 10:59:46,014] {processor.py:153} INFO - Started process (PID=10631) to work on /home/alura/Documents/Medalhas/venv/lib/python3.9/site-packages/airflow/example_dags/example_short_circuit_operator.py
[2023-02-24 10:59:46,015] {processor.py:641} INFO - Processing file /home/alura/Documents/Medalhas/venv/lib/python3.9/site-packages/airflow/example_dags/example_short_circuit_operator.py for tasks to queue
[2023-02-24 10:59:46,015] {logging_mixin.py:115} INFO - [2023-02-24 10:59:46,015] {dagbag.py:507} INFO - Filling up the DagBag from /home/alura/Documents/Medalhas/venv/lib/python3.9/site-packages/airflow/example_dags/example_short_circuit_operator.py
[2023-02-24 10:59:46,019] {processor.py:651} INFO - DAG(s) dict_keys(['example_short_circuit_operator']) retrieved from /home/alura/Documents/Medalhas/venv/lib/python3.9/site-packages/airflow/example_dags/example_short_circuit_operator.py
[2023-02-24 10:59:46,028] {logging_mixin.py:115} INFO - [2023-02-24 10:59:46,028] {dag.py:2379} INFO - Sync 1 DAGs
[2023-02-24 10:59:46,037] {logging_mixin.py:115} INFO - [2023-02-24 10:59:46,037] {dag.py:2927} INFO - Setting next_dagrun for example_short_circuit_operator to 2023-02-23T18:59:46.037376+00:00, run_after=2023-02-24T18:59:46.037376+00:00
[2023-02-24 10:59:46,044] {processor.py:161} INFO - Processing /home/alura/Documents/Medalhas/venv/lib/python3.9/site-packages/airflow/example_dags/example_short_circuit_operator.py took 0.031 seconds
[2023-02-24 11:00:17,845] {processor.py:153} INFO - Started process (PID=10799) to work on /home/alura/Documents/Medalhas/venv/lib/python3.9/site-packages/airflow/example_dags/example_short_circuit_operator.py
[2023-02-24 11:00:17,846] {processor.py:641} INFO - Processing file /home/alura/Documents/Medalhas/venv/lib/python3.9/site-packages/airflow/example_dags/example_short_circuit_operator.py for tasks to queue
[2023-02-24 11:00:17,846] {logging_mixin.py:115} INFO - [2023-02-24 11:00:17,846] {dagbag.py:507} INFO - Filling up the DagBag from /home/alura/Documents/Medalhas/venv/lib/python3.9/site-packages/airflow/example_dags/example_short_circuit_operator.py
[2023-02-24 11:00:17,851] {processor.py:651} INFO - DAG(s) dict_keys(['example_short_circuit_operator']) retrieved from /home/alura/Documents/Medalhas/venv/lib/python3.9/site-packages/airflow/example_dags/example_short_circuit_operator.py
[2023-02-24 11:00:17,859] {logging_mixin.py:115} INFO - [2023-02-24 11:00:17,859] {dag.py:2379} INFO - Sync 1 DAGs
[2023-02-24 11:00:17,868] {logging_mixin.py:115} INFO - [2023-02-24 11:00:17,868] {dag.py:2927} INFO - Setting next_dagrun for example_short_circuit_operator to 2023-02-23T19:00:17.868459+00:00, run_after=2023-02-24T19:00:17.868459+00:00
[2023-02-24 11:00:17,875] {processor.py:161} INFO - Processing /home/alura/Documents/Medalhas/venv/lib/python3.9/site-packages/airflow/example_dags/example_short_circuit_operator.py took 0.031 seconds
[2023-02-24 11:00:53,256] {processor.py:153} INFO - Started process (PID=11001) to work on /home/alura/Documents/Medalhas/venv/lib/python3.9/site-packages/airflow/example_dags/example_short_circuit_operator.py
[2023-02-24 11:00:53,257] {processor.py:641} INFO - Processing file /home/alura/Documents/Medalhas/venv/lib/python3.9/site-packages/airflow/example_dags/example_short_circuit_operator.py for tasks to queue
[2023-02-24 11:00:53,257] {logging_mixin.py:115} INFO - [2023-02-24 11:00:53,257] {dagbag.py:507} INFO - Filling up the DagBag from /home/alura/Documents/Medalhas/venv/lib/python3.9/site-packages/airflow/example_dags/example_short_circuit_operator.py
[2023-02-24 11:00:53,262] {processor.py:651} INFO - DAG(s) dict_keys(['example_short_circuit_operator']) retrieved from /home/alura/Documents/Medalhas/venv/lib/python3.9/site-packages/airflow/example_dags/example_short_circuit_operator.py
[2023-02-24 11:00:53,271] {logging_mixin.py:115} INFO - [2023-02-24 11:00:53,270] {dag.py:2379} INFO - Sync 1 DAGs
[2023-02-24 11:00:53,279] {logging_mixin.py:115} INFO - [2023-02-24 11:00:53,279] {dag.py:2927} INFO - Setting next_dagrun for example_short_circuit_operator to 2023-02-23T19:00:53.279519+00:00, run_after=2023-02-24T19:00:53.279519+00:00
[2023-02-24 11:00:53,286] {processor.py:161} INFO - Processing /home/alura/Documents/Medalhas/venv/lib/python3.9/site-packages/airflow/example_dags/example_short_circuit_operator.py took 0.031 seconds
[2023-02-24 11:01:25,244] {processor.py:153} INFO - Started process (PID=11167) to work on /home/alura/Documents/Medalhas/venv/lib/python3.9/site-packages/airflow/example_dags/example_short_circuit_operator.py
[2023-02-24 11:01:25,245] {processor.py:641} INFO - Processing file /home/alura/Documents/Medalhas/venv/lib/python3.9/site-packages/airflow/example_dags/example_short_circuit_operator.py for tasks to queue
[2023-02-24 11:01:25,245] {logging_mixin.py:115} INFO - [2023-02-24 11:01:25,245] {dagbag.py:507} INFO - Filling up the DagBag from /home/alura/Documents/Medalhas/venv/lib/python3.9/site-packages/airflow/example_dags/example_short_circuit_operator.py
[2023-02-24 11:01:25,250] {processor.py:651} INFO - DAG(s) dict_keys(['example_short_circuit_operator']) retrieved from /home/alura/Documents/Medalhas/venv/lib/python3.9/site-packages/airflow/example_dags/example_short_circuit_operator.py
[2023-02-24 11:01:25,259] {logging_mixin.py:115} INFO - [2023-02-24 11:01:25,259] {dag.py:2379} INFO - Sync 1 DAGs
[2023-02-24 11:01:25,268] {logging_mixin.py:115} INFO - [2023-02-24 11:01:25,268] {dag.py:2927} INFO - Setting next_dagrun for example_short_circuit_operator to 2023-02-23T19:01:25.268584+00:00, run_after=2023-02-24T19:01:25.268584+00:00
[2023-02-24 11:01:25,275] {processor.py:161} INFO - Processing /home/alura/Documents/Medalhas/venv/lib/python3.9/site-packages/airflow/example_dags/example_short_circuit_operator.py took 0.032 seconds
[2023-02-24 11:01:56,896] {processor.py:153} INFO - Started process (PID=11334) to work on /home/alura/Documents/Medalhas/venv/lib/python3.9/site-packages/airflow/example_dags/example_short_circuit_operator.py
[2023-02-24 11:01:56,897] {processor.py:641} INFO - Processing file /home/alura/Documents/Medalhas/venv/lib/python3.9/site-packages/airflow/example_dags/example_short_circuit_operator.py for tasks to queue
[2023-02-24 11:01:56,897] {logging_mixin.py:115} INFO - [2023-02-24 11:01:56,897] {dagbag.py:507} INFO - Filling up the DagBag from /home/alura/Documents/Medalhas/venv/lib/python3.9/site-packages/airflow/example_dags/example_short_circuit_operator.py
[2023-02-24 11:01:56,901] {processor.py:651} INFO - DAG(s) dict_keys(['example_short_circuit_operator']) retrieved from /home/alura/Documents/Medalhas/venv/lib/python3.9/site-packages/airflow/example_dags/example_short_circuit_operator.py
[2023-02-24 11:01:56,910] {logging_mixin.py:115} INFO - [2023-02-24 11:01:56,910] {dag.py:2379} INFO - Sync 1 DAGs
[2023-02-24 11:01:56,919] {logging_mixin.py:115} INFO - [2023-02-24 11:01:56,919] {dag.py:2927} INFO - Setting next_dagrun for example_short_circuit_operator to 2023-02-23T19:01:56.918935+00:00, run_after=2023-02-24T19:01:56.918935+00:00
[2023-02-24 11:01:56,925] {processor.py:161} INFO - Processing /home/alura/Documents/Medalhas/venv/lib/python3.9/site-packages/airflow/example_dags/example_short_circuit_operator.py took 0.031 seconds
[2023-02-24 11:02:31,059] {processor.py:153} INFO - Started process (PID=11505) to work on /home/alura/Documents/Medalhas/venv/lib/python3.9/site-packages/airflow/example_dags/example_short_circuit_operator.py
[2023-02-24 11:02:31,059] {processor.py:641} INFO - Processing file /home/alura/Documents/Medalhas/venv/lib/python3.9/site-packages/airflow/example_dags/example_short_circuit_operator.py for tasks to queue
[2023-02-24 11:02:31,060] {logging_mixin.py:115} INFO - [2023-02-24 11:02:31,060] {dagbag.py:507} INFO - Filling up the DagBag from /home/alura/Documents/Medalhas/venv/lib/python3.9/site-packages/airflow/example_dags/example_short_circuit_operator.py
[2023-02-24 11:02:31,064] {processor.py:651} INFO - DAG(s) dict_keys(['example_short_circuit_operator']) retrieved from /home/alura/Documents/Medalhas/venv/lib/python3.9/site-packages/airflow/example_dags/example_short_circuit_operator.py
[2023-02-24 11:02:31,073] {logging_mixin.py:115} INFO - [2023-02-24 11:02:31,073] {dag.py:2379} INFO - Sync 1 DAGs
[2023-02-24 11:02:31,081] {logging_mixin.py:115} INFO - [2023-02-24 11:02:31,081] {dag.py:2927} INFO - Setting next_dagrun for example_short_circuit_operator to 2023-02-23T19:02:31.081579+00:00, run_after=2023-02-24T19:02:31.081579+00:00
[2023-02-24 11:02:31,088] {processor.py:161} INFO - Processing /home/alura/Documents/Medalhas/venv/lib/python3.9/site-packages/airflow/example_dags/example_short_circuit_operator.py took 0.031 seconds
[2023-02-24 11:03:01,801] {processor.py:153} INFO - Started process (PID=11668) to work on /home/alura/Documents/Medalhas/venv/lib/python3.9/site-packages/airflow/example_dags/example_short_circuit_operator.py
[2023-02-24 11:03:01,801] {processor.py:641} INFO - Processing file /home/alura/Documents/Medalhas/venv/lib/python3.9/site-packages/airflow/example_dags/example_short_circuit_operator.py for tasks to queue
[2023-02-24 11:03:01,802] {logging_mixin.py:115} INFO - [2023-02-24 11:03:01,802] {dagbag.py:507} INFO - Filling up the DagBag from /home/alura/Documents/Medalhas/venv/lib/python3.9/site-packages/airflow/example_dags/example_short_circuit_operator.py
[2023-02-24 11:03:01,806] {processor.py:651} INFO - DAG(s) dict_keys(['example_short_circuit_operator']) retrieved from /home/alura/Documents/Medalhas/venv/lib/python3.9/site-packages/airflow/example_dags/example_short_circuit_operator.py
[2023-02-24 11:03:01,815] {logging_mixin.py:115} INFO - [2023-02-24 11:03:01,815] {dag.py:2379} INFO - Sync 1 DAGs
[2023-02-24 11:03:01,824] {logging_mixin.py:115} INFO - [2023-02-24 11:03:01,824] {dag.py:2927} INFO - Setting next_dagrun for example_short_circuit_operator to 2023-02-23T19:03:01.824282+00:00, run_after=2023-02-24T19:03:01.824282+00:00
[2023-02-24 11:03:01,831] {processor.py:161} INFO - Processing /home/alura/Documents/Medalhas/venv/lib/python3.9/site-packages/airflow/example_dags/example_short_circuit_operator.py took 0.032 seconds
[2023-02-24 11:03:34,935] {processor.py:153} INFO - Started process (PID=11856) to work on /home/alura/Documents/Medalhas/venv/lib/python3.9/site-packages/airflow/example_dags/example_short_circuit_operator.py
[2023-02-24 11:03:34,935] {processor.py:641} INFO - Processing file /home/alura/Documents/Medalhas/venv/lib/python3.9/site-packages/airflow/example_dags/example_short_circuit_operator.py for tasks to queue
[2023-02-24 11:03:34,936] {logging_mixin.py:115} INFO - [2023-02-24 11:03:34,936] {dagbag.py:507} INFO - Filling up the DagBag from /home/alura/Documents/Medalhas/venv/lib/python3.9/site-packages/airflow/example_dags/example_short_circuit_operator.py
[2023-02-24 11:03:34,940] {processor.py:651} INFO - DAG(s) dict_keys(['example_short_circuit_operator']) retrieved from /home/alura/Documents/Medalhas/venv/lib/python3.9/site-packages/airflow/example_dags/example_short_circuit_operator.py
[2023-02-24 11:03:34,950] {logging_mixin.py:115} INFO - [2023-02-24 11:03:34,950] {dag.py:2379} INFO - Sync 1 DAGs
[2023-02-24 11:03:34,959] {logging_mixin.py:115} INFO - [2023-02-24 11:03:34,959] {dag.py:2927} INFO - Setting next_dagrun for example_short_circuit_operator to 2023-02-23T19:03:34.959197+00:00, run_after=2023-02-24T19:03:34.959197+00:00
[2023-02-24 11:03:34,967] {processor.py:161} INFO - Processing /home/alura/Documents/Medalhas/venv/lib/python3.9/site-packages/airflow/example_dags/example_short_circuit_operator.py took 0.033 seconds
[2023-02-24 11:04:08,687] {processor.py:153} INFO - Started process (PID=12102) to work on /home/alura/Documents/Medalhas/venv/lib/python3.9/site-packages/airflow/example_dags/example_short_circuit_operator.py
[2023-02-24 11:04:08,687] {processor.py:641} INFO - Processing file /home/alura/Documents/Medalhas/venv/lib/python3.9/site-packages/airflow/example_dags/example_short_circuit_operator.py for tasks to queue
[2023-02-24 11:04:08,688] {logging_mixin.py:115} INFO - [2023-02-24 11:04:08,688] {dagbag.py:507} INFO - Filling up the DagBag from /home/alura/Documents/Medalhas/venv/lib/python3.9/site-packages/airflow/example_dags/example_short_circuit_operator.py
[2023-02-24 11:04:08,692] {processor.py:651} INFO - DAG(s) dict_keys(['example_short_circuit_operator']) retrieved from /home/alura/Documents/Medalhas/venv/lib/python3.9/site-packages/airflow/example_dags/example_short_circuit_operator.py
[2023-02-24 11:04:08,701] {logging_mixin.py:115} INFO - [2023-02-24 11:04:08,701] {dag.py:2379} INFO - Sync 1 DAGs
[2023-02-24 11:04:08,710] {logging_mixin.py:115} INFO - [2023-02-24 11:04:08,710] {dag.py:2927} INFO - Setting next_dagrun for example_short_circuit_operator to 2023-02-23T19:04:08.709911+00:00, run_after=2023-02-24T19:04:08.709911+00:00
[2023-02-24 11:04:08,716] {processor.py:161} INFO - Processing /home/alura/Documents/Medalhas/venv/lib/python3.9/site-packages/airflow/example_dags/example_short_circuit_operator.py took 0.031 seconds
[2023-02-24 11:04:42,780] {processor.py:153} INFO - Started process (PID=12304) to work on /home/alura/Documents/Medalhas/venv/lib/python3.9/site-packages/airflow/example_dags/example_short_circuit_operator.py
[2023-02-24 11:04:42,780] {processor.py:641} INFO - Processing file /home/alura/Documents/Medalhas/venv/lib/python3.9/site-packages/airflow/example_dags/example_short_circuit_operator.py for tasks to queue
[2023-02-24 11:04:42,781] {logging_mixin.py:115} INFO - [2023-02-24 11:04:42,781] {dagbag.py:507} INFO - Filling up the DagBag from /home/alura/Documents/Medalhas/venv/lib/python3.9/site-packages/airflow/example_dags/example_short_circuit_operator.py
[2023-02-24 11:04:42,786] {processor.py:651} INFO - DAG(s) dict_keys(['example_short_circuit_operator']) retrieved from /home/alura/Documents/Medalhas/venv/lib/python3.9/site-packages/airflow/example_dags/example_short_circuit_operator.py
[2023-02-24 11:04:42,795] {logging_mixin.py:115} INFO - [2023-02-24 11:04:42,795] {dag.py:2379} INFO - Sync 1 DAGs
[2023-02-24 11:04:42,804] {logging_mixin.py:115} INFO - [2023-02-24 11:04:42,804] {dag.py:2927} INFO - Setting next_dagrun for example_short_circuit_operator to 2023-02-23T19:04:42.803900+00:00, run_after=2023-02-24T19:04:42.803900+00:00
[2023-02-24 11:04:42,811] {processor.py:161} INFO - Processing /home/alura/Documents/Medalhas/venv/lib/python3.9/site-packages/airflow/example_dags/example_short_circuit_operator.py took 0.032 seconds
[2023-02-24 11:05:15,815] {processor.py:153} INFO - Started process (PID=12503) to work on /home/alura/Documents/Medalhas/venv/lib/python3.9/site-packages/airflow/example_dags/example_short_circuit_operator.py
[2023-02-24 11:05:15,815] {processor.py:641} INFO - Processing file /home/alura/Documents/Medalhas/venv/lib/python3.9/site-packages/airflow/example_dags/example_short_circuit_operator.py for tasks to queue
[2023-02-24 11:05:15,816] {logging_mixin.py:115} INFO - [2023-02-24 11:05:15,816] {dagbag.py:507} INFO - Filling up the DagBag from /home/alura/Documents/Medalhas/venv/lib/python3.9/site-packages/airflow/example_dags/example_short_circuit_operator.py
[2023-02-24 11:05:15,820] {processor.py:651} INFO - DAG(s) dict_keys(['example_short_circuit_operator']) retrieved from /home/alura/Documents/Medalhas/venv/lib/python3.9/site-packages/airflow/example_dags/example_short_circuit_operator.py
[2023-02-24 11:05:15,829] {logging_mixin.py:115} INFO - [2023-02-24 11:05:15,829] {dag.py:2379} INFO - Sync 1 DAGs
[2023-02-24 11:05:15,838] {logging_mixin.py:115} INFO - [2023-02-24 11:05:15,838] {dag.py:2927} INFO - Setting next_dagrun for example_short_circuit_operator to 2023-02-23T19:05:15.838409+00:00, run_after=2023-02-24T19:05:15.838409+00:00
[2023-02-24 11:05:15,845] {processor.py:161} INFO - Processing /home/alura/Documents/Medalhas/venv/lib/python3.9/site-packages/airflow/example_dags/example_short_circuit_operator.py took 0.032 seconds
