[2023-02-24 10:47:32,639] {processor.py:153} INFO - Started process (PID=6095) to work on /home/alura/Documents/Medalhas/venv/lib/python3.9/site-packages/airflow/example_dags/example_branch_day_of_week_operator.py
[2023-02-24 10:47:32,640] {processor.py:641} INFO - Processing file /home/alura/Documents/Medalhas/venv/lib/python3.9/site-packages/airflow/example_dags/example_branch_day_of_week_operator.py for tasks to queue
[2023-02-24 10:47:32,640] {logging_mixin.py:115} INFO - [2023-02-24 10:47:32,640] {dagbag.py:507} INFO - Filling up the DagBag from /home/alura/Documents/Medalhas/venv/lib/python3.9/site-packages/airflow/example_dags/example_branch_day_of_week_operator.py
[2023-02-24 10:47:32,644] {processor.py:651} INFO - DAG(s) dict_keys(['example_weekday_branch_operator']) retrieved from /home/alura/Documents/Medalhas/venv/lib/python3.9/site-packages/airflow/example_dags/example_branch_day_of_week_operator.py
[2023-02-24 10:47:32,676] {logging_mixin.py:115} INFO - [2023-02-24 10:47:32,676] {manager.py:508} INFO - Created Permission View: can delete on DAG:example_weekday_branch_operator
[2023-02-24 10:47:32,682] {logging_mixin.py:115} INFO - [2023-02-24 10:47:32,682] {manager.py:508} INFO - Created Permission View: can edit on DAG:example_weekday_branch_operator
[2023-02-24 10:47:32,686] {logging_mixin.py:115} INFO - [2023-02-24 10:47:32,686] {manager.py:508} INFO - Created Permission View: can read on DAG:example_weekday_branch_operator
[2023-02-24 10:47:32,686] {logging_mixin.py:115} INFO - [2023-02-24 10:47:32,686] {dag.py:2379} INFO - Sync 1 DAGs
[2023-02-24 10:47:32,690] {logging_mixin.py:115} INFO - [2023-02-24 10:47:32,690] {dag.py:2398} INFO - Creating ORM DAG for example_weekday_branch_operator
[2023-02-24 10:47:32,696] {logging_mixin.py:115} INFO - [2023-02-24 10:47:32,696] {dag.py:2927} INFO - Setting next_dagrun for example_weekday_branch_operator to 2023-02-23T00:00:00+00:00, run_after=2023-02-24T00:00:00+00:00
[2023-02-24 10:47:32,703] {processor.py:161} INFO - Processing /home/alura/Documents/Medalhas/venv/lib/python3.9/site-packages/airflow/example_dags/example_branch_day_of_week_operator.py took 0.065 seconds
[2023-02-24 10:48:06,309] {processor.py:153} INFO - Started process (PID=6334) to work on /home/alura/Documents/Medalhas/venv/lib/python3.9/site-packages/airflow/example_dags/example_branch_day_of_week_operator.py
[2023-02-24 10:48:06,310] {processor.py:641} INFO - Processing file /home/alura/Documents/Medalhas/venv/lib/python3.9/site-packages/airflow/example_dags/example_branch_day_of_week_operator.py for tasks to queue
[2023-02-24 10:48:06,310] {logging_mixin.py:115} INFO - [2023-02-24 10:48:06,310] {dagbag.py:507} INFO - Filling up the DagBag from /home/alura/Documents/Medalhas/venv/lib/python3.9/site-packages/airflow/example_dags/example_branch_day_of_week_operator.py
[2023-02-24 10:48:06,314] {processor.py:651} INFO - DAG(s) dict_keys(['example_weekday_branch_operator']) retrieved from /home/alura/Documents/Medalhas/venv/lib/python3.9/site-packages/airflow/example_dags/example_branch_day_of_week_operator.py
[2023-02-24 10:48:06,323] {logging_mixin.py:115} INFO - [2023-02-24 10:48:06,323] {dag.py:2379} INFO - Sync 1 DAGs
[2023-02-24 10:48:06,333] {logging_mixin.py:115} INFO - [2023-02-24 10:48:06,333] {dag.py:2927} INFO - Setting next_dagrun for example_weekday_branch_operator to 2023-02-23T00:00:00+00:00, run_after=2023-02-24T00:00:00+00:00
[2023-02-24 10:48:06,340] {processor.py:161} INFO - Processing /home/alura/Documents/Medalhas/venv/lib/python3.9/site-packages/airflow/example_dags/example_branch_day_of_week_operator.py took 0.033 seconds
[2023-02-24 10:48:40,424] {processor.py:153} INFO - Started process (PID=6708) to work on /home/alura/Documents/Medalhas/venv/lib/python3.9/site-packages/airflow/example_dags/example_branch_day_of_week_operator.py
[2023-02-24 10:48:40,424] {processor.py:641} INFO - Processing file /home/alura/Documents/Medalhas/venv/lib/python3.9/site-packages/airflow/example_dags/example_branch_day_of_week_operator.py for tasks to queue
[2023-02-24 10:48:40,425] {logging_mixin.py:115} INFO - [2023-02-24 10:48:40,424] {dagbag.py:507} INFO - Filling up the DagBag from /home/alura/Documents/Medalhas/venv/lib/python3.9/site-packages/airflow/example_dags/example_branch_day_of_week_operator.py
[2023-02-24 10:48:40,429] {processor.py:651} INFO - DAG(s) dict_keys(['example_weekday_branch_operator']) retrieved from /home/alura/Documents/Medalhas/venv/lib/python3.9/site-packages/airflow/example_dags/example_branch_day_of_week_operator.py
[2023-02-24 10:48:40,439] {logging_mixin.py:115} INFO - [2023-02-24 10:48:40,439] {dag.py:2379} INFO - Sync 1 DAGs
[2023-02-24 10:48:40,451] {logging_mixin.py:115} INFO - [2023-02-24 10:48:40,451] {dag.py:2927} INFO - Setting next_dagrun for example_weekday_branch_operator to 2023-02-23T00:00:00+00:00, run_after=2023-02-24T00:00:00+00:00
[2023-02-24 10:48:40,459] {processor.py:161} INFO - Processing /home/alura/Documents/Medalhas/venv/lib/python3.9/site-packages/airflow/example_dags/example_branch_day_of_week_operator.py took 0.037 seconds
[2023-02-24 10:49:12,961] {processor.py:153} INFO - Started process (PID=7225) to work on /home/alura/Documents/Medalhas/venv/lib/python3.9/site-packages/airflow/example_dags/example_branch_day_of_week_operator.py
[2023-02-24 10:49:12,961] {processor.py:641} INFO - Processing file /home/alura/Documents/Medalhas/venv/lib/python3.9/site-packages/airflow/example_dags/example_branch_day_of_week_operator.py for tasks to queue
[2023-02-24 10:49:12,961] {logging_mixin.py:115} INFO - [2023-02-24 10:49:12,961] {dagbag.py:507} INFO - Filling up the DagBag from /home/alura/Documents/Medalhas/venv/lib/python3.9/site-packages/airflow/example_dags/example_branch_day_of_week_operator.py
[2023-02-24 10:49:12,966] {processor.py:651} INFO - DAG(s) dict_keys(['example_weekday_branch_operator']) retrieved from /home/alura/Documents/Medalhas/venv/lib/python3.9/site-packages/airflow/example_dags/example_branch_day_of_week_operator.py
[2023-02-24 10:49:12,974] {logging_mixin.py:115} INFO - [2023-02-24 10:49:12,974] {dag.py:2379} INFO - Sync 1 DAGs
[2023-02-24 10:49:12,987] {logging_mixin.py:115} INFO - [2023-02-24 10:49:12,987] {dag.py:2927} INFO - Setting next_dagrun for example_weekday_branch_operator to 2023-02-23T00:00:00+00:00, run_after=2023-02-24T00:00:00+00:00
[2023-02-24 10:49:12,994] {processor.py:161} INFO - Processing /home/alura/Documents/Medalhas/venv/lib/python3.9/site-packages/airflow/example_dags/example_branch_day_of_week_operator.py took 0.034 seconds
[2023-02-24 10:49:49,737] {processor.py:153} INFO - Started process (PID=7467) to work on /home/alura/Documents/Medalhas/venv/lib/python3.9/site-packages/airflow/example_dags/example_branch_day_of_week_operator.py
[2023-02-24 10:49:49,738] {processor.py:641} INFO - Processing file /home/alura/Documents/Medalhas/venv/lib/python3.9/site-packages/airflow/example_dags/example_branch_day_of_week_operator.py for tasks to queue
[2023-02-24 10:49:49,738] {logging_mixin.py:115} INFO - [2023-02-24 10:49:49,738] {dagbag.py:507} INFO - Filling up the DagBag from /home/alura/Documents/Medalhas/venv/lib/python3.9/site-packages/airflow/example_dags/example_branch_day_of_week_operator.py
[2023-02-24 10:49:49,744] {processor.py:651} INFO - DAG(s) dict_keys(['example_weekday_branch_operator']) retrieved from /home/alura/Documents/Medalhas/venv/lib/python3.9/site-packages/airflow/example_dags/example_branch_day_of_week_operator.py
[2023-02-24 10:49:49,754] {logging_mixin.py:115} INFO - [2023-02-24 10:49:49,754] {dag.py:2379} INFO - Sync 1 DAGs
[2023-02-24 10:49:49,767] {logging_mixin.py:115} INFO - [2023-02-24 10:49:49,767] {dag.py:2927} INFO - Setting next_dagrun for example_weekday_branch_operator to 2023-02-23T00:00:00+00:00, run_after=2023-02-24T00:00:00+00:00
[2023-02-24 10:49:49,775] {processor.py:161} INFO - Processing /home/alura/Documents/Medalhas/venv/lib/python3.9/site-packages/airflow/example_dags/example_branch_day_of_week_operator.py took 0.039 seconds
[2023-02-24 10:50:23,572] {processor.py:153} INFO - Started process (PID=7645) to work on /home/alura/Documents/Medalhas/venv/lib/python3.9/site-packages/airflow/example_dags/example_branch_day_of_week_operator.py
[2023-02-24 10:50:23,573] {processor.py:641} INFO - Processing file /home/alura/Documents/Medalhas/venv/lib/python3.9/site-packages/airflow/example_dags/example_branch_day_of_week_operator.py for tasks to queue
[2023-02-24 10:50:23,573] {logging_mixin.py:115} INFO - [2023-02-24 10:50:23,573] {dagbag.py:507} INFO - Filling up the DagBag from /home/alura/Documents/Medalhas/venv/lib/python3.9/site-packages/airflow/example_dags/example_branch_day_of_week_operator.py
[2023-02-24 10:50:23,577] {processor.py:651} INFO - DAG(s) dict_keys(['example_weekday_branch_operator']) retrieved from /home/alura/Documents/Medalhas/venv/lib/python3.9/site-packages/airflow/example_dags/example_branch_day_of_week_operator.py
[2023-02-24 10:50:23,586] {logging_mixin.py:115} INFO - [2023-02-24 10:50:23,586] {dag.py:2379} INFO - Sync 1 DAGs
[2023-02-24 10:50:23,596] {logging_mixin.py:115} INFO - [2023-02-24 10:50:23,596] {dag.py:2927} INFO - Setting next_dagrun for example_weekday_branch_operator to 2023-02-23T00:00:00+00:00, run_after=2023-02-24T00:00:00+00:00
[2023-02-24 10:50:23,604] {processor.py:161} INFO - Processing /home/alura/Documents/Medalhas/venv/lib/python3.9/site-packages/airflow/example_dags/example_branch_day_of_week_operator.py took 0.033 seconds
[2023-02-24 10:50:58,681] {processor.py:153} INFO - Started process (PID=7830) to work on /home/alura/Documents/Medalhas/venv/lib/python3.9/site-packages/airflow/example_dags/example_branch_day_of_week_operator.py
[2023-02-24 10:50:58,682] {processor.py:641} INFO - Processing file /home/alura/Documents/Medalhas/venv/lib/python3.9/site-packages/airflow/example_dags/example_branch_day_of_week_operator.py for tasks to queue
[2023-02-24 10:50:58,682] {logging_mixin.py:115} INFO - [2023-02-24 10:50:58,682] {dagbag.py:507} INFO - Filling up the DagBag from /home/alura/Documents/Medalhas/venv/lib/python3.9/site-packages/airflow/example_dags/example_branch_day_of_week_operator.py
[2023-02-24 10:50:58,686] {processor.py:651} INFO - DAG(s) dict_keys(['example_weekday_branch_operator']) retrieved from /home/alura/Documents/Medalhas/venv/lib/python3.9/site-packages/airflow/example_dags/example_branch_day_of_week_operator.py
[2023-02-24 10:50:58,694] {logging_mixin.py:115} INFO - [2023-02-24 10:50:58,694] {dag.py:2379} INFO - Sync 1 DAGs
[2023-02-24 10:50:58,703] {logging_mixin.py:115} INFO - [2023-02-24 10:50:58,703] {dag.py:2927} INFO - Setting next_dagrun for example_weekday_branch_operator to 2023-02-23T00:00:00+00:00, run_after=2023-02-24T00:00:00+00:00
[2023-02-24 10:50:58,710] {processor.py:161} INFO - Processing /home/alura/Documents/Medalhas/venv/lib/python3.9/site-packages/airflow/example_dags/example_branch_day_of_week_operator.py took 0.030 seconds
[2023-02-24 10:51:32,527] {processor.py:153} INFO - Started process (PID=8008) to work on /home/alura/Documents/Medalhas/venv/lib/python3.9/site-packages/airflow/example_dags/example_branch_day_of_week_operator.py
[2023-02-24 10:51:32,528] {processor.py:641} INFO - Processing file /home/alura/Documents/Medalhas/venv/lib/python3.9/site-packages/airflow/example_dags/example_branch_day_of_week_operator.py for tasks to queue
[2023-02-24 10:51:32,528] {logging_mixin.py:115} INFO - [2023-02-24 10:51:32,528] {dagbag.py:507} INFO - Filling up the DagBag from /home/alura/Documents/Medalhas/venv/lib/python3.9/site-packages/airflow/example_dags/example_branch_day_of_week_operator.py
[2023-02-24 10:51:32,532] {processor.py:651} INFO - DAG(s) dict_keys(['example_weekday_branch_operator']) retrieved from /home/alura/Documents/Medalhas/venv/lib/python3.9/site-packages/airflow/example_dags/example_branch_day_of_week_operator.py
[2023-02-24 10:51:32,540] {logging_mixin.py:115} INFO - [2023-02-24 10:51:32,540] {dag.py:2379} INFO - Sync 1 DAGs
[2023-02-24 10:51:32,550] {logging_mixin.py:115} INFO - [2023-02-24 10:51:32,550] {dag.py:2927} INFO - Setting next_dagrun for example_weekday_branch_operator to 2023-02-23T00:00:00+00:00, run_after=2023-02-24T00:00:00+00:00
[2023-02-24 10:51:32,558] {processor.py:161} INFO - Processing /home/alura/Documents/Medalhas/venv/lib/python3.9/site-packages/airflow/example_dags/example_branch_day_of_week_operator.py took 0.032 seconds
[2023-02-24 10:52:04,778] {processor.py:153} INFO - Started process (PID=8174) to work on /home/alura/Documents/Medalhas/venv/lib/python3.9/site-packages/airflow/example_dags/example_branch_day_of_week_operator.py
[2023-02-24 10:52:04,779] {processor.py:641} INFO - Processing file /home/alura/Documents/Medalhas/venv/lib/python3.9/site-packages/airflow/example_dags/example_branch_day_of_week_operator.py for tasks to queue
[2023-02-24 10:52:04,779] {logging_mixin.py:115} INFO - [2023-02-24 10:52:04,779] {dagbag.py:507} INFO - Filling up the DagBag from /home/alura/Documents/Medalhas/venv/lib/python3.9/site-packages/airflow/example_dags/example_branch_day_of_week_operator.py
[2023-02-24 10:52:04,783] {processor.py:651} INFO - DAG(s) dict_keys(['example_weekday_branch_operator']) retrieved from /home/alura/Documents/Medalhas/venv/lib/python3.9/site-packages/airflow/example_dags/example_branch_day_of_week_operator.py
[2023-02-24 10:52:04,791] {logging_mixin.py:115} INFO - [2023-02-24 10:52:04,791] {dag.py:2379} INFO - Sync 1 DAGs
[2023-02-24 10:52:04,801] {logging_mixin.py:115} INFO - [2023-02-24 10:52:04,800] {dag.py:2927} INFO - Setting next_dagrun for example_weekday_branch_operator to 2023-02-23T00:00:00+00:00, run_after=2023-02-24T00:00:00+00:00
[2023-02-24 10:52:04,807] {processor.py:161} INFO - Processing /home/alura/Documents/Medalhas/venv/lib/python3.9/site-packages/airflow/example_dags/example_branch_day_of_week_operator.py took 0.031 seconds
[2023-02-24 10:52:38,647] {processor.py:153} INFO - Started process (PID=8351) to work on /home/alura/Documents/Medalhas/venv/lib/python3.9/site-packages/airflow/example_dags/example_branch_day_of_week_operator.py
[2023-02-24 10:52:38,648] {processor.py:641} INFO - Processing file /home/alura/Documents/Medalhas/venv/lib/python3.9/site-packages/airflow/example_dags/example_branch_day_of_week_operator.py for tasks to queue
[2023-02-24 10:52:38,648] {logging_mixin.py:115} INFO - [2023-02-24 10:52:38,648] {dagbag.py:507} INFO - Filling up the DagBag from /home/alura/Documents/Medalhas/venv/lib/python3.9/site-packages/airflow/example_dags/example_branch_day_of_week_operator.py
[2023-02-24 10:52:38,652] {processor.py:651} INFO - DAG(s) dict_keys(['example_weekday_branch_operator']) retrieved from /home/alura/Documents/Medalhas/venv/lib/python3.9/site-packages/airflow/example_dags/example_branch_day_of_week_operator.py
[2023-02-24 10:52:38,661] {logging_mixin.py:115} INFO - [2023-02-24 10:52:38,661] {dag.py:2379} INFO - Sync 1 DAGs
[2023-02-24 10:52:38,672] {logging_mixin.py:115} INFO - [2023-02-24 10:52:38,672] {dag.py:2927} INFO - Setting next_dagrun for example_weekday_branch_operator to 2023-02-23T00:00:00+00:00, run_after=2023-02-24T00:00:00+00:00
[2023-02-24 10:52:38,678] {processor.py:161} INFO - Processing /home/alura/Documents/Medalhas/venv/lib/python3.9/site-packages/airflow/example_dags/example_branch_day_of_week_operator.py took 0.032 seconds
[2023-02-24 10:53:12,396] {processor.py:153} INFO - Started process (PID=8517) to work on /home/alura/Documents/Medalhas/venv/lib/python3.9/site-packages/airflow/example_dags/example_branch_day_of_week_operator.py
[2023-02-24 10:53:12,396] {processor.py:641} INFO - Processing file /home/alura/Documents/Medalhas/venv/lib/python3.9/site-packages/airflow/example_dags/example_branch_day_of_week_operator.py for tasks to queue
[2023-02-24 10:53:12,397] {logging_mixin.py:115} INFO - [2023-02-24 10:53:12,397] {dagbag.py:507} INFO - Filling up the DagBag from /home/alura/Documents/Medalhas/venv/lib/python3.9/site-packages/airflow/example_dags/example_branch_day_of_week_operator.py
[2023-02-24 10:53:12,401] {processor.py:651} INFO - DAG(s) dict_keys(['example_weekday_branch_operator']) retrieved from /home/alura/Documents/Medalhas/venv/lib/python3.9/site-packages/airflow/example_dags/example_branch_day_of_week_operator.py
[2023-02-24 10:53:12,409] {logging_mixin.py:115} INFO - [2023-02-24 10:53:12,409] {dag.py:2379} INFO - Sync 1 DAGs
[2023-02-24 10:53:12,418] {logging_mixin.py:115} INFO - [2023-02-24 10:53:12,418] {dag.py:2927} INFO - Setting next_dagrun for example_weekday_branch_operator to 2023-02-23T00:00:00+00:00, run_after=2023-02-24T00:00:00+00:00
[2023-02-24 10:53:12,425] {processor.py:161} INFO - Processing /home/alura/Documents/Medalhas/venv/lib/python3.9/site-packages/airflow/example_dags/example_branch_day_of_week_operator.py took 0.030 seconds
[2023-02-24 10:53:45,847] {processor.py:153} INFO - Started process (PID=8684) to work on /home/alura/Documents/Medalhas/venv/lib/python3.9/site-packages/airflow/example_dags/example_branch_day_of_week_operator.py
[2023-02-24 10:53:45,848] {processor.py:641} INFO - Processing file /home/alura/Documents/Medalhas/venv/lib/python3.9/site-packages/airflow/example_dags/example_branch_day_of_week_operator.py for tasks to queue
[2023-02-24 10:53:45,848] {logging_mixin.py:115} INFO - [2023-02-24 10:53:45,848] {dagbag.py:507} INFO - Filling up the DagBag from /home/alura/Documents/Medalhas/venv/lib/python3.9/site-packages/airflow/example_dags/example_branch_day_of_week_operator.py
[2023-02-24 10:53:45,852] {processor.py:651} INFO - DAG(s) dict_keys(['example_weekday_branch_operator']) retrieved from /home/alura/Documents/Medalhas/venv/lib/python3.9/site-packages/airflow/example_dags/example_branch_day_of_week_operator.py
[2023-02-24 10:53:45,860] {logging_mixin.py:115} INFO - [2023-02-24 10:53:45,860] {dag.py:2379} INFO - Sync 1 DAGs
[2023-02-24 10:53:45,869] {logging_mixin.py:115} INFO - [2023-02-24 10:53:45,869] {dag.py:2927} INFO - Setting next_dagrun for example_weekday_branch_operator to 2023-02-23T00:00:00+00:00, run_after=2023-02-24T00:00:00+00:00
[2023-02-24 10:53:45,876] {processor.py:161} INFO - Processing /home/alura/Documents/Medalhas/venv/lib/python3.9/site-packages/airflow/example_dags/example_branch_day_of_week_operator.py took 0.030 seconds
[2023-02-24 10:54:21,759] {processor.py:153} INFO - Started process (PID=8953) to work on /home/alura/Documents/Medalhas/venv/lib/python3.9/site-packages/airflow/example_dags/example_branch_day_of_week_operator.py
[2023-02-24 10:54:21,759] {processor.py:641} INFO - Processing file /home/alura/Documents/Medalhas/venv/lib/python3.9/site-packages/airflow/example_dags/example_branch_day_of_week_operator.py for tasks to queue
[2023-02-24 10:54:21,760] {logging_mixin.py:115} INFO - [2023-02-24 10:54:21,760] {dagbag.py:507} INFO - Filling up the DagBag from /home/alura/Documents/Medalhas/venv/lib/python3.9/site-packages/airflow/example_dags/example_branch_day_of_week_operator.py
[2023-02-24 10:54:21,763] {processor.py:651} INFO - DAG(s) dict_keys(['example_weekday_branch_operator']) retrieved from /home/alura/Documents/Medalhas/venv/lib/python3.9/site-packages/airflow/example_dags/example_branch_day_of_week_operator.py
[2023-02-24 10:54:21,772] {logging_mixin.py:115} INFO - [2023-02-24 10:54:21,772] {dag.py:2379} INFO - Sync 1 DAGs
[2023-02-24 10:54:21,781] {logging_mixin.py:115} INFO - [2023-02-24 10:54:21,781] {dag.py:2927} INFO - Setting next_dagrun for example_weekday_branch_operator to 2023-02-23T00:00:00+00:00, run_after=2023-02-24T00:00:00+00:00
[2023-02-24 10:54:21,787] {processor.py:161} INFO - Processing /home/alura/Documents/Medalhas/venv/lib/python3.9/site-packages/airflow/example_dags/example_branch_day_of_week_operator.py took 0.030 seconds
[2023-02-24 10:54:57,631] {processor.py:153} INFO - Started process (PID=9136) to work on /home/alura/Documents/Medalhas/venv/lib/python3.9/site-packages/airflow/example_dags/example_branch_day_of_week_operator.py
[2023-02-24 10:54:57,632] {processor.py:641} INFO - Processing file /home/alura/Documents/Medalhas/venv/lib/python3.9/site-packages/airflow/example_dags/example_branch_day_of_week_operator.py for tasks to queue
[2023-02-24 10:54:57,632] {logging_mixin.py:115} INFO - [2023-02-24 10:54:57,632] {dagbag.py:507} INFO - Filling up the DagBag from /home/alura/Documents/Medalhas/venv/lib/python3.9/site-packages/airflow/example_dags/example_branch_day_of_week_operator.py
[2023-02-24 10:54:57,636] {processor.py:651} INFO - DAG(s) dict_keys(['example_weekday_branch_operator']) retrieved from /home/alura/Documents/Medalhas/venv/lib/python3.9/site-packages/airflow/example_dags/example_branch_day_of_week_operator.py
[2023-02-24 10:54:57,644] {logging_mixin.py:115} INFO - [2023-02-24 10:54:57,644] {dag.py:2379} INFO - Sync 1 DAGs
[2023-02-24 10:54:57,653] {logging_mixin.py:115} INFO - [2023-02-24 10:54:57,653] {dag.py:2927} INFO - Setting next_dagrun for example_weekday_branch_operator to 2023-02-23T00:00:00+00:00, run_after=2023-02-24T00:00:00+00:00
[2023-02-24 10:54:57,660] {processor.py:161} INFO - Processing /home/alura/Documents/Medalhas/venv/lib/python3.9/site-packages/airflow/example_dags/example_branch_day_of_week_operator.py took 0.030 seconds
[2023-02-24 10:55:30,541] {processor.py:153} INFO - Started process (PID=9307) to work on /home/alura/Documents/Medalhas/venv/lib/python3.9/site-packages/airflow/example_dags/example_branch_day_of_week_operator.py
[2023-02-24 10:55:30,542] {processor.py:641} INFO - Processing file /home/alura/Documents/Medalhas/venv/lib/python3.9/site-packages/airflow/example_dags/example_branch_day_of_week_operator.py for tasks to queue
[2023-02-24 10:55:30,542] {logging_mixin.py:115} INFO - [2023-02-24 10:55:30,542] {dagbag.py:507} INFO - Filling up the DagBag from /home/alura/Documents/Medalhas/venv/lib/python3.9/site-packages/airflow/example_dags/example_branch_day_of_week_operator.py
[2023-02-24 10:55:30,546] {processor.py:651} INFO - DAG(s) dict_keys(['example_weekday_branch_operator']) retrieved from /home/alura/Documents/Medalhas/venv/lib/python3.9/site-packages/airflow/example_dags/example_branch_day_of_week_operator.py
[2023-02-24 10:55:30,554] {logging_mixin.py:115} INFO - [2023-02-24 10:55:30,554] {dag.py:2379} INFO - Sync 1 DAGs
[2023-02-24 10:55:30,564] {logging_mixin.py:115} INFO - [2023-02-24 10:55:30,564] {dag.py:2927} INFO - Setting next_dagrun for example_weekday_branch_operator to 2023-02-23T00:00:00+00:00, run_after=2023-02-24T00:00:00+00:00
[2023-02-24 10:55:30,570] {processor.py:161} INFO - Processing /home/alura/Documents/Medalhas/venv/lib/python3.9/site-packages/airflow/example_dags/example_branch_day_of_week_operator.py took 0.030 seconds
[2023-02-24 10:56:07,810] {processor.py:153} INFO - Started process (PID=9499) to work on /home/alura/Documents/Medalhas/venv/lib/python3.9/site-packages/airflow/example_dags/example_branch_day_of_week_operator.py
[2023-02-24 10:56:07,811] {processor.py:641} INFO - Processing file /home/alura/Documents/Medalhas/venv/lib/python3.9/site-packages/airflow/example_dags/example_branch_day_of_week_operator.py for tasks to queue
[2023-02-24 10:56:07,811] {logging_mixin.py:115} INFO - [2023-02-24 10:56:07,811] {dagbag.py:507} INFO - Filling up the DagBag from /home/alura/Documents/Medalhas/venv/lib/python3.9/site-packages/airflow/example_dags/example_branch_day_of_week_operator.py
[2023-02-24 10:56:07,815] {processor.py:651} INFO - DAG(s) dict_keys(['example_weekday_branch_operator']) retrieved from /home/alura/Documents/Medalhas/venv/lib/python3.9/site-packages/airflow/example_dags/example_branch_day_of_week_operator.py
[2023-02-24 10:56:07,823] {logging_mixin.py:115} INFO - [2023-02-24 10:56:07,823] {dag.py:2379} INFO - Sync 1 DAGs
[2023-02-24 10:56:07,832] {logging_mixin.py:115} INFO - [2023-02-24 10:56:07,832] {dag.py:2927} INFO - Setting next_dagrun for example_weekday_branch_operator to 2023-02-23T00:00:00+00:00, run_after=2023-02-24T00:00:00+00:00
[2023-02-24 10:56:07,840] {processor.py:161} INFO - Processing /home/alura/Documents/Medalhas/venv/lib/python3.9/site-packages/airflow/example_dags/example_branch_day_of_week_operator.py took 0.031 seconds
[2023-02-24 10:56:40,215] {processor.py:153} INFO - Started process (PID=9668) to work on /home/alura/Documents/Medalhas/venv/lib/python3.9/site-packages/airflow/example_dags/example_branch_day_of_week_operator.py
[2023-02-24 10:56:40,216] {processor.py:641} INFO - Processing file /home/alura/Documents/Medalhas/venv/lib/python3.9/site-packages/airflow/example_dags/example_branch_day_of_week_operator.py for tasks to queue
[2023-02-24 10:56:40,216] {logging_mixin.py:115} INFO - [2023-02-24 10:56:40,216] {dagbag.py:507} INFO - Filling up the DagBag from /home/alura/Documents/Medalhas/venv/lib/python3.9/site-packages/airflow/example_dags/example_branch_day_of_week_operator.py
[2023-02-24 10:56:40,220] {processor.py:651} INFO - DAG(s) dict_keys(['example_weekday_branch_operator']) retrieved from /home/alura/Documents/Medalhas/venv/lib/python3.9/site-packages/airflow/example_dags/example_branch_day_of_week_operator.py
[2023-02-24 10:56:40,228] {logging_mixin.py:115} INFO - [2023-02-24 10:56:40,228] {dag.py:2379} INFO - Sync 1 DAGs
[2023-02-24 10:56:40,238] {logging_mixin.py:115} INFO - [2023-02-24 10:56:40,238] {dag.py:2927} INFO - Setting next_dagrun for example_weekday_branch_operator to 2023-02-23T00:00:00+00:00, run_after=2023-02-24T00:00:00+00:00
[2023-02-24 10:56:40,244] {processor.py:161} INFO - Processing /home/alura/Documents/Medalhas/venv/lib/python3.9/site-packages/airflow/example_dags/example_branch_day_of_week_operator.py took 0.030 seconds
[2023-02-24 10:57:13,883] {processor.py:153} INFO - Started process (PID=9840) to work on /home/alura/Documents/Medalhas/venv/lib/python3.9/site-packages/airflow/example_dags/example_branch_day_of_week_operator.py
[2023-02-24 10:57:13,884] {processor.py:641} INFO - Processing file /home/alura/Documents/Medalhas/venv/lib/python3.9/site-packages/airflow/example_dags/example_branch_day_of_week_operator.py for tasks to queue
[2023-02-24 10:57:13,884] {logging_mixin.py:115} INFO - [2023-02-24 10:57:13,884] {dagbag.py:507} INFO - Filling up the DagBag from /home/alura/Documents/Medalhas/venv/lib/python3.9/site-packages/airflow/example_dags/example_branch_day_of_week_operator.py
[2023-02-24 10:57:13,888] {processor.py:651} INFO - DAG(s) dict_keys(['example_weekday_branch_operator']) retrieved from /home/alura/Documents/Medalhas/venv/lib/python3.9/site-packages/airflow/example_dags/example_branch_day_of_week_operator.py
[2023-02-24 10:57:13,896] {logging_mixin.py:115} INFO - [2023-02-24 10:57:13,896] {dag.py:2379} INFO - Sync 1 DAGs
[2023-02-24 10:57:13,905] {logging_mixin.py:115} INFO - [2023-02-24 10:57:13,905] {dag.py:2927} INFO - Setting next_dagrun for example_weekday_branch_operator to 2023-02-23T00:00:00+00:00, run_after=2023-02-24T00:00:00+00:00
[2023-02-24 10:57:13,912] {processor.py:161} INFO - Processing /home/alura/Documents/Medalhas/venv/lib/python3.9/site-packages/airflow/example_dags/example_branch_day_of_week_operator.py took 0.030 seconds
[2023-02-24 10:57:46,930] {processor.py:153} INFO - Started process (PID=10015) to work on /home/alura/Documents/Medalhas/venv/lib/python3.9/site-packages/airflow/example_dags/example_branch_day_of_week_operator.py
[2023-02-24 10:57:46,931] {processor.py:641} INFO - Processing file /home/alura/Documents/Medalhas/venv/lib/python3.9/site-packages/airflow/example_dags/example_branch_day_of_week_operator.py for tasks to queue
[2023-02-24 10:57:46,931] {logging_mixin.py:115} INFO - [2023-02-24 10:57:46,931] {dagbag.py:507} INFO - Filling up the DagBag from /home/alura/Documents/Medalhas/venv/lib/python3.9/site-packages/airflow/example_dags/example_branch_day_of_week_operator.py
[2023-02-24 10:57:46,935] {processor.py:651} INFO - DAG(s) dict_keys(['example_weekday_branch_operator']) retrieved from /home/alura/Documents/Medalhas/venv/lib/python3.9/site-packages/airflow/example_dags/example_branch_day_of_week_operator.py
[2023-02-24 10:57:46,943] {logging_mixin.py:115} INFO - [2023-02-24 10:57:46,943] {dag.py:2379} INFO - Sync 1 DAGs
[2023-02-24 10:57:46,952] {logging_mixin.py:115} INFO - [2023-02-24 10:57:46,952] {dag.py:2927} INFO - Setting next_dagrun for example_weekday_branch_operator to 2023-02-23T00:00:00+00:00, run_after=2023-02-24T00:00:00+00:00
[2023-02-24 10:57:46,959] {processor.py:161} INFO - Processing /home/alura/Documents/Medalhas/venv/lib/python3.9/site-packages/airflow/example_dags/example_branch_day_of_week_operator.py took 0.030 seconds
[2023-02-24 10:58:20,581] {processor.py:153} INFO - Started process (PID=10189) to work on /home/alura/Documents/Medalhas/venv/lib/python3.9/site-packages/airflow/example_dags/example_branch_day_of_week_operator.py
[2023-02-24 10:58:20,582] {processor.py:641} INFO - Processing file /home/alura/Documents/Medalhas/venv/lib/python3.9/site-packages/airflow/example_dags/example_branch_day_of_week_operator.py for tasks to queue
[2023-02-24 10:58:20,582] {logging_mixin.py:115} INFO - [2023-02-24 10:58:20,582] {dagbag.py:507} INFO - Filling up the DagBag from /home/alura/Documents/Medalhas/venv/lib/python3.9/site-packages/airflow/example_dags/example_branch_day_of_week_operator.py
[2023-02-24 10:58:20,587] {processor.py:651} INFO - DAG(s) dict_keys(['example_weekday_branch_operator']) retrieved from /home/alura/Documents/Medalhas/venv/lib/python3.9/site-packages/airflow/example_dags/example_branch_day_of_week_operator.py
[2023-02-24 10:58:20,594] {logging_mixin.py:115} INFO - [2023-02-24 10:58:20,594] {dag.py:2379} INFO - Sync 1 DAGs
[2023-02-24 10:58:20,604] {logging_mixin.py:115} INFO - [2023-02-24 10:58:20,603] {dag.py:2927} INFO - Setting next_dagrun for example_weekday_branch_operator to 2023-02-23T00:00:00+00:00, run_after=2023-02-24T00:00:00+00:00
[2023-02-24 10:58:20,610] {processor.py:161} INFO - Processing /home/alura/Documents/Medalhas/venv/lib/python3.9/site-packages/airflow/example_dags/example_branch_day_of_week_operator.py took 0.030 seconds
[2023-02-24 10:58:55,196] {processor.py:153} INFO - Started process (PID=10367) to work on /home/alura/Documents/Medalhas/venv/lib/python3.9/site-packages/airflow/example_dags/example_branch_day_of_week_operator.py
[2023-02-24 10:58:55,196] {processor.py:641} INFO - Processing file /home/alura/Documents/Medalhas/venv/lib/python3.9/site-packages/airflow/example_dags/example_branch_day_of_week_operator.py for tasks to queue
[2023-02-24 10:58:55,197] {logging_mixin.py:115} INFO - [2023-02-24 10:58:55,197] {dagbag.py:507} INFO - Filling up the DagBag from /home/alura/Documents/Medalhas/venv/lib/python3.9/site-packages/airflow/example_dags/example_branch_day_of_week_operator.py
[2023-02-24 10:58:55,201] {processor.py:651} INFO - DAG(s) dict_keys(['example_weekday_branch_operator']) retrieved from /home/alura/Documents/Medalhas/venv/lib/python3.9/site-packages/airflow/example_dags/example_branch_day_of_week_operator.py
[2023-02-24 10:58:55,208] {logging_mixin.py:115} INFO - [2023-02-24 10:58:55,208] {dag.py:2379} INFO - Sync 1 DAGs
[2023-02-24 10:58:55,217] {logging_mixin.py:115} INFO - [2023-02-24 10:58:55,217] {dag.py:2927} INFO - Setting next_dagrun for example_weekday_branch_operator to 2023-02-23T00:00:00+00:00, run_after=2023-02-24T00:00:00+00:00
[2023-02-24 10:58:55,224] {processor.py:161} INFO - Processing /home/alura/Documents/Medalhas/venv/lib/python3.9/site-packages/airflow/example_dags/example_branch_day_of_week_operator.py took 0.030 seconds
[2023-02-24 10:59:29,496] {processor.py:153} INFO - Started process (PID=10543) to work on /home/alura/Documents/Medalhas/venv/lib/python3.9/site-packages/airflow/example_dags/example_branch_day_of_week_operator.py
[2023-02-24 10:59:29,497] {processor.py:641} INFO - Processing file /home/alura/Documents/Medalhas/venv/lib/python3.9/site-packages/airflow/example_dags/example_branch_day_of_week_operator.py for tasks to queue
[2023-02-24 10:59:29,497] {logging_mixin.py:115} INFO - [2023-02-24 10:59:29,497] {dagbag.py:507} INFO - Filling up the DagBag from /home/alura/Documents/Medalhas/venv/lib/python3.9/site-packages/airflow/example_dags/example_branch_day_of_week_operator.py
[2023-02-24 10:59:29,501] {processor.py:651} INFO - DAG(s) dict_keys(['example_weekday_branch_operator']) retrieved from /home/alura/Documents/Medalhas/venv/lib/python3.9/site-packages/airflow/example_dags/example_branch_day_of_week_operator.py
[2023-02-24 10:59:29,510] {logging_mixin.py:115} INFO - [2023-02-24 10:59:29,509] {dag.py:2379} INFO - Sync 1 DAGs
[2023-02-24 10:59:29,519] {logging_mixin.py:115} INFO - [2023-02-24 10:59:29,519] {dag.py:2927} INFO - Setting next_dagrun for example_weekday_branch_operator to 2023-02-23T00:00:00+00:00, run_after=2023-02-24T00:00:00+00:00
[2023-02-24 10:59:29,526] {processor.py:161} INFO - Processing /home/alura/Documents/Medalhas/venv/lib/python3.9/site-packages/airflow/example_dags/example_branch_day_of_week_operator.py took 0.031 seconds
[2023-02-24 11:00:03,081] {processor.py:153} INFO - Started process (PID=10722) to work on /home/alura/Documents/Medalhas/venv/lib/python3.9/site-packages/airflow/example_dags/example_branch_day_of_week_operator.py
[2023-02-24 11:00:03,082] {processor.py:641} INFO - Processing file /home/alura/Documents/Medalhas/venv/lib/python3.9/site-packages/airflow/example_dags/example_branch_day_of_week_operator.py for tasks to queue
[2023-02-24 11:00:03,082] {logging_mixin.py:115} INFO - [2023-02-24 11:00:03,082] {dagbag.py:507} INFO - Filling up the DagBag from /home/alura/Documents/Medalhas/venv/lib/python3.9/site-packages/airflow/example_dags/example_branch_day_of_week_operator.py
[2023-02-24 11:00:03,087] {processor.py:651} INFO - DAG(s) dict_keys(['example_weekday_branch_operator']) retrieved from /home/alura/Documents/Medalhas/venv/lib/python3.9/site-packages/airflow/example_dags/example_branch_day_of_week_operator.py
[2023-02-24 11:00:03,095] {logging_mixin.py:115} INFO - [2023-02-24 11:00:03,095] {dag.py:2379} INFO - Sync 1 DAGs
[2023-02-24 11:00:03,105] {logging_mixin.py:115} INFO - [2023-02-24 11:00:03,105] {dag.py:2927} INFO - Setting next_dagrun for example_weekday_branch_operator to 2023-02-23T00:00:00+00:00, run_after=2023-02-24T00:00:00+00:00
[2023-02-24 11:00:03,112] {processor.py:161} INFO - Processing /home/alura/Documents/Medalhas/venv/lib/python3.9/site-packages/airflow/example_dags/example_branch_day_of_week_operator.py took 0.032 seconds
[2023-02-24 11:00:38,998] {processor.py:153} INFO - Started process (PID=10916) to work on /home/alura/Documents/Medalhas/venv/lib/python3.9/site-packages/airflow/example_dags/example_branch_day_of_week_operator.py
[2023-02-24 11:00:38,998] {processor.py:641} INFO - Processing file /home/alura/Documents/Medalhas/venv/lib/python3.9/site-packages/airflow/example_dags/example_branch_day_of_week_operator.py for tasks to queue
[2023-02-24 11:00:38,999] {logging_mixin.py:115} INFO - [2023-02-24 11:00:38,999] {dagbag.py:507} INFO - Filling up the DagBag from /home/alura/Documents/Medalhas/venv/lib/python3.9/site-packages/airflow/example_dags/example_branch_day_of_week_operator.py
[2023-02-24 11:00:39,003] {processor.py:651} INFO - DAG(s) dict_keys(['example_weekday_branch_operator']) retrieved from /home/alura/Documents/Medalhas/venv/lib/python3.9/site-packages/airflow/example_dags/example_branch_day_of_week_operator.py
[2023-02-24 11:00:39,011] {logging_mixin.py:115} INFO - [2023-02-24 11:00:39,011] {dag.py:2379} INFO - Sync 1 DAGs
[2023-02-24 11:00:39,020] {logging_mixin.py:115} INFO - [2023-02-24 11:00:39,020] {dag.py:2927} INFO - Setting next_dagrun for example_weekday_branch_operator to 2023-02-23T00:00:00+00:00, run_after=2023-02-24T00:00:00+00:00
[2023-02-24 11:00:39,026] {processor.py:161} INFO - Processing /home/alura/Documents/Medalhas/venv/lib/python3.9/site-packages/airflow/example_dags/example_branch_day_of_week_operator.py took 0.030 seconds
[2023-02-24 11:01:14,773] {processor.py:153} INFO - Started process (PID=11111) to work on /home/alura/Documents/Medalhas/venv/lib/python3.9/site-packages/airflow/example_dags/example_branch_day_of_week_operator.py
[2023-02-24 11:01:14,774] {processor.py:641} INFO - Processing file /home/alura/Documents/Medalhas/venv/lib/python3.9/site-packages/airflow/example_dags/example_branch_day_of_week_operator.py for tasks to queue
[2023-02-24 11:01:14,774] {logging_mixin.py:115} INFO - [2023-02-24 11:01:14,774] {dagbag.py:507} INFO - Filling up the DagBag from /home/alura/Documents/Medalhas/venv/lib/python3.9/site-packages/airflow/example_dags/example_branch_day_of_week_operator.py
[2023-02-24 11:01:14,779] {processor.py:651} INFO - DAG(s) dict_keys(['example_weekday_branch_operator']) retrieved from /home/alura/Documents/Medalhas/venv/lib/python3.9/site-packages/airflow/example_dags/example_branch_day_of_week_operator.py
[2023-02-24 11:01:14,788] {logging_mixin.py:115} INFO - [2023-02-24 11:01:14,788] {dag.py:2379} INFO - Sync 1 DAGs
[2023-02-24 11:01:14,799] {logging_mixin.py:115} INFO - [2023-02-24 11:01:14,798] {dag.py:2927} INFO - Setting next_dagrun for example_weekday_branch_operator to 2023-02-23T00:00:00+00:00, run_after=2023-02-24T00:00:00+00:00
[2023-02-24 11:01:14,806] {processor.py:161} INFO - Processing /home/alura/Documents/Medalhas/venv/lib/python3.9/site-packages/airflow/example_dags/example_branch_day_of_week_operator.py took 0.034 seconds
[2023-02-24 11:01:47,758] {processor.py:153} INFO - Started process (PID=11285) to work on /home/alura/Documents/Medalhas/venv/lib/python3.9/site-packages/airflow/example_dags/example_branch_day_of_week_operator.py
[2023-02-24 11:01:47,758] {processor.py:641} INFO - Processing file /home/alura/Documents/Medalhas/venv/lib/python3.9/site-packages/airflow/example_dags/example_branch_day_of_week_operator.py for tasks to queue
[2023-02-24 11:01:47,759] {logging_mixin.py:115} INFO - [2023-02-24 11:01:47,759] {dagbag.py:507} INFO - Filling up the DagBag from /home/alura/Documents/Medalhas/venv/lib/python3.9/site-packages/airflow/example_dags/example_branch_day_of_week_operator.py
[2023-02-24 11:01:47,763] {processor.py:651} INFO - DAG(s) dict_keys(['example_weekday_branch_operator']) retrieved from /home/alura/Documents/Medalhas/venv/lib/python3.9/site-packages/airflow/example_dags/example_branch_day_of_week_operator.py
[2023-02-24 11:01:47,770] {logging_mixin.py:115} INFO - [2023-02-24 11:01:47,770] {dag.py:2379} INFO - Sync 1 DAGs
[2023-02-24 11:01:47,780] {logging_mixin.py:115} INFO - [2023-02-24 11:01:47,780] {dag.py:2927} INFO - Setting next_dagrun for example_weekday_branch_operator to 2023-02-23T00:00:00+00:00, run_after=2023-02-24T00:00:00+00:00
[2023-02-24 11:01:47,787] {processor.py:161} INFO - Processing /home/alura/Documents/Medalhas/venv/lib/python3.9/site-packages/airflow/example_dags/example_branch_day_of_week_operator.py took 0.031 seconds
[2023-02-24 11:02:24,180] {processor.py:153} INFO - Started process (PID=11474) to work on /home/alura/Documents/Medalhas/venv/lib/python3.9/site-packages/airflow/example_dags/example_branch_day_of_week_operator.py
[2023-02-24 11:02:24,181] {processor.py:641} INFO - Processing file /home/alura/Documents/Medalhas/venv/lib/python3.9/site-packages/airflow/example_dags/example_branch_day_of_week_operator.py for tasks to queue
[2023-02-24 11:02:24,181] {logging_mixin.py:115} INFO - [2023-02-24 11:02:24,181] {dagbag.py:507} INFO - Filling up the DagBag from /home/alura/Documents/Medalhas/venv/lib/python3.9/site-packages/airflow/example_dags/example_branch_day_of_week_operator.py
[2023-02-24 11:02:24,186] {processor.py:651} INFO - DAG(s) dict_keys(['example_weekday_branch_operator']) retrieved from /home/alura/Documents/Medalhas/venv/lib/python3.9/site-packages/airflow/example_dags/example_branch_day_of_week_operator.py
[2023-02-24 11:02:24,194] {logging_mixin.py:115} INFO - [2023-02-24 11:02:24,194] {dag.py:2379} INFO - Sync 1 DAGs
[2023-02-24 11:02:24,203] {logging_mixin.py:115} INFO - [2023-02-24 11:02:24,203] {dag.py:2927} INFO - Setting next_dagrun for example_weekday_branch_operator to 2023-02-23T00:00:00+00:00, run_after=2023-02-24T00:00:00+00:00
[2023-02-24 11:02:24,210] {processor.py:161} INFO - Processing /home/alura/Documents/Medalhas/venv/lib/python3.9/site-packages/airflow/example_dags/example_branch_day_of_week_operator.py took 0.031 seconds
[2023-02-24 11:02:57,033] {processor.py:153} INFO - Started process (PID=11644) to work on /home/alura/Documents/Medalhas/venv/lib/python3.9/site-packages/airflow/example_dags/example_branch_day_of_week_operator.py
[2023-02-24 11:02:57,034] {processor.py:641} INFO - Processing file /home/alura/Documents/Medalhas/venv/lib/python3.9/site-packages/airflow/example_dags/example_branch_day_of_week_operator.py for tasks to queue
[2023-02-24 11:02:57,034] {logging_mixin.py:115} INFO - [2023-02-24 11:02:57,034] {dagbag.py:507} INFO - Filling up the DagBag from /home/alura/Documents/Medalhas/venv/lib/python3.9/site-packages/airflow/example_dags/example_branch_day_of_week_operator.py
[2023-02-24 11:02:57,038] {processor.py:651} INFO - DAG(s) dict_keys(['example_weekday_branch_operator']) retrieved from /home/alura/Documents/Medalhas/venv/lib/python3.9/site-packages/airflow/example_dags/example_branch_day_of_week_operator.py
[2023-02-24 11:02:57,046] {logging_mixin.py:115} INFO - [2023-02-24 11:02:57,046] {dag.py:2379} INFO - Sync 1 DAGs
[2023-02-24 11:02:57,056] {logging_mixin.py:115} INFO - [2023-02-24 11:02:57,056] {dag.py:2927} INFO - Setting next_dagrun for example_weekday_branch_operator to 2023-02-23T00:00:00+00:00, run_after=2023-02-24T00:00:00+00:00
[2023-02-24 11:02:57,062] {processor.py:161} INFO - Processing /home/alura/Documents/Medalhas/venv/lib/python3.9/site-packages/airflow/example_dags/example_branch_day_of_week_operator.py took 0.030 seconds
[2023-02-24 11:03:31,472] {processor.py:153} INFO - Started process (PID=11823) to work on /home/alura/Documents/Medalhas/venv/lib/python3.9/site-packages/airflow/example_dags/example_branch_day_of_week_operator.py
[2023-02-24 11:03:31,473] {processor.py:641} INFO - Processing file /home/alura/Documents/Medalhas/venv/lib/python3.9/site-packages/airflow/example_dags/example_branch_day_of_week_operator.py for tasks to queue
[2023-02-24 11:03:31,473] {logging_mixin.py:115} INFO - [2023-02-24 11:03:31,473] {dagbag.py:507} INFO - Filling up the DagBag from /home/alura/Documents/Medalhas/venv/lib/python3.9/site-packages/airflow/example_dags/example_branch_day_of_week_operator.py
[2023-02-24 11:03:31,477] {processor.py:651} INFO - DAG(s) dict_keys(['example_weekday_branch_operator']) retrieved from /home/alura/Documents/Medalhas/venv/lib/python3.9/site-packages/airflow/example_dags/example_branch_day_of_week_operator.py
[2023-02-24 11:03:31,485] {logging_mixin.py:115} INFO - [2023-02-24 11:03:31,485] {dag.py:2379} INFO - Sync 1 DAGs
[2023-02-24 11:03:31,494] {logging_mixin.py:115} INFO - [2023-02-24 11:03:31,494] {dag.py:2927} INFO - Setting next_dagrun for example_weekday_branch_operator to 2023-02-23T00:00:00+00:00, run_after=2023-02-24T00:00:00+00:00
[2023-02-24 11:03:31,501] {processor.py:161} INFO - Processing /home/alura/Documents/Medalhas/venv/lib/python3.9/site-packages/airflow/example_dags/example_branch_day_of_week_operator.py took 0.030 seconds
[2023-02-24 11:04:05,139] {processor.py:153} INFO - Started process (PID=12080) to work on /home/alura/Documents/Medalhas/venv/lib/python3.9/site-packages/airflow/example_dags/example_branch_day_of_week_operator.py
[2023-02-24 11:04:05,140] {processor.py:641} INFO - Processing file /home/alura/Documents/Medalhas/venv/lib/python3.9/site-packages/airflow/example_dags/example_branch_day_of_week_operator.py for tasks to queue
[2023-02-24 11:04:05,140] {logging_mixin.py:115} INFO - [2023-02-24 11:04:05,140] {dagbag.py:507} INFO - Filling up the DagBag from /home/alura/Documents/Medalhas/venv/lib/python3.9/site-packages/airflow/example_dags/example_branch_day_of_week_operator.py
[2023-02-24 11:04:05,144] {processor.py:651} INFO - DAG(s) dict_keys(['example_weekday_branch_operator']) retrieved from /home/alura/Documents/Medalhas/venv/lib/python3.9/site-packages/airflow/example_dags/example_branch_day_of_week_operator.py
[2023-02-24 11:04:05,152] {logging_mixin.py:115} INFO - [2023-02-24 11:04:05,152] {dag.py:2379} INFO - Sync 1 DAGs
[2023-02-24 11:04:05,162] {logging_mixin.py:115} INFO - [2023-02-24 11:04:05,162] {dag.py:2927} INFO - Setting next_dagrun for example_weekday_branch_operator to 2023-02-23T00:00:00+00:00, run_after=2023-02-24T00:00:00+00:00
[2023-02-24 11:04:05,169] {processor.py:161} INFO - Processing /home/alura/Documents/Medalhas/venv/lib/python3.9/site-packages/airflow/example_dags/example_branch_day_of_week_operator.py took 0.032 seconds
[2023-02-24 11:04:45,029] {processor.py:153} INFO - Started process (PID=12319) to work on /home/alura/Documents/Medalhas/venv/lib/python3.9/site-packages/airflow/example_dags/example_branch_day_of_week_operator.py
[2023-02-24 11:04:45,030] {processor.py:641} INFO - Processing file /home/alura/Documents/Medalhas/venv/lib/python3.9/site-packages/airflow/example_dags/example_branch_day_of_week_operator.py for tasks to queue
[2023-02-24 11:04:45,030] {logging_mixin.py:115} INFO - [2023-02-24 11:04:45,030] {dagbag.py:507} INFO - Filling up the DagBag from /home/alura/Documents/Medalhas/venv/lib/python3.9/site-packages/airflow/example_dags/example_branch_day_of_week_operator.py
[2023-02-24 11:04:45,034] {processor.py:651} INFO - DAG(s) dict_keys(['example_weekday_branch_operator']) retrieved from /home/alura/Documents/Medalhas/venv/lib/python3.9/site-packages/airflow/example_dags/example_branch_day_of_week_operator.py
[2023-02-24 11:04:45,043] {logging_mixin.py:115} INFO - [2023-02-24 11:04:45,043] {dag.py:2379} INFO - Sync 1 DAGs
[2023-02-24 11:04:45,053] {logging_mixin.py:115} INFO - [2023-02-24 11:04:45,053] {dag.py:2927} INFO - Setting next_dagrun for example_weekday_branch_operator to 2023-02-23T00:00:00+00:00, run_after=2023-02-24T00:00:00+00:00
[2023-02-24 11:04:45,060] {processor.py:161} INFO - Processing /home/alura/Documents/Medalhas/venv/lib/python3.9/site-packages/airflow/example_dags/example_branch_day_of_week_operator.py took 0.032 seconds
[2023-02-24 11:05:20,655] {processor.py:153} INFO - Started process (PID=12533) to work on /home/alura/Documents/Medalhas/venv/lib/python3.9/site-packages/airflow/example_dags/example_branch_day_of_week_operator.py
[2023-02-24 11:05:20,656] {processor.py:641} INFO - Processing file /home/alura/Documents/Medalhas/venv/lib/python3.9/site-packages/airflow/example_dags/example_branch_day_of_week_operator.py for tasks to queue
[2023-02-24 11:05:20,656] {logging_mixin.py:115} INFO - [2023-02-24 11:05:20,656] {dagbag.py:507} INFO - Filling up the DagBag from /home/alura/Documents/Medalhas/venv/lib/python3.9/site-packages/airflow/example_dags/example_branch_day_of_week_operator.py
[2023-02-24 11:05:20,660] {processor.py:651} INFO - DAG(s) dict_keys(['example_weekday_branch_operator']) retrieved from /home/alura/Documents/Medalhas/venv/lib/python3.9/site-packages/airflow/example_dags/example_branch_day_of_week_operator.py
[2023-02-24 11:05:20,668] {logging_mixin.py:115} INFO - [2023-02-24 11:05:20,668] {dag.py:2379} INFO - Sync 1 DAGs
[2023-02-24 11:05:20,677] {logging_mixin.py:115} INFO - [2023-02-24 11:05:20,677] {dag.py:2927} INFO - Setting next_dagrun for example_weekday_branch_operator to 2023-02-23T00:00:00+00:00, run_after=2023-02-24T00:00:00+00:00
[2023-02-24 11:05:20,684] {processor.py:161} INFO - Processing /home/alura/Documents/Medalhas/venv/lib/python3.9/site-packages/airflow/example_dags/example_branch_day_of_week_operator.py took 0.030 seconds
