[2023-02-24 10:47:36,647] {processor.py:153} INFO - Started process (PID=6115) to work on /home/alura/Documents/Medalhas/venv/lib/python3.9/site-packages/airflow/example_dags/example_branch_datetime_operator.py
[2023-02-24 10:47:36,647] {processor.py:641} INFO - Processing file /home/alura/Documents/Medalhas/venv/lib/python3.9/site-packages/airflow/example_dags/example_branch_datetime_operator.py for tasks to queue
[2023-02-24 10:47:36,648] {logging_mixin.py:115} INFO - [2023-02-24 10:47:36,647] {dagbag.py:507} INFO - Filling up the DagBag from /home/alura/Documents/Medalhas/venv/lib/python3.9/site-packages/airflow/example_dags/example_branch_datetime_operator.py
[2023-02-24 10:47:36,652] {processor.py:651} INFO - DAG(s) dict_keys(['example_branch_datetime_operator_2']) retrieved from /home/alura/Documents/Medalhas/venv/lib/python3.9/site-packages/airflow/example_dags/example_branch_datetime_operator.py
[2023-02-24 10:47:36,683] {logging_mixin.py:115} INFO - [2023-02-24 10:47:36,683] {manager.py:508} INFO - Created Permission View: can delete on DAG:example_branch_datetime_operator_2
[2023-02-24 10:47:36,690] {logging_mixin.py:115} INFO - [2023-02-24 10:47:36,690] {manager.py:508} INFO - Created Permission View: can edit on DAG:example_branch_datetime_operator_2
[2023-02-24 10:47:36,694] {logging_mixin.py:115} INFO - [2023-02-24 10:47:36,694] {manager.py:508} INFO - Created Permission View: can read on DAG:example_branch_datetime_operator_2
[2023-02-24 10:47:36,694] {logging_mixin.py:115} INFO - [2023-02-24 10:47:36,694] {dag.py:2379} INFO - Sync 1 DAGs
[2023-02-24 10:47:36,698] {logging_mixin.py:115} INFO - [2023-02-24 10:47:36,698] {dag.py:2398} INFO - Creating ORM DAG for example_branch_datetime_operator_2
[2023-02-24 10:47:36,703] {logging_mixin.py:115} INFO - [2023-02-24 10:47:36,703] {dag.py:2927} INFO - Setting next_dagrun for example_branch_datetime_operator_2 to 2023-02-23T00:00:00+00:00, run_after=2023-02-24T00:00:00+00:00
[2023-02-24 10:47:36,711] {processor.py:161} INFO - Processing /home/alura/Documents/Medalhas/venv/lib/python3.9/site-packages/airflow/example_dags/example_branch_datetime_operator.py took 0.065 seconds
[2023-02-24 10:48:14,408] {processor.py:153} INFO - Started process (PID=6429) to work on /home/alura/Documents/Medalhas/venv/lib/python3.9/site-packages/airflow/example_dags/example_branch_datetime_operator.py
[2023-02-24 10:48:14,408] {processor.py:641} INFO - Processing file /home/alura/Documents/Medalhas/venv/lib/python3.9/site-packages/airflow/example_dags/example_branch_datetime_operator.py for tasks to queue
[2023-02-24 10:48:14,408] {logging_mixin.py:115} INFO - [2023-02-24 10:48:14,408] {dagbag.py:507} INFO - Filling up the DagBag from /home/alura/Documents/Medalhas/venv/lib/python3.9/site-packages/airflow/example_dags/example_branch_datetime_operator.py
[2023-02-24 10:48:14,412] {processor.py:651} INFO - DAG(s) dict_keys(['example_branch_datetime_operator_2']) retrieved from /home/alura/Documents/Medalhas/venv/lib/python3.9/site-packages/airflow/example_dags/example_branch_datetime_operator.py
[2023-02-24 10:48:14,422] {logging_mixin.py:115} INFO - [2023-02-24 10:48:14,422] {dag.py:2379} INFO - Sync 1 DAGs
[2023-02-24 10:48:14,432] {logging_mixin.py:115} INFO - [2023-02-24 10:48:14,432] {dag.py:2927} INFO - Setting next_dagrun for example_branch_datetime_operator_2 to 2023-02-23T00:00:00+00:00, run_after=2023-02-24T00:00:00+00:00
[2023-02-24 10:48:14,440] {processor.py:161} INFO - Processing /home/alura/Documents/Medalhas/venv/lib/python3.9/site-packages/airflow/example_dags/example_branch_datetime_operator.py took 0.034 seconds
[2023-02-24 10:48:47,310] {processor.py:153} INFO - Started process (PID=6758) to work on /home/alura/Documents/Medalhas/venv/lib/python3.9/site-packages/airflow/example_dags/example_branch_datetime_operator.py
[2023-02-24 10:48:47,311] {processor.py:641} INFO - Processing file /home/alura/Documents/Medalhas/venv/lib/python3.9/site-packages/airflow/example_dags/example_branch_datetime_operator.py for tasks to queue
[2023-02-24 10:48:47,311] {logging_mixin.py:115} INFO - [2023-02-24 10:48:47,311] {dagbag.py:507} INFO - Filling up the DagBag from /home/alura/Documents/Medalhas/venv/lib/python3.9/site-packages/airflow/example_dags/example_branch_datetime_operator.py
[2023-02-24 10:48:47,315] {processor.py:651} INFO - DAG(s) dict_keys(['example_branch_datetime_operator_2']) retrieved from /home/alura/Documents/Medalhas/venv/lib/python3.9/site-packages/airflow/example_dags/example_branch_datetime_operator.py
[2023-02-24 10:48:47,323] {logging_mixin.py:115} INFO - [2023-02-24 10:48:47,323] {dag.py:2379} INFO - Sync 1 DAGs
[2023-02-24 10:48:47,333] {logging_mixin.py:115} INFO - [2023-02-24 10:48:47,333] {dag.py:2927} INFO - Setting next_dagrun for example_branch_datetime_operator_2 to 2023-02-23T00:00:00+00:00, run_after=2023-02-24T00:00:00+00:00
[2023-02-24 10:48:47,340] {processor.py:161} INFO - Processing /home/alura/Documents/Medalhas/venv/lib/python3.9/site-packages/airflow/example_dags/example_branch_datetime_operator.py took 0.031 seconds
[2023-02-24 10:49:22,092] {processor.py:153} INFO - Started process (PID=7323) to work on /home/alura/Documents/Medalhas/venv/lib/python3.9/site-packages/airflow/example_dags/example_branch_datetime_operator.py
[2023-02-24 10:49:22,093] {processor.py:641} INFO - Processing file /home/alura/Documents/Medalhas/venv/lib/python3.9/site-packages/airflow/example_dags/example_branch_datetime_operator.py for tasks to queue
[2023-02-24 10:49:22,093] {logging_mixin.py:115} INFO - [2023-02-24 10:49:22,093] {dagbag.py:507} INFO - Filling up the DagBag from /home/alura/Documents/Medalhas/venv/lib/python3.9/site-packages/airflow/example_dags/example_branch_datetime_operator.py
[2023-02-24 10:49:22,097] {processor.py:651} INFO - DAG(s) dict_keys(['example_branch_datetime_operator_2']) retrieved from /home/alura/Documents/Medalhas/venv/lib/python3.9/site-packages/airflow/example_dags/example_branch_datetime_operator.py
[2023-02-24 10:49:22,106] {logging_mixin.py:115} INFO - [2023-02-24 10:49:22,106] {dag.py:2379} INFO - Sync 1 DAGs
[2023-02-24 10:49:22,115] {logging_mixin.py:115} INFO - [2023-02-24 10:49:22,115] {dag.py:2927} INFO - Setting next_dagrun for example_branch_datetime_operator_2 to 2023-02-23T00:00:00+00:00, run_after=2023-02-24T00:00:00+00:00
[2023-02-24 10:49:22,122] {processor.py:161} INFO - Processing /home/alura/Documents/Medalhas/venv/lib/python3.9/site-packages/airflow/example_dags/example_branch_datetime_operator.py took 0.032 seconds
[2023-02-24 10:49:57,919] {processor.py:153} INFO - Started process (PID=7508) to work on /home/alura/Documents/Medalhas/venv/lib/python3.9/site-packages/airflow/example_dags/example_branch_datetime_operator.py
[2023-02-24 10:49:57,920] {processor.py:641} INFO - Processing file /home/alura/Documents/Medalhas/venv/lib/python3.9/site-packages/airflow/example_dags/example_branch_datetime_operator.py for tasks to queue
[2023-02-24 10:49:57,920] {logging_mixin.py:115} INFO - [2023-02-24 10:49:57,920] {dagbag.py:507} INFO - Filling up the DagBag from /home/alura/Documents/Medalhas/venv/lib/python3.9/site-packages/airflow/example_dags/example_branch_datetime_operator.py
[2023-02-24 10:49:57,924] {processor.py:651} INFO - DAG(s) dict_keys(['example_branch_datetime_operator_2']) retrieved from /home/alura/Documents/Medalhas/venv/lib/python3.9/site-packages/airflow/example_dags/example_branch_datetime_operator.py
[2023-02-24 10:49:57,932] {logging_mixin.py:115} INFO - [2023-02-24 10:49:57,932] {dag.py:2379} INFO - Sync 1 DAGs
[2023-02-24 10:49:57,942] {logging_mixin.py:115} INFO - [2023-02-24 10:49:57,942] {dag.py:2927} INFO - Setting next_dagrun for example_branch_datetime_operator_2 to 2023-02-23T00:00:00+00:00, run_after=2023-02-24T00:00:00+00:00
[2023-02-24 10:49:57,948] {processor.py:161} INFO - Processing /home/alura/Documents/Medalhas/venv/lib/python3.9/site-packages/airflow/example_dags/example_branch_datetime_operator.py took 0.030 seconds
[2023-02-24 10:50:29,836] {processor.py:153} INFO - Started process (PID=7677) to work on /home/alura/Documents/Medalhas/venv/lib/python3.9/site-packages/airflow/example_dags/example_branch_datetime_operator.py
[2023-02-24 10:50:29,837] {processor.py:641} INFO - Processing file /home/alura/Documents/Medalhas/venv/lib/python3.9/site-packages/airflow/example_dags/example_branch_datetime_operator.py for tasks to queue
[2023-02-24 10:50:29,837] {logging_mixin.py:115} INFO - [2023-02-24 10:50:29,837] {dagbag.py:507} INFO - Filling up the DagBag from /home/alura/Documents/Medalhas/venv/lib/python3.9/site-packages/airflow/example_dags/example_branch_datetime_operator.py
[2023-02-24 10:50:29,841] {processor.py:651} INFO - DAG(s) dict_keys(['example_branch_datetime_operator_2']) retrieved from /home/alura/Documents/Medalhas/venv/lib/python3.9/site-packages/airflow/example_dags/example_branch_datetime_operator.py
[2023-02-24 10:50:29,850] {logging_mixin.py:115} INFO - [2023-02-24 10:50:29,850] {dag.py:2379} INFO - Sync 1 DAGs
[2023-02-24 10:50:29,859] {logging_mixin.py:115} INFO - [2023-02-24 10:50:29,859] {dag.py:2927} INFO - Setting next_dagrun for example_branch_datetime_operator_2 to 2023-02-23T00:00:00+00:00, run_after=2023-02-24T00:00:00+00:00
[2023-02-24 10:50:29,866] {processor.py:161} INFO - Processing /home/alura/Documents/Medalhas/venv/lib/python3.9/site-packages/airflow/example_dags/example_branch_datetime_operator.py took 0.031 seconds
[2023-02-24 10:51:05,380] {processor.py:153} INFO - Started process (PID=7867) to work on /home/alura/Documents/Medalhas/venv/lib/python3.9/site-packages/airflow/example_dags/example_branch_datetime_operator.py
[2023-02-24 10:51:05,380] {processor.py:641} INFO - Processing file /home/alura/Documents/Medalhas/venv/lib/python3.9/site-packages/airflow/example_dags/example_branch_datetime_operator.py for tasks to queue
[2023-02-24 10:51:05,381] {logging_mixin.py:115} INFO - [2023-02-24 10:51:05,381] {dagbag.py:507} INFO - Filling up the DagBag from /home/alura/Documents/Medalhas/venv/lib/python3.9/site-packages/airflow/example_dags/example_branch_datetime_operator.py
[2023-02-24 10:51:05,384] {processor.py:651} INFO - DAG(s) dict_keys(['example_branch_datetime_operator_2']) retrieved from /home/alura/Documents/Medalhas/venv/lib/python3.9/site-packages/airflow/example_dags/example_branch_datetime_operator.py
[2023-02-24 10:51:05,392] {logging_mixin.py:115} INFO - [2023-02-24 10:51:05,392] {dag.py:2379} INFO - Sync 1 DAGs
[2023-02-24 10:51:05,402] {logging_mixin.py:115} INFO - [2023-02-24 10:51:05,402] {dag.py:2927} INFO - Setting next_dagrun for example_branch_datetime_operator_2 to 2023-02-23T00:00:00+00:00, run_after=2023-02-24T00:00:00+00:00
[2023-02-24 10:51:05,409] {processor.py:161} INFO - Processing /home/alura/Documents/Medalhas/venv/lib/python3.9/site-packages/airflow/example_dags/example_branch_datetime_operator.py took 0.030 seconds
[2023-02-24 10:51:40,269] {processor.py:153} INFO - Started process (PID=8050) to work on /home/alura/Documents/Medalhas/venv/lib/python3.9/site-packages/airflow/example_dags/example_branch_datetime_operator.py
[2023-02-24 10:51:40,270] {processor.py:641} INFO - Processing file /home/alura/Documents/Medalhas/venv/lib/python3.9/site-packages/airflow/example_dags/example_branch_datetime_operator.py for tasks to queue
[2023-02-24 10:51:40,270] {logging_mixin.py:115} INFO - [2023-02-24 10:51:40,270] {dagbag.py:507} INFO - Filling up the DagBag from /home/alura/Documents/Medalhas/venv/lib/python3.9/site-packages/airflow/example_dags/example_branch_datetime_operator.py
[2023-02-24 10:51:40,274] {processor.py:651} INFO - DAG(s) dict_keys(['example_branch_datetime_operator_2']) retrieved from /home/alura/Documents/Medalhas/venv/lib/python3.9/site-packages/airflow/example_dags/example_branch_datetime_operator.py
[2023-02-24 10:51:40,283] {logging_mixin.py:115} INFO - [2023-02-24 10:51:40,283] {dag.py:2379} INFO - Sync 1 DAGs
[2023-02-24 10:51:40,292] {logging_mixin.py:115} INFO - [2023-02-24 10:51:40,292] {dag.py:2927} INFO - Setting next_dagrun for example_branch_datetime_operator_2 to 2023-02-23T00:00:00+00:00, run_after=2023-02-24T00:00:00+00:00
[2023-02-24 10:51:40,299] {processor.py:161} INFO - Processing /home/alura/Documents/Medalhas/venv/lib/python3.9/site-packages/airflow/example_dags/example_branch_datetime_operator.py took 0.032 seconds
[2023-02-24 10:52:16,413] {processor.py:153} INFO - Started process (PID=8235) to work on /home/alura/Documents/Medalhas/venv/lib/python3.9/site-packages/airflow/example_dags/example_branch_datetime_operator.py
[2023-02-24 10:52:16,413] {processor.py:641} INFO - Processing file /home/alura/Documents/Medalhas/venv/lib/python3.9/site-packages/airflow/example_dags/example_branch_datetime_operator.py for tasks to queue
[2023-02-24 10:52:16,414] {logging_mixin.py:115} INFO - [2023-02-24 10:52:16,414] {dagbag.py:507} INFO - Filling up the DagBag from /home/alura/Documents/Medalhas/venv/lib/python3.9/site-packages/airflow/example_dags/example_branch_datetime_operator.py
[2023-02-24 10:52:16,417] {processor.py:651} INFO - DAG(s) dict_keys(['example_branch_datetime_operator_2']) retrieved from /home/alura/Documents/Medalhas/venv/lib/python3.9/site-packages/airflow/example_dags/example_branch_datetime_operator.py
[2023-02-24 10:52:16,426] {logging_mixin.py:115} INFO - [2023-02-24 10:52:16,426] {dag.py:2379} INFO - Sync 1 DAGs
[2023-02-24 10:52:16,435] {logging_mixin.py:115} INFO - [2023-02-24 10:52:16,435] {dag.py:2927} INFO - Setting next_dagrun for example_branch_datetime_operator_2 to 2023-02-23T00:00:00+00:00, run_after=2023-02-24T00:00:00+00:00
[2023-02-24 10:52:16,443] {processor.py:161} INFO - Processing /home/alura/Documents/Medalhas/venv/lib/python3.9/site-packages/airflow/example_dags/example_branch_datetime_operator.py took 0.032 seconds
[2023-02-24 10:52:53,422] {processor.py:153} INFO - Started process (PID=8423) to work on /home/alura/Documents/Medalhas/venv/lib/python3.9/site-packages/airflow/example_dags/example_branch_datetime_operator.py
[2023-02-24 10:52:53,422] {processor.py:641} INFO - Processing file /home/alura/Documents/Medalhas/venv/lib/python3.9/site-packages/airflow/example_dags/example_branch_datetime_operator.py for tasks to queue
[2023-02-24 10:52:53,422] {logging_mixin.py:115} INFO - [2023-02-24 10:52:53,422] {dagbag.py:507} INFO - Filling up the DagBag from /home/alura/Documents/Medalhas/venv/lib/python3.9/site-packages/airflow/example_dags/example_branch_datetime_operator.py
[2023-02-24 10:52:53,427] {processor.py:651} INFO - DAG(s) dict_keys(['example_branch_datetime_operator_2']) retrieved from /home/alura/Documents/Medalhas/venv/lib/python3.9/site-packages/airflow/example_dags/example_branch_datetime_operator.py
[2023-02-24 10:52:53,435] {logging_mixin.py:115} INFO - [2023-02-24 10:52:53,435] {dag.py:2379} INFO - Sync 1 DAGs
[2023-02-24 10:52:53,444] {logging_mixin.py:115} INFO - [2023-02-24 10:52:53,444] {dag.py:2927} INFO - Setting next_dagrun for example_branch_datetime_operator_2 to 2023-02-23T00:00:00+00:00, run_after=2023-02-24T00:00:00+00:00
[2023-02-24 10:52:53,452] {processor.py:161} INFO - Processing /home/alura/Documents/Medalhas/venv/lib/python3.9/site-packages/airflow/example_dags/example_branch_datetime_operator.py took 0.032 seconds
[2023-02-24 10:53:26,451] {processor.py:153} INFO - Started process (PID=8585) to work on /home/alura/Documents/Medalhas/venv/lib/python3.9/site-packages/airflow/example_dags/example_branch_datetime_operator.py
[2023-02-24 10:53:26,452] {processor.py:641} INFO - Processing file /home/alura/Documents/Medalhas/venv/lib/python3.9/site-packages/airflow/example_dags/example_branch_datetime_operator.py for tasks to queue
[2023-02-24 10:53:26,452] {logging_mixin.py:115} INFO - [2023-02-24 10:53:26,452] {dagbag.py:507} INFO - Filling up the DagBag from /home/alura/Documents/Medalhas/venv/lib/python3.9/site-packages/airflow/example_dags/example_branch_datetime_operator.py
[2023-02-24 10:53:26,456] {processor.py:651} INFO - DAG(s) dict_keys(['example_branch_datetime_operator_2']) retrieved from /home/alura/Documents/Medalhas/venv/lib/python3.9/site-packages/airflow/example_dags/example_branch_datetime_operator.py
[2023-02-24 10:53:26,464] {logging_mixin.py:115} INFO - [2023-02-24 10:53:26,464] {dag.py:2379} INFO - Sync 1 DAGs
[2023-02-24 10:53:26,473] {logging_mixin.py:115} INFO - [2023-02-24 10:53:26,473] {dag.py:2927} INFO - Setting next_dagrun for example_branch_datetime_operator_2 to 2023-02-23T00:00:00+00:00, run_after=2023-02-24T00:00:00+00:00
[2023-02-24 10:53:26,480] {processor.py:161} INFO - Processing /home/alura/Documents/Medalhas/venv/lib/python3.9/site-packages/airflow/example_dags/example_branch_datetime_operator.py took 0.031 seconds
[2023-02-24 10:54:02,360] {processor.py:153} INFO - Started process (PID=8827) to work on /home/alura/Documents/Medalhas/venv/lib/python3.9/site-packages/airflow/example_dags/example_branch_datetime_operator.py
[2023-02-24 10:54:02,361] {processor.py:641} INFO - Processing file /home/alura/Documents/Medalhas/venv/lib/python3.9/site-packages/airflow/example_dags/example_branch_datetime_operator.py for tasks to queue
[2023-02-24 10:54:02,361] {logging_mixin.py:115} INFO - [2023-02-24 10:54:02,361] {dagbag.py:507} INFO - Filling up the DagBag from /home/alura/Documents/Medalhas/venv/lib/python3.9/site-packages/airflow/example_dags/example_branch_datetime_operator.py
[2023-02-24 10:54:02,366] {processor.py:651} INFO - DAG(s) dict_keys(['example_branch_datetime_operator_2']) retrieved from /home/alura/Documents/Medalhas/venv/lib/python3.9/site-packages/airflow/example_dags/example_branch_datetime_operator.py
[2023-02-24 10:54:02,382] {logging_mixin.py:115} INFO - [2023-02-24 10:54:02,382] {dag.py:2379} INFO - Sync 1 DAGs
[2023-02-24 10:54:02,412] {logging_mixin.py:115} INFO - [2023-02-24 10:54:02,411] {dag.py:2927} INFO - Setting next_dagrun for example_branch_datetime_operator_2 to 2023-02-23T00:00:00+00:00, run_after=2023-02-24T00:00:00+00:00
[2023-02-24 10:54:02,431] {processor.py:161} INFO - Processing /home/alura/Documents/Medalhas/venv/lib/python3.9/site-packages/airflow/example_dags/example_branch_datetime_operator.py took 0.072 seconds
[2023-02-24 10:54:36,026] {processor.py:153} INFO - Started process (PID=9027) to work on /home/alura/Documents/Medalhas/venv/lib/python3.9/site-packages/airflow/example_dags/example_branch_datetime_operator.py
[2023-02-24 10:54:36,027] {processor.py:641} INFO - Processing file /home/alura/Documents/Medalhas/venv/lib/python3.9/site-packages/airflow/example_dags/example_branch_datetime_operator.py for tasks to queue
[2023-02-24 10:54:36,027] {logging_mixin.py:115} INFO - [2023-02-24 10:54:36,027] {dagbag.py:507} INFO - Filling up the DagBag from /home/alura/Documents/Medalhas/venv/lib/python3.9/site-packages/airflow/example_dags/example_branch_datetime_operator.py
[2023-02-24 10:54:36,031] {processor.py:651} INFO - DAG(s) dict_keys(['example_branch_datetime_operator_2']) retrieved from /home/alura/Documents/Medalhas/venv/lib/python3.9/site-packages/airflow/example_dags/example_branch_datetime_operator.py
[2023-02-24 10:54:36,039] {logging_mixin.py:115} INFO - [2023-02-24 10:54:36,039] {dag.py:2379} INFO - Sync 1 DAGs
[2023-02-24 10:54:36,049] {logging_mixin.py:115} INFO - [2023-02-24 10:54:36,049] {dag.py:2927} INFO - Setting next_dagrun for example_branch_datetime_operator_2 to 2023-02-23T00:00:00+00:00, run_after=2023-02-24T00:00:00+00:00
[2023-02-24 10:54:36,056] {processor.py:161} INFO - Processing /home/alura/Documents/Medalhas/venv/lib/python3.9/site-packages/airflow/example_dags/example_branch_datetime_operator.py took 0.031 seconds
[2023-02-24 10:55:11,905] {processor.py:153} INFO - Started process (PID=9213) to work on /home/alura/Documents/Medalhas/venv/lib/python3.9/site-packages/airflow/example_dags/example_branch_datetime_operator.py
[2023-02-24 10:55:11,906] {processor.py:641} INFO - Processing file /home/alura/Documents/Medalhas/venv/lib/python3.9/site-packages/airflow/example_dags/example_branch_datetime_operator.py for tasks to queue
[2023-02-24 10:55:11,906] {logging_mixin.py:115} INFO - [2023-02-24 10:55:11,906] {dagbag.py:507} INFO - Filling up the DagBag from /home/alura/Documents/Medalhas/venv/lib/python3.9/site-packages/airflow/example_dags/example_branch_datetime_operator.py
[2023-02-24 10:55:11,910] {processor.py:651} INFO - DAG(s) dict_keys(['example_branch_datetime_operator_2']) retrieved from /home/alura/Documents/Medalhas/venv/lib/python3.9/site-packages/airflow/example_dags/example_branch_datetime_operator.py
[2023-02-24 10:55:11,918] {logging_mixin.py:115} INFO - [2023-02-24 10:55:11,918] {dag.py:2379} INFO - Sync 1 DAGs
[2023-02-24 10:55:11,927] {logging_mixin.py:115} INFO - [2023-02-24 10:55:11,927] {dag.py:2927} INFO - Setting next_dagrun for example_branch_datetime_operator_2 to 2023-02-23T00:00:00+00:00, run_after=2023-02-24T00:00:00+00:00
[2023-02-24 10:55:11,935] {processor.py:161} INFO - Processing /home/alura/Documents/Medalhas/venv/lib/python3.9/site-packages/airflow/example_dags/example_branch_datetime_operator.py took 0.031 seconds
[2023-02-24 10:55:46,688] {processor.py:153} INFO - Started process (PID=9393) to work on /home/alura/Documents/Medalhas/venv/lib/python3.9/site-packages/airflow/example_dags/example_branch_datetime_operator.py
[2023-02-24 10:55:46,688] {processor.py:641} INFO - Processing file /home/alura/Documents/Medalhas/venv/lib/python3.9/site-packages/airflow/example_dags/example_branch_datetime_operator.py for tasks to queue
[2023-02-24 10:55:46,688] {logging_mixin.py:115} INFO - [2023-02-24 10:55:46,688] {dagbag.py:507} INFO - Filling up the DagBag from /home/alura/Documents/Medalhas/venv/lib/python3.9/site-packages/airflow/example_dags/example_branch_datetime_operator.py
[2023-02-24 10:55:46,692] {processor.py:651} INFO - DAG(s) dict_keys(['example_branch_datetime_operator_2']) retrieved from /home/alura/Documents/Medalhas/venv/lib/python3.9/site-packages/airflow/example_dags/example_branch_datetime_operator.py
[2023-02-24 10:55:46,700] {logging_mixin.py:115} INFO - [2023-02-24 10:55:46,700] {dag.py:2379} INFO - Sync 1 DAGs
[2023-02-24 10:55:46,710] {logging_mixin.py:115} INFO - [2023-02-24 10:55:46,710] {dag.py:2927} INFO - Setting next_dagrun for example_branch_datetime_operator_2 to 2023-02-23T00:00:00+00:00, run_after=2023-02-24T00:00:00+00:00
[2023-02-24 10:55:46,717] {processor.py:161} INFO - Processing /home/alura/Documents/Medalhas/venv/lib/python3.9/site-packages/airflow/example_dags/example_branch_datetime_operator.py took 0.030 seconds
[2023-02-24 10:56:21,172] {processor.py:153} INFO - Started process (PID=9567) to work on /home/alura/Documents/Medalhas/venv/lib/python3.9/site-packages/airflow/example_dags/example_branch_datetime_operator.py
[2023-02-24 10:56:21,172] {processor.py:641} INFO - Processing file /home/alura/Documents/Medalhas/venv/lib/python3.9/site-packages/airflow/example_dags/example_branch_datetime_operator.py for tasks to queue
[2023-02-24 10:56:21,173] {logging_mixin.py:115} INFO - [2023-02-24 10:56:21,173] {dagbag.py:507} INFO - Filling up the DagBag from /home/alura/Documents/Medalhas/venv/lib/python3.9/site-packages/airflow/example_dags/example_branch_datetime_operator.py
[2023-02-24 10:56:21,177] {processor.py:651} INFO - DAG(s) dict_keys(['example_branch_datetime_operator_2']) retrieved from /home/alura/Documents/Medalhas/venv/lib/python3.9/site-packages/airflow/example_dags/example_branch_datetime_operator.py
[2023-02-24 10:56:21,184] {logging_mixin.py:115} INFO - [2023-02-24 10:56:21,184] {dag.py:2379} INFO - Sync 1 DAGs
[2023-02-24 10:56:21,194] {logging_mixin.py:115} INFO - [2023-02-24 10:56:21,194] {dag.py:2927} INFO - Setting next_dagrun for example_branch_datetime_operator_2 to 2023-02-23T00:00:00+00:00, run_after=2023-02-24T00:00:00+00:00
[2023-02-24 10:56:21,200] {processor.py:161} INFO - Processing /home/alura/Documents/Medalhas/venv/lib/python3.9/site-packages/airflow/example_dags/example_branch_datetime_operator.py took 0.030 seconds
[2023-02-24 10:56:54,493] {processor.py:153} INFO - Started process (PID=9744) to work on /home/alura/Documents/Medalhas/venv/lib/python3.9/site-packages/airflow/example_dags/example_branch_datetime_operator.py
[2023-02-24 10:56:54,494] {processor.py:641} INFO - Processing file /home/alura/Documents/Medalhas/venv/lib/python3.9/site-packages/airflow/example_dags/example_branch_datetime_operator.py for tasks to queue
[2023-02-24 10:56:54,494] {logging_mixin.py:115} INFO - [2023-02-24 10:56:54,494] {dagbag.py:507} INFO - Filling up the DagBag from /home/alura/Documents/Medalhas/venv/lib/python3.9/site-packages/airflow/example_dags/example_branch_datetime_operator.py
[2023-02-24 10:56:54,498] {processor.py:651} INFO - DAG(s) dict_keys(['example_branch_datetime_operator_2']) retrieved from /home/alura/Documents/Medalhas/venv/lib/python3.9/site-packages/airflow/example_dags/example_branch_datetime_operator.py
[2023-02-24 10:56:54,506] {logging_mixin.py:115} INFO - [2023-02-24 10:56:54,506] {dag.py:2379} INFO - Sync 1 DAGs
[2023-02-24 10:56:54,515] {logging_mixin.py:115} INFO - [2023-02-24 10:56:54,515] {dag.py:2927} INFO - Setting next_dagrun for example_branch_datetime_operator_2 to 2023-02-23T00:00:00+00:00, run_after=2023-02-24T00:00:00+00:00
[2023-02-24 10:56:54,522] {processor.py:161} INFO - Processing /home/alura/Documents/Medalhas/venv/lib/python3.9/site-packages/airflow/example_dags/example_branch_datetime_operator.py took 0.030 seconds
[2023-02-24 10:57:30,846] {processor.py:153} INFO - Started process (PID=9928) to work on /home/alura/Documents/Medalhas/venv/lib/python3.9/site-packages/airflow/example_dags/example_branch_datetime_operator.py
[2023-02-24 10:57:30,847] {processor.py:641} INFO - Processing file /home/alura/Documents/Medalhas/venv/lib/python3.9/site-packages/airflow/example_dags/example_branch_datetime_operator.py for tasks to queue
[2023-02-24 10:57:30,847] {logging_mixin.py:115} INFO - [2023-02-24 10:57:30,847] {dagbag.py:507} INFO - Filling up the DagBag from /home/alura/Documents/Medalhas/venv/lib/python3.9/site-packages/airflow/example_dags/example_branch_datetime_operator.py
[2023-02-24 10:57:30,851] {processor.py:651} INFO - DAG(s) dict_keys(['example_branch_datetime_operator_2']) retrieved from /home/alura/Documents/Medalhas/venv/lib/python3.9/site-packages/airflow/example_dags/example_branch_datetime_operator.py
[2023-02-24 10:57:30,859] {logging_mixin.py:115} INFO - [2023-02-24 10:57:30,859] {dag.py:2379} INFO - Sync 1 DAGs
[2023-02-24 10:57:30,869] {logging_mixin.py:115} INFO - [2023-02-24 10:57:30,868] {dag.py:2927} INFO - Setting next_dagrun for example_branch_datetime_operator_2 to 2023-02-23T00:00:00+00:00, run_after=2023-02-24T00:00:00+00:00
[2023-02-24 10:57:30,875] {processor.py:161} INFO - Processing /home/alura/Documents/Medalhas/venv/lib/python3.9/site-packages/airflow/example_dags/example_branch_datetime_operator.py took 0.031 seconds
[2023-02-24 10:58:03,441] {processor.py:153} INFO - Started process (PID=10100) to work on /home/alura/Documents/Medalhas/venv/lib/python3.9/site-packages/airflow/example_dags/example_branch_datetime_operator.py
[2023-02-24 10:58:03,442] {processor.py:641} INFO - Processing file /home/alura/Documents/Medalhas/venv/lib/python3.9/site-packages/airflow/example_dags/example_branch_datetime_operator.py for tasks to queue
[2023-02-24 10:58:03,442] {logging_mixin.py:115} INFO - [2023-02-24 10:58:03,442] {dagbag.py:507} INFO - Filling up the DagBag from /home/alura/Documents/Medalhas/venv/lib/python3.9/site-packages/airflow/example_dags/example_branch_datetime_operator.py
[2023-02-24 10:58:03,447] {processor.py:651} INFO - DAG(s) dict_keys(['example_branch_datetime_operator_2']) retrieved from /home/alura/Documents/Medalhas/venv/lib/python3.9/site-packages/airflow/example_dags/example_branch_datetime_operator.py
[2023-02-24 10:58:03,455] {logging_mixin.py:115} INFO - [2023-02-24 10:58:03,455] {dag.py:2379} INFO - Sync 1 DAGs
[2023-02-24 10:58:03,464] {logging_mixin.py:115} INFO - [2023-02-24 10:58:03,464] {dag.py:2927} INFO - Setting next_dagrun for example_branch_datetime_operator_2 to 2023-02-23T00:00:00+00:00, run_after=2023-02-24T00:00:00+00:00
[2023-02-24 10:58:03,470] {processor.py:161} INFO - Processing /home/alura/Documents/Medalhas/venv/lib/python3.9/site-packages/airflow/example_dags/example_branch_datetime_operator.py took 0.030 seconds
[2023-02-24 10:58:38,983] {processor.py:153} INFO - Started process (PID=10283) to work on /home/alura/Documents/Medalhas/venv/lib/python3.9/site-packages/airflow/example_dags/example_branch_datetime_operator.py
[2023-02-24 10:58:38,984] {processor.py:641} INFO - Processing file /home/alura/Documents/Medalhas/venv/lib/python3.9/site-packages/airflow/example_dags/example_branch_datetime_operator.py for tasks to queue
[2023-02-24 10:58:38,984] {logging_mixin.py:115} INFO - [2023-02-24 10:58:38,984] {dagbag.py:507} INFO - Filling up the DagBag from /home/alura/Documents/Medalhas/venv/lib/python3.9/site-packages/airflow/example_dags/example_branch_datetime_operator.py
[2023-02-24 10:58:38,988] {processor.py:651} INFO - DAG(s) dict_keys(['example_branch_datetime_operator_2']) retrieved from /home/alura/Documents/Medalhas/venv/lib/python3.9/site-packages/airflow/example_dags/example_branch_datetime_operator.py
[2023-02-24 10:58:38,996] {logging_mixin.py:115} INFO - [2023-02-24 10:58:38,996] {dag.py:2379} INFO - Sync 1 DAGs
[2023-02-24 10:58:39,006] {logging_mixin.py:115} INFO - [2023-02-24 10:58:39,006] {dag.py:2927} INFO - Setting next_dagrun for example_branch_datetime_operator_2 to 2023-02-23T00:00:00+00:00, run_after=2023-02-24T00:00:00+00:00
[2023-02-24 10:58:39,012] {processor.py:161} INFO - Processing /home/alura/Documents/Medalhas/venv/lib/python3.9/site-packages/airflow/example_dags/example_branch_datetime_operator.py took 0.031 seconds
[2023-02-24 10:59:11,853] {processor.py:153} INFO - Started process (PID=10456) to work on /home/alura/Documents/Medalhas/venv/lib/python3.9/site-packages/airflow/example_dags/example_branch_datetime_operator.py
[2023-02-24 10:59:11,854] {processor.py:641} INFO - Processing file /home/alura/Documents/Medalhas/venv/lib/python3.9/site-packages/airflow/example_dags/example_branch_datetime_operator.py for tasks to queue
[2023-02-24 10:59:11,854] {logging_mixin.py:115} INFO - [2023-02-24 10:59:11,854] {dagbag.py:507} INFO - Filling up the DagBag from /home/alura/Documents/Medalhas/venv/lib/python3.9/site-packages/airflow/example_dags/example_branch_datetime_operator.py
[2023-02-24 10:59:11,858] {processor.py:651} INFO - DAG(s) dict_keys(['example_branch_datetime_operator_2']) retrieved from /home/alura/Documents/Medalhas/venv/lib/python3.9/site-packages/airflow/example_dags/example_branch_datetime_operator.py
[2023-02-24 10:59:11,866] {logging_mixin.py:115} INFO - [2023-02-24 10:59:11,866] {dag.py:2379} INFO - Sync 1 DAGs
[2023-02-24 10:59:11,876] {logging_mixin.py:115} INFO - [2023-02-24 10:59:11,876] {dag.py:2927} INFO - Setting next_dagrun for example_branch_datetime_operator_2 to 2023-02-23T00:00:00+00:00, run_after=2023-02-24T00:00:00+00:00
[2023-02-24 10:59:11,883] {processor.py:161} INFO - Processing /home/alura/Documents/Medalhas/venv/lib/python3.9/site-packages/airflow/example_dags/example_branch_datetime_operator.py took 0.032 seconds
[2023-02-24 10:59:47,138] {processor.py:153} INFO - Started process (PID=10636) to work on /home/alura/Documents/Medalhas/venv/lib/python3.9/site-packages/airflow/example_dags/example_branch_datetime_operator.py
[2023-02-24 10:59:47,138] {processor.py:641} INFO - Processing file /home/alura/Documents/Medalhas/venv/lib/python3.9/site-packages/airflow/example_dags/example_branch_datetime_operator.py for tasks to queue
[2023-02-24 10:59:47,139] {logging_mixin.py:115} INFO - [2023-02-24 10:59:47,139] {dagbag.py:507} INFO - Filling up the DagBag from /home/alura/Documents/Medalhas/venv/lib/python3.9/site-packages/airflow/example_dags/example_branch_datetime_operator.py
[2023-02-24 10:59:47,143] {processor.py:651} INFO - DAG(s) dict_keys(['example_branch_datetime_operator_2']) retrieved from /home/alura/Documents/Medalhas/venv/lib/python3.9/site-packages/airflow/example_dags/example_branch_datetime_operator.py
[2023-02-24 10:59:47,151] {logging_mixin.py:115} INFO - [2023-02-24 10:59:47,151] {dag.py:2379} INFO - Sync 1 DAGs
[2023-02-24 10:59:47,160] {logging_mixin.py:115} INFO - [2023-02-24 10:59:47,160] {dag.py:2927} INFO - Setting next_dagrun for example_branch_datetime_operator_2 to 2023-02-23T00:00:00+00:00, run_after=2023-02-24T00:00:00+00:00
[2023-02-24 10:59:47,167] {processor.py:161} INFO - Processing /home/alura/Documents/Medalhas/venv/lib/python3.9/site-packages/airflow/example_dags/example_branch_datetime_operator.py took 0.031 seconds
[2023-02-24 11:00:20,728] {processor.py:153} INFO - Started process (PID=10816) to work on /home/alura/Documents/Medalhas/venv/lib/python3.9/site-packages/airflow/example_dags/example_branch_datetime_operator.py
[2023-02-24 11:00:20,728] {processor.py:641} INFO - Processing file /home/alura/Documents/Medalhas/venv/lib/python3.9/site-packages/airflow/example_dags/example_branch_datetime_operator.py for tasks to queue
[2023-02-24 11:00:20,728] {logging_mixin.py:115} INFO - [2023-02-24 11:00:20,728] {dagbag.py:507} INFO - Filling up the DagBag from /home/alura/Documents/Medalhas/venv/lib/python3.9/site-packages/airflow/example_dags/example_branch_datetime_operator.py
[2023-02-24 11:00:20,733] {processor.py:651} INFO - DAG(s) dict_keys(['example_branch_datetime_operator_2']) retrieved from /home/alura/Documents/Medalhas/venv/lib/python3.9/site-packages/airflow/example_dags/example_branch_datetime_operator.py
[2023-02-24 11:00:20,740] {logging_mixin.py:115} INFO - [2023-02-24 11:00:20,740] {dag.py:2379} INFO - Sync 1 DAGs
[2023-02-24 11:00:20,750] {logging_mixin.py:115} INFO - [2023-02-24 11:00:20,750] {dag.py:2927} INFO - Setting next_dagrun for example_branch_datetime_operator_2 to 2023-02-23T00:00:00+00:00, run_after=2023-02-24T00:00:00+00:00
[2023-02-24 11:00:20,757] {processor.py:161} INFO - Processing /home/alura/Documents/Medalhas/venv/lib/python3.9/site-packages/airflow/example_dags/example_branch_datetime_operator.py took 0.031 seconds
[2023-02-24 11:00:57,242] {processor.py:153} INFO - Started process (PID=11023) to work on /home/alura/Documents/Medalhas/venv/lib/python3.9/site-packages/airflow/example_dags/example_branch_datetime_operator.py
[2023-02-24 11:00:57,242] {processor.py:641} INFO - Processing file /home/alura/Documents/Medalhas/venv/lib/python3.9/site-packages/airflow/example_dags/example_branch_datetime_operator.py for tasks to queue
[2023-02-24 11:00:57,243] {logging_mixin.py:115} INFO - [2023-02-24 11:00:57,243] {dagbag.py:507} INFO - Filling up the DagBag from /home/alura/Documents/Medalhas/venv/lib/python3.9/site-packages/airflow/example_dags/example_branch_datetime_operator.py
[2023-02-24 11:00:57,247] {processor.py:651} INFO - DAG(s) dict_keys(['example_branch_datetime_operator_2']) retrieved from /home/alura/Documents/Medalhas/venv/lib/python3.9/site-packages/airflow/example_dags/example_branch_datetime_operator.py
[2023-02-24 11:00:57,255] {logging_mixin.py:115} INFO - [2023-02-24 11:00:57,255] {dag.py:2379} INFO - Sync 1 DAGs
[2023-02-24 11:00:57,264] {logging_mixin.py:115} INFO - [2023-02-24 11:00:57,264] {dag.py:2927} INFO - Setting next_dagrun for example_branch_datetime_operator_2 to 2023-02-23T00:00:00+00:00, run_after=2023-02-24T00:00:00+00:00
[2023-02-24 11:00:57,270] {processor.py:161} INFO - Processing /home/alura/Documents/Medalhas/venv/lib/python3.9/site-packages/airflow/example_dags/example_branch_datetime_operator.py took 0.030 seconds
[2023-02-24 11:01:31,297] {processor.py:153} INFO - Started process (PID=11199) to work on /home/alura/Documents/Medalhas/venv/lib/python3.9/site-packages/airflow/example_dags/example_branch_datetime_operator.py
[2023-02-24 11:01:31,298] {processor.py:641} INFO - Processing file /home/alura/Documents/Medalhas/venv/lib/python3.9/site-packages/airflow/example_dags/example_branch_datetime_operator.py for tasks to queue
[2023-02-24 11:01:31,298] {logging_mixin.py:115} INFO - [2023-02-24 11:01:31,298] {dagbag.py:507} INFO - Filling up the DagBag from /home/alura/Documents/Medalhas/venv/lib/python3.9/site-packages/airflow/example_dags/example_branch_datetime_operator.py
[2023-02-24 11:01:31,302] {processor.py:651} INFO - DAG(s) dict_keys(['example_branch_datetime_operator_2']) retrieved from /home/alura/Documents/Medalhas/venv/lib/python3.9/site-packages/airflow/example_dags/example_branch_datetime_operator.py
[2023-02-24 11:01:31,310] {logging_mixin.py:115} INFO - [2023-02-24 11:01:31,310] {dag.py:2379} INFO - Sync 1 DAGs
[2023-02-24 11:01:31,319] {logging_mixin.py:115} INFO - [2023-02-24 11:01:31,319] {dag.py:2927} INFO - Setting next_dagrun for example_branch_datetime_operator_2 to 2023-02-23T00:00:00+00:00, run_after=2023-02-24T00:00:00+00:00
[2023-02-24 11:01:31,326] {processor.py:161} INFO - Processing /home/alura/Documents/Medalhas/venv/lib/python3.9/site-packages/airflow/example_dags/example_branch_datetime_operator.py took 0.030 seconds
[2023-02-24 11:02:08,275] {processor.py:153} INFO - Started process (PID=11391) to work on /home/alura/Documents/Medalhas/venv/lib/python3.9/site-packages/airflow/example_dags/example_branch_datetime_operator.py
[2023-02-24 11:02:08,276] {processor.py:641} INFO - Processing file /home/alura/Documents/Medalhas/venv/lib/python3.9/site-packages/airflow/example_dags/example_branch_datetime_operator.py for tasks to queue
[2023-02-24 11:02:08,276] {logging_mixin.py:115} INFO - [2023-02-24 11:02:08,276] {dagbag.py:507} INFO - Filling up the DagBag from /home/alura/Documents/Medalhas/venv/lib/python3.9/site-packages/airflow/example_dags/example_branch_datetime_operator.py
[2023-02-24 11:02:08,280] {processor.py:651} INFO - DAG(s) dict_keys(['example_branch_datetime_operator_2']) retrieved from /home/alura/Documents/Medalhas/venv/lib/python3.9/site-packages/airflow/example_dags/example_branch_datetime_operator.py
[2023-02-24 11:02:08,288] {logging_mixin.py:115} INFO - [2023-02-24 11:02:08,288] {dag.py:2379} INFO - Sync 1 DAGs
[2023-02-24 11:02:08,297] {logging_mixin.py:115} INFO - [2023-02-24 11:02:08,297] {dag.py:2927} INFO - Setting next_dagrun for example_branch_datetime_operator_2 to 2023-02-23T00:00:00+00:00, run_after=2023-02-24T00:00:00+00:00
[2023-02-24 11:02:08,304] {processor.py:161} INFO - Processing /home/alura/Documents/Medalhas/venv/lib/python3.9/site-packages/airflow/example_dags/example_branch_datetime_operator.py took 0.030 seconds
[2023-02-24 11:02:43,037] {processor.py:153} INFO - Started process (PID=11572) to work on /home/alura/Documents/Medalhas/venv/lib/python3.9/site-packages/airflow/example_dags/example_branch_datetime_operator.py
[2023-02-24 11:02:43,038] {processor.py:641} INFO - Processing file /home/alura/Documents/Medalhas/venv/lib/python3.9/site-packages/airflow/example_dags/example_branch_datetime_operator.py for tasks to queue
[2023-02-24 11:02:43,038] {logging_mixin.py:115} INFO - [2023-02-24 11:02:43,038] {dagbag.py:507} INFO - Filling up the DagBag from /home/alura/Documents/Medalhas/venv/lib/python3.9/site-packages/airflow/example_dags/example_branch_datetime_operator.py
[2023-02-24 11:02:43,042] {processor.py:651} INFO - DAG(s) dict_keys(['example_branch_datetime_operator_2']) retrieved from /home/alura/Documents/Medalhas/venv/lib/python3.9/site-packages/airflow/example_dags/example_branch_datetime_operator.py
[2023-02-24 11:02:43,050] {logging_mixin.py:115} INFO - [2023-02-24 11:02:43,050] {dag.py:2379} INFO - Sync 1 DAGs
[2023-02-24 11:02:43,060] {logging_mixin.py:115} INFO - [2023-02-24 11:02:43,060] {dag.py:2927} INFO - Setting next_dagrun for example_branch_datetime_operator_2 to 2023-02-23T00:00:00+00:00, run_after=2023-02-24T00:00:00+00:00
[2023-02-24 11:02:43,066] {processor.py:161} INFO - Processing /home/alura/Documents/Medalhas/venv/lib/python3.9/site-packages/airflow/example_dags/example_branch_datetime_operator.py took 0.030 seconds
[2023-02-24 11:03:16,935] {processor.py:153} INFO - Started process (PID=11749) to work on /home/alura/Documents/Medalhas/venv/lib/python3.9/site-packages/airflow/example_dags/example_branch_datetime_operator.py
[2023-02-24 11:03:16,935] {processor.py:641} INFO - Processing file /home/alura/Documents/Medalhas/venv/lib/python3.9/site-packages/airflow/example_dags/example_branch_datetime_operator.py for tasks to queue
[2023-02-24 11:03:16,936] {logging_mixin.py:115} INFO - [2023-02-24 11:03:16,936] {dagbag.py:507} INFO - Filling up the DagBag from /home/alura/Documents/Medalhas/venv/lib/python3.9/site-packages/airflow/example_dags/example_branch_datetime_operator.py
[2023-02-24 11:03:16,940] {processor.py:651} INFO - DAG(s) dict_keys(['example_branch_datetime_operator_2']) retrieved from /home/alura/Documents/Medalhas/venv/lib/python3.9/site-packages/airflow/example_dags/example_branch_datetime_operator.py
[2023-02-24 11:03:16,947] {logging_mixin.py:115} INFO - [2023-02-24 11:03:16,947] {dag.py:2379} INFO - Sync 1 DAGs
[2023-02-24 11:03:16,957] {logging_mixin.py:115} INFO - [2023-02-24 11:03:16,956] {dag.py:2927} INFO - Setting next_dagrun for example_branch_datetime_operator_2 to 2023-02-23T00:00:00+00:00, run_after=2023-02-24T00:00:00+00:00
[2023-02-24 11:03:16,963] {processor.py:161} INFO - Processing /home/alura/Documents/Medalhas/venv/lib/python3.9/site-packages/airflow/example_dags/example_branch_datetime_operator.py took 0.030 seconds
[2023-02-24 11:03:51,956] {processor.py:153} INFO - Started process (PID=11999) to work on /home/alura/Documents/Medalhas/venv/lib/python3.9/site-packages/airflow/example_dags/example_branch_datetime_operator.py
[2023-02-24 11:03:51,957] {processor.py:641} INFO - Processing file /home/alura/Documents/Medalhas/venv/lib/python3.9/site-packages/airflow/example_dags/example_branch_datetime_operator.py for tasks to queue
[2023-02-24 11:03:51,957] {logging_mixin.py:115} INFO - [2023-02-24 11:03:51,957] {dagbag.py:507} INFO - Filling up the DagBag from /home/alura/Documents/Medalhas/venv/lib/python3.9/site-packages/airflow/example_dags/example_branch_datetime_operator.py
[2023-02-24 11:03:51,961] {processor.py:651} INFO - DAG(s) dict_keys(['example_branch_datetime_operator_2']) retrieved from /home/alura/Documents/Medalhas/venv/lib/python3.9/site-packages/airflow/example_dags/example_branch_datetime_operator.py
[2023-02-24 11:03:51,970] {logging_mixin.py:115} INFO - [2023-02-24 11:03:51,970] {dag.py:2379} INFO - Sync 1 DAGs
[2023-02-24 11:03:51,979] {logging_mixin.py:115} INFO - [2023-02-24 11:03:51,979] {dag.py:2927} INFO - Setting next_dagrun for example_branch_datetime_operator_2 to 2023-02-23T00:00:00+00:00, run_after=2023-02-24T00:00:00+00:00
[2023-02-24 11:03:51,986] {processor.py:161} INFO - Processing /home/alura/Documents/Medalhas/venv/lib/python3.9/site-packages/airflow/example_dags/example_branch_datetime_operator.py took 0.031 seconds
[2023-02-24 11:04:27,651] {processor.py:153} INFO - Started process (PID=12214) to work on /home/alura/Documents/Medalhas/venv/lib/python3.9/site-packages/airflow/example_dags/example_branch_datetime_operator.py
[2023-02-24 11:04:27,652] {processor.py:641} INFO - Processing file /home/alura/Documents/Medalhas/venv/lib/python3.9/site-packages/airflow/example_dags/example_branch_datetime_operator.py for tasks to queue
[2023-02-24 11:04:27,652] {logging_mixin.py:115} INFO - [2023-02-24 11:04:27,652] {dagbag.py:507} INFO - Filling up the DagBag from /home/alura/Documents/Medalhas/venv/lib/python3.9/site-packages/airflow/example_dags/example_branch_datetime_operator.py
[2023-02-24 11:04:27,656] {processor.py:651} INFO - DAG(s) dict_keys(['example_branch_datetime_operator_2']) retrieved from /home/alura/Documents/Medalhas/venv/lib/python3.9/site-packages/airflow/example_dags/example_branch_datetime_operator.py
[2023-02-24 11:04:27,664] {logging_mixin.py:115} INFO - [2023-02-24 11:04:27,664] {dag.py:2379} INFO - Sync 1 DAGs
[2023-02-24 11:04:27,673] {logging_mixin.py:115} INFO - [2023-02-24 11:04:27,673] {dag.py:2927} INFO - Setting next_dagrun for example_branch_datetime_operator_2 to 2023-02-23T00:00:00+00:00, run_after=2023-02-24T00:00:00+00:00
[2023-02-24 11:04:27,680] {processor.py:161} INFO - Processing /home/alura/Documents/Medalhas/venv/lib/python3.9/site-packages/airflow/example_dags/example_branch_datetime_operator.py took 0.030 seconds
[2023-02-24 11:05:02,681] {processor.py:153} INFO - Started process (PID=12425) to work on /home/alura/Documents/Medalhas/venv/lib/python3.9/site-packages/airflow/example_dags/example_branch_datetime_operator.py
[2023-02-24 11:05:02,681] {processor.py:641} INFO - Processing file /home/alura/Documents/Medalhas/venv/lib/python3.9/site-packages/airflow/example_dags/example_branch_datetime_operator.py for tasks to queue
[2023-02-24 11:05:02,682] {logging_mixin.py:115} INFO - [2023-02-24 11:05:02,681] {dagbag.py:507} INFO - Filling up the DagBag from /home/alura/Documents/Medalhas/venv/lib/python3.9/site-packages/airflow/example_dags/example_branch_datetime_operator.py
[2023-02-24 11:05:02,685] {processor.py:651} INFO - DAG(s) dict_keys(['example_branch_datetime_operator_2']) retrieved from /home/alura/Documents/Medalhas/venv/lib/python3.9/site-packages/airflow/example_dags/example_branch_datetime_operator.py
[2023-02-24 11:05:02,694] {logging_mixin.py:115} INFO - [2023-02-24 11:05:02,694] {dag.py:2379} INFO - Sync 1 DAGs
[2023-02-24 11:05:02,704] {logging_mixin.py:115} INFO - [2023-02-24 11:05:02,704] {dag.py:2927} INFO - Setting next_dagrun for example_branch_datetime_operator_2 to 2023-02-23T00:00:00+00:00, run_after=2023-02-24T00:00:00+00:00
[2023-02-24 11:05:02,711] {processor.py:161} INFO - Processing /home/alura/Documents/Medalhas/venv/lib/python3.9/site-packages/airflow/example_dags/example_branch_datetime_operator.py took 0.032 seconds
