[2023-02-24 10:47:13,640] {processor.py:153} INFO - Started process (PID=5792) to work on /home/alura/Documents/Medalhas/venv/lib/python3.9/site-packages/airflow/example_dags/example_time_delta_sensor_async.py
[2023-02-24 10:47:13,640] {processor.py:641} INFO - Processing file /home/alura/Documents/Medalhas/venv/lib/python3.9/site-packages/airflow/example_dags/example_time_delta_sensor_async.py for tasks to queue
[2023-02-24 10:47:13,640] {logging_mixin.py:115} INFO - [2023-02-24 10:47:13,640] {dagbag.py:507} INFO - Filling up the DagBag from /home/alura/Documents/Medalhas/venv/lib/python3.9/site-packages/airflow/example_dags/example_time_delta_sensor_async.py
[2023-02-24 10:47:13,643] {processor.py:651} INFO - DAG(s) dict_keys(['example_time_delta_sensor_async']) retrieved from /home/alura/Documents/Medalhas/venv/lib/python3.9/site-packages/airflow/example_dags/example_time_delta_sensor_async.py
[2023-02-24 10:47:13,684] {logging_mixin.py:115} INFO - [2023-02-24 10:47:13,684] {manager.py:508} INFO - Created Permission View: can delete on DAG:example_time_delta_sensor_async
[2023-02-24 10:47:13,691] {logging_mixin.py:115} INFO - [2023-02-24 10:47:13,691] {manager.py:508} INFO - Created Permission View: can edit on DAG:example_time_delta_sensor_async
[2023-02-24 10:47:13,696] {logging_mixin.py:115} INFO - [2023-02-24 10:47:13,696] {manager.py:508} INFO - Created Permission View: can read on DAG:example_time_delta_sensor_async
[2023-02-24 10:47:13,697] {logging_mixin.py:115} INFO - [2023-02-24 10:47:13,697] {dag.py:2379} INFO - Sync 1 DAGs
[2023-02-24 10:47:13,703] {logging_mixin.py:115} INFO - [2023-02-24 10:47:13,702] {dag.py:2398} INFO - Creating ORM DAG for example_time_delta_sensor_async
[2023-02-24 10:47:13,709] {logging_mixin.py:115} INFO - [2023-02-24 10:47:13,709] {dag.py:2927} INFO - Setting next_dagrun for example_time_delta_sensor_async to None, run_after=None
[2023-02-24 10:47:13,720] {processor.py:161} INFO - Processing /home/alura/Documents/Medalhas/venv/lib/python3.9/site-packages/airflow/example_dags/example_time_delta_sensor_async.py took 0.083 seconds
[2023-02-24 10:47:48,037] {processor.py:153} INFO - Started process (PID=6218) to work on /home/alura/Documents/Medalhas/venv/lib/python3.9/site-packages/airflow/example_dags/example_time_delta_sensor_async.py
[2023-02-24 10:47:48,037] {processor.py:641} INFO - Processing file /home/alura/Documents/Medalhas/venv/lib/python3.9/site-packages/airflow/example_dags/example_time_delta_sensor_async.py for tasks to queue
[2023-02-24 10:47:48,038] {logging_mixin.py:115} INFO - [2023-02-24 10:47:48,038] {dagbag.py:507} INFO - Filling up the DagBag from /home/alura/Documents/Medalhas/venv/lib/python3.9/site-packages/airflow/example_dags/example_time_delta_sensor_async.py
[2023-02-24 10:47:48,040] {processor.py:651} INFO - DAG(s) dict_keys(['example_time_delta_sensor_async']) retrieved from /home/alura/Documents/Medalhas/venv/lib/python3.9/site-packages/airflow/example_dags/example_time_delta_sensor_async.py
[2023-02-24 10:47:48,052] {logging_mixin.py:115} INFO - [2023-02-24 10:47:48,052] {dag.py:2379} INFO - Sync 1 DAGs
[2023-02-24 10:47:48,062] {logging_mixin.py:115} INFO - [2023-02-24 10:47:48,062] {dag.py:2927} INFO - Setting next_dagrun for example_time_delta_sensor_async to None, run_after=None
[2023-02-24 10:47:48,069] {processor.py:161} INFO - Processing /home/alura/Documents/Medalhas/venv/lib/python3.9/site-packages/airflow/example_dags/example_time_delta_sensor_async.py took 0.033 seconds
[2023-02-24 10:48:21,701] {processor.py:153} INFO - Started process (PID=6511) to work on /home/alura/Documents/Medalhas/venv/lib/python3.9/site-packages/airflow/example_dags/example_time_delta_sensor_async.py
[2023-02-24 10:48:21,702] {processor.py:641} INFO - Processing file /home/alura/Documents/Medalhas/venv/lib/python3.9/site-packages/airflow/example_dags/example_time_delta_sensor_async.py for tasks to queue
[2023-02-24 10:48:21,702] {logging_mixin.py:115} INFO - [2023-02-24 10:48:21,702] {dagbag.py:507} INFO - Filling up the DagBag from /home/alura/Documents/Medalhas/venv/lib/python3.9/site-packages/airflow/example_dags/example_time_delta_sensor_async.py
[2023-02-24 10:48:21,705] {processor.py:651} INFO - DAG(s) dict_keys(['example_time_delta_sensor_async']) retrieved from /home/alura/Documents/Medalhas/venv/lib/python3.9/site-packages/airflow/example_dags/example_time_delta_sensor_async.py
[2023-02-24 10:48:21,716] {logging_mixin.py:115} INFO - [2023-02-24 10:48:21,716] {dag.py:2379} INFO - Sync 1 DAGs
[2023-02-24 10:48:21,725] {logging_mixin.py:115} INFO - [2023-02-24 10:48:21,725] {dag.py:2927} INFO - Setting next_dagrun for example_time_delta_sensor_async to None, run_after=None
[2023-02-24 10:48:21,732] {processor.py:161} INFO - Processing /home/alura/Documents/Medalhas/venv/lib/python3.9/site-packages/airflow/example_dags/example_time_delta_sensor_async.py took 0.032 seconds
[2023-02-24 10:48:54,909] {processor.py:153} INFO - Started process (PID=6879) to work on /home/alura/Documents/Medalhas/venv/lib/python3.9/site-packages/airflow/example_dags/example_time_delta_sensor_async.py
[2023-02-24 10:48:54,909] {processor.py:641} INFO - Processing file /home/alura/Documents/Medalhas/venv/lib/python3.9/site-packages/airflow/example_dags/example_time_delta_sensor_async.py for tasks to queue
[2023-02-24 10:48:54,910] {logging_mixin.py:115} INFO - [2023-02-24 10:48:54,910] {dagbag.py:507} INFO - Filling up the DagBag from /home/alura/Documents/Medalhas/venv/lib/python3.9/site-packages/airflow/example_dags/example_time_delta_sensor_async.py
[2023-02-24 10:48:54,912] {processor.py:651} INFO - DAG(s) dict_keys(['example_time_delta_sensor_async']) retrieved from /home/alura/Documents/Medalhas/venv/lib/python3.9/site-packages/airflow/example_dags/example_time_delta_sensor_async.py
[2023-02-24 10:48:54,924] {logging_mixin.py:115} INFO - [2023-02-24 10:48:54,924] {dag.py:2379} INFO - Sync 1 DAGs
[2023-02-24 10:48:54,932] {logging_mixin.py:115} INFO - [2023-02-24 10:48:54,932] {dag.py:2927} INFO - Setting next_dagrun for example_time_delta_sensor_async to None, run_after=None
[2023-02-24 10:48:54,940] {processor.py:161} INFO - Processing /home/alura/Documents/Medalhas/venv/lib/python3.9/site-packages/airflow/example_dags/example_time_delta_sensor_async.py took 0.032 seconds
[2023-02-24 10:49:28,352] {processor.py:153} INFO - Started process (PID=7357) to work on /home/alura/Documents/Medalhas/venv/lib/python3.9/site-packages/airflow/example_dags/example_time_delta_sensor_async.py
[2023-02-24 10:49:28,352] {processor.py:641} INFO - Processing file /home/alura/Documents/Medalhas/venv/lib/python3.9/site-packages/airflow/example_dags/example_time_delta_sensor_async.py for tasks to queue
[2023-02-24 10:49:28,353] {logging_mixin.py:115} INFO - [2023-02-24 10:49:28,352] {dagbag.py:507} INFO - Filling up the DagBag from /home/alura/Documents/Medalhas/venv/lib/python3.9/site-packages/airflow/example_dags/example_time_delta_sensor_async.py
[2023-02-24 10:49:28,355] {processor.py:651} INFO - DAG(s) dict_keys(['example_time_delta_sensor_async']) retrieved from /home/alura/Documents/Medalhas/venv/lib/python3.9/site-packages/airflow/example_dags/example_time_delta_sensor_async.py
[2023-02-24 10:49:28,373] {logging_mixin.py:115} INFO - [2023-02-24 10:49:28,373] {dag.py:2379} INFO - Sync 1 DAGs
[2023-02-24 10:49:28,382] {logging_mixin.py:115} INFO - [2023-02-24 10:49:28,382] {dag.py:2927} INFO - Setting next_dagrun for example_time_delta_sensor_async to None, run_after=None
[2023-02-24 10:49:28,388] {processor.py:161} INFO - Processing /home/alura/Documents/Medalhas/venv/lib/python3.9/site-packages/airflow/example_dags/example_time_delta_sensor_async.py took 0.038 seconds
[2023-02-24 10:50:03,050] {processor.py:153} INFO - Started process (PID=7535) to work on /home/alura/Documents/Medalhas/venv/lib/python3.9/site-packages/airflow/example_dags/example_time_delta_sensor_async.py
[2023-02-24 10:50:03,051] {processor.py:641} INFO - Processing file /home/alura/Documents/Medalhas/venv/lib/python3.9/site-packages/airflow/example_dags/example_time_delta_sensor_async.py for tasks to queue
[2023-02-24 10:50:03,051] {logging_mixin.py:115} INFO - [2023-02-24 10:50:03,051] {dagbag.py:507} INFO - Filling up the DagBag from /home/alura/Documents/Medalhas/venv/lib/python3.9/site-packages/airflow/example_dags/example_time_delta_sensor_async.py
[2023-02-24 10:50:03,053] {processor.py:651} INFO - DAG(s) dict_keys(['example_time_delta_sensor_async']) retrieved from /home/alura/Documents/Medalhas/venv/lib/python3.9/site-packages/airflow/example_dags/example_time_delta_sensor_async.py
[2023-02-24 10:50:03,065] {logging_mixin.py:115} INFO - [2023-02-24 10:50:03,065] {dag.py:2379} INFO - Sync 1 DAGs
[2023-02-24 10:50:03,073] {logging_mixin.py:115} INFO - [2023-02-24 10:50:03,073] {dag.py:2927} INFO - Setting next_dagrun for example_time_delta_sensor_async to None, run_after=None
[2023-02-24 10:50:03,080] {processor.py:161} INFO - Processing /home/alura/Documents/Medalhas/venv/lib/python3.9/site-packages/airflow/example_dags/example_time_delta_sensor_async.py took 0.032 seconds
[2023-02-24 10:50:34,963] {processor.py:153} INFO - Started process (PID=7707) to work on /home/alura/Documents/Medalhas/venv/lib/python3.9/site-packages/airflow/example_dags/example_time_delta_sensor_async.py
[2023-02-24 10:50:34,964] {processor.py:641} INFO - Processing file /home/alura/Documents/Medalhas/venv/lib/python3.9/site-packages/airflow/example_dags/example_time_delta_sensor_async.py for tasks to queue
[2023-02-24 10:50:34,964] {logging_mixin.py:115} INFO - [2023-02-24 10:50:34,964] {dagbag.py:507} INFO - Filling up the DagBag from /home/alura/Documents/Medalhas/venv/lib/python3.9/site-packages/airflow/example_dags/example_time_delta_sensor_async.py
[2023-02-24 10:50:34,967] {processor.py:651} INFO - DAG(s) dict_keys(['example_time_delta_sensor_async']) retrieved from /home/alura/Documents/Medalhas/venv/lib/python3.9/site-packages/airflow/example_dags/example_time_delta_sensor_async.py
[2023-02-24 10:50:34,979] {logging_mixin.py:115} INFO - [2023-02-24 10:50:34,979] {dag.py:2379} INFO - Sync 1 DAGs
[2023-02-24 10:50:34,988] {logging_mixin.py:115} INFO - [2023-02-24 10:50:34,988] {dag.py:2927} INFO - Setting next_dagrun for example_time_delta_sensor_async to None, run_after=None
[2023-02-24 10:50:34,995] {processor.py:161} INFO - Processing /home/alura/Documents/Medalhas/venv/lib/python3.9/site-packages/airflow/example_dags/example_time_delta_sensor_async.py took 0.033 seconds
[2023-02-24 10:51:09,753] {processor.py:153} INFO - Started process (PID=7888) to work on /home/alura/Documents/Medalhas/venv/lib/python3.9/site-packages/airflow/example_dags/example_time_delta_sensor_async.py
[2023-02-24 10:51:09,754] {processor.py:641} INFO - Processing file /home/alura/Documents/Medalhas/venv/lib/python3.9/site-packages/airflow/example_dags/example_time_delta_sensor_async.py for tasks to queue
[2023-02-24 10:51:09,754] {logging_mixin.py:115} INFO - [2023-02-24 10:51:09,754] {dagbag.py:507} INFO - Filling up the DagBag from /home/alura/Documents/Medalhas/venv/lib/python3.9/site-packages/airflow/example_dags/example_time_delta_sensor_async.py
[2023-02-24 10:51:09,756] {processor.py:651} INFO - DAG(s) dict_keys(['example_time_delta_sensor_async']) retrieved from /home/alura/Documents/Medalhas/venv/lib/python3.9/site-packages/airflow/example_dags/example_time_delta_sensor_async.py
[2023-02-24 10:51:09,767] {logging_mixin.py:115} INFO - [2023-02-24 10:51:09,767] {dag.py:2379} INFO - Sync 1 DAGs
[2023-02-24 10:51:09,775] {logging_mixin.py:115} INFO - [2023-02-24 10:51:09,775] {dag.py:2927} INFO - Setting next_dagrun for example_time_delta_sensor_async to None, run_after=None
[2023-02-24 10:51:09,783] {processor.py:161} INFO - Processing /home/alura/Documents/Medalhas/venv/lib/python3.9/site-packages/airflow/example_dags/example_time_delta_sensor_async.py took 0.031 seconds
[2023-02-24 10:51:41,669] {processor.py:153} INFO - Started process (PID=8060) to work on /home/alura/Documents/Medalhas/venv/lib/python3.9/site-packages/airflow/example_dags/example_time_delta_sensor_async.py
[2023-02-24 10:51:41,669] {processor.py:641} INFO - Processing file /home/alura/Documents/Medalhas/venv/lib/python3.9/site-packages/airflow/example_dags/example_time_delta_sensor_async.py for tasks to queue
[2023-02-24 10:51:41,670] {logging_mixin.py:115} INFO - [2023-02-24 10:51:41,670] {dagbag.py:507} INFO - Filling up the DagBag from /home/alura/Documents/Medalhas/venv/lib/python3.9/site-packages/airflow/example_dags/example_time_delta_sensor_async.py
[2023-02-24 10:51:41,672] {processor.py:651} INFO - DAG(s) dict_keys(['example_time_delta_sensor_async']) retrieved from /home/alura/Documents/Medalhas/venv/lib/python3.9/site-packages/airflow/example_dags/example_time_delta_sensor_async.py
[2023-02-24 10:51:41,683] {logging_mixin.py:115} INFO - [2023-02-24 10:51:41,683] {dag.py:2379} INFO - Sync 1 DAGs
[2023-02-24 10:51:41,691] {logging_mixin.py:115} INFO - [2023-02-24 10:51:41,691] {dag.py:2927} INFO - Setting next_dagrun for example_time_delta_sensor_async to None, run_after=None
[2023-02-24 10:51:41,698] {processor.py:161} INFO - Processing /home/alura/Documents/Medalhas/venv/lib/python3.9/site-packages/airflow/example_dags/example_time_delta_sensor_async.py took 0.031 seconds
[2023-02-24 10:52:14,662] {processor.py:153} INFO - Started process (PID=8225) to work on /home/alura/Documents/Medalhas/venv/lib/python3.9/site-packages/airflow/example_dags/example_time_delta_sensor_async.py
[2023-02-24 10:52:14,662] {processor.py:641} INFO - Processing file /home/alura/Documents/Medalhas/venv/lib/python3.9/site-packages/airflow/example_dags/example_time_delta_sensor_async.py for tasks to queue
[2023-02-24 10:52:14,662] {logging_mixin.py:115} INFO - [2023-02-24 10:52:14,662] {dagbag.py:507} INFO - Filling up the DagBag from /home/alura/Documents/Medalhas/venv/lib/python3.9/site-packages/airflow/example_dags/example_time_delta_sensor_async.py
[2023-02-24 10:52:14,665] {processor.py:651} INFO - DAG(s) dict_keys(['example_time_delta_sensor_async']) retrieved from /home/alura/Documents/Medalhas/venv/lib/python3.9/site-packages/airflow/example_dags/example_time_delta_sensor_async.py
[2023-02-24 10:52:14,676] {logging_mixin.py:115} INFO - [2023-02-24 10:52:14,676] {dag.py:2379} INFO - Sync 1 DAGs
[2023-02-24 10:52:14,684] {logging_mixin.py:115} INFO - [2023-02-24 10:52:14,684] {dag.py:2927} INFO - Setting next_dagrun for example_time_delta_sensor_async to None, run_after=None
[2023-02-24 10:52:14,692] {processor.py:161} INFO - Processing /home/alura/Documents/Medalhas/venv/lib/python3.9/site-packages/airflow/example_dags/example_time_delta_sensor_async.py took 0.031 seconds
[2023-02-24 10:52:47,153] {processor.py:153} INFO - Started process (PID=8391) to work on /home/alura/Documents/Medalhas/venv/lib/python3.9/site-packages/airflow/example_dags/example_time_delta_sensor_async.py
[2023-02-24 10:52:47,154] {processor.py:641} INFO - Processing file /home/alura/Documents/Medalhas/venv/lib/python3.9/site-packages/airflow/example_dags/example_time_delta_sensor_async.py for tasks to queue
[2023-02-24 10:52:47,154] {logging_mixin.py:115} INFO - [2023-02-24 10:52:47,154] {dagbag.py:507} INFO - Filling up the DagBag from /home/alura/Documents/Medalhas/venv/lib/python3.9/site-packages/airflow/example_dags/example_time_delta_sensor_async.py
[2023-02-24 10:52:47,157] {processor.py:651} INFO - DAG(s) dict_keys(['example_time_delta_sensor_async']) retrieved from /home/alura/Documents/Medalhas/venv/lib/python3.9/site-packages/airflow/example_dags/example_time_delta_sensor_async.py
[2023-02-24 10:52:47,168] {logging_mixin.py:115} INFO - [2023-02-24 10:52:47,168] {dag.py:2379} INFO - Sync 1 DAGs
[2023-02-24 10:52:47,176] {logging_mixin.py:115} INFO - [2023-02-24 10:52:47,176] {dag.py:2927} INFO - Setting next_dagrun for example_time_delta_sensor_async to None, run_after=None
[2023-02-24 10:52:47,184] {processor.py:161} INFO - Processing /home/alura/Documents/Medalhas/venv/lib/python3.9/site-packages/airflow/example_dags/example_time_delta_sensor_async.py took 0.032 seconds
[2023-02-24 10:53:19,073] {processor.py:153} INFO - Started process (PID=8551) to work on /home/alura/Documents/Medalhas/venv/lib/python3.9/site-packages/airflow/example_dags/example_time_delta_sensor_async.py
[2023-02-24 10:53:19,075] {processor.py:641} INFO - Processing file /home/alura/Documents/Medalhas/venv/lib/python3.9/site-packages/airflow/example_dags/example_time_delta_sensor_async.py for tasks to queue
[2023-02-24 10:53:19,075] {logging_mixin.py:115} INFO - [2023-02-24 10:53:19,075] {dagbag.py:507} INFO - Filling up the DagBag from /home/alura/Documents/Medalhas/venv/lib/python3.9/site-packages/airflow/example_dags/example_time_delta_sensor_async.py
[2023-02-24 10:53:19,078] {processor.py:651} INFO - DAG(s) dict_keys(['example_time_delta_sensor_async']) retrieved from /home/alura/Documents/Medalhas/venv/lib/python3.9/site-packages/airflow/example_dags/example_time_delta_sensor_async.py
[2023-02-24 10:53:19,089] {logging_mixin.py:115} INFO - [2023-02-24 10:53:19,089] {dag.py:2379} INFO - Sync 1 DAGs
[2023-02-24 10:53:19,097] {logging_mixin.py:115} INFO - [2023-02-24 10:53:19,097] {dag.py:2927} INFO - Setting next_dagrun for example_time_delta_sensor_async to None, run_after=None
[2023-02-24 10:53:19,103] {processor.py:161} INFO - Processing /home/alura/Documents/Medalhas/venv/lib/python3.9/site-packages/airflow/example_dags/example_time_delta_sensor_async.py took 0.031 seconds
[2023-02-24 10:53:50,975] {processor.py:153} INFO - Started process (PID=8711) to work on /home/alura/Documents/Medalhas/venv/lib/python3.9/site-packages/airflow/example_dags/example_time_delta_sensor_async.py
[2023-02-24 10:53:50,976] {processor.py:641} INFO - Processing file /home/alura/Documents/Medalhas/venv/lib/python3.9/site-packages/airflow/example_dags/example_time_delta_sensor_async.py for tasks to queue
[2023-02-24 10:53:50,976] {logging_mixin.py:115} INFO - [2023-02-24 10:53:50,976] {dagbag.py:507} INFO - Filling up the DagBag from /home/alura/Documents/Medalhas/venv/lib/python3.9/site-packages/airflow/example_dags/example_time_delta_sensor_async.py
[2023-02-24 10:53:50,979] {processor.py:651} INFO - DAG(s) dict_keys(['example_time_delta_sensor_async']) retrieved from /home/alura/Documents/Medalhas/venv/lib/python3.9/site-packages/airflow/example_dags/example_time_delta_sensor_async.py
[2023-02-24 10:53:50,991] {logging_mixin.py:115} INFO - [2023-02-24 10:53:50,991] {dag.py:2379} INFO - Sync 1 DAGs
[2023-02-24 10:53:50,999] {logging_mixin.py:115} INFO - [2023-02-24 10:53:50,999] {dag.py:2927} INFO - Setting next_dagrun for example_time_delta_sensor_async to None, run_after=None
[2023-02-24 10:53:51,007] {processor.py:161} INFO - Processing /home/alura/Documents/Medalhas/venv/lib/python3.9/site-packages/airflow/example_dags/example_time_delta_sensor_async.py took 0.033 seconds
[2023-02-24 10:54:24,632] {processor.py:153} INFO - Started process (PID=8970) to work on /home/alura/Documents/Medalhas/venv/lib/python3.9/site-packages/airflow/example_dags/example_time_delta_sensor_async.py
[2023-02-24 10:54:24,633] {processor.py:641} INFO - Processing file /home/alura/Documents/Medalhas/venv/lib/python3.9/site-packages/airflow/example_dags/example_time_delta_sensor_async.py for tasks to queue
[2023-02-24 10:54:24,633] {logging_mixin.py:115} INFO - [2023-02-24 10:54:24,633] {dagbag.py:507} INFO - Filling up the DagBag from /home/alura/Documents/Medalhas/venv/lib/python3.9/site-packages/airflow/example_dags/example_time_delta_sensor_async.py
[2023-02-24 10:54:24,636] {processor.py:651} INFO - DAG(s) dict_keys(['example_time_delta_sensor_async']) retrieved from /home/alura/Documents/Medalhas/venv/lib/python3.9/site-packages/airflow/example_dags/example_time_delta_sensor_async.py
[2023-02-24 10:54:24,646] {logging_mixin.py:115} INFO - [2023-02-24 10:54:24,646] {dag.py:2379} INFO - Sync 1 DAGs
[2023-02-24 10:54:24,655] {logging_mixin.py:115} INFO - [2023-02-24 10:54:24,655] {dag.py:2927} INFO - Setting next_dagrun for example_time_delta_sensor_async to None, run_after=None
[2023-02-24 10:54:24,661] {processor.py:161} INFO - Processing /home/alura/Documents/Medalhas/venv/lib/python3.9/site-packages/airflow/example_dags/example_time_delta_sensor_async.py took 0.030 seconds
[2023-02-24 10:54:56,507] {processor.py:153} INFO - Started process (PID=9129) to work on /home/alura/Documents/Medalhas/venv/lib/python3.9/site-packages/airflow/example_dags/example_time_delta_sensor_async.py
[2023-02-24 10:54:56,508] {processor.py:641} INFO - Processing file /home/alura/Documents/Medalhas/venv/lib/python3.9/site-packages/airflow/example_dags/example_time_delta_sensor_async.py for tasks to queue
[2023-02-24 10:54:56,508] {logging_mixin.py:115} INFO - [2023-02-24 10:54:56,508] {dagbag.py:507} INFO - Filling up the DagBag from /home/alura/Documents/Medalhas/venv/lib/python3.9/site-packages/airflow/example_dags/example_time_delta_sensor_async.py
[2023-02-24 10:54:56,511] {processor.py:651} INFO - DAG(s) dict_keys(['example_time_delta_sensor_async']) retrieved from /home/alura/Documents/Medalhas/venv/lib/python3.9/site-packages/airflow/example_dags/example_time_delta_sensor_async.py
[2023-02-24 10:54:56,521] {logging_mixin.py:115} INFO - [2023-02-24 10:54:56,521] {dag.py:2379} INFO - Sync 1 DAGs
[2023-02-24 10:54:56,530] {logging_mixin.py:115} INFO - [2023-02-24 10:54:56,530] {dag.py:2927} INFO - Setting next_dagrun for example_time_delta_sensor_async to None, run_after=None
[2023-02-24 10:54:56,537] {processor.py:161} INFO - Processing /home/alura/Documents/Medalhas/venv/lib/python3.9/site-packages/airflow/example_dags/example_time_delta_sensor_async.py took 0.032 seconds
[2023-02-24 10:55:29,411] {processor.py:153} INFO - Started process (PID=9302) to work on /home/alura/Documents/Medalhas/venv/lib/python3.9/site-packages/airflow/example_dags/example_time_delta_sensor_async.py
[2023-02-24 10:55:29,411] {processor.py:641} INFO - Processing file /home/alura/Documents/Medalhas/venv/lib/python3.9/site-packages/airflow/example_dags/example_time_delta_sensor_async.py for tasks to queue
[2023-02-24 10:55:29,411] {logging_mixin.py:115} INFO - [2023-02-24 10:55:29,411] {dagbag.py:507} INFO - Filling up the DagBag from /home/alura/Documents/Medalhas/venv/lib/python3.9/site-packages/airflow/example_dags/example_time_delta_sensor_async.py
[2023-02-24 10:55:29,414] {processor.py:651} INFO - DAG(s) dict_keys(['example_time_delta_sensor_async']) retrieved from /home/alura/Documents/Medalhas/venv/lib/python3.9/site-packages/airflow/example_dags/example_time_delta_sensor_async.py
[2023-02-24 10:55:29,426] {logging_mixin.py:115} INFO - [2023-02-24 10:55:29,425] {dag.py:2379} INFO - Sync 1 DAGs
[2023-02-24 10:55:29,434] {logging_mixin.py:115} INFO - [2023-02-24 10:55:29,434] {dag.py:2927} INFO - Setting next_dagrun for example_time_delta_sensor_async to None, run_after=None
[2023-02-24 10:55:29,442] {processor.py:161} INFO - Processing /home/alura/Documents/Medalhas/venv/lib/python3.9/site-packages/airflow/example_dags/example_time_delta_sensor_async.py took 0.033 seconds
[2023-02-24 10:56:05,425] {processor.py:153} INFO - Started process (PID=9485) to work on /home/alura/Documents/Medalhas/venv/lib/python3.9/site-packages/airflow/example_dags/example_time_delta_sensor_async.py
[2023-02-24 10:56:05,426] {processor.py:641} INFO - Processing file /home/alura/Documents/Medalhas/venv/lib/python3.9/site-packages/airflow/example_dags/example_time_delta_sensor_async.py for tasks to queue
[2023-02-24 10:56:05,426] {logging_mixin.py:115} INFO - [2023-02-24 10:56:05,426] {dagbag.py:507} INFO - Filling up the DagBag from /home/alura/Documents/Medalhas/venv/lib/python3.9/site-packages/airflow/example_dags/example_time_delta_sensor_async.py
[2023-02-24 10:56:05,428] {processor.py:651} INFO - DAG(s) dict_keys(['example_time_delta_sensor_async']) retrieved from /home/alura/Documents/Medalhas/venv/lib/python3.9/site-packages/airflow/example_dags/example_time_delta_sensor_async.py
[2023-02-24 10:56:05,440] {logging_mixin.py:115} INFO - [2023-02-24 10:56:05,440] {dag.py:2379} INFO - Sync 1 DAGs
[2023-02-24 10:56:05,448] {logging_mixin.py:115} INFO - [2023-02-24 10:56:05,448] {dag.py:2927} INFO - Setting next_dagrun for example_time_delta_sensor_async to None, run_after=None
[2023-02-24 10:56:05,455] {processor.py:161} INFO - Processing /home/alura/Documents/Medalhas/venv/lib/python3.9/site-packages/airflow/example_dags/example_time_delta_sensor_async.py took 0.031 seconds
[2023-02-24 10:56:37,335] {processor.py:153} INFO - Started process (PID=9650) to work on /home/alura/Documents/Medalhas/venv/lib/python3.9/site-packages/airflow/example_dags/example_time_delta_sensor_async.py
[2023-02-24 10:56:37,336] {processor.py:641} INFO - Processing file /home/alura/Documents/Medalhas/venv/lib/python3.9/site-packages/airflow/example_dags/example_time_delta_sensor_async.py for tasks to queue
[2023-02-24 10:56:37,336] {logging_mixin.py:115} INFO - [2023-02-24 10:56:37,336] {dagbag.py:507} INFO - Filling up the DagBag from /home/alura/Documents/Medalhas/venv/lib/python3.9/site-packages/airflow/example_dags/example_time_delta_sensor_async.py
[2023-02-24 10:56:37,339] {processor.py:651} INFO - DAG(s) dict_keys(['example_time_delta_sensor_async']) retrieved from /home/alura/Documents/Medalhas/venv/lib/python3.9/site-packages/airflow/example_dags/example_time_delta_sensor_async.py
[2023-02-24 10:56:37,349] {logging_mixin.py:115} INFO - [2023-02-24 10:56:37,349] {dag.py:2379} INFO - Sync 1 DAGs
[2023-02-24 10:56:37,358] {logging_mixin.py:115} INFO - [2023-02-24 10:56:37,357] {dag.py:2927} INFO - Setting next_dagrun for example_time_delta_sensor_async to None, run_after=None
[2023-02-24 10:56:37,364] {processor.py:161} INFO - Processing /home/alura/Documents/Medalhas/venv/lib/python3.9/site-packages/airflow/example_dags/example_time_delta_sensor_async.py took 0.030 seconds
[2023-02-24 10:57:08,220] {processor.py:153} INFO - Started process (PID=9810) to work on /home/alura/Documents/Medalhas/venv/lib/python3.9/site-packages/airflow/example_dags/example_time_delta_sensor_async.py
[2023-02-24 10:57:08,220] {processor.py:641} INFO - Processing file /home/alura/Documents/Medalhas/venv/lib/python3.9/site-packages/airflow/example_dags/example_time_delta_sensor_async.py for tasks to queue
[2023-02-24 10:57:08,220] {logging_mixin.py:115} INFO - [2023-02-24 10:57:08,220] {dagbag.py:507} INFO - Filling up the DagBag from /home/alura/Documents/Medalhas/venv/lib/python3.9/site-packages/airflow/example_dags/example_time_delta_sensor_async.py
[2023-02-24 10:57:08,223] {processor.py:651} INFO - DAG(s) dict_keys(['example_time_delta_sensor_async']) retrieved from /home/alura/Documents/Medalhas/venv/lib/python3.9/site-packages/airflow/example_dags/example_time_delta_sensor_async.py
[2023-02-24 10:57:08,234] {logging_mixin.py:115} INFO - [2023-02-24 10:57:08,234] {dag.py:2379} INFO - Sync 1 DAGs
[2023-02-24 10:57:08,242] {logging_mixin.py:115} INFO - [2023-02-24 10:57:08,242] {dag.py:2927} INFO - Setting next_dagrun for example_time_delta_sensor_async to None, run_after=None
[2023-02-24 10:57:08,249] {processor.py:161} INFO - Processing /home/alura/Documents/Medalhas/venv/lib/python3.9/site-packages/airflow/example_dags/example_time_delta_sensor_async.py took 0.030 seconds
[2023-02-24 10:57:40,676] {processor.py:153} INFO - Started process (PID=9980) to work on /home/alura/Documents/Medalhas/venv/lib/python3.9/site-packages/airflow/example_dags/example_time_delta_sensor_async.py
[2023-02-24 10:57:40,676] {processor.py:641} INFO - Processing file /home/alura/Documents/Medalhas/venv/lib/python3.9/site-packages/airflow/example_dags/example_time_delta_sensor_async.py for tasks to queue
[2023-02-24 10:57:40,676] {logging_mixin.py:115} INFO - [2023-02-24 10:57:40,676] {dagbag.py:507} INFO - Filling up the DagBag from /home/alura/Documents/Medalhas/venv/lib/python3.9/site-packages/airflow/example_dags/example_time_delta_sensor_async.py
[2023-02-24 10:57:40,679] {processor.py:651} INFO - DAG(s) dict_keys(['example_time_delta_sensor_async']) retrieved from /home/alura/Documents/Medalhas/venv/lib/python3.9/site-packages/airflow/example_dags/example_time_delta_sensor_async.py
[2023-02-24 10:57:40,690] {logging_mixin.py:115} INFO - [2023-02-24 10:57:40,690] {dag.py:2379} INFO - Sync 1 DAGs
[2023-02-24 10:57:40,699] {logging_mixin.py:115} INFO - [2023-02-24 10:57:40,699] {dag.py:2927} INFO - Setting next_dagrun for example_time_delta_sensor_async to None, run_after=None
[2023-02-24 10:57:40,706] {processor.py:161} INFO - Processing /home/alura/Documents/Medalhas/venv/lib/python3.9/site-packages/airflow/example_dags/example_time_delta_sensor_async.py took 0.032 seconds
[2023-02-24 10:58:12,442] {processor.py:153} INFO - Started process (PID=10147) to work on /home/alura/Documents/Medalhas/venv/lib/python3.9/site-packages/airflow/example_dags/example_time_delta_sensor_async.py
[2023-02-24 10:58:12,443] {processor.py:641} INFO - Processing file /home/alura/Documents/Medalhas/venv/lib/python3.9/site-packages/airflow/example_dags/example_time_delta_sensor_async.py for tasks to queue
[2023-02-24 10:58:12,443] {logging_mixin.py:115} INFO - [2023-02-24 10:58:12,443] {dagbag.py:507} INFO - Filling up the DagBag from /home/alura/Documents/Medalhas/venv/lib/python3.9/site-packages/airflow/example_dags/example_time_delta_sensor_async.py
[2023-02-24 10:58:12,445] {processor.py:651} INFO - DAG(s) dict_keys(['example_time_delta_sensor_async']) retrieved from /home/alura/Documents/Medalhas/venv/lib/python3.9/site-packages/airflow/example_dags/example_time_delta_sensor_async.py
[2023-02-24 10:58:12,457] {logging_mixin.py:115} INFO - [2023-02-24 10:58:12,456] {dag.py:2379} INFO - Sync 1 DAGs
[2023-02-24 10:58:12,466] {logging_mixin.py:115} INFO - [2023-02-24 10:58:12,465] {dag.py:2927} INFO - Setting next_dagrun for example_time_delta_sensor_async to None, run_after=None
[2023-02-24 10:58:12,472] {processor.py:161} INFO - Processing /home/alura/Documents/Medalhas/venv/lib/python3.9/site-packages/airflow/example_dags/example_time_delta_sensor_async.py took 0.031 seconds
[2023-02-24 10:58:46,194] {processor.py:153} INFO - Started process (PID=10319) to work on /home/alura/Documents/Medalhas/venv/lib/python3.9/site-packages/airflow/example_dags/example_time_delta_sensor_async.py
[2023-02-24 10:58:46,194] {processor.py:641} INFO - Processing file /home/alura/Documents/Medalhas/venv/lib/python3.9/site-packages/airflow/example_dags/example_time_delta_sensor_async.py for tasks to queue
[2023-02-24 10:58:46,195] {logging_mixin.py:115} INFO - [2023-02-24 10:58:46,195] {dagbag.py:507} INFO - Filling up the DagBag from /home/alura/Documents/Medalhas/venv/lib/python3.9/site-packages/airflow/example_dags/example_time_delta_sensor_async.py
[2023-02-24 10:58:46,197] {processor.py:651} INFO - DAG(s) dict_keys(['example_time_delta_sensor_async']) retrieved from /home/alura/Documents/Medalhas/venv/lib/python3.9/site-packages/airflow/example_dags/example_time_delta_sensor_async.py
[2023-02-24 10:58:46,208] {logging_mixin.py:115} INFO - [2023-02-24 10:58:46,208] {dag.py:2379} INFO - Sync 1 DAGs
[2023-02-24 10:58:46,219] {logging_mixin.py:115} INFO - [2023-02-24 10:58:46,219] {dag.py:2927} INFO - Setting next_dagrun for example_time_delta_sensor_async to None, run_after=None
[2023-02-24 10:58:46,226] {processor.py:161} INFO - Processing /home/alura/Documents/Medalhas/venv/lib/python3.9/site-packages/airflow/example_dags/example_time_delta_sensor_async.py took 0.034 seconds
[2023-02-24 10:59:16,574] {processor.py:153} INFO - Started process (PID=10480) to work on /home/alura/Documents/Medalhas/venv/lib/python3.9/site-packages/airflow/example_dags/example_time_delta_sensor_async.py
[2023-02-24 10:59:16,575] {processor.py:641} INFO - Processing file /home/alura/Documents/Medalhas/venv/lib/python3.9/site-packages/airflow/example_dags/example_time_delta_sensor_async.py for tasks to queue
[2023-02-24 10:59:16,575] {logging_mixin.py:115} INFO - [2023-02-24 10:59:16,575] {dagbag.py:507} INFO - Filling up the DagBag from /home/alura/Documents/Medalhas/venv/lib/python3.9/site-packages/airflow/example_dags/example_time_delta_sensor_async.py
[2023-02-24 10:59:16,578] {processor.py:651} INFO - DAG(s) dict_keys(['example_time_delta_sensor_async']) retrieved from /home/alura/Documents/Medalhas/venv/lib/python3.9/site-packages/airflow/example_dags/example_time_delta_sensor_async.py
[2023-02-24 10:59:16,589] {logging_mixin.py:115} INFO - [2023-02-24 10:59:16,589] {dag.py:2379} INFO - Sync 1 DAGs
[2023-02-24 10:59:16,597] {logging_mixin.py:115} INFO - [2023-02-24 10:59:16,597] {dag.py:2927} INFO - Setting next_dagrun for example_time_delta_sensor_async to None, run_after=None
[2023-02-24 10:59:16,605] {processor.py:161} INFO - Processing /home/alura/Documents/Medalhas/venv/lib/python3.9/site-packages/airflow/example_dags/example_time_delta_sensor_async.py took 0.032 seconds
[2023-02-24 10:59:50,019] {processor.py:153} INFO - Started process (PID=10655) to work on /home/alura/Documents/Medalhas/venv/lib/python3.9/site-packages/airflow/example_dags/example_time_delta_sensor_async.py
[2023-02-24 10:59:50,020] {processor.py:641} INFO - Processing file /home/alura/Documents/Medalhas/venv/lib/python3.9/site-packages/airflow/example_dags/example_time_delta_sensor_async.py for tasks to queue
[2023-02-24 10:59:50,020] {logging_mixin.py:115} INFO - [2023-02-24 10:59:50,020] {dagbag.py:507} INFO - Filling up the DagBag from /home/alura/Documents/Medalhas/venv/lib/python3.9/site-packages/airflow/example_dags/example_time_delta_sensor_async.py
[2023-02-24 10:59:50,023] {processor.py:651} INFO - DAG(s) dict_keys(['example_time_delta_sensor_async']) retrieved from /home/alura/Documents/Medalhas/venv/lib/python3.9/site-packages/airflow/example_dags/example_time_delta_sensor_async.py
[2023-02-24 10:59:50,034] {logging_mixin.py:115} INFO - [2023-02-24 10:59:50,034] {dag.py:2379} INFO - Sync 1 DAGs
[2023-02-24 10:59:50,043] {logging_mixin.py:115} INFO - [2023-02-24 10:59:50,043] {dag.py:2927} INFO - Setting next_dagrun for example_time_delta_sensor_async to None, run_after=None
[2023-02-24 10:59:50,050] {processor.py:161} INFO - Processing /home/alura/Documents/Medalhas/venv/lib/python3.9/site-packages/airflow/example_dags/example_time_delta_sensor_async.py took 0.032 seconds
[2023-02-24 11:00:22,871] {processor.py:153} INFO - Started process (PID=10825) to work on /home/alura/Documents/Medalhas/venv/lib/python3.9/site-packages/airflow/example_dags/example_time_delta_sensor_async.py
[2023-02-24 11:00:22,872] {processor.py:641} INFO - Processing file /home/alura/Documents/Medalhas/venv/lib/python3.9/site-packages/airflow/example_dags/example_time_delta_sensor_async.py for tasks to queue
[2023-02-24 11:00:22,873] {logging_mixin.py:115} INFO - [2023-02-24 11:00:22,872] {dagbag.py:507} INFO - Filling up the DagBag from /home/alura/Documents/Medalhas/venv/lib/python3.9/site-packages/airflow/example_dags/example_time_delta_sensor_async.py
[2023-02-24 11:00:22,875] {processor.py:651} INFO - DAG(s) dict_keys(['example_time_delta_sensor_async']) retrieved from /home/alura/Documents/Medalhas/venv/lib/python3.9/site-packages/airflow/example_dags/example_time_delta_sensor_async.py
[2023-02-24 11:00:22,887] {logging_mixin.py:115} INFO - [2023-02-24 11:00:22,887] {dag.py:2379} INFO - Sync 1 DAGs
[2023-02-24 11:00:22,896] {logging_mixin.py:115} INFO - [2023-02-24 11:00:22,896] {dag.py:2927} INFO - Setting next_dagrun for example_time_delta_sensor_async to None, run_after=None
[2023-02-24 11:00:22,903] {processor.py:161} INFO - Processing /home/alura/Documents/Medalhas/venv/lib/python3.9/site-packages/airflow/example_dags/example_time_delta_sensor_async.py took 0.033 seconds
[2023-02-24 11:00:54,992] {processor.py:153} INFO - Started process (PID=11013) to work on /home/alura/Documents/Medalhas/venv/lib/python3.9/site-packages/airflow/example_dags/example_time_delta_sensor_async.py
[2023-02-24 11:00:54,993] {processor.py:641} INFO - Processing file /home/alura/Documents/Medalhas/venv/lib/python3.9/site-packages/airflow/example_dags/example_time_delta_sensor_async.py for tasks to queue
[2023-02-24 11:00:54,993] {logging_mixin.py:115} INFO - [2023-02-24 11:00:54,993] {dagbag.py:507} INFO - Filling up the DagBag from /home/alura/Documents/Medalhas/venv/lib/python3.9/site-packages/airflow/example_dags/example_time_delta_sensor_async.py
[2023-02-24 11:00:54,995] {processor.py:651} INFO - DAG(s) dict_keys(['example_time_delta_sensor_async']) retrieved from /home/alura/Documents/Medalhas/venv/lib/python3.9/site-packages/airflow/example_dags/example_time_delta_sensor_async.py
[2023-02-24 11:00:55,007] {logging_mixin.py:115} INFO - [2023-02-24 11:00:55,007] {dag.py:2379} INFO - Sync 1 DAGs
[2023-02-24 11:00:55,015] {logging_mixin.py:115} INFO - [2023-02-24 11:00:55,015] {dag.py:2927} INFO - Setting next_dagrun for example_time_delta_sensor_async to None, run_after=None
[2023-02-24 11:00:55,022] {processor.py:161} INFO - Processing /home/alura/Documents/Medalhas/venv/lib/python3.9/site-packages/airflow/example_dags/example_time_delta_sensor_async.py took 0.031 seconds
[2023-02-24 11:01:27,494] {processor.py:153} INFO - Started process (PID=11177) to work on /home/alura/Documents/Medalhas/venv/lib/python3.9/site-packages/airflow/example_dags/example_time_delta_sensor_async.py
[2023-02-24 11:01:27,495] {processor.py:641} INFO - Processing file /home/alura/Documents/Medalhas/venv/lib/python3.9/site-packages/airflow/example_dags/example_time_delta_sensor_async.py for tasks to queue
[2023-02-24 11:01:27,495] {logging_mixin.py:115} INFO - [2023-02-24 11:01:27,495] {dagbag.py:507} INFO - Filling up the DagBag from /home/alura/Documents/Medalhas/venv/lib/python3.9/site-packages/airflow/example_dags/example_time_delta_sensor_async.py
[2023-02-24 11:01:27,497] {processor.py:651} INFO - DAG(s) dict_keys(['example_time_delta_sensor_async']) retrieved from /home/alura/Documents/Medalhas/venv/lib/python3.9/site-packages/airflow/example_dags/example_time_delta_sensor_async.py
[2023-02-24 11:01:27,509] {logging_mixin.py:115} INFO - [2023-02-24 11:01:27,509] {dag.py:2379} INFO - Sync 1 DAGs
[2023-02-24 11:01:27,519] {logging_mixin.py:115} INFO - [2023-02-24 11:01:27,519] {dag.py:2927} INFO - Setting next_dagrun for example_time_delta_sensor_async to None, run_after=None
[2023-02-24 11:01:27,525] {processor.py:161} INFO - Processing /home/alura/Documents/Medalhas/venv/lib/python3.9/site-packages/airflow/example_dags/example_time_delta_sensor_async.py took 0.032 seconds
[2023-02-24 11:02:00,896] {processor.py:153} INFO - Started process (PID=11354) to work on /home/alura/Documents/Medalhas/venv/lib/python3.9/site-packages/airflow/example_dags/example_time_delta_sensor_async.py
[2023-02-24 11:02:00,896] {processor.py:641} INFO - Processing file /home/alura/Documents/Medalhas/venv/lib/python3.9/site-packages/airflow/example_dags/example_time_delta_sensor_async.py for tasks to queue
[2023-02-24 11:02:00,896] {logging_mixin.py:115} INFO - [2023-02-24 11:02:00,896] {dagbag.py:507} INFO - Filling up the DagBag from /home/alura/Documents/Medalhas/venv/lib/python3.9/site-packages/airflow/example_dags/example_time_delta_sensor_async.py
[2023-02-24 11:02:00,899] {processor.py:651} INFO - DAG(s) dict_keys(['example_time_delta_sensor_async']) retrieved from /home/alura/Documents/Medalhas/venv/lib/python3.9/site-packages/airflow/example_dags/example_time_delta_sensor_async.py
[2023-02-24 11:02:00,910] {logging_mixin.py:115} INFO - [2023-02-24 11:02:00,910] {dag.py:2379} INFO - Sync 1 DAGs
[2023-02-24 11:02:00,918] {logging_mixin.py:115} INFO - [2023-02-24 11:02:00,918] {dag.py:2927} INFO - Setting next_dagrun for example_time_delta_sensor_async to None, run_after=None
[2023-02-24 11:02:00,930] {processor.py:161} INFO - Processing /home/alura/Documents/Medalhas/venv/lib/python3.9/site-packages/airflow/example_dags/example_time_delta_sensor_async.py took 0.036 seconds
[2023-02-24 11:02:32,816] {processor.py:153} INFO - Started process (PID=11517) to work on /home/alura/Documents/Medalhas/venv/lib/python3.9/site-packages/airflow/example_dags/example_time_delta_sensor_async.py
[2023-02-24 11:02:32,817] {processor.py:641} INFO - Processing file /home/alura/Documents/Medalhas/venv/lib/python3.9/site-packages/airflow/example_dags/example_time_delta_sensor_async.py for tasks to queue
[2023-02-24 11:02:32,817] {logging_mixin.py:115} INFO - [2023-02-24 11:02:32,817] {dagbag.py:507} INFO - Filling up the DagBag from /home/alura/Documents/Medalhas/venv/lib/python3.9/site-packages/airflow/example_dags/example_time_delta_sensor_async.py
[2023-02-24 11:02:32,819] {processor.py:651} INFO - DAG(s) dict_keys(['example_time_delta_sensor_async']) retrieved from /home/alura/Documents/Medalhas/venv/lib/python3.9/site-packages/airflow/example_dags/example_time_delta_sensor_async.py
[2023-02-24 11:02:32,830] {logging_mixin.py:115} INFO - [2023-02-24 11:02:32,830] {dag.py:2379} INFO - Sync 1 DAGs
[2023-02-24 11:02:32,839] {logging_mixin.py:115} INFO - [2023-02-24 11:02:32,839] {dag.py:2927} INFO - Setting next_dagrun for example_time_delta_sensor_async to None, run_after=None
[2023-02-24 11:02:32,845] {processor.py:161} INFO - Processing /home/alura/Documents/Medalhas/venv/lib/python3.9/site-packages/airflow/example_dags/example_time_delta_sensor_async.py took 0.031 seconds
[2023-02-24 11:03:05,686] {processor.py:153} INFO - Started process (PID=11688) to work on /home/alura/Documents/Medalhas/venv/lib/python3.9/site-packages/airflow/example_dags/example_time_delta_sensor_async.py
[2023-02-24 11:03:05,687] {processor.py:641} INFO - Processing file /home/alura/Documents/Medalhas/venv/lib/python3.9/site-packages/airflow/example_dags/example_time_delta_sensor_async.py for tasks to queue
[2023-02-24 11:03:05,687] {logging_mixin.py:115} INFO - [2023-02-24 11:03:05,687] {dagbag.py:507} INFO - Filling up the DagBag from /home/alura/Documents/Medalhas/venv/lib/python3.9/site-packages/airflow/example_dags/example_time_delta_sensor_async.py
[2023-02-24 11:03:05,690] {processor.py:651} INFO - DAG(s) dict_keys(['example_time_delta_sensor_async']) retrieved from /home/alura/Documents/Medalhas/venv/lib/python3.9/site-packages/airflow/example_dags/example_time_delta_sensor_async.py
[2023-02-24 11:03:05,702] {logging_mixin.py:115} INFO - [2023-02-24 11:03:05,702] {dag.py:2379} INFO - Sync 1 DAGs
[2023-02-24 11:03:05,710] {logging_mixin.py:115} INFO - [2023-02-24 11:03:05,710] {dag.py:2927} INFO - Setting next_dagrun for example_time_delta_sensor_async to None, run_after=None
[2023-02-24 11:03:05,717] {processor.py:161} INFO - Processing /home/alura/Documents/Medalhas/venv/lib/python3.9/site-packages/airflow/example_dags/example_time_delta_sensor_async.py took 0.032 seconds
[2023-02-24 11:03:38,311] {processor.py:153} INFO - Started process (PID=11871) to work on /home/alura/Documents/Medalhas/venv/lib/python3.9/site-packages/airflow/example_dags/example_time_delta_sensor_async.py
[2023-02-24 11:03:38,312] {processor.py:641} INFO - Processing file /home/alura/Documents/Medalhas/venv/lib/python3.9/site-packages/airflow/example_dags/example_time_delta_sensor_async.py for tasks to queue
[2023-02-24 11:03:38,312] {logging_mixin.py:115} INFO - [2023-02-24 11:03:38,312] {dagbag.py:507} INFO - Filling up the DagBag from /home/alura/Documents/Medalhas/venv/lib/python3.9/site-packages/airflow/example_dags/example_time_delta_sensor_async.py
[2023-02-24 11:03:38,315] {processor.py:651} INFO - DAG(s) dict_keys(['example_time_delta_sensor_async']) retrieved from /home/alura/Documents/Medalhas/venv/lib/python3.9/site-packages/airflow/example_dags/example_time_delta_sensor_async.py
[2023-02-24 11:03:38,325] {logging_mixin.py:115} INFO - [2023-02-24 11:03:38,325] {dag.py:2379} INFO - Sync 1 DAGs
[2023-02-24 11:03:38,333] {logging_mixin.py:115} INFO - [2023-02-24 11:03:38,333] {dag.py:2927} INFO - Setting next_dagrun for example_time_delta_sensor_async to None, run_after=None
[2023-02-24 11:03:38,340] {processor.py:161} INFO - Processing /home/alura/Documents/Medalhas/venv/lib/python3.9/site-packages/airflow/example_dags/example_time_delta_sensor_async.py took 0.031 seconds
[2023-02-24 11:04:10,268] {processor.py:153} INFO - Started process (PID=12113) to work on /home/alura/Documents/Medalhas/venv/lib/python3.9/site-packages/airflow/example_dags/example_time_delta_sensor_async.py
[2023-02-24 11:04:10,268] {processor.py:641} INFO - Processing file /home/alura/Documents/Medalhas/venv/lib/python3.9/site-packages/airflow/example_dags/example_time_delta_sensor_async.py for tasks to queue
[2023-02-24 11:04:10,269] {logging_mixin.py:115} INFO - [2023-02-24 11:04:10,269] {dagbag.py:507} INFO - Filling up the DagBag from /home/alura/Documents/Medalhas/venv/lib/python3.9/site-packages/airflow/example_dags/example_time_delta_sensor_async.py
[2023-02-24 11:04:10,272] {processor.py:651} INFO - DAG(s) dict_keys(['example_time_delta_sensor_async']) retrieved from /home/alura/Documents/Medalhas/venv/lib/python3.9/site-packages/airflow/example_dags/example_time_delta_sensor_async.py
[2023-02-24 11:04:10,283] {logging_mixin.py:115} INFO - [2023-02-24 11:04:10,283] {dag.py:2379} INFO - Sync 1 DAGs
[2023-02-24 11:04:10,293] {logging_mixin.py:115} INFO - [2023-02-24 11:04:10,293] {dag.py:2927} INFO - Setting next_dagrun for example_time_delta_sensor_async to None, run_after=None
[2023-02-24 11:04:10,300] {processor.py:161} INFO - Processing /home/alura/Documents/Medalhas/venv/lib/python3.9/site-packages/airflow/example_dags/example_time_delta_sensor_async.py took 0.033 seconds
[2023-02-24 11:04:45,775] {processor.py:153} INFO - Started process (PID=12325) to work on /home/alura/Documents/Medalhas/venv/lib/python3.9/site-packages/airflow/example_dags/example_time_delta_sensor_async.py
[2023-02-24 11:04:45,776] {processor.py:641} INFO - Processing file /home/alura/Documents/Medalhas/venv/lib/python3.9/site-packages/airflow/example_dags/example_time_delta_sensor_async.py for tasks to queue
[2023-02-24 11:04:45,776] {logging_mixin.py:115} INFO - [2023-02-24 11:04:45,776] {dagbag.py:507} INFO - Filling up the DagBag from /home/alura/Documents/Medalhas/venv/lib/python3.9/site-packages/airflow/example_dags/example_time_delta_sensor_async.py
[2023-02-24 11:04:45,778] {processor.py:651} INFO - DAG(s) dict_keys(['example_time_delta_sensor_async']) retrieved from /home/alura/Documents/Medalhas/venv/lib/python3.9/site-packages/airflow/example_dags/example_time_delta_sensor_async.py
[2023-02-24 11:04:45,790] {logging_mixin.py:115} INFO - [2023-02-24 11:04:45,790] {dag.py:2379} INFO - Sync 1 DAGs
[2023-02-24 11:04:45,798] {logging_mixin.py:115} INFO - [2023-02-24 11:04:45,798] {dag.py:2927} INFO - Setting next_dagrun for example_time_delta_sensor_async to None, run_after=None
[2023-02-24 11:04:45,804] {processor.py:161} INFO - Processing /home/alura/Documents/Medalhas/venv/lib/python3.9/site-packages/airflow/example_dags/example_time_delta_sensor_async.py took 0.031 seconds
[2023-02-24 11:05:18,407] {processor.py:153} INFO - Started process (PID=12519) to work on /home/alura/Documents/Medalhas/venv/lib/python3.9/site-packages/airflow/example_dags/example_time_delta_sensor_async.py
[2023-02-24 11:05:18,408] {processor.py:641} INFO - Processing file /home/alura/Documents/Medalhas/venv/lib/python3.9/site-packages/airflow/example_dags/example_time_delta_sensor_async.py for tasks to queue
[2023-02-24 11:05:18,408] {logging_mixin.py:115} INFO - [2023-02-24 11:05:18,408] {dagbag.py:507} INFO - Filling up the DagBag from /home/alura/Documents/Medalhas/venv/lib/python3.9/site-packages/airflow/example_dags/example_time_delta_sensor_async.py
[2023-02-24 11:05:18,411] {processor.py:651} INFO - DAG(s) dict_keys(['example_time_delta_sensor_async']) retrieved from /home/alura/Documents/Medalhas/venv/lib/python3.9/site-packages/airflow/example_dags/example_time_delta_sensor_async.py
[2023-02-24 11:05:18,422] {logging_mixin.py:115} INFO - [2023-02-24 11:05:18,422] {dag.py:2379} INFO - Sync 1 DAGs
[2023-02-24 11:05:18,433] {logging_mixin.py:115} INFO - [2023-02-24 11:05:18,433] {dag.py:2927} INFO - Setting next_dagrun for example_time_delta_sensor_async to None, run_after=None
[2023-02-24 11:05:18,441] {processor.py:161} INFO - Processing /home/alura/Documents/Medalhas/venv/lib/python3.9/site-packages/airflow/example_dags/example_time_delta_sensor_async.py took 0.035 seconds
