[2023-02-24 10:47:33,762] {processor.py:153} INFO - Started process (PID=6104) to work on /home/alura/Documents/Medalhas/venv/lib/python3.9/site-packages/airflow/example_dags/example_branch_operator_decorator.py
[2023-02-24 10:47:33,763] {processor.py:641} INFO - Processing file /home/alura/Documents/Medalhas/venv/lib/python3.9/site-packages/airflow/example_dags/example_branch_operator_decorator.py for tasks to queue
[2023-02-24 10:47:33,763] {logging_mixin.py:115} INFO - [2023-02-24 10:47:33,763] {dagbag.py:507} INFO - Filling up the DagBag from /home/alura/Documents/Medalhas/venv/lib/python3.9/site-packages/airflow/example_dags/example_branch_operator_decorator.py
[2023-02-24 10:47:33,773] {processor.py:651} INFO - DAG(s) dict_keys(['example_branch_python_operator_decorator']) retrieved from /home/alura/Documents/Medalhas/venv/lib/python3.9/site-packages/airflow/example_dags/example_branch_operator_decorator.py
[2023-02-24 10:47:33,810] {logging_mixin.py:115} INFO - [2023-02-24 10:47:33,810] {manager.py:508} INFO - Created Permission View: can delete on DAG:example_branch_python_operator_decorator
[2023-02-24 10:47:33,816] {logging_mixin.py:115} INFO - [2023-02-24 10:47:33,816] {manager.py:508} INFO - Created Permission View: can edit on DAG:example_branch_python_operator_decorator
[2023-02-24 10:47:33,824] {logging_mixin.py:115} INFO - [2023-02-24 10:47:33,824] {manager.py:508} INFO - Created Permission View: can read on DAG:example_branch_python_operator_decorator
[2023-02-24 10:47:33,825] {logging_mixin.py:115} INFO - [2023-02-24 10:47:33,825] {dag.py:2379} INFO - Sync 1 DAGs
[2023-02-24 10:47:33,829] {logging_mixin.py:115} INFO - [2023-02-24 10:47:33,828] {dag.py:2398} INFO - Creating ORM DAG for example_branch_python_operator_decorator
[2023-02-24 10:47:33,834] {logging_mixin.py:115} INFO - [2023-02-24 10:47:33,834] {dag.py:2927} INFO - Setting next_dagrun for example_branch_python_operator_decorator to 2023-02-23T00:00:00+00:00, run_after=2023-02-24T00:00:00+00:00
[2023-02-24 10:47:33,846] {processor.py:161} INFO - Processing /home/alura/Documents/Medalhas/venv/lib/python3.9/site-packages/airflow/example_dags/example_branch_operator_decorator.py took 0.085 seconds
[2023-02-24 10:48:07,435] {processor.py:153} INFO - Started process (PID=6346) to work on /home/alura/Documents/Medalhas/venv/lib/python3.9/site-packages/airflow/example_dags/example_branch_operator_decorator.py
[2023-02-24 10:48:07,436] {processor.py:641} INFO - Processing file /home/alura/Documents/Medalhas/venv/lib/python3.9/site-packages/airflow/example_dags/example_branch_operator_decorator.py for tasks to queue
[2023-02-24 10:48:07,436] {logging_mixin.py:115} INFO - [2023-02-24 10:48:07,436] {dagbag.py:507} INFO - Filling up the DagBag from /home/alura/Documents/Medalhas/venv/lib/python3.9/site-packages/airflow/example_dags/example_branch_operator_decorator.py
[2023-02-24 10:48:07,447] {processor.py:651} INFO - DAG(s) dict_keys(['example_branch_python_operator_decorator']) retrieved from /home/alura/Documents/Medalhas/venv/lib/python3.9/site-packages/airflow/example_dags/example_branch_operator_decorator.py
[2023-02-24 10:48:07,456] {logging_mixin.py:115} INFO - [2023-02-24 10:48:07,456] {dag.py:2379} INFO - Sync 1 DAGs
[2023-02-24 10:48:07,466] {logging_mixin.py:115} INFO - [2023-02-24 10:48:07,466] {dag.py:2927} INFO - Setting next_dagrun for example_branch_python_operator_decorator to 2023-02-23T00:00:00+00:00, run_after=2023-02-24T00:00:00+00:00
[2023-02-24 10:48:07,473] {processor.py:161} INFO - Processing /home/alura/Documents/Medalhas/venv/lib/python3.9/site-packages/airflow/example_dags/example_branch_operator_decorator.py took 0.040 seconds
[2023-02-24 10:48:41,049] {processor.py:153} INFO - Started process (PID=6720) to work on /home/alura/Documents/Medalhas/venv/lib/python3.9/site-packages/airflow/example_dags/example_branch_operator_decorator.py
[2023-02-24 10:48:41,049] {processor.py:641} INFO - Processing file /home/alura/Documents/Medalhas/venv/lib/python3.9/site-packages/airflow/example_dags/example_branch_operator_decorator.py for tasks to queue
[2023-02-24 10:48:41,050] {logging_mixin.py:115} INFO - [2023-02-24 10:48:41,050] {dagbag.py:507} INFO - Filling up the DagBag from /home/alura/Documents/Medalhas/venv/lib/python3.9/site-packages/airflow/example_dags/example_branch_operator_decorator.py
[2023-02-24 10:48:41,059] {processor.py:651} INFO - DAG(s) dict_keys(['example_branch_python_operator_decorator']) retrieved from /home/alura/Documents/Medalhas/venv/lib/python3.9/site-packages/airflow/example_dags/example_branch_operator_decorator.py
[2023-02-24 10:48:41,068] {logging_mixin.py:115} INFO - [2023-02-24 10:48:41,068] {dag.py:2379} INFO - Sync 1 DAGs
[2023-02-24 10:48:41,077] {logging_mixin.py:115} INFO - [2023-02-24 10:48:41,077] {dag.py:2927} INFO - Setting next_dagrun for example_branch_python_operator_decorator to 2023-02-23T00:00:00+00:00, run_after=2023-02-24T00:00:00+00:00
[2023-02-24 10:48:41,084] {processor.py:161} INFO - Processing /home/alura/Documents/Medalhas/venv/lib/python3.9/site-packages/airflow/example_dags/example_branch_operator_decorator.py took 0.036 seconds
[2023-02-24 10:49:14,086] {processor.py:153} INFO - Started process (PID=7263) to work on /home/alura/Documents/Medalhas/venv/lib/python3.9/site-packages/airflow/example_dags/example_branch_operator_decorator.py
[2023-02-24 10:49:14,086] {processor.py:641} INFO - Processing file /home/alura/Documents/Medalhas/venv/lib/python3.9/site-packages/airflow/example_dags/example_branch_operator_decorator.py for tasks to queue
[2023-02-24 10:49:14,087] {logging_mixin.py:115} INFO - [2023-02-24 10:49:14,087] {dagbag.py:507} INFO - Filling up the DagBag from /home/alura/Documents/Medalhas/venv/lib/python3.9/site-packages/airflow/example_dags/example_branch_operator_decorator.py
[2023-02-24 10:49:14,097] {processor.py:651} INFO - DAG(s) dict_keys(['example_branch_python_operator_decorator']) retrieved from /home/alura/Documents/Medalhas/venv/lib/python3.9/site-packages/airflow/example_dags/example_branch_operator_decorator.py
[2023-02-24 10:49:14,107] {logging_mixin.py:115} INFO - [2023-02-24 10:49:14,107] {dag.py:2379} INFO - Sync 1 DAGs
[2023-02-24 10:49:14,119] {logging_mixin.py:115} INFO - [2023-02-24 10:49:14,119] {dag.py:2927} INFO - Setting next_dagrun for example_branch_python_operator_decorator to 2023-02-23T00:00:00+00:00, run_after=2023-02-24T00:00:00+00:00
[2023-02-24 10:49:14,128] {processor.py:161} INFO - Processing /home/alura/Documents/Medalhas/venv/lib/python3.9/site-packages/airflow/example_dags/example_branch_operator_decorator.py took 0.043 seconds
[2023-02-24 10:49:50,869] {processor.py:153} INFO - Started process (PID=7473) to work on /home/alura/Documents/Medalhas/venv/lib/python3.9/site-packages/airflow/example_dags/example_branch_operator_decorator.py
[2023-02-24 10:49:50,870] {processor.py:641} INFO - Processing file /home/alura/Documents/Medalhas/venv/lib/python3.9/site-packages/airflow/example_dags/example_branch_operator_decorator.py for tasks to queue
[2023-02-24 10:49:50,870] {logging_mixin.py:115} INFO - [2023-02-24 10:49:50,870] {dagbag.py:507} INFO - Filling up the DagBag from /home/alura/Documents/Medalhas/venv/lib/python3.9/site-packages/airflow/example_dags/example_branch_operator_decorator.py
[2023-02-24 10:49:50,882] {processor.py:651} INFO - DAG(s) dict_keys(['example_branch_python_operator_decorator']) retrieved from /home/alura/Documents/Medalhas/venv/lib/python3.9/site-packages/airflow/example_dags/example_branch_operator_decorator.py
[2023-02-24 10:49:50,892] {logging_mixin.py:115} INFO - [2023-02-24 10:49:50,892] {dag.py:2379} INFO - Sync 1 DAGs
[2023-02-24 10:49:50,903] {logging_mixin.py:115} INFO - [2023-02-24 10:49:50,903] {dag.py:2927} INFO - Setting next_dagrun for example_branch_python_operator_decorator to 2023-02-23T00:00:00+00:00, run_after=2023-02-24T00:00:00+00:00
[2023-02-24 10:49:50,911] {processor.py:161} INFO - Processing /home/alura/Documents/Medalhas/venv/lib/python3.9/site-packages/airflow/example_dags/example_branch_operator_decorator.py took 0.044 seconds
[2023-02-24 10:50:24,702] {processor.py:153} INFO - Started process (PID=7651) to work on /home/alura/Documents/Medalhas/venv/lib/python3.9/site-packages/airflow/example_dags/example_branch_operator_decorator.py
[2023-02-24 10:50:24,702] {processor.py:641} INFO - Processing file /home/alura/Documents/Medalhas/venv/lib/python3.9/site-packages/airflow/example_dags/example_branch_operator_decorator.py for tasks to queue
[2023-02-24 10:50:24,703] {logging_mixin.py:115} INFO - [2023-02-24 10:50:24,703] {dagbag.py:507} INFO - Filling up the DagBag from /home/alura/Documents/Medalhas/venv/lib/python3.9/site-packages/airflow/example_dags/example_branch_operator_decorator.py
[2023-02-24 10:50:24,712] {processor.py:651} INFO - DAG(s) dict_keys(['example_branch_python_operator_decorator']) retrieved from /home/alura/Documents/Medalhas/venv/lib/python3.9/site-packages/airflow/example_dags/example_branch_operator_decorator.py
[2023-02-24 10:50:24,720] {logging_mixin.py:115} INFO - [2023-02-24 10:50:24,720] {dag.py:2379} INFO - Sync 1 DAGs
[2023-02-24 10:50:24,730] {logging_mixin.py:115} INFO - [2023-02-24 10:50:24,730] {dag.py:2927} INFO - Setting next_dagrun for example_branch_python_operator_decorator to 2023-02-23T00:00:00+00:00, run_after=2023-02-24T00:00:00+00:00
[2023-02-24 10:50:24,741] {processor.py:161} INFO - Processing /home/alura/Documents/Medalhas/venv/lib/python3.9/site-packages/airflow/example_dags/example_branch_operator_decorator.py took 0.041 seconds
[2023-02-24 10:50:59,495] {processor.py:153} INFO - Started process (PID=7835) to work on /home/alura/Documents/Medalhas/venv/lib/python3.9/site-packages/airflow/example_dags/example_branch_operator_decorator.py
[2023-02-24 10:50:59,496] {processor.py:641} INFO - Processing file /home/alura/Documents/Medalhas/venv/lib/python3.9/site-packages/airflow/example_dags/example_branch_operator_decorator.py for tasks to queue
[2023-02-24 10:50:59,496] {logging_mixin.py:115} INFO - [2023-02-24 10:50:59,496] {dagbag.py:507} INFO - Filling up the DagBag from /home/alura/Documents/Medalhas/venv/lib/python3.9/site-packages/airflow/example_dags/example_branch_operator_decorator.py
[2023-02-24 10:50:59,505] {processor.py:651} INFO - DAG(s) dict_keys(['example_branch_python_operator_decorator']) retrieved from /home/alura/Documents/Medalhas/venv/lib/python3.9/site-packages/airflow/example_dags/example_branch_operator_decorator.py
[2023-02-24 10:50:59,514] {logging_mixin.py:115} INFO - [2023-02-24 10:50:59,514] {dag.py:2379} INFO - Sync 1 DAGs
[2023-02-24 10:50:59,523] {logging_mixin.py:115} INFO - [2023-02-24 10:50:59,523] {dag.py:2927} INFO - Setting next_dagrun for example_branch_python_operator_decorator to 2023-02-23T00:00:00+00:00, run_after=2023-02-24T00:00:00+00:00
[2023-02-24 10:50:59,529] {processor.py:161} INFO - Processing /home/alura/Documents/Medalhas/venv/lib/python3.9/site-packages/airflow/example_dags/example_branch_operator_decorator.py took 0.036 seconds
[2023-02-24 10:51:33,651] {processor.py:153} INFO - Started process (PID=8014) to work on /home/alura/Documents/Medalhas/venv/lib/python3.9/site-packages/airflow/example_dags/example_branch_operator_decorator.py
[2023-02-24 10:51:33,651] {processor.py:641} INFO - Processing file /home/alura/Documents/Medalhas/venv/lib/python3.9/site-packages/airflow/example_dags/example_branch_operator_decorator.py for tasks to queue
[2023-02-24 10:51:33,651] {logging_mixin.py:115} INFO - [2023-02-24 10:51:33,651] {dagbag.py:507} INFO - Filling up the DagBag from /home/alura/Documents/Medalhas/venv/lib/python3.9/site-packages/airflow/example_dags/example_branch_operator_decorator.py
[2023-02-24 10:51:33,661] {processor.py:651} INFO - DAG(s) dict_keys(['example_branch_python_operator_decorator']) retrieved from /home/alura/Documents/Medalhas/venv/lib/python3.9/site-packages/airflow/example_dags/example_branch_operator_decorator.py
[2023-02-24 10:51:33,669] {logging_mixin.py:115} INFO - [2023-02-24 10:51:33,669] {dag.py:2379} INFO - Sync 1 DAGs
[2023-02-24 10:51:33,679] {logging_mixin.py:115} INFO - [2023-02-24 10:51:33,679] {dag.py:2927} INFO - Setting next_dagrun for example_branch_python_operator_decorator to 2023-02-23T00:00:00+00:00, run_after=2023-02-24T00:00:00+00:00
[2023-02-24 10:51:33,688] {processor.py:161} INFO - Processing /home/alura/Documents/Medalhas/venv/lib/python3.9/site-packages/airflow/example_dags/example_branch_operator_decorator.py took 0.039 seconds
[2023-02-24 10:52:07,147] {processor.py:153} INFO - Started process (PID=8188) to work on /home/alura/Documents/Medalhas/venv/lib/python3.9/site-packages/airflow/example_dags/example_branch_operator_decorator.py
[2023-02-24 10:52:07,147] {processor.py:641} INFO - Processing file /home/alura/Documents/Medalhas/venv/lib/python3.9/site-packages/airflow/example_dags/example_branch_operator_decorator.py for tasks to queue
[2023-02-24 10:52:07,148] {logging_mixin.py:115} INFO - [2023-02-24 10:52:07,148] {dagbag.py:507} INFO - Filling up the DagBag from /home/alura/Documents/Medalhas/venv/lib/python3.9/site-packages/airflow/example_dags/example_branch_operator_decorator.py
[2023-02-24 10:52:07,157] {processor.py:651} INFO - DAG(s) dict_keys(['example_branch_python_operator_decorator']) retrieved from /home/alura/Documents/Medalhas/venv/lib/python3.9/site-packages/airflow/example_dags/example_branch_operator_decorator.py
[2023-02-24 10:52:07,166] {logging_mixin.py:115} INFO - [2023-02-24 10:52:07,166] {dag.py:2379} INFO - Sync 1 DAGs
[2023-02-24 10:52:07,176] {logging_mixin.py:115} INFO - [2023-02-24 10:52:07,176] {dag.py:2927} INFO - Setting next_dagrun for example_branch_python_operator_decorator to 2023-02-23T00:00:00+00:00, run_after=2023-02-24T00:00:00+00:00
[2023-02-24 10:52:07,182] {processor.py:161} INFO - Processing /home/alura/Documents/Medalhas/venv/lib/python3.9/site-packages/airflow/example_dags/example_branch_operator_decorator.py took 0.037 seconds
[2023-02-24 10:52:43,153] {processor.py:153} INFO - Started process (PID=8371) to work on /home/alura/Documents/Medalhas/venv/lib/python3.9/site-packages/airflow/example_dags/example_branch_operator_decorator.py
[2023-02-24 10:52:43,153] {processor.py:641} INFO - Processing file /home/alura/Documents/Medalhas/venv/lib/python3.9/site-packages/airflow/example_dags/example_branch_operator_decorator.py for tasks to queue
[2023-02-24 10:52:43,154] {logging_mixin.py:115} INFO - [2023-02-24 10:52:43,154] {dagbag.py:507} INFO - Filling up the DagBag from /home/alura/Documents/Medalhas/venv/lib/python3.9/site-packages/airflow/example_dags/example_branch_operator_decorator.py
[2023-02-24 10:52:43,163] {processor.py:651} INFO - DAG(s) dict_keys(['example_branch_python_operator_decorator']) retrieved from /home/alura/Documents/Medalhas/venv/lib/python3.9/site-packages/airflow/example_dags/example_branch_operator_decorator.py
[2023-02-24 10:52:43,172] {logging_mixin.py:115} INFO - [2023-02-24 10:52:43,172] {dag.py:2379} INFO - Sync 1 DAGs
[2023-02-24 10:52:43,181] {logging_mixin.py:115} INFO - [2023-02-24 10:52:43,181] {dag.py:2927} INFO - Setting next_dagrun for example_branch_python_operator_decorator to 2023-02-23T00:00:00+00:00, run_after=2023-02-24T00:00:00+00:00
[2023-02-24 10:52:43,187] {processor.py:161} INFO - Processing /home/alura/Documents/Medalhas/venv/lib/python3.9/site-packages/airflow/example_dags/example_branch_operator_decorator.py took 0.036 seconds
[2023-02-24 10:53:15,068] {processor.py:153} INFO - Started process (PID=8531) to work on /home/alura/Documents/Medalhas/venv/lib/python3.9/site-packages/airflow/example_dags/example_branch_operator_decorator.py
[2023-02-24 10:53:15,069] {processor.py:641} INFO - Processing file /home/alura/Documents/Medalhas/venv/lib/python3.9/site-packages/airflow/example_dags/example_branch_operator_decorator.py for tasks to queue
[2023-02-24 10:53:15,069] {logging_mixin.py:115} INFO - [2023-02-24 10:53:15,069] {dagbag.py:507} INFO - Filling up the DagBag from /home/alura/Documents/Medalhas/venv/lib/python3.9/site-packages/airflow/example_dags/example_branch_operator_decorator.py
[2023-02-24 10:53:15,079] {processor.py:651} INFO - DAG(s) dict_keys(['example_branch_python_operator_decorator']) retrieved from /home/alura/Documents/Medalhas/venv/lib/python3.9/site-packages/airflow/example_dags/example_branch_operator_decorator.py
[2023-02-24 10:53:15,087] {logging_mixin.py:115} INFO - [2023-02-24 10:53:15,087] {dag.py:2379} INFO - Sync 1 DAGs
[2023-02-24 10:53:15,097] {logging_mixin.py:115} INFO - [2023-02-24 10:53:15,097] {dag.py:2927} INFO - Setting next_dagrun for example_branch_python_operator_decorator to 2023-02-23T00:00:00+00:00, run_after=2023-02-24T00:00:00+00:00
[2023-02-24 10:53:15,103] {processor.py:161} INFO - Processing /home/alura/Documents/Medalhas/venv/lib/python3.9/site-packages/airflow/example_dags/example_branch_operator_decorator.py took 0.036 seconds
[2023-02-24 10:53:48,097] {processor.py:153} INFO - Started process (PID=8695) to work on /home/alura/Documents/Medalhas/venv/lib/python3.9/site-packages/airflow/example_dags/example_branch_operator_decorator.py
[2023-02-24 10:53:48,097] {processor.py:641} INFO - Processing file /home/alura/Documents/Medalhas/venv/lib/python3.9/site-packages/airflow/example_dags/example_branch_operator_decorator.py for tasks to queue
[2023-02-24 10:53:48,098] {logging_mixin.py:115} INFO - [2023-02-24 10:53:48,098] {dagbag.py:507} INFO - Filling up the DagBag from /home/alura/Documents/Medalhas/venv/lib/python3.9/site-packages/airflow/example_dags/example_branch_operator_decorator.py
[2023-02-24 10:53:48,107] {processor.py:651} INFO - DAG(s) dict_keys(['example_branch_python_operator_decorator']) retrieved from /home/alura/Documents/Medalhas/venv/lib/python3.9/site-packages/airflow/example_dags/example_branch_operator_decorator.py
[2023-02-24 10:53:48,115] {logging_mixin.py:115} INFO - [2023-02-24 10:53:48,115] {dag.py:2379} INFO - Sync 1 DAGs
[2023-02-24 10:53:48,124] {logging_mixin.py:115} INFO - [2023-02-24 10:53:48,124] {dag.py:2927} INFO - Setting next_dagrun for example_branch_python_operator_decorator to 2023-02-23T00:00:00+00:00, run_after=2023-02-24T00:00:00+00:00
[2023-02-24 10:53:48,131] {processor.py:161} INFO - Processing /home/alura/Documents/Medalhas/venv/lib/python3.9/site-packages/airflow/example_dags/example_branch_operator_decorator.py took 0.036 seconds
[2023-02-24 10:54:22,046] {processor.py:153} INFO - Started process (PID=8957) to work on /home/alura/Documents/Medalhas/venv/lib/python3.9/site-packages/airflow/example_dags/example_branch_operator_decorator.py
[2023-02-24 10:54:22,047] {processor.py:641} INFO - Processing file /home/alura/Documents/Medalhas/venv/lib/python3.9/site-packages/airflow/example_dags/example_branch_operator_decorator.py for tasks to queue
[2023-02-24 10:54:22,047] {logging_mixin.py:115} INFO - [2023-02-24 10:54:22,047] {dagbag.py:507} INFO - Filling up the DagBag from /home/alura/Documents/Medalhas/venv/lib/python3.9/site-packages/airflow/example_dags/example_branch_operator_decorator.py
[2023-02-24 10:54:22,057] {processor.py:651} INFO - DAG(s) dict_keys(['example_branch_python_operator_decorator']) retrieved from /home/alura/Documents/Medalhas/venv/lib/python3.9/site-packages/airflow/example_dags/example_branch_operator_decorator.py
[2023-02-24 10:54:22,066] {logging_mixin.py:115} INFO - [2023-02-24 10:54:22,066] {dag.py:2379} INFO - Sync 1 DAGs
[2023-02-24 10:54:22,075] {logging_mixin.py:115} INFO - [2023-02-24 10:54:22,075] {dag.py:2927} INFO - Setting next_dagrun for example_branch_python_operator_decorator to 2023-02-23T00:00:00+00:00, run_after=2023-02-24T00:00:00+00:00
[2023-02-24 10:54:22,082] {processor.py:161} INFO - Processing /home/alura/Documents/Medalhas/venv/lib/python3.9/site-packages/airflow/example_dags/example_branch_operator_decorator.py took 0.038 seconds
[2023-02-24 10:54:58,755] {processor.py:153} INFO - Started process (PID=9140) to work on /home/alura/Documents/Medalhas/venv/lib/python3.9/site-packages/airflow/example_dags/example_branch_operator_decorator.py
[2023-02-24 10:54:58,756] {processor.py:641} INFO - Processing file /home/alura/Documents/Medalhas/venv/lib/python3.9/site-packages/airflow/example_dags/example_branch_operator_decorator.py for tasks to queue
[2023-02-24 10:54:58,756] {logging_mixin.py:115} INFO - [2023-02-24 10:54:58,756] {dagbag.py:507} INFO - Filling up the DagBag from /home/alura/Documents/Medalhas/venv/lib/python3.9/site-packages/airflow/example_dags/example_branch_operator_decorator.py
[2023-02-24 10:54:58,766] {processor.py:651} INFO - DAG(s) dict_keys(['example_branch_python_operator_decorator']) retrieved from /home/alura/Documents/Medalhas/venv/lib/python3.9/site-packages/airflow/example_dags/example_branch_operator_decorator.py
[2023-02-24 10:54:58,774] {logging_mixin.py:115} INFO - [2023-02-24 10:54:58,774] {dag.py:2379} INFO - Sync 1 DAGs
[2023-02-24 10:54:58,783] {logging_mixin.py:115} INFO - [2023-02-24 10:54:58,783] {dag.py:2927} INFO - Setting next_dagrun for example_branch_python_operator_decorator to 2023-02-23T00:00:00+00:00, run_after=2023-02-24T00:00:00+00:00
[2023-02-24 10:54:58,790] {processor.py:161} INFO - Processing /home/alura/Documents/Medalhas/venv/lib/python3.9/site-packages/airflow/example_dags/example_branch_operator_decorator.py took 0.036 seconds
[2023-02-24 10:55:31,294] {processor.py:153} INFO - Started process (PID=9311) to work on /home/alura/Documents/Medalhas/venv/lib/python3.9/site-packages/airflow/example_dags/example_branch_operator_decorator.py
[2023-02-24 10:55:31,295] {processor.py:641} INFO - Processing file /home/alura/Documents/Medalhas/venv/lib/python3.9/site-packages/airflow/example_dags/example_branch_operator_decorator.py for tasks to queue
[2023-02-24 10:55:31,295] {logging_mixin.py:115} INFO - [2023-02-24 10:55:31,295] {dagbag.py:507} INFO - Filling up the DagBag from /home/alura/Documents/Medalhas/venv/lib/python3.9/site-packages/airflow/example_dags/example_branch_operator_decorator.py
[2023-02-24 10:55:31,304] {processor.py:651} INFO - DAG(s) dict_keys(['example_branch_python_operator_decorator']) retrieved from /home/alura/Documents/Medalhas/venv/lib/python3.9/site-packages/airflow/example_dags/example_branch_operator_decorator.py
[2023-02-24 10:55:31,313] {logging_mixin.py:115} INFO - [2023-02-24 10:55:31,312] {dag.py:2379} INFO - Sync 1 DAGs
[2023-02-24 10:55:31,322] {logging_mixin.py:115} INFO - [2023-02-24 10:55:31,321] {dag.py:2927} INFO - Setting next_dagrun for example_branch_python_operator_decorator to 2023-02-23T00:00:00+00:00, run_after=2023-02-24T00:00:00+00:00
[2023-02-24 10:55:31,329] {processor.py:161} INFO - Processing /home/alura/Documents/Medalhas/venv/lib/python3.9/site-packages/airflow/example_dags/example_branch_operator_decorator.py took 0.036 seconds
[2023-02-24 10:56:08,939] {processor.py:153} INFO - Started process (PID=9505) to work on /home/alura/Documents/Medalhas/venv/lib/python3.9/site-packages/airflow/example_dags/example_branch_operator_decorator.py
[2023-02-24 10:56:08,940] {processor.py:641} INFO - Processing file /home/alura/Documents/Medalhas/venv/lib/python3.9/site-packages/airflow/example_dags/example_branch_operator_decorator.py for tasks to queue
[2023-02-24 10:56:08,940] {logging_mixin.py:115} INFO - [2023-02-24 10:56:08,940] {dagbag.py:507} INFO - Filling up the DagBag from /home/alura/Documents/Medalhas/venv/lib/python3.9/site-packages/airflow/example_dags/example_branch_operator_decorator.py
[2023-02-24 10:56:08,949] {processor.py:651} INFO - DAG(s) dict_keys(['example_branch_python_operator_decorator']) retrieved from /home/alura/Documents/Medalhas/venv/lib/python3.9/site-packages/airflow/example_dags/example_branch_operator_decorator.py
[2023-02-24 10:56:08,958] {logging_mixin.py:115} INFO - [2023-02-24 10:56:08,958] {dag.py:2379} INFO - Sync 1 DAGs
[2023-02-24 10:56:08,969] {logging_mixin.py:115} INFO - [2023-02-24 10:56:08,969] {dag.py:2927} INFO - Setting next_dagrun for example_branch_python_operator_decorator to 2023-02-23T00:00:00+00:00, run_after=2023-02-24T00:00:00+00:00
[2023-02-24 10:56:08,976] {processor.py:161} INFO - Processing /home/alura/Documents/Medalhas/venv/lib/python3.9/site-packages/airflow/example_dags/example_branch_operator_decorator.py took 0.038 seconds
[2023-02-24 10:56:41,342] {processor.py:153} INFO - Started process (PID=9672) to work on /home/alura/Documents/Medalhas/venv/lib/python3.9/site-packages/airflow/example_dags/example_branch_operator_decorator.py
[2023-02-24 10:56:41,343] {processor.py:641} INFO - Processing file /home/alura/Documents/Medalhas/venv/lib/python3.9/site-packages/airflow/example_dags/example_branch_operator_decorator.py for tasks to queue
[2023-02-24 10:56:41,343] {logging_mixin.py:115} INFO - [2023-02-24 10:56:41,343] {dagbag.py:507} INFO - Filling up the DagBag from /home/alura/Documents/Medalhas/venv/lib/python3.9/site-packages/airflow/example_dags/example_branch_operator_decorator.py
[2023-02-24 10:56:41,353] {processor.py:651} INFO - DAG(s) dict_keys(['example_branch_python_operator_decorator']) retrieved from /home/alura/Documents/Medalhas/venv/lib/python3.9/site-packages/airflow/example_dags/example_branch_operator_decorator.py
[2023-02-24 10:56:41,361] {logging_mixin.py:115} INFO - [2023-02-24 10:56:41,361] {dag.py:2379} INFO - Sync 1 DAGs
[2023-02-24 10:56:41,370] {logging_mixin.py:115} INFO - [2023-02-24 10:56:41,370] {dag.py:2927} INFO - Setting next_dagrun for example_branch_python_operator_decorator to 2023-02-23T00:00:00+00:00, run_after=2023-02-24T00:00:00+00:00
[2023-02-24 10:56:41,377] {processor.py:161} INFO - Processing /home/alura/Documents/Medalhas/venv/lib/python3.9/site-packages/airflow/example_dags/example_branch_operator_decorator.py took 0.036 seconds
[2023-02-24 10:57:15,013] {processor.py:153} INFO - Started process (PID=9845) to work on /home/alura/Documents/Medalhas/venv/lib/python3.9/site-packages/airflow/example_dags/example_branch_operator_decorator.py
[2023-02-24 10:57:15,014] {processor.py:641} INFO - Processing file /home/alura/Documents/Medalhas/venv/lib/python3.9/site-packages/airflow/example_dags/example_branch_operator_decorator.py for tasks to queue
[2023-02-24 10:57:15,014] {logging_mixin.py:115} INFO - [2023-02-24 10:57:15,014] {dagbag.py:507} INFO - Filling up the DagBag from /home/alura/Documents/Medalhas/venv/lib/python3.9/site-packages/airflow/example_dags/example_branch_operator_decorator.py
[2023-02-24 10:57:15,023] {processor.py:651} INFO - DAG(s) dict_keys(['example_branch_python_operator_decorator']) retrieved from /home/alura/Documents/Medalhas/venv/lib/python3.9/site-packages/airflow/example_dags/example_branch_operator_decorator.py
[2023-02-24 10:57:15,031] {logging_mixin.py:115} INFO - [2023-02-24 10:57:15,031] {dag.py:2379} INFO - Sync 1 DAGs
[2023-02-24 10:57:15,041] {logging_mixin.py:115} INFO - [2023-02-24 10:57:15,041] {dag.py:2927} INFO - Setting next_dagrun for example_branch_python_operator_decorator to 2023-02-23T00:00:00+00:00, run_after=2023-02-24T00:00:00+00:00
[2023-02-24 10:57:15,048] {processor.py:161} INFO - Processing /home/alura/Documents/Medalhas/venv/lib/python3.9/site-packages/airflow/example_dags/example_branch_operator_decorator.py took 0.036 seconds
[2023-02-24 10:57:49,180] {processor.py:153} INFO - Started process (PID=10027) to work on /home/alura/Documents/Medalhas/venv/lib/python3.9/site-packages/airflow/example_dags/example_branch_operator_decorator.py
[2023-02-24 10:57:49,180] {processor.py:641} INFO - Processing file /home/alura/Documents/Medalhas/venv/lib/python3.9/site-packages/airflow/example_dags/example_branch_operator_decorator.py for tasks to queue
[2023-02-24 10:57:49,181] {logging_mixin.py:115} INFO - [2023-02-24 10:57:49,180] {dagbag.py:507} INFO - Filling up the DagBag from /home/alura/Documents/Medalhas/venv/lib/python3.9/site-packages/airflow/example_dags/example_branch_operator_decorator.py
[2023-02-24 10:57:49,190] {processor.py:651} INFO - DAG(s) dict_keys(['example_branch_python_operator_decorator']) retrieved from /home/alura/Documents/Medalhas/venv/lib/python3.9/site-packages/airflow/example_dags/example_branch_operator_decorator.py
[2023-02-24 10:57:49,198] {logging_mixin.py:115} INFO - [2023-02-24 10:57:49,198] {dag.py:2379} INFO - Sync 1 DAGs
[2023-02-24 10:57:49,207] {logging_mixin.py:115} INFO - [2023-02-24 10:57:49,207] {dag.py:2927} INFO - Setting next_dagrun for example_branch_python_operator_decorator to 2023-02-23T00:00:00+00:00, run_after=2023-02-24T00:00:00+00:00
[2023-02-24 10:57:49,213] {processor.py:161} INFO - Processing /home/alura/Documents/Medalhas/venv/lib/python3.9/site-packages/airflow/example_dags/example_branch_operator_decorator.py took 0.035 seconds
[2023-02-24 10:58:23,690] {processor.py:153} INFO - Started process (PID=10204) to work on /home/alura/Documents/Medalhas/venv/lib/python3.9/site-packages/airflow/example_dags/example_branch_operator_decorator.py
[2023-02-24 10:58:23,691] {processor.py:641} INFO - Processing file /home/alura/Documents/Medalhas/venv/lib/python3.9/site-packages/airflow/example_dags/example_branch_operator_decorator.py for tasks to queue
[2023-02-24 10:58:23,691] {logging_mixin.py:115} INFO - [2023-02-24 10:58:23,691] {dagbag.py:507} INFO - Filling up the DagBag from /home/alura/Documents/Medalhas/venv/lib/python3.9/site-packages/airflow/example_dags/example_branch_operator_decorator.py
[2023-02-24 10:58:23,701] {processor.py:651} INFO - DAG(s) dict_keys(['example_branch_python_operator_decorator']) retrieved from /home/alura/Documents/Medalhas/venv/lib/python3.9/site-packages/airflow/example_dags/example_branch_operator_decorator.py
[2023-02-24 10:58:23,709] {logging_mixin.py:115} INFO - [2023-02-24 10:58:23,709] {dag.py:2379} INFO - Sync 1 DAGs
[2023-02-24 10:58:23,719] {logging_mixin.py:115} INFO - [2023-02-24 10:58:23,718] {dag.py:2927} INFO - Setting next_dagrun for example_branch_python_operator_decorator to 2023-02-23T00:00:00+00:00, run_after=2023-02-24T00:00:00+00:00
[2023-02-24 10:58:23,726] {processor.py:161} INFO - Processing /home/alura/Documents/Medalhas/venv/lib/python3.9/site-packages/airflow/example_dags/example_branch_operator_decorator.py took 0.037 seconds
[2023-02-24 10:58:59,835] {processor.py:153} INFO - Started process (PID=10392) to work on /home/alura/Documents/Medalhas/venv/lib/python3.9/site-packages/airflow/example_dags/example_branch_operator_decorator.py
[2023-02-24 10:58:59,836] {processor.py:641} INFO - Processing file /home/alura/Documents/Medalhas/venv/lib/python3.9/site-packages/airflow/example_dags/example_branch_operator_decorator.py for tasks to queue
[2023-02-24 10:58:59,836] {logging_mixin.py:115} INFO - [2023-02-24 10:58:59,836] {dagbag.py:507} INFO - Filling up the DagBag from /home/alura/Documents/Medalhas/venv/lib/python3.9/site-packages/airflow/example_dags/example_branch_operator_decorator.py
[2023-02-24 10:58:59,845] {processor.py:651} INFO - DAG(s) dict_keys(['example_branch_python_operator_decorator']) retrieved from /home/alura/Documents/Medalhas/venv/lib/python3.9/site-packages/airflow/example_dags/example_branch_operator_decorator.py
[2023-02-24 10:58:59,854] {logging_mixin.py:115} INFO - [2023-02-24 10:58:59,854] {dag.py:2379} INFO - Sync 1 DAGs
[2023-02-24 10:58:59,863] {logging_mixin.py:115} INFO - [2023-02-24 10:58:59,863] {dag.py:2927} INFO - Setting next_dagrun for example_branch_python_operator_decorator to 2023-02-23T00:00:00+00:00, run_after=2023-02-24T00:00:00+00:00
[2023-02-24 10:58:59,870] {processor.py:161} INFO - Processing /home/alura/Documents/Medalhas/venv/lib/python3.9/site-packages/airflow/example_dags/example_branch_operator_decorator.py took 0.036 seconds
[2023-02-24 10:59:32,243] {processor.py:153} INFO - Started process (PID=10559) to work on /home/alura/Documents/Medalhas/venv/lib/python3.9/site-packages/airflow/example_dags/example_branch_operator_decorator.py
[2023-02-24 10:59:32,243] {processor.py:641} INFO - Processing file /home/alura/Documents/Medalhas/venv/lib/python3.9/site-packages/airflow/example_dags/example_branch_operator_decorator.py for tasks to queue
[2023-02-24 10:59:32,244] {logging_mixin.py:115} INFO - [2023-02-24 10:59:32,244] {dagbag.py:507} INFO - Filling up the DagBag from /home/alura/Documents/Medalhas/venv/lib/python3.9/site-packages/airflow/example_dags/example_branch_operator_decorator.py
[2023-02-24 10:59:32,253] {processor.py:651} INFO - DAG(s) dict_keys(['example_branch_python_operator_decorator']) retrieved from /home/alura/Documents/Medalhas/venv/lib/python3.9/site-packages/airflow/example_dags/example_branch_operator_decorator.py
[2023-02-24 10:59:32,262] {logging_mixin.py:115} INFO - [2023-02-24 10:59:32,262] {dag.py:2379} INFO - Sync 1 DAGs
[2023-02-24 10:59:32,271] {logging_mixin.py:115} INFO - [2023-02-24 10:59:32,271] {dag.py:2927} INFO - Setting next_dagrun for example_branch_python_operator_decorator to 2023-02-23T00:00:00+00:00, run_after=2023-02-24T00:00:00+00:00
[2023-02-24 10:59:32,278] {processor.py:161} INFO - Processing /home/alura/Documents/Medalhas/venv/lib/python3.9/site-packages/airflow/example_dags/example_branch_operator_decorator.py took 0.037 seconds
[2023-02-24 11:00:04,211] {processor.py:153} INFO - Started process (PID=10726) to work on /home/alura/Documents/Medalhas/venv/lib/python3.9/site-packages/airflow/example_dags/example_branch_operator_decorator.py
[2023-02-24 11:00:04,211] {processor.py:641} INFO - Processing file /home/alura/Documents/Medalhas/venv/lib/python3.9/site-packages/airflow/example_dags/example_branch_operator_decorator.py for tasks to queue
[2023-02-24 11:00:04,212] {logging_mixin.py:115} INFO - [2023-02-24 11:00:04,212] {dagbag.py:507} INFO - Filling up the DagBag from /home/alura/Documents/Medalhas/venv/lib/python3.9/site-packages/airflow/example_dags/example_branch_operator_decorator.py
[2023-02-24 11:00:04,221] {processor.py:651} INFO - DAG(s) dict_keys(['example_branch_python_operator_decorator']) retrieved from /home/alura/Documents/Medalhas/venv/lib/python3.9/site-packages/airflow/example_dags/example_branch_operator_decorator.py
[2023-02-24 11:00:04,229] {logging_mixin.py:115} INFO - [2023-02-24 11:00:04,229] {dag.py:2379} INFO - Sync 1 DAGs
[2023-02-24 11:00:04,238] {logging_mixin.py:115} INFO - [2023-02-24 11:00:04,238] {dag.py:2927} INFO - Setting next_dagrun for example_branch_python_operator_decorator to 2023-02-23T00:00:00+00:00, run_after=2023-02-24T00:00:00+00:00
[2023-02-24 11:00:04,245] {processor.py:161} INFO - Processing /home/alura/Documents/Medalhas/venv/lib/python3.9/site-packages/airflow/example_dags/example_branch_operator_decorator.py took 0.036 seconds
[2023-02-24 11:00:39,861] {processor.py:153} INFO - Started process (PID=10922) to work on /home/alura/Documents/Medalhas/venv/lib/python3.9/site-packages/airflow/example_dags/example_branch_operator_decorator.py
[2023-02-24 11:00:39,861] {processor.py:641} INFO - Processing file /home/alura/Documents/Medalhas/venv/lib/python3.9/site-packages/airflow/example_dags/example_branch_operator_decorator.py for tasks to queue
[2023-02-24 11:00:39,862] {logging_mixin.py:115} INFO - [2023-02-24 11:00:39,862] {dagbag.py:507} INFO - Filling up the DagBag from /home/alura/Documents/Medalhas/venv/lib/python3.9/site-packages/airflow/example_dags/example_branch_operator_decorator.py
[2023-02-24 11:00:39,872] {processor.py:651} INFO - DAG(s) dict_keys(['example_branch_python_operator_decorator']) retrieved from /home/alura/Documents/Medalhas/venv/lib/python3.9/site-packages/airflow/example_dags/example_branch_operator_decorator.py
[2023-02-24 11:00:39,880] {logging_mixin.py:115} INFO - [2023-02-24 11:00:39,880] {dag.py:2379} INFO - Sync 1 DAGs
[2023-02-24 11:00:39,889] {logging_mixin.py:115} INFO - [2023-02-24 11:00:39,889] {dag.py:2927} INFO - Setting next_dagrun for example_branch_python_operator_decorator to 2023-02-23T00:00:00+00:00, run_after=2023-02-24T00:00:00+00:00
[2023-02-24 11:00:39,896] {processor.py:161} INFO - Processing /home/alura/Documents/Medalhas/venv/lib/python3.9/site-packages/airflow/example_dags/example_branch_operator_decorator.py took 0.037 seconds
[2023-02-24 11:01:15,902] {processor.py:153} INFO - Started process (PID=11118) to work on /home/alura/Documents/Medalhas/venv/lib/python3.9/site-packages/airflow/example_dags/example_branch_operator_decorator.py
[2023-02-24 11:01:15,903] {processor.py:641} INFO - Processing file /home/alura/Documents/Medalhas/venv/lib/python3.9/site-packages/airflow/example_dags/example_branch_operator_decorator.py for tasks to queue
[2023-02-24 11:01:15,903] {logging_mixin.py:115} INFO - [2023-02-24 11:01:15,903] {dagbag.py:507} INFO - Filling up the DagBag from /home/alura/Documents/Medalhas/venv/lib/python3.9/site-packages/airflow/example_dags/example_branch_operator_decorator.py
[2023-02-24 11:01:15,912] {processor.py:651} INFO - DAG(s) dict_keys(['example_branch_python_operator_decorator']) retrieved from /home/alura/Documents/Medalhas/venv/lib/python3.9/site-packages/airflow/example_dags/example_branch_operator_decorator.py
[2023-02-24 11:01:15,920] {logging_mixin.py:115} INFO - [2023-02-24 11:01:15,920] {dag.py:2379} INFO - Sync 1 DAGs
[2023-02-24 11:01:15,930] {logging_mixin.py:115} INFO - [2023-02-24 11:01:15,930] {dag.py:2927} INFO - Setting next_dagrun for example_branch_python_operator_decorator to 2023-02-23T00:00:00+00:00, run_after=2023-02-24T00:00:00+00:00
[2023-02-24 11:01:15,937] {processor.py:161} INFO - Processing /home/alura/Documents/Medalhas/venv/lib/python3.9/site-packages/airflow/example_dags/example_branch_operator_decorator.py took 0.036 seconds
[2023-02-24 11:01:48,881] {processor.py:153} INFO - Started process (PID=11290) to work on /home/alura/Documents/Medalhas/venv/lib/python3.9/site-packages/airflow/example_dags/example_branch_operator_decorator.py
[2023-02-24 11:01:48,882] {processor.py:641} INFO - Processing file /home/alura/Documents/Medalhas/venv/lib/python3.9/site-packages/airflow/example_dags/example_branch_operator_decorator.py for tasks to queue
[2023-02-24 11:01:48,882] {logging_mixin.py:115} INFO - [2023-02-24 11:01:48,882] {dagbag.py:507} INFO - Filling up the DagBag from /home/alura/Documents/Medalhas/venv/lib/python3.9/site-packages/airflow/example_dags/example_branch_operator_decorator.py
[2023-02-24 11:01:48,891] {processor.py:651} INFO - DAG(s) dict_keys(['example_branch_python_operator_decorator']) retrieved from /home/alura/Documents/Medalhas/venv/lib/python3.9/site-packages/airflow/example_dags/example_branch_operator_decorator.py
[2023-02-24 11:01:48,900] {logging_mixin.py:115} INFO - [2023-02-24 11:01:48,900] {dag.py:2379} INFO - Sync 1 DAGs
[2023-02-24 11:01:48,910] {logging_mixin.py:115} INFO - [2023-02-24 11:01:48,910] {dag.py:2927} INFO - Setting next_dagrun for example_branch_python_operator_decorator to 2023-02-23T00:00:00+00:00, run_after=2023-02-24T00:00:00+00:00
[2023-02-24 11:01:48,917] {processor.py:161} INFO - Processing /home/alura/Documents/Medalhas/venv/lib/python3.9/site-packages/airflow/example_dags/example_branch_operator_decorator.py took 0.037 seconds
[2023-02-24 11:02:25,306] {processor.py:153} INFO - Started process (PID=11477) to work on /home/alura/Documents/Medalhas/venv/lib/python3.9/site-packages/airflow/example_dags/example_branch_operator_decorator.py
[2023-02-24 11:02:25,307] {processor.py:641} INFO - Processing file /home/alura/Documents/Medalhas/venv/lib/python3.9/site-packages/airflow/example_dags/example_branch_operator_decorator.py for tasks to queue
[2023-02-24 11:02:25,307] {logging_mixin.py:115} INFO - [2023-02-24 11:02:25,307] {dagbag.py:507} INFO - Filling up the DagBag from /home/alura/Documents/Medalhas/venv/lib/python3.9/site-packages/airflow/example_dags/example_branch_operator_decorator.py
[2023-02-24 11:02:25,316] {processor.py:651} INFO - DAG(s) dict_keys(['example_branch_python_operator_decorator']) retrieved from /home/alura/Documents/Medalhas/venv/lib/python3.9/site-packages/airflow/example_dags/example_branch_operator_decorator.py
[2023-02-24 11:02:25,325] {logging_mixin.py:115} INFO - [2023-02-24 11:02:25,325] {dag.py:2379} INFO - Sync 1 DAGs
[2023-02-24 11:02:25,334] {logging_mixin.py:115} INFO - [2023-02-24 11:02:25,334] {dag.py:2927} INFO - Setting next_dagrun for example_branch_python_operator_decorator to 2023-02-23T00:00:00+00:00, run_after=2023-02-24T00:00:00+00:00
[2023-02-24 11:02:25,341] {processor.py:161} INFO - Processing /home/alura/Documents/Medalhas/venv/lib/python3.9/site-packages/airflow/example_dags/example_branch_operator_decorator.py took 0.036 seconds
[2023-02-24 11:02:57,297] {processor.py:153} INFO - Started process (PID=11648) to work on /home/alura/Documents/Medalhas/venv/lib/python3.9/site-packages/airflow/example_dags/example_branch_operator_decorator.py
[2023-02-24 11:02:57,297] {processor.py:641} INFO - Processing file /home/alura/Documents/Medalhas/venv/lib/python3.9/site-packages/airflow/example_dags/example_branch_operator_decorator.py for tasks to queue
[2023-02-24 11:02:57,298] {logging_mixin.py:115} INFO - [2023-02-24 11:02:57,298] {dagbag.py:507} INFO - Filling up the DagBag from /home/alura/Documents/Medalhas/venv/lib/python3.9/site-packages/airflow/example_dags/example_branch_operator_decorator.py
[2023-02-24 11:02:57,307] {processor.py:651} INFO - DAG(s) dict_keys(['example_branch_python_operator_decorator']) retrieved from /home/alura/Documents/Medalhas/venv/lib/python3.9/site-packages/airflow/example_dags/example_branch_operator_decorator.py
[2023-02-24 11:02:57,316] {logging_mixin.py:115} INFO - [2023-02-24 11:02:57,316] {dag.py:2379} INFO - Sync 1 DAGs
[2023-02-24 11:02:57,325] {logging_mixin.py:115} INFO - [2023-02-24 11:02:57,325] {dag.py:2927} INFO - Setting next_dagrun for example_branch_python_operator_decorator to 2023-02-23T00:00:00+00:00, run_after=2023-02-24T00:00:00+00:00
[2023-02-24 11:02:57,333] {processor.py:161} INFO - Processing /home/alura/Documents/Medalhas/venv/lib/python3.9/site-packages/airflow/example_dags/example_branch_operator_decorator.py took 0.038 seconds
[2023-02-24 11:03:37,186] {processor.py:153} INFO - Started process (PID=11866) to work on /home/alura/Documents/Medalhas/venv/lib/python3.9/site-packages/airflow/example_dags/example_branch_operator_decorator.py
[2023-02-24 11:03:37,187] {processor.py:641} INFO - Processing file /home/alura/Documents/Medalhas/venv/lib/python3.9/site-packages/airflow/example_dags/example_branch_operator_decorator.py for tasks to queue
[2023-02-24 11:03:37,187] {logging_mixin.py:115} INFO - [2023-02-24 11:03:37,187] {dagbag.py:507} INFO - Filling up the DagBag from /home/alura/Documents/Medalhas/venv/lib/python3.9/site-packages/airflow/example_dags/example_branch_operator_decorator.py
[2023-02-24 11:03:37,196] {processor.py:651} INFO - DAG(s) dict_keys(['example_branch_python_operator_decorator']) retrieved from /home/alura/Documents/Medalhas/venv/lib/python3.9/site-packages/airflow/example_dags/example_branch_operator_decorator.py
[2023-02-24 11:03:37,204] {logging_mixin.py:115} INFO - [2023-02-24 11:03:37,204] {dag.py:2379} INFO - Sync 1 DAGs
[2023-02-24 11:03:37,214] {logging_mixin.py:115} INFO - [2023-02-24 11:03:37,214] {dag.py:2927} INFO - Setting next_dagrun for example_branch_python_operator_decorator to 2023-02-23T00:00:00+00:00, run_after=2023-02-24T00:00:00+00:00
[2023-02-24 11:03:37,220] {processor.py:161} INFO - Processing /home/alura/Documents/Medalhas/venv/lib/python3.9/site-packages/airflow/example_dags/example_branch_operator_decorator.py took 0.035 seconds
[2023-02-24 11:04:11,398] {processor.py:153} INFO - Started process (PID=12118) to work on /home/alura/Documents/Medalhas/venv/lib/python3.9/site-packages/airflow/example_dags/example_branch_operator_decorator.py
[2023-02-24 11:04:11,399] {processor.py:641} INFO - Processing file /home/alura/Documents/Medalhas/venv/lib/python3.9/site-packages/airflow/example_dags/example_branch_operator_decorator.py for tasks to queue
[2023-02-24 11:04:11,399] {logging_mixin.py:115} INFO - [2023-02-24 11:04:11,399] {dagbag.py:507} INFO - Filling up the DagBag from /home/alura/Documents/Medalhas/venv/lib/python3.9/site-packages/airflow/example_dags/example_branch_operator_decorator.py
[2023-02-24 11:04:11,409] {processor.py:651} INFO - DAG(s) dict_keys(['example_branch_python_operator_decorator']) retrieved from /home/alura/Documents/Medalhas/venv/lib/python3.9/site-packages/airflow/example_dags/example_branch_operator_decorator.py
[2023-02-24 11:04:11,417] {logging_mixin.py:115} INFO - [2023-02-24 11:04:11,417] {dag.py:2379} INFO - Sync 1 DAGs
[2023-02-24 11:04:11,430] {logging_mixin.py:115} INFO - [2023-02-24 11:04:11,430] {dag.py:2927} INFO - Setting next_dagrun for example_branch_python_operator_decorator to 2023-02-23T00:00:00+00:00, run_after=2023-02-24T00:00:00+00:00
[2023-02-24 11:04:11,437] {processor.py:161} INFO - Processing /home/alura/Documents/Medalhas/venv/lib/python3.9/site-packages/airflow/example_dags/example_branch_operator_decorator.py took 0.040 seconds
[2023-02-24 11:04:51,295] {processor.py:153} INFO - Started process (PID=12354) to work on /home/alura/Documents/Medalhas/venv/lib/python3.9/site-packages/airflow/example_dags/example_branch_operator_decorator.py
[2023-02-24 11:04:51,295] {processor.py:641} INFO - Processing file /home/alura/Documents/Medalhas/venv/lib/python3.9/site-packages/airflow/example_dags/example_branch_operator_decorator.py for tasks to queue
[2023-02-24 11:04:51,296] {logging_mixin.py:115} INFO - [2023-02-24 11:04:51,296] {dagbag.py:507} INFO - Filling up the DagBag from /home/alura/Documents/Medalhas/venv/lib/python3.9/site-packages/airflow/example_dags/example_branch_operator_decorator.py
[2023-02-24 11:04:51,305] {processor.py:651} INFO - DAG(s) dict_keys(['example_branch_python_operator_decorator']) retrieved from /home/alura/Documents/Medalhas/venv/lib/python3.9/site-packages/airflow/example_dags/example_branch_operator_decorator.py
[2023-02-24 11:04:51,314] {logging_mixin.py:115} INFO - [2023-02-24 11:04:51,314] {dag.py:2379} INFO - Sync 1 DAGs
[2023-02-24 11:04:51,324] {logging_mixin.py:115} INFO - [2023-02-24 11:04:51,324] {dag.py:2927} INFO - Setting next_dagrun for example_branch_python_operator_decorator to 2023-02-23T00:00:00+00:00, run_after=2023-02-24T00:00:00+00:00
[2023-02-24 11:04:51,331] {processor.py:161} INFO - Processing /home/alura/Documents/Medalhas/venv/lib/python3.9/site-packages/airflow/example_dags/example_branch_operator_decorator.py took 0.038 seconds
[2023-02-24 11:05:26,075] {processor.py:153} INFO - Started process (PID=12564) to work on /home/alura/Documents/Medalhas/venv/lib/python3.9/site-packages/airflow/example_dags/example_branch_operator_decorator.py
[2023-02-24 11:05:26,076] {processor.py:641} INFO - Processing file /home/alura/Documents/Medalhas/venv/lib/python3.9/site-packages/airflow/example_dags/example_branch_operator_decorator.py for tasks to queue
[2023-02-24 11:05:26,076] {logging_mixin.py:115} INFO - [2023-02-24 11:05:26,076] {dagbag.py:507} INFO - Filling up the DagBag from /home/alura/Documents/Medalhas/venv/lib/python3.9/site-packages/airflow/example_dags/example_branch_operator_decorator.py
[2023-02-24 11:05:26,085] {processor.py:651} INFO - DAG(s) dict_keys(['example_branch_python_operator_decorator']) retrieved from /home/alura/Documents/Medalhas/venv/lib/python3.9/site-packages/airflow/example_dags/example_branch_operator_decorator.py
[2023-02-24 11:05:26,094] {logging_mixin.py:115} INFO - [2023-02-24 11:05:26,093] {dag.py:2379} INFO - Sync 1 DAGs
[2023-02-24 11:05:26,105] {logging_mixin.py:115} INFO - [2023-02-24 11:05:26,105] {dag.py:2927} INFO - Setting next_dagrun for example_branch_python_operator_decorator to 2023-02-23T00:00:00+00:00, run_after=2023-02-24T00:00:00+00:00
[2023-02-24 11:05:26,111] {processor.py:161} INFO - Processing /home/alura/Documents/Medalhas/venv/lib/python3.9/site-packages/airflow/example_dags/example_branch_operator_decorator.py took 0.038 seconds
