[2023-02-24 10:47:20,076] {processor.py:153} INFO - Started process (PID=5851) to work on /home/alura/Documents/Medalhas/venv/lib/python3.9/site-packages/airflow/example_dags/example_sla_dag.py
[2023-02-24 10:47:20,079] {processor.py:641} INFO - Processing file /home/alura/Documents/Medalhas/venv/lib/python3.9/site-packages/airflow/example_dags/example_sla_dag.py for tasks to queue
[2023-02-24 10:47:20,082] {logging_mixin.py:115} INFO - [2023-02-24 10:47:20,082] {dagbag.py:507} INFO - Filling up the DagBag from /home/alura/Documents/Medalhas/venv/lib/python3.9/site-packages/airflow/example_dags/example_sla_dag.py
[2023-02-24 10:47:20,163] {processor.py:651} INFO - DAG(s) dict_keys(['example_sla_dag']) retrieved from /home/alura/Documents/Medalhas/venv/lib/python3.9/site-packages/airflow/example_dags/example_sla_dag.py
[2023-02-24 10:47:20,337] {logging_mixin.py:115} INFO - [2023-02-24 10:47:20,337] {manager.py:508} INFO - Created Permission View: can delete on DAG:example_sla_dag
[2023-02-24 10:47:20,347] {logging_mixin.py:115} INFO - [2023-02-24 10:47:20,347] {manager.py:508} INFO - Created Permission View: can edit on DAG:example_sla_dag
[2023-02-24 10:47:20,355] {logging_mixin.py:115} INFO - [2023-02-24 10:47:20,355] {manager.py:508} INFO - Created Permission View: can read on DAG:example_sla_dag
[2023-02-24 10:47:20,355] {logging_mixin.py:115} INFO - [2023-02-24 10:47:20,355] {dag.py:2379} INFO - Sync 1 DAGs
[2023-02-24 10:47:20,373] {logging_mixin.py:115} INFO - [2023-02-24 10:47:20,373] {dag.py:2398} INFO - Creating ORM DAG for example_sla_dag
[2023-02-24 10:47:20,395] {logging_mixin.py:115} INFO - [2023-02-24 10:47:20,395] {dag.py:2927} INFO - Setting next_dagrun for example_sla_dag to 2023-02-24T18:44:00+00:00, run_after=2023-02-24T18:46:00+00:00
[2023-02-24 10:47:20,414] {processor.py:161} INFO - Processing /home/alura/Documents/Medalhas/venv/lib/python3.9/site-packages/airflow/example_dags/example_sla_dag.py took 0.358 seconds
[2023-02-24 10:47:56,050] {processor.py:153} INFO - Started process (PID=6264) to work on /home/alura/Documents/Medalhas/venv/lib/python3.9/site-packages/airflow/example_dags/example_sla_dag.py
[2023-02-24 10:47:56,051] {processor.py:641} INFO - Processing file /home/alura/Documents/Medalhas/venv/lib/python3.9/site-packages/airflow/example_dags/example_sla_dag.py for tasks to queue
[2023-02-24 10:47:56,051] {logging_mixin.py:115} INFO - [2023-02-24 10:47:56,051] {dagbag.py:507} INFO - Filling up the DagBag from /home/alura/Documents/Medalhas/venv/lib/python3.9/site-packages/airflow/example_dags/example_sla_dag.py
[2023-02-24 10:47:56,061] {processor.py:651} INFO - DAG(s) dict_keys(['example_sla_dag']) retrieved from /home/alura/Documents/Medalhas/venv/lib/python3.9/site-packages/airflow/example_dags/example_sla_dag.py
[2023-02-24 10:47:56,071] {logging_mixin.py:115} INFO - [2023-02-24 10:47:56,070] {dag.py:2379} INFO - Sync 1 DAGs
[2023-02-24 10:47:56,083] {logging_mixin.py:115} INFO - [2023-02-24 10:47:56,083] {dag.py:2927} INFO - Setting next_dagrun for example_sla_dag to 2023-02-24T18:44:00+00:00, run_after=2023-02-24T18:46:00+00:00
[2023-02-24 10:47:56,090] {processor.py:161} INFO - Processing /home/alura/Documents/Medalhas/venv/lib/python3.9/site-packages/airflow/example_dags/example_sla_dag.py took 0.041 seconds
[2023-02-24 10:48:30,163] {processor.py:153} INFO - Started process (PID=6595) to work on /home/alura/Documents/Medalhas/venv/lib/python3.9/site-packages/airflow/example_dags/example_sla_dag.py
[2023-02-24 10:48:30,164] {processor.py:641} INFO - Processing file /home/alura/Documents/Medalhas/venv/lib/python3.9/site-packages/airflow/example_dags/example_sla_dag.py for tasks to queue
[2023-02-24 10:48:30,164] {logging_mixin.py:115} INFO - [2023-02-24 10:48:30,164] {dagbag.py:507} INFO - Filling up the DagBag from /home/alura/Documents/Medalhas/venv/lib/python3.9/site-packages/airflow/example_dags/example_sla_dag.py
[2023-02-24 10:48:30,173] {processor.py:651} INFO - DAG(s) dict_keys(['example_sla_dag']) retrieved from /home/alura/Documents/Medalhas/venv/lib/python3.9/site-packages/airflow/example_dags/example_sla_dag.py
[2023-02-24 10:48:30,181] {logging_mixin.py:115} INFO - [2023-02-24 10:48:30,181] {dag.py:2379} INFO - Sync 1 DAGs
[2023-02-24 10:48:30,193] {logging_mixin.py:115} INFO - [2023-02-24 10:48:30,192] {dag.py:2927} INFO - Setting next_dagrun for example_sla_dag to 2023-02-24T18:46:00+00:00, run_after=2023-02-24T18:48:00+00:00
[2023-02-24 10:48:30,199] {processor.py:161} INFO - Processing /home/alura/Documents/Medalhas/venv/lib/python3.9/site-packages/airflow/example_dags/example_sla_dag.py took 0.038 seconds
[2023-02-24 10:49:02,702] {processor.py:153} INFO - Started process (PID=6963) to work on /home/alura/Documents/Medalhas/venv/lib/python3.9/site-packages/airflow/example_dags/example_sla_dag.py
[2023-02-24 10:49:02,703] {processor.py:641} INFO - Processing file /home/alura/Documents/Medalhas/venv/lib/python3.9/site-packages/airflow/example_dags/example_sla_dag.py for tasks to queue
[2023-02-24 10:49:02,703] {logging_mixin.py:115} INFO - [2023-02-24 10:49:02,703] {dagbag.py:507} INFO - Filling up the DagBag from /home/alura/Documents/Medalhas/venv/lib/python3.9/site-packages/airflow/example_dags/example_sla_dag.py
[2023-02-24 10:49:02,713] {processor.py:651} INFO - DAG(s) dict_keys(['example_sla_dag']) retrieved from /home/alura/Documents/Medalhas/venv/lib/python3.9/site-packages/airflow/example_dags/example_sla_dag.py
[2023-02-24 10:49:02,726] {logging_mixin.py:115} INFO - [2023-02-24 10:49:02,726] {dag.py:2379} INFO - Sync 1 DAGs
[2023-02-24 10:49:02,737] {logging_mixin.py:115} INFO - [2023-02-24 10:49:02,737] {dag.py:2927} INFO - Setting next_dagrun for example_sla_dag to 2023-02-24T18:46:00+00:00, run_after=2023-02-24T18:48:00+00:00
[2023-02-24 10:49:02,744] {processor.py:161} INFO - Processing /home/alura/Documents/Medalhas/venv/lib/python3.9/site-packages/airflow/example_dags/example_sla_dag.py took 0.044 seconds
[2023-02-24 10:49:36,544] {processor.py:153} INFO - Started process (PID=7399) to work on /home/alura/Documents/Medalhas/venv/lib/python3.9/site-packages/airflow/example_dags/example_sla_dag.py
[2023-02-24 10:49:36,545] {processor.py:641} INFO - Processing file /home/alura/Documents/Medalhas/venv/lib/python3.9/site-packages/airflow/example_dags/example_sla_dag.py for tasks to queue
[2023-02-24 10:49:36,545] {logging_mixin.py:115} INFO - [2023-02-24 10:49:36,545] {dagbag.py:507} INFO - Filling up the DagBag from /home/alura/Documents/Medalhas/venv/lib/python3.9/site-packages/airflow/example_dags/example_sla_dag.py
[2023-02-24 10:49:36,554] {processor.py:651} INFO - DAG(s) dict_keys(['example_sla_dag']) retrieved from /home/alura/Documents/Medalhas/venv/lib/python3.9/site-packages/airflow/example_dags/example_sla_dag.py
[2023-02-24 10:49:36,561] {logging_mixin.py:115} INFO - [2023-02-24 10:49:36,561] {dag.py:2379} INFO - Sync 1 DAGs
[2023-02-24 10:49:36,572] {logging_mixin.py:115} INFO - [2023-02-24 10:49:36,572] {dag.py:2927} INFO - Setting next_dagrun for example_sla_dag to 2023-02-24T18:46:00+00:00, run_after=2023-02-24T18:48:00+00:00
[2023-02-24 10:49:36,578] {processor.py:161} INFO - Processing /home/alura/Documents/Medalhas/venv/lib/python3.9/site-packages/airflow/example_dags/example_sla_dag.py took 0.035 seconds
[2023-02-24 10:50:11,561] {processor.py:153} INFO - Started process (PID=7580) to work on /home/alura/Documents/Medalhas/venv/lib/python3.9/site-packages/airflow/example_dags/example_sla_dag.py
[2023-02-24 10:50:11,561] {processor.py:641} INFO - Processing file /home/alura/Documents/Medalhas/venv/lib/python3.9/site-packages/airflow/example_dags/example_sla_dag.py for tasks to queue
[2023-02-24 10:50:11,561] {logging_mixin.py:115} INFO - [2023-02-24 10:50:11,561] {dagbag.py:507} INFO - Filling up the DagBag from /home/alura/Documents/Medalhas/venv/lib/python3.9/site-packages/airflow/example_dags/example_sla_dag.py
[2023-02-24 10:50:11,570] {processor.py:651} INFO - DAG(s) dict_keys(['example_sla_dag']) retrieved from /home/alura/Documents/Medalhas/venv/lib/python3.9/site-packages/airflow/example_dags/example_sla_dag.py
[2023-02-24 10:50:11,579] {logging_mixin.py:115} INFO - [2023-02-24 10:50:11,579] {dag.py:2379} INFO - Sync 1 DAGs
[2023-02-24 10:50:11,589] {logging_mixin.py:115} INFO - [2023-02-24 10:50:11,589] {dag.py:2927} INFO - Setting next_dagrun for example_sla_dag to 2023-02-24T18:48:00+00:00, run_after=2023-02-24T18:50:00+00:00
[2023-02-24 10:50:11,596] {processor.py:161} INFO - Processing /home/alura/Documents/Medalhas/venv/lib/python3.9/site-packages/airflow/example_dags/example_sla_dag.py took 0.037 seconds
[2023-02-24 10:50:43,473] {processor.py:153} INFO - Started process (PID=7752) to work on /home/alura/Documents/Medalhas/venv/lib/python3.9/site-packages/airflow/example_dags/example_sla_dag.py
[2023-02-24 10:50:43,474] {processor.py:641} INFO - Processing file /home/alura/Documents/Medalhas/venv/lib/python3.9/site-packages/airflow/example_dags/example_sla_dag.py for tasks to queue
[2023-02-24 10:50:43,474] {logging_mixin.py:115} INFO - [2023-02-24 10:50:43,474] {dagbag.py:507} INFO - Filling up the DagBag from /home/alura/Documents/Medalhas/venv/lib/python3.9/site-packages/airflow/example_dags/example_sla_dag.py
[2023-02-24 10:50:43,483] {processor.py:651} INFO - DAG(s) dict_keys(['example_sla_dag']) retrieved from /home/alura/Documents/Medalhas/venv/lib/python3.9/site-packages/airflow/example_dags/example_sla_dag.py
[2023-02-24 10:50:43,492] {logging_mixin.py:115} INFO - [2023-02-24 10:50:43,491] {dag.py:2379} INFO - Sync 1 DAGs
[2023-02-24 10:50:43,501] {logging_mixin.py:115} INFO - [2023-02-24 10:50:43,501] {dag.py:2927} INFO - Setting next_dagrun for example_sla_dag to 2023-02-24T18:48:00+00:00, run_after=2023-02-24T18:50:00+00:00
[2023-02-24 10:50:43,508] {processor.py:161} INFO - Processing /home/alura/Documents/Medalhas/venv/lib/python3.9/site-packages/airflow/example_dags/example_sla_dag.py took 0.036 seconds
[2023-02-24 10:51:18,888] {processor.py:153} INFO - Started process (PID=7935) to work on /home/alura/Documents/Medalhas/venv/lib/python3.9/site-packages/airflow/example_dags/example_sla_dag.py
[2023-02-24 10:51:18,889] {processor.py:641} INFO - Processing file /home/alura/Documents/Medalhas/venv/lib/python3.9/site-packages/airflow/example_dags/example_sla_dag.py for tasks to queue
[2023-02-24 10:51:18,889] {logging_mixin.py:115} INFO - [2023-02-24 10:51:18,889] {dagbag.py:507} INFO - Filling up the DagBag from /home/alura/Documents/Medalhas/venv/lib/python3.9/site-packages/airflow/example_dags/example_sla_dag.py
[2023-02-24 10:51:18,898] {processor.py:651} INFO - DAG(s) dict_keys(['example_sla_dag']) retrieved from /home/alura/Documents/Medalhas/venv/lib/python3.9/site-packages/airflow/example_dags/example_sla_dag.py
[2023-02-24 10:51:18,906] {logging_mixin.py:115} INFO - [2023-02-24 10:51:18,906] {dag.py:2379} INFO - Sync 1 DAGs
[2023-02-24 10:51:18,916] {logging_mixin.py:115} INFO - [2023-02-24 10:51:18,916] {dag.py:2927} INFO - Setting next_dagrun for example_sla_dag to 2023-02-24T18:48:00+00:00, run_after=2023-02-24T18:50:00+00:00
[2023-02-24 10:51:18,922] {processor.py:161} INFO - Processing /home/alura/Documents/Medalhas/venv/lib/python3.9/site-packages/airflow/example_dags/example_sla_dag.py took 0.035 seconds
[2023-02-24 10:51:50,389] {processor.py:153} INFO - Started process (PID=8104) to work on /home/alura/Documents/Medalhas/venv/lib/python3.9/site-packages/airflow/example_dags/example_sla_dag.py
[2023-02-24 10:51:50,389] {processor.py:641} INFO - Processing file /home/alura/Documents/Medalhas/venv/lib/python3.9/site-packages/airflow/example_dags/example_sla_dag.py for tasks to queue
[2023-02-24 10:51:50,390] {logging_mixin.py:115} INFO - [2023-02-24 10:51:50,390] {dagbag.py:507} INFO - Filling up the DagBag from /home/alura/Documents/Medalhas/venv/lib/python3.9/site-packages/airflow/example_dags/example_sla_dag.py
[2023-02-24 10:51:50,402] {processor.py:651} INFO - DAG(s) dict_keys(['example_sla_dag']) retrieved from /home/alura/Documents/Medalhas/venv/lib/python3.9/site-packages/airflow/example_dags/example_sla_dag.py
[2023-02-24 10:51:50,410] {logging_mixin.py:115} INFO - [2023-02-24 10:51:50,410] {dag.py:2379} INFO - Sync 1 DAGs
[2023-02-24 10:51:50,421] {logging_mixin.py:115} INFO - [2023-02-24 10:51:50,421] {dag.py:2927} INFO - Setting next_dagrun for example_sla_dag to 2023-02-24T18:48:00+00:00, run_after=2023-02-24T18:50:00+00:00
[2023-02-24 10:51:50,427] {processor.py:161} INFO - Processing /home/alura/Documents/Medalhas/venv/lib/python3.9/site-packages/airflow/example_dags/example_sla_dag.py took 0.040 seconds
[2023-02-24 10:52:23,799] {processor.py:153} INFO - Started process (PID=8271) to work on /home/alura/Documents/Medalhas/venv/lib/python3.9/site-packages/airflow/example_dags/example_sla_dag.py
[2023-02-24 10:52:23,799] {processor.py:641} INFO - Processing file /home/alura/Documents/Medalhas/venv/lib/python3.9/site-packages/airflow/example_dags/example_sla_dag.py for tasks to queue
[2023-02-24 10:52:23,800] {logging_mixin.py:115} INFO - [2023-02-24 10:52:23,800] {dagbag.py:507} INFO - Filling up the DagBag from /home/alura/Documents/Medalhas/venv/lib/python3.9/site-packages/airflow/example_dags/example_sla_dag.py
[2023-02-24 10:52:23,809] {processor.py:651} INFO - DAG(s) dict_keys(['example_sla_dag']) retrieved from /home/alura/Documents/Medalhas/venv/lib/python3.9/site-packages/airflow/example_dags/example_sla_dag.py
[2023-02-24 10:52:23,816] {logging_mixin.py:115} INFO - [2023-02-24 10:52:23,816] {dag.py:2379} INFO - Sync 1 DAGs
[2023-02-24 10:52:23,827] {logging_mixin.py:115} INFO - [2023-02-24 10:52:23,826] {dag.py:2927} INFO - Setting next_dagrun for example_sla_dag to 2023-02-24T18:50:00+00:00, run_after=2023-02-24T18:52:00+00:00
[2023-02-24 10:52:23,833] {processor.py:161} INFO - Processing /home/alura/Documents/Medalhas/venv/lib/python3.9/site-packages/airflow/example_dags/example_sla_dag.py took 0.036 seconds
[2023-02-24 10:52:57,421] {processor.py:153} INFO - Started process (PID=8444) to work on /home/alura/Documents/Medalhas/venv/lib/python3.9/site-packages/airflow/example_dags/example_sla_dag.py
[2023-02-24 10:52:57,423] {processor.py:641} INFO - Processing file /home/alura/Documents/Medalhas/venv/lib/python3.9/site-packages/airflow/example_dags/example_sla_dag.py for tasks to queue
[2023-02-24 10:52:57,423] {logging_mixin.py:115} INFO - [2023-02-24 10:52:57,423] {dagbag.py:507} INFO - Filling up the DagBag from /home/alura/Documents/Medalhas/venv/lib/python3.9/site-packages/airflow/example_dags/example_sla_dag.py
[2023-02-24 10:52:57,438] {processor.py:651} INFO - DAG(s) dict_keys(['example_sla_dag']) retrieved from /home/alura/Documents/Medalhas/venv/lib/python3.9/site-packages/airflow/example_dags/example_sla_dag.py
[2023-02-24 10:52:57,446] {logging_mixin.py:115} INFO - [2023-02-24 10:52:57,446] {dag.py:2379} INFO - Sync 1 DAGs
[2023-02-24 10:52:57,457] {logging_mixin.py:115} INFO - [2023-02-24 10:52:57,457] {dag.py:2927} INFO - Setting next_dagrun for example_sla_dag to 2023-02-24T18:50:00+00:00, run_after=2023-02-24T18:52:00+00:00
[2023-02-24 10:52:57,463] {processor.py:161} INFO - Processing /home/alura/Documents/Medalhas/venv/lib/python3.9/site-packages/airflow/example_dags/example_sla_dag.py took 0.044 seconds
[2023-02-24 10:53:28,202] {processor.py:153} INFO - Started process (PID=8597) to work on /home/alura/Documents/Medalhas/venv/lib/python3.9/site-packages/airflow/example_dags/example_sla_dag.py
[2023-02-24 10:53:28,202] {processor.py:641} INFO - Processing file /home/alura/Documents/Medalhas/venv/lib/python3.9/site-packages/airflow/example_dags/example_sla_dag.py for tasks to queue
[2023-02-24 10:53:28,203] {logging_mixin.py:115} INFO - [2023-02-24 10:53:28,203] {dagbag.py:507} INFO - Filling up the DagBag from /home/alura/Documents/Medalhas/venv/lib/python3.9/site-packages/airflow/example_dags/example_sla_dag.py
[2023-02-24 10:53:28,213] {processor.py:651} INFO - DAG(s) dict_keys(['example_sla_dag']) retrieved from /home/alura/Documents/Medalhas/venv/lib/python3.9/site-packages/airflow/example_dags/example_sla_dag.py
[2023-02-24 10:53:28,221] {logging_mixin.py:115} INFO - [2023-02-24 10:53:28,221] {dag.py:2379} INFO - Sync 1 DAGs
[2023-02-24 10:53:28,235] {logging_mixin.py:115} INFO - [2023-02-24 10:53:28,234] {dag.py:2927} INFO - Setting next_dagrun for example_sla_dag to 2023-02-24T18:50:00+00:00, run_after=2023-02-24T18:52:00+00:00
[2023-02-24 10:53:28,242] {processor.py:161} INFO - Processing /home/alura/Documents/Medalhas/venv/lib/python3.9/site-packages/airflow/example_dags/example_sla_dag.py took 0.042 seconds
[2023-02-24 10:54:01,237] {processor.py:153} INFO - Started process (PID=8765) to work on /home/alura/Documents/Medalhas/venv/lib/python3.9/site-packages/airflow/example_dags/example_sla_dag.py
[2023-02-24 10:54:01,237] {processor.py:641} INFO - Processing file /home/alura/Documents/Medalhas/venv/lib/python3.9/site-packages/airflow/example_dags/example_sla_dag.py for tasks to queue
[2023-02-24 10:54:01,238] {logging_mixin.py:115} INFO - [2023-02-24 10:54:01,238] {dagbag.py:507} INFO - Filling up the DagBag from /home/alura/Documents/Medalhas/venv/lib/python3.9/site-packages/airflow/example_dags/example_sla_dag.py
[2023-02-24 10:54:01,249] {processor.py:651} INFO - DAG(s) dict_keys(['example_sla_dag']) retrieved from /home/alura/Documents/Medalhas/venv/lib/python3.9/site-packages/airflow/example_dags/example_sla_dag.py
[2023-02-24 10:54:01,258] {logging_mixin.py:115} INFO - [2023-02-24 10:54:01,258] {dag.py:2379} INFO - Sync 1 DAGs
[2023-02-24 10:54:01,268] {logging_mixin.py:115} INFO - [2023-02-24 10:54:01,268] {dag.py:2927} INFO - Setting next_dagrun for example_sla_dag to 2023-02-24T18:52:00+00:00, run_after=2023-02-24T18:54:00+00:00
[2023-02-24 10:54:01,275] {processor.py:161} INFO - Processing /home/alura/Documents/Medalhas/venv/lib/python3.9/site-packages/airflow/example_dags/example_sla_dag.py took 0.040 seconds
[2023-02-24 10:54:34,895] {processor.py:153} INFO - Started process (PID=9021) to work on /home/alura/Documents/Medalhas/venv/lib/python3.9/site-packages/airflow/example_dags/example_sla_dag.py
[2023-02-24 10:54:34,895] {processor.py:641} INFO - Processing file /home/alura/Documents/Medalhas/venv/lib/python3.9/site-packages/airflow/example_dags/example_sla_dag.py for tasks to queue
[2023-02-24 10:54:34,896] {logging_mixin.py:115} INFO - [2023-02-24 10:54:34,895] {dagbag.py:507} INFO - Filling up the DagBag from /home/alura/Documents/Medalhas/venv/lib/python3.9/site-packages/airflow/example_dags/example_sla_dag.py
[2023-02-24 10:54:34,905] {processor.py:651} INFO - DAG(s) dict_keys(['example_sla_dag']) retrieved from /home/alura/Documents/Medalhas/venv/lib/python3.9/site-packages/airflow/example_dags/example_sla_dag.py
[2023-02-24 10:54:34,912] {logging_mixin.py:115} INFO - [2023-02-24 10:54:34,912] {dag.py:2379} INFO - Sync 1 DAGs
[2023-02-24 10:54:34,922] {logging_mixin.py:115} INFO - [2023-02-24 10:54:34,922] {dag.py:2927} INFO - Setting next_dagrun for example_sla_dag to 2023-02-24T18:52:00+00:00, run_after=2023-02-24T18:54:00+00:00
[2023-02-24 10:54:34,928] {processor.py:161} INFO - Processing /home/alura/Documents/Medalhas/venv/lib/python3.9/site-packages/airflow/example_dags/example_sla_dag.py took 0.035 seconds
[2023-02-24 10:55:07,406] {processor.py:153} INFO - Started process (PID=9190) to work on /home/alura/Documents/Medalhas/venv/lib/python3.9/site-packages/airflow/example_dags/example_sla_dag.py
[2023-02-24 10:55:07,407] {processor.py:641} INFO - Processing file /home/alura/Documents/Medalhas/venv/lib/python3.9/site-packages/airflow/example_dags/example_sla_dag.py for tasks to queue
[2023-02-24 10:55:07,407] {logging_mixin.py:115} INFO - [2023-02-24 10:55:07,407] {dagbag.py:507} INFO - Filling up the DagBag from /home/alura/Documents/Medalhas/venv/lib/python3.9/site-packages/airflow/example_dags/example_sla_dag.py
[2023-02-24 10:55:07,416] {processor.py:651} INFO - DAG(s) dict_keys(['example_sla_dag']) retrieved from /home/alura/Documents/Medalhas/venv/lib/python3.9/site-packages/airflow/example_dags/example_sla_dag.py
[2023-02-24 10:55:07,424] {logging_mixin.py:115} INFO - [2023-02-24 10:55:07,423] {dag.py:2379} INFO - Sync 1 DAGs
[2023-02-24 10:55:07,433] {logging_mixin.py:115} INFO - [2023-02-24 10:55:07,433] {dag.py:2927} INFO - Setting next_dagrun for example_sla_dag to 2023-02-24T18:52:00+00:00, run_after=2023-02-24T18:54:00+00:00
[2023-02-24 10:55:07,440] {processor.py:161} INFO - Processing /home/alura/Documents/Medalhas/venv/lib/python3.9/site-packages/airflow/example_dags/example_sla_dag.py took 0.035 seconds
[2023-02-24 10:55:40,671] {processor.py:153} INFO - Started process (PID=9362) to work on /home/alura/Documents/Medalhas/venv/lib/python3.9/site-packages/airflow/example_dags/example_sla_dag.py
[2023-02-24 10:55:40,671] {processor.py:641} INFO - Processing file /home/alura/Documents/Medalhas/venv/lib/python3.9/site-packages/airflow/example_dags/example_sla_dag.py for tasks to queue
[2023-02-24 10:55:40,672] {logging_mixin.py:115} INFO - [2023-02-24 10:55:40,672] {dagbag.py:507} INFO - Filling up the DagBag from /home/alura/Documents/Medalhas/venv/lib/python3.9/site-packages/airflow/example_dags/example_sla_dag.py
[2023-02-24 10:55:40,681] {processor.py:651} INFO - DAG(s) dict_keys(['example_sla_dag']) retrieved from /home/alura/Documents/Medalhas/venv/lib/python3.9/site-packages/airflow/example_dags/example_sla_dag.py
[2023-02-24 10:55:40,688] {logging_mixin.py:115} INFO - [2023-02-24 10:55:40,688] {dag.py:2379} INFO - Sync 1 DAGs
[2023-02-24 10:55:40,698] {logging_mixin.py:115} INFO - [2023-02-24 10:55:40,698] {dag.py:2927} INFO - Setting next_dagrun for example_sla_dag to 2023-02-24T18:52:00+00:00, run_after=2023-02-24T18:54:00+00:00
[2023-02-24 10:55:40,704] {processor.py:161} INFO - Processing /home/alura/Documents/Medalhas/venv/lib/python3.9/site-packages/airflow/example_dags/example_sla_dag.py took 0.035 seconds
[2023-02-24 10:56:15,687] {processor.py:153} INFO - Started process (PID=9540) to work on /home/alura/Documents/Medalhas/venv/lib/python3.9/site-packages/airflow/example_dags/example_sla_dag.py
[2023-02-24 10:56:15,688] {processor.py:641} INFO - Processing file /home/alura/Documents/Medalhas/venv/lib/python3.9/site-packages/airflow/example_dags/example_sla_dag.py for tasks to queue
[2023-02-24 10:56:15,688] {logging_mixin.py:115} INFO - [2023-02-24 10:56:15,688] {dagbag.py:507} INFO - Filling up the DagBag from /home/alura/Documents/Medalhas/venv/lib/python3.9/site-packages/airflow/example_dags/example_sla_dag.py
[2023-02-24 10:56:15,698] {processor.py:651} INFO - DAG(s) dict_keys(['example_sla_dag']) retrieved from /home/alura/Documents/Medalhas/venv/lib/python3.9/site-packages/airflow/example_dags/example_sla_dag.py
[2023-02-24 10:56:15,705] {logging_mixin.py:115} INFO - [2023-02-24 10:56:15,705] {dag.py:2379} INFO - Sync 1 DAGs
[2023-02-24 10:56:15,715] {logging_mixin.py:115} INFO - [2023-02-24 10:56:15,715] {dag.py:2927} INFO - Setting next_dagrun for example_sla_dag to 2023-02-24T18:54:00+00:00, run_after=2023-02-24T18:56:00+00:00
[2023-02-24 10:56:15,721] {processor.py:161} INFO - Processing /home/alura/Documents/Medalhas/venv/lib/python3.9/site-packages/airflow/example_dags/example_sla_dag.py took 0.036 seconds
[2023-02-24 10:56:48,229] {processor.py:153} INFO - Started process (PID=9711) to work on /home/alura/Documents/Medalhas/venv/lib/python3.9/site-packages/airflow/example_dags/example_sla_dag.py
[2023-02-24 10:56:48,230] {processor.py:641} INFO - Processing file /home/alura/Documents/Medalhas/venv/lib/python3.9/site-packages/airflow/example_dags/example_sla_dag.py for tasks to queue
[2023-02-24 10:56:48,230] {logging_mixin.py:115} INFO - [2023-02-24 10:56:48,230] {dagbag.py:507} INFO - Filling up the DagBag from /home/alura/Documents/Medalhas/venv/lib/python3.9/site-packages/airflow/example_dags/example_sla_dag.py
[2023-02-24 10:56:48,239] {processor.py:651} INFO - DAG(s) dict_keys(['example_sla_dag']) retrieved from /home/alura/Documents/Medalhas/venv/lib/python3.9/site-packages/airflow/example_dags/example_sla_dag.py
[2023-02-24 10:56:48,247] {logging_mixin.py:115} INFO - [2023-02-24 10:56:48,247] {dag.py:2379} INFO - Sync 1 DAGs
[2023-02-24 10:56:48,259] {logging_mixin.py:115} INFO - [2023-02-24 10:56:48,259] {dag.py:2927} INFO - Setting next_dagrun for example_sla_dag to 2023-02-24T18:54:00+00:00, run_after=2023-02-24T18:56:00+00:00
[2023-02-24 10:56:48,266] {processor.py:161} INFO - Processing /home/alura/Documents/Medalhas/venv/lib/python3.9/site-packages/airflow/example_dags/example_sla_dag.py took 0.039 seconds
[2023-02-24 10:57:23,351] {processor.py:153} INFO - Started process (PID=9888) to work on /home/alura/Documents/Medalhas/venv/lib/python3.9/site-packages/airflow/example_dags/example_sla_dag.py
[2023-02-24 10:57:23,351] {processor.py:641} INFO - Processing file /home/alura/Documents/Medalhas/venv/lib/python3.9/site-packages/airflow/example_dags/example_sla_dag.py for tasks to queue
[2023-02-24 10:57:23,351] {logging_mixin.py:115} INFO - [2023-02-24 10:57:23,351] {dagbag.py:507} INFO - Filling up the DagBag from /home/alura/Documents/Medalhas/venv/lib/python3.9/site-packages/airflow/example_dags/example_sla_dag.py
[2023-02-24 10:57:23,360] {processor.py:651} INFO - DAG(s) dict_keys(['example_sla_dag']) retrieved from /home/alura/Documents/Medalhas/venv/lib/python3.9/site-packages/airflow/example_dags/example_sla_dag.py
[2023-02-24 10:57:23,368] {logging_mixin.py:115} INFO - [2023-02-24 10:57:23,368] {dag.py:2379} INFO - Sync 1 DAGs
[2023-02-24 10:57:23,378] {logging_mixin.py:115} INFO - [2023-02-24 10:57:23,377] {dag.py:2927} INFO - Setting next_dagrun for example_sla_dag to 2023-02-24T18:54:00+00:00, run_after=2023-02-24T18:56:00+00:00
[2023-02-24 10:57:23,384] {processor.py:161} INFO - Processing /home/alura/Documents/Medalhas/venv/lib/python3.9/site-packages/airflow/example_dags/example_sla_dag.py took 0.035 seconds
[2023-02-24 10:57:54,935] {processor.py:153} INFO - Started process (PID=10062) to work on /home/alura/Documents/Medalhas/venv/lib/python3.9/site-packages/airflow/example_dags/example_sla_dag.py
[2023-02-24 10:57:54,936] {processor.py:641} INFO - Processing file /home/alura/Documents/Medalhas/venv/lib/python3.9/site-packages/airflow/example_dags/example_sla_dag.py for tasks to queue
[2023-02-24 10:57:54,936] {logging_mixin.py:115} INFO - [2023-02-24 10:57:54,936] {dagbag.py:507} INFO - Filling up the DagBag from /home/alura/Documents/Medalhas/venv/lib/python3.9/site-packages/airflow/example_dags/example_sla_dag.py
[2023-02-24 10:57:54,945] {processor.py:651} INFO - DAG(s) dict_keys(['example_sla_dag']) retrieved from /home/alura/Documents/Medalhas/venv/lib/python3.9/site-packages/airflow/example_dags/example_sla_dag.py
[2023-02-24 10:57:54,953] {logging_mixin.py:115} INFO - [2023-02-24 10:57:54,953] {dag.py:2379} INFO - Sync 1 DAGs
[2023-02-24 10:57:54,963] {logging_mixin.py:115} INFO - [2023-02-24 10:57:54,963] {dag.py:2927} INFO - Setting next_dagrun for example_sla_dag to 2023-02-24T18:54:00+00:00, run_after=2023-02-24T18:56:00+00:00
[2023-02-24 10:57:54,969] {processor.py:161} INFO - Processing /home/alura/Documents/Medalhas/venv/lib/python3.9/site-packages/airflow/example_dags/example_sla_dag.py took 0.036 seconds
[2023-02-24 10:58:30,219] {processor.py:153} INFO - Started process (PID=10238) to work on /home/alura/Documents/Medalhas/venv/lib/python3.9/site-packages/airflow/example_dags/example_sla_dag.py
[2023-02-24 10:58:30,220] {processor.py:641} INFO - Processing file /home/alura/Documents/Medalhas/venv/lib/python3.9/site-packages/airflow/example_dags/example_sla_dag.py for tasks to queue
[2023-02-24 10:58:30,220] {logging_mixin.py:115} INFO - [2023-02-24 10:58:30,220] {dagbag.py:507} INFO - Filling up the DagBag from /home/alura/Documents/Medalhas/venv/lib/python3.9/site-packages/airflow/example_dags/example_sla_dag.py
[2023-02-24 10:58:30,229] {processor.py:651} INFO - DAG(s) dict_keys(['example_sla_dag']) retrieved from /home/alura/Documents/Medalhas/venv/lib/python3.9/site-packages/airflow/example_dags/example_sla_dag.py
[2023-02-24 10:58:30,236] {logging_mixin.py:115} INFO - [2023-02-24 10:58:30,236] {dag.py:2379} INFO - Sync 1 DAGs
[2023-02-24 10:58:30,246] {logging_mixin.py:115} INFO - [2023-02-24 10:58:30,246] {dag.py:2927} INFO - Setting next_dagrun for example_sla_dag to 2023-02-24T18:56:00+00:00, run_after=2023-02-24T18:58:00+00:00
[2023-02-24 10:58:30,253] {processor.py:161} INFO - Processing /home/alura/Documents/Medalhas/venv/lib/python3.9/site-packages/airflow/example_dags/example_sla_dag.py took 0.035 seconds
[2023-02-24 10:59:04,195] {processor.py:153} INFO - Started process (PID=10414) to work on /home/alura/Documents/Medalhas/venv/lib/python3.9/site-packages/airflow/example_dags/example_sla_dag.py
[2023-02-24 10:59:04,195] {processor.py:641} INFO - Processing file /home/alura/Documents/Medalhas/venv/lib/python3.9/site-packages/airflow/example_dags/example_sla_dag.py for tasks to queue
[2023-02-24 10:59:04,195] {logging_mixin.py:115} INFO - [2023-02-24 10:59:04,195] {dagbag.py:507} INFO - Filling up the DagBag from /home/alura/Documents/Medalhas/venv/lib/python3.9/site-packages/airflow/example_dags/example_sla_dag.py
[2023-02-24 10:59:04,205] {processor.py:651} INFO - DAG(s) dict_keys(['example_sla_dag']) retrieved from /home/alura/Documents/Medalhas/venv/lib/python3.9/site-packages/airflow/example_dags/example_sla_dag.py
[2023-02-24 10:59:04,212] {logging_mixin.py:115} INFO - [2023-02-24 10:59:04,212] {dag.py:2379} INFO - Sync 1 DAGs
[2023-02-24 10:59:04,222] {logging_mixin.py:115} INFO - [2023-02-24 10:59:04,222] {dag.py:2927} INFO - Setting next_dagrun for example_sla_dag to 2023-02-24T18:56:00+00:00, run_after=2023-02-24T18:58:00+00:00
[2023-02-24 10:59:04,228] {processor.py:161} INFO - Processing /home/alura/Documents/Medalhas/venv/lib/python3.9/site-packages/airflow/example_dags/example_sla_dag.py took 0.035 seconds
[2023-02-24 10:59:36,873] {processor.py:153} INFO - Started process (PID=10581) to work on /home/alura/Documents/Medalhas/venv/lib/python3.9/site-packages/airflow/example_dags/example_sla_dag.py
[2023-02-24 10:59:36,874] {processor.py:641} INFO - Processing file /home/alura/Documents/Medalhas/venv/lib/python3.9/site-packages/airflow/example_dags/example_sla_dag.py for tasks to queue
[2023-02-24 10:59:36,874] {logging_mixin.py:115} INFO - [2023-02-24 10:59:36,874] {dagbag.py:507} INFO - Filling up the DagBag from /home/alura/Documents/Medalhas/venv/lib/python3.9/site-packages/airflow/example_dags/example_sla_dag.py
[2023-02-24 10:59:36,884] {processor.py:651} INFO - DAG(s) dict_keys(['example_sla_dag']) retrieved from /home/alura/Documents/Medalhas/venv/lib/python3.9/site-packages/airflow/example_dags/example_sla_dag.py
[2023-02-24 10:59:36,891] {logging_mixin.py:115} INFO - [2023-02-24 10:59:36,891] {dag.py:2379} INFO - Sync 1 DAGs
[2023-02-24 10:59:36,902] {logging_mixin.py:115} INFO - [2023-02-24 10:59:36,902] {dag.py:2927} INFO - Setting next_dagrun for example_sla_dag to 2023-02-24T18:56:00+00:00, run_after=2023-02-24T18:58:00+00:00
[2023-02-24 10:59:36,909] {processor.py:161} INFO - Processing /home/alura/Documents/Medalhas/venv/lib/python3.9/site-packages/airflow/example_dags/example_sla_dag.py took 0.037 seconds
[2023-02-24 11:00:09,346] {processor.py:153} INFO - Started process (PID=10752) to work on /home/alura/Documents/Medalhas/venv/lib/python3.9/site-packages/airflow/example_dags/example_sla_dag.py
[2023-02-24 11:00:09,346] {processor.py:641} INFO - Processing file /home/alura/Documents/Medalhas/venv/lib/python3.9/site-packages/airflow/example_dags/example_sla_dag.py for tasks to queue
[2023-02-24 11:00:09,347] {logging_mixin.py:115} INFO - [2023-02-24 11:00:09,347] {dagbag.py:507} INFO - Filling up the DagBag from /home/alura/Documents/Medalhas/venv/lib/python3.9/site-packages/airflow/example_dags/example_sla_dag.py
[2023-02-24 11:00:09,356] {processor.py:651} INFO - DAG(s) dict_keys(['example_sla_dag']) retrieved from /home/alura/Documents/Medalhas/venv/lib/python3.9/site-packages/airflow/example_dags/example_sla_dag.py
[2023-02-24 11:00:09,363] {logging_mixin.py:115} INFO - [2023-02-24 11:00:09,363] {dag.py:2379} INFO - Sync 1 DAGs
[2023-02-24 11:00:09,373] {logging_mixin.py:115} INFO - [2023-02-24 11:00:09,373] {dag.py:2927} INFO - Setting next_dagrun for example_sla_dag to 2023-02-24T18:58:00+00:00, run_after=2023-02-24T19:00:00+00:00
[2023-02-24 11:00:09,379] {processor.py:161} INFO - Processing /home/alura/Documents/Medalhas/venv/lib/python3.9/site-packages/airflow/example_dags/example_sla_dag.py took 0.035 seconds
[2023-02-24 11:00:44,129] {processor.py:153} INFO - Started process (PID=10943) to work on /home/alura/Documents/Medalhas/venv/lib/python3.9/site-packages/airflow/example_dags/example_sla_dag.py
[2023-02-24 11:00:44,130] {processor.py:641} INFO - Processing file /home/alura/Documents/Medalhas/venv/lib/python3.9/site-packages/airflow/example_dags/example_sla_dag.py for tasks to queue
[2023-02-24 11:00:44,130] {logging_mixin.py:115} INFO - [2023-02-24 11:00:44,130] {dagbag.py:507} INFO - Filling up the DagBag from /home/alura/Documents/Medalhas/venv/lib/python3.9/site-packages/airflow/example_dags/example_sla_dag.py
[2023-02-24 11:00:44,139] {processor.py:651} INFO - DAG(s) dict_keys(['example_sla_dag']) retrieved from /home/alura/Documents/Medalhas/venv/lib/python3.9/site-packages/airflow/example_dags/example_sla_dag.py
[2023-02-24 11:00:44,147] {logging_mixin.py:115} INFO - [2023-02-24 11:00:44,147] {dag.py:2379} INFO - Sync 1 DAGs
[2023-02-24 11:00:44,157] {logging_mixin.py:115} INFO - [2023-02-24 11:00:44,157] {dag.py:2927} INFO - Setting next_dagrun for example_sla_dag to 2023-02-24T18:58:00+00:00, run_after=2023-02-24T19:00:00+00:00
[2023-02-24 11:00:44,163] {processor.py:161} INFO - Processing /home/alura/Documents/Medalhas/venv/lib/python3.9/site-packages/airflow/example_dags/example_sla_dag.py took 0.036 seconds
[2023-02-24 11:01:19,278] {processor.py:153} INFO - Started process (PID=11132) to work on /home/alura/Documents/Medalhas/venv/lib/python3.9/site-packages/airflow/example_dags/example_sla_dag.py
[2023-02-24 11:01:19,278] {processor.py:641} INFO - Processing file /home/alura/Documents/Medalhas/venv/lib/python3.9/site-packages/airflow/example_dags/example_sla_dag.py for tasks to queue
[2023-02-24 11:01:19,278] {logging_mixin.py:115} INFO - [2023-02-24 11:01:19,278] {dagbag.py:507} INFO - Filling up the DagBag from /home/alura/Documents/Medalhas/venv/lib/python3.9/site-packages/airflow/example_dags/example_sla_dag.py
[2023-02-24 11:01:19,287] {processor.py:651} INFO - DAG(s) dict_keys(['example_sla_dag']) retrieved from /home/alura/Documents/Medalhas/venv/lib/python3.9/site-packages/airflow/example_dags/example_sla_dag.py
[2023-02-24 11:01:19,295] {logging_mixin.py:115} INFO - [2023-02-24 11:01:19,295] {dag.py:2379} INFO - Sync 1 DAGs
[2023-02-24 11:01:19,305] {logging_mixin.py:115} INFO - [2023-02-24 11:01:19,305] {dag.py:2927} INFO - Setting next_dagrun for example_sla_dag to 2023-02-24T18:58:00+00:00, run_after=2023-02-24T19:00:00+00:00
[2023-02-24 11:01:19,311] {processor.py:161} INFO - Processing /home/alura/Documents/Medalhas/venv/lib/python3.9/site-packages/airflow/example_dags/example_sla_dag.py took 0.035 seconds
[2023-02-24 11:01:51,766] {processor.py:153} INFO - Started process (PID=11306) to work on /home/alura/Documents/Medalhas/venv/lib/python3.9/site-packages/airflow/example_dags/example_sla_dag.py
[2023-02-24 11:01:51,766] {processor.py:641} INFO - Processing file /home/alura/Documents/Medalhas/venv/lib/python3.9/site-packages/airflow/example_dags/example_sla_dag.py for tasks to queue
[2023-02-24 11:01:51,767] {logging_mixin.py:115} INFO - [2023-02-24 11:01:51,767] {dagbag.py:507} INFO - Filling up the DagBag from /home/alura/Documents/Medalhas/venv/lib/python3.9/site-packages/airflow/example_dags/example_sla_dag.py
[2023-02-24 11:01:51,776] {processor.py:651} INFO - DAG(s) dict_keys(['example_sla_dag']) retrieved from /home/alura/Documents/Medalhas/venv/lib/python3.9/site-packages/airflow/example_dags/example_sla_dag.py
[2023-02-24 11:01:51,783] {logging_mixin.py:115} INFO - [2023-02-24 11:01:51,783] {dag.py:2379} INFO - Sync 1 DAGs
[2023-02-24 11:01:51,794] {logging_mixin.py:115} INFO - [2023-02-24 11:01:51,793] {dag.py:2927} INFO - Setting next_dagrun for example_sla_dag to 2023-02-24T18:58:00+00:00, run_after=2023-02-24T19:00:00+00:00
[2023-02-24 11:01:51,800] {processor.py:161} INFO - Processing /home/alura/Documents/Medalhas/venv/lib/python3.9/site-packages/airflow/example_dags/example_sla_dag.py took 0.036 seconds
[2023-02-24 11:02:28,809] {processor.py:153} INFO - Started process (PID=11495) to work on /home/alura/Documents/Medalhas/venv/lib/python3.9/site-packages/airflow/example_dags/example_sla_dag.py
[2023-02-24 11:02:28,809] {processor.py:641} INFO - Processing file /home/alura/Documents/Medalhas/venv/lib/python3.9/site-packages/airflow/example_dags/example_sla_dag.py for tasks to queue
[2023-02-24 11:02:28,810] {logging_mixin.py:115} INFO - [2023-02-24 11:02:28,810] {dagbag.py:507} INFO - Filling up the DagBag from /home/alura/Documents/Medalhas/venv/lib/python3.9/site-packages/airflow/example_dags/example_sla_dag.py
[2023-02-24 11:02:28,818] {processor.py:651} INFO - DAG(s) dict_keys(['example_sla_dag']) retrieved from /home/alura/Documents/Medalhas/venv/lib/python3.9/site-packages/airflow/example_dags/example_sla_dag.py
[2023-02-24 11:02:28,827] {logging_mixin.py:115} INFO - [2023-02-24 11:02:28,826] {dag.py:2379} INFO - Sync 1 DAGs
[2023-02-24 11:02:28,836] {logging_mixin.py:115} INFO - [2023-02-24 11:02:28,836] {dag.py:2927} INFO - Setting next_dagrun for example_sla_dag to 2023-02-24T19:00:00+00:00, run_after=2023-02-24T19:02:00+00:00
[2023-02-24 11:02:28,843] {processor.py:161} INFO - Processing /home/alura/Documents/Medalhas/venv/lib/python3.9/site-packages/airflow/example_dags/example_sla_dag.py took 0.036 seconds
[2023-02-24 11:03:03,563] {processor.py:153} INFO - Started process (PID=11678) to work on /home/alura/Documents/Medalhas/venv/lib/python3.9/site-packages/airflow/example_dags/example_sla_dag.py
[2023-02-24 11:03:03,564] {processor.py:641} INFO - Processing file /home/alura/Documents/Medalhas/venv/lib/python3.9/site-packages/airflow/example_dags/example_sla_dag.py for tasks to queue
[2023-02-24 11:03:03,564] {logging_mixin.py:115} INFO - [2023-02-24 11:03:03,564] {dagbag.py:507} INFO - Filling up the DagBag from /home/alura/Documents/Medalhas/venv/lib/python3.9/site-packages/airflow/example_dags/example_sla_dag.py
[2023-02-24 11:03:03,573] {processor.py:651} INFO - DAG(s) dict_keys(['example_sla_dag']) retrieved from /home/alura/Documents/Medalhas/venv/lib/python3.9/site-packages/airflow/example_dags/example_sla_dag.py
[2023-02-24 11:03:03,580] {logging_mixin.py:115} INFO - [2023-02-24 11:03:03,580] {dag.py:2379} INFO - Sync 1 DAGs
[2023-02-24 11:03:03,591] {logging_mixin.py:115} INFO - [2023-02-24 11:03:03,591] {dag.py:2927} INFO - Setting next_dagrun for example_sla_dag to 2023-02-24T19:00:00+00:00, run_after=2023-02-24T19:02:00+00:00
[2023-02-24 11:03:03,597] {processor.py:161} INFO - Processing /home/alura/Documents/Medalhas/venv/lib/python3.9/site-packages/airflow/example_dags/example_sla_dag.py took 0.035 seconds
[2023-02-24 11:03:39,443] {processor.py:153} INFO - Started process (PID=11877) to work on /home/alura/Documents/Medalhas/venv/lib/python3.9/site-packages/airflow/example_dags/example_sla_dag.py
[2023-02-24 11:03:39,444] {processor.py:641} INFO - Processing file /home/alura/Documents/Medalhas/venv/lib/python3.9/site-packages/airflow/example_dags/example_sla_dag.py for tasks to queue
[2023-02-24 11:03:39,444] {logging_mixin.py:115} INFO - [2023-02-24 11:03:39,444] {dagbag.py:507} INFO - Filling up the DagBag from /home/alura/Documents/Medalhas/venv/lib/python3.9/site-packages/airflow/example_dags/example_sla_dag.py
[2023-02-24 11:03:39,453] {processor.py:651} INFO - DAG(s) dict_keys(['example_sla_dag']) retrieved from /home/alura/Documents/Medalhas/venv/lib/python3.9/site-packages/airflow/example_dags/example_sla_dag.py
[2023-02-24 11:03:39,460] {logging_mixin.py:115} INFO - [2023-02-24 11:03:39,460] {dag.py:2379} INFO - Sync 1 DAGs
[2023-02-24 11:03:39,471] {logging_mixin.py:115} INFO - [2023-02-24 11:03:39,471] {dag.py:2927} INFO - Setting next_dagrun for example_sla_dag to 2023-02-24T19:00:00+00:00, run_after=2023-02-24T19:02:00+00:00
[2023-02-24 11:03:39,476] {processor.py:161} INFO - Processing /home/alura/Documents/Medalhas/venv/lib/python3.9/site-packages/airflow/example_dags/example_sla_dag.py took 0.034 seconds
[2023-02-24 11:04:12,527] {processor.py:153} INFO - Started process (PID=12124) to work on /home/alura/Documents/Medalhas/venv/lib/python3.9/site-packages/airflow/example_dags/example_sla_dag.py
[2023-02-24 11:04:12,528] {processor.py:641} INFO - Processing file /home/alura/Documents/Medalhas/venv/lib/python3.9/site-packages/airflow/example_dags/example_sla_dag.py for tasks to queue
[2023-02-24 11:04:12,528] {logging_mixin.py:115} INFO - [2023-02-24 11:04:12,528] {dagbag.py:507} INFO - Filling up the DagBag from /home/alura/Documents/Medalhas/venv/lib/python3.9/site-packages/airflow/example_dags/example_sla_dag.py
[2023-02-24 11:04:12,537] {processor.py:651} INFO - DAG(s) dict_keys(['example_sla_dag']) retrieved from /home/alura/Documents/Medalhas/venv/lib/python3.9/site-packages/airflow/example_dags/example_sla_dag.py
[2023-02-24 11:04:12,546] {logging_mixin.py:115} INFO - [2023-02-24 11:04:12,545] {dag.py:2379} INFO - Sync 1 DAGs
[2023-02-24 11:04:12,561] {logging_mixin.py:115} INFO - [2023-02-24 11:04:12,561] {dag.py:2927} INFO - Setting next_dagrun for example_sla_dag to 2023-02-24T19:02:00+00:00, run_after=2023-02-24T19:04:00+00:00
[2023-02-24 11:04:12,569] {processor.py:161} INFO - Processing /home/alura/Documents/Medalhas/venv/lib/python3.9/site-packages/airflow/example_dags/example_sla_dag.py took 0.043 seconds
[2023-02-24 11:04:46,907] {processor.py:153} INFO - Started process (PID=12328) to work on /home/alura/Documents/Medalhas/venv/lib/python3.9/site-packages/airflow/example_dags/example_sla_dag.py
[2023-02-24 11:04:46,908] {processor.py:641} INFO - Processing file /home/alura/Documents/Medalhas/venv/lib/python3.9/site-packages/airflow/example_dags/example_sla_dag.py for tasks to queue
[2023-02-24 11:04:46,908] {logging_mixin.py:115} INFO - [2023-02-24 11:04:46,908] {dagbag.py:507} INFO - Filling up the DagBag from /home/alura/Documents/Medalhas/venv/lib/python3.9/site-packages/airflow/example_dags/example_sla_dag.py
[2023-02-24 11:04:46,919] {processor.py:651} INFO - DAG(s) dict_keys(['example_sla_dag']) retrieved from /home/alura/Documents/Medalhas/venv/lib/python3.9/site-packages/airflow/example_dags/example_sla_dag.py
[2023-02-24 11:04:46,929] {logging_mixin.py:115} INFO - [2023-02-24 11:04:46,929] {dag.py:2379} INFO - Sync 1 DAGs
[2023-02-24 11:04:46,939] {logging_mixin.py:115} INFO - [2023-02-24 11:04:46,939] {dag.py:2927} INFO - Setting next_dagrun for example_sla_dag to 2023-02-24T19:02:00+00:00, run_after=2023-02-24T19:04:00+00:00
[2023-02-24 11:04:46,946] {processor.py:161} INFO - Processing /home/alura/Documents/Medalhas/venv/lib/python3.9/site-packages/airflow/example_dags/example_sla_dag.py took 0.040 seconds
[2023-02-24 11:05:19,531] {processor.py:153} INFO - Started process (PID=12528) to work on /home/alura/Documents/Medalhas/venv/lib/python3.9/site-packages/airflow/example_dags/example_sla_dag.py
[2023-02-24 11:05:19,532] {processor.py:641} INFO - Processing file /home/alura/Documents/Medalhas/venv/lib/python3.9/site-packages/airflow/example_dags/example_sla_dag.py for tasks to queue
[2023-02-24 11:05:19,532] {logging_mixin.py:115} INFO - [2023-02-24 11:05:19,532] {dagbag.py:507} INFO - Filling up the DagBag from /home/alura/Documents/Medalhas/venv/lib/python3.9/site-packages/airflow/example_dags/example_sla_dag.py
[2023-02-24 11:05:19,541] {processor.py:651} INFO - DAG(s) dict_keys(['example_sla_dag']) retrieved from /home/alura/Documents/Medalhas/venv/lib/python3.9/site-packages/airflow/example_dags/example_sla_dag.py
[2023-02-24 11:05:19,549] {logging_mixin.py:115} INFO - [2023-02-24 11:05:19,548] {dag.py:2379} INFO - Sync 1 DAGs
[2023-02-24 11:05:19,558] {logging_mixin.py:115} INFO - [2023-02-24 11:05:19,558] {dag.py:2927} INFO - Setting next_dagrun for example_sla_dag to 2023-02-24T19:02:00+00:00, run_after=2023-02-24T19:04:00+00:00
[2023-02-24 11:05:19,565] {processor.py:161} INFO - Processing /home/alura/Documents/Medalhas/venv/lib/python3.9/site-packages/airflow/example_dags/example_sla_dag.py took 0.035 seconds
